-----------------------------------------------------------------------------------------------------
09日09时13分09秒Info:System');"成功[BP.Port.Emp-14]放入缓存。
09日09时19分50秒Info:System');"成功[BP.Port.Emp-14]放入缓存。
09日09时19分50秒Info:System');"成功[BP.WF.Flow-104]放入缓存。
09日09时19分59秒Info:System');"成功[BP.Port.Dept-6]放入缓存。
09日09时26分00秒Info:System');"成功[BP.Port.Emp-14]放入缓存。
09日09时26分00秒Info:System');"成功[BP.WF.Flow-104]放入缓存。
09日09时26分10秒Info:System');"成功[BP.Port.Dept-6]放入缓存。
09日09时29分45秒Info:System');"成功[BP.Sys.EnCfg-8]放入缓存。
09日09时47分28秒Info:System');"成功[BP.Port.Emp-14]放入缓存。
09日09时47分28秒Info:System');"成功[BP.WF.Flow-104]放入缓存。
09日09时47分40秒Info:System');"成功[BP.Port.Dept-6]放入缓存。
09日09时53分43秒Info:System');"成功[BP.Port.Emp-14]放入缓存。
09日09时53分43秒Info:System');"成功[BP.WF.Flow-104]放入缓存。
09日09时54分15秒Info:System');"成功[BP.WF.Node-389]放入缓存。
09日09时58分59秒Info:System');"成功[BP.Sys.EnCfg-8]放入缓存。
09日09时59分16秒Info:System');"成功[BP.Port.Emp-14]放入缓存。
09日09时59分17秒Info:System');"成功[BP.WF.Flow-104]放入缓存。
09日10时00分11秒Info:System');"成功[BP.Port.Dept-6]放入缓存。
09日10时00分12秒Info:System');"成功[BP.WF.Node-389]放入缓存。
09日10时03分03秒Info:System');"成功[BP.Sys.EnCfg-8]放入缓存。
09日10时15分32秒Info:System');"成功[BP.Sys.ToolbarExcel-720]放入缓存。
09日10时15分32秒Info:System');"成功[BP.WF.Flow-104]放入缓存。
09日10时15分32秒Info:System');"成功[BP.Sys.EnCfg-8]放入缓存。
09日10时15分37秒Info:System');"成功[BP.Port.Emp-14]放入缓存。
09日10时15分37秒Info:System');"成功[BP.WF.Flow-104]放入缓存。
09日10时16分22秒Info:System');"成功[BP.Port.Emp-14]放入缓存。
09日10时16分22秒Info:System');"成功[BP.WF.Flow-104]放入缓存。
09日10时17分47秒Info:System');"成功[BP.Port.Emp-14]放入缓存。
09日10时17分47秒Info:System');"成功[BP.WF.Flow-104]放入缓存。
09日10时17分57秒Info:System');"成功[BP.WF.Template.Selector-389]放入缓存。
09日10时40分24秒Info:System');"成功[BP.Sys.EnCfg-8]放入缓存。
09日11时06分41秒Info:System');"成功[BP.Port.Emp-14]放入缓存。
09日11时06分41秒Info:System');"成功[BP.WF.Flow-104]放入缓存。
09日11时06分49秒Info:System');"成功[BP.Port.Dept-6]放入缓存。
09日11时10分43秒Info:System');"成功[BP.Sys.EnCfg-8]放入缓存。
09日11时13分15秒Info:System');"成功[BP.Port.Emp-14]放入缓存。
09日11时13分15秒Info:System');"成功[BP.WF.Flow-104]放入缓存。
09日11时14分37秒Info:System');"成功[BP.Sys.EnCfg-8]放入缓存。
-----------------------------------------------------------------------------------------------------
09日14时17分57秒Info:System');"成功[BP.Port.Emp-14]放入缓存。
09日14时18分25秒Info:System');"成功[BP.WF.Flow-104]放入缓存。
09日14时18分25秒Info:System');"成功[BP.Sys.EnCfg-8]放入缓存。
09日14时29分53秒Info:System');"成功[BP.Port.Emp-14]放入缓存。
09日14时29分53秒Info:System');"成功[BP.WF.Flow-104]放入缓存。
09日14时31分16秒Info:System');"成功[BP.Sys.EnCfg-8]放入缓存。
09日14时34分49秒Info:System');"成功[BP.Port.Emp-14]放入缓存。
09日14时34分49秒Info:System');"成功[BP.WF.Flow-104]放入缓存。
09日14时37分11秒Info:System');"成功[BP.Sys.EnCfg-8]放入缓存。
09日14时42分08秒Fatal:System');"@没有[全局变量  Sys_GloVar, 类[BP.Sys.GloVar], 物理表[Sys_GloVar] 实例。PK = CCLoverNo
09日14时49分31秒Info:System');"成功[BP.WF.Rpt.MapRpt-720]放入缓存。
09日14时59分54秒Info:System');"成功[BP.Port.Emp-14]放入缓存。
09日14时59分54秒Info:System');"成功[BP.WF.Flow-104]放入缓存。
09日15时01分43秒Info:System');"成功[BP.Port.Emp-14]放入缓存。
09日15时01分43秒Info:System');"成功[BP.WF.Flow-104]放入缓存。
09日15时02分09秒Info:System');"成功[BP.Port.Emp-14]放入缓存。
09日15时02分09秒Info:System');"成功[BP.WF.Flow-104]放入缓存。
09日15时02分42秒Info:System');"成功[BP.Port.Emp-14]放入缓存。
09日15时02分43秒Info:System');"成功[BP.WF.Flow-104]放入缓存。
09日15时03分26秒Info:System');"成功[BP.Sys.EnCfg-8]放入缓存。
09日15时04分09秒Info:System');"成功[BP.Port.Emp-14]放入缓存。
09日15时04分09秒Info:System');"成功[BP.WF.Flow-104]放入缓存。
09日15时04分48秒Info:System');"成功[BP.Sys.EnCfg-8]放入缓存。
09日15时06分48秒Info:System');"成功[BP.Port.Emp-14]放入缓存。
09日15时06分48秒Info:System');"成功[BP.WF.Flow-104]放入缓存。
09日15时25分28秒Fatal:System');"@运行查询在(RunSQLReturnTable_200705_Ora with paras)出错 sql= SELECT NianYue,NVL(OID,0) OID, GongZuoDanWei,NVL(RefPK, '0') RefPK, ZhengMingRen,NVL(FID,0) FID,NVL(RDT,'2016-08-09') RDT, BeiZhu,NVL(Rec, '@WebUser.No') Rec FROM Demo_03Dtl1 WHERE ( ( Demo_03Dtl1.RefPK =:RefPK) )  @异常信息：ORA-00942: 表或视图不存在
@Para Num= 1@RefPK=0
09日15时25分29秒Fatal:System');"@运行查询在(RunSQLReturnTable_200705_Ora with paras)出错 sql= SELECT NVL(Demo_03Dtl3.OID,0) OID, Demo_03Dtl3.YuanGongBianHao, Demo_03Dtl3.MingCheng, Demo_03Dtl3.DianHua,NVL(Demo_03Dtl3.FK_Dept, '01') FK_Dept, TFK_Dept.Name AS FK_DeptText, NVL( round(Demo_03Dtl3.BenYueGongZi,4),0) BenYueGongZi, NVL( round(Demo_03Dtl3.CanBu,4),200) CanBu,NVL(Demo_03Dtl3.RefPK, '0') RefPK, NVL( round(Demo_03Dtl3.CheBu,4),500) CheBu,NVL(Demo_03Dtl3.FID,0) FID, NVL( round(Demo_03Dtl3.YingKouWuXian,4),0) YingKouWuXian, NVL( round(Demo_03Dtl3.ShiFa,4),700) ShiFa,NVL(Demo_03Dtl3.RDT,'2016-08-09') RDT,NVL(Demo_03Dtl3.Rec, '@WebUser.No') Rec FROM Demo_03Dtl3,Port_Dept TFK_Dept WHERE ( Demo_03Dtl3.FK_Dept=TFK_Dept.No (+) ) AND ( ( Demo_03Dtl3.RefPK =:RefPK) )  @异常信息：ORA-00942: 表或视图不存在
@Para Num= 1@RefPK=0
09日15时25分29秒Fatal:System');"@运行查询在(RunSQLReturnTable_200705_Ora with paras)出错 sql= SELECT NVL(RefPK, '0') RefPK,NVL(FID,0) FID,NVL(RDT,'2016-08-09') RDT,NVL(Rec, '@WebUser.No') Rec,NVL(OID,0) OID,NVL(FYLX,0) FYLX, CASE NVL(FYLX,0) WHEN 0 THEN '汽车票' WHEN 1 THEN '打的票' WHEN 2 THEN '火车票' WHEN 3 THEN '飞机票' WHEN 4 THEN '其它' WHEN NULL THEN '汽车票' END FYLXTEXT, NVL( round(ShuLiang,4),0) ShuLiang, NVL( round(DanJia,4),0) DanJia, NVL( round(XiaoJi,4),0) XiaoJi, BaoXiaoShuoMing FROM Demo_03Dtl2 WHERE ( ( Demo_03Dtl2.RefPK =:RefPK) )  @异常信息：ORA-00942: 表或视图不存在
@Para Num= 1@RefPK=0
09日15时25分30秒Fatal:System');"@运行查询在(RunSQLReturnTable_200705_Ora with paras)出错 sql= SELECT NVL(Demo_03Dtl4.OID,0) OID,NVL(Demo_03Dtl4.RefPK, '0') RefPK,NVL(Demo_03Dtl4.FID,0) FID,NVL(Demo_03Dtl4.RDT,'2016-08-09') RDT,NVL(Demo_03Dtl4.Rec, '@WebUser.No') Rec,NVL(Demo_03Dtl4.FK_Emp, 'admin') FK_Emp, TFK_Emp.Name AS FK_EmpText,NVL(Demo_03Dtl4.FK_Dept, '01') FK_Dept, TFK_Dept.Name AS FK_DeptText, Demo_03Dtl4.DianHua, NVL( round(Demo_03Dtl4.BenYueGongZi,4),0) BenYueGongZi, NVL( round(Demo_03Dtl4.CanBu,4),200) CanBu, NVL( round(Demo_03Dtl4.CheBu,4),500) CheBu, NVL( round(Demo_03Dtl4.YingKouWuXian,4),0) YingKouWuXian, NVL( round(Demo_03Dtl4.ShiFa,4),0) ShiFa FROM Demo_03Dtl4,Port_Emp TFK_Emp ,Port_Dept TFK_Dept WHERE ( Demo_03Dtl4.FK_Emp=TFK_Emp.No (+) ) AND ( Demo_03Dtl4.FK_Dept=TFK_Dept.No (+) ) AND ( ( Demo_03Dtl4.RefPK =:RefPK) )  @异常信息：ORA-00942: 表或视图不存在
@Para Num= 1@RefPK=0
09日15时25分30秒Fatal:System');"@运行查询在(RunSQLReturnTable_200705_Ora with paras)出错 sql= SELECT NVL(FID,0) FID,NVL(OID,0) OID,NVL(RDT,'2016-08-09') RDT,NVL(Rec, '@WebUser.No') Rec,NVL(RefPK, '0') RefPK, NianYue, GongZuoDanWei, ZhengMingRen, BeiZhu FROM Demo_03Dtl5 WHERE ( ( Demo_03Dtl5.RefPK =:RefPK) )  @异常信息：ORA-00942: 表或视图不存在
@Para Num= 1@RefPK=0
09日15时26分51秒Fatal:System');"@运行查询在(RunSQLReturnTable_200705_Ora with paras)出错 sql=SELECT OID,NianYue,GongZuoDanWei, ZhengMingRen,BeiZhu FROM Demo_Resume WHERE FK_Emp='zhangyifan' @异常信息：ORA-00904: "FK_EMP": 标识符无效
@Para Num= 0
