-----------------------------------------------------------------------------------------------------
17日08时23分51秒Info:System');"----------------------------------  start ------------------ 
17日08时23分51秒Info:System');"----------------------------------  end ------------------ 
17日08时24分17秒Info:System');"成功[BP.Port.Emp-13]放入缓存。
-----------------------------------------------------------------------------------------------------
17日08时25分20秒Info:System');"----------------------------------  start ------------------ 
17日08时25分20秒Info:System');"----------------------------------  end ------------------ 
17日08时29分48秒Info:System');"成功[BP.Port.Emp-13]放入缓存。
17日08时30分05秒Info:System');"成功[BP.Port.Emp-13]放入缓存。
17日08时30分05秒Info:System');"成功[BP.WF.Flow-101]放入缓存。
17日08时30分06秒Info:System');"SQL=UPDATE Sys_MapDtl SET GroupID=1007        WHERE  No   IN (SELECT X.No FROM (SELECT No FROM Sys_MapDtl WHERE GroupID NOT IN (SELECT OID FROM Sys_GroupField WHERE EnName='ND13201')) AS X ) AND FK_MapData='ND13201',异常信息:列名 'GroupID' 无效。
17日08时30分06秒Info:System');"SQL=UPDATE Sys_MapDtl SET GroupID=1008        WHERE  No   IN (SELECT X.No FROM (SELECT No FROM Sys_MapDtl WHERE GroupID NOT IN (SELECT OID FROM Sys_GroupField WHERE EnName='ND13202')) AS X ) AND FK_MapData='ND13202',异常信息:列名 'GroupID' 无效。
17日08时30分06秒Info:System');"SQL=UPDATE Sys_MapDtl SET GroupID=1009        WHERE  No   IN (SELECT X.No FROM (SELECT No FROM Sys_MapDtl WHERE GroupID NOT IN (SELECT OID FROM Sys_GroupField WHERE EnName='ND13203')) AS X ) AND FK_MapData='ND13203',异常信息:列名 'GroupID' 无效。
17日08时30分12秒Fatal:System');"   在 BP.WF.Flow.NewWork(Emp emp, Hashtable paras) 位置 D:\ccflow\Components\BP.WF\WF\Flow.cs:行号 739
   在 BP.WF.Flow.NewWork(String empNo) 位置 D:\ccflow\Components\BP.WF\WF\Flow.cs:行号 554
   在 BP.WF.Flow.NewWork() 位置 D:\ccflow\Components\BP.WF\WF\Flow.cs:行号 544
   在 CCFlow.WF.WinOpenEUI.Page_Load(Object sender, EventArgs e) 位置 D:\ccflow\CCFlow\WF\WinOpenEUI.Master.cs:行号 241
17日08时30分25秒Fatal:System');"   在 BP.WF.Flow.NewWork(Emp emp, Hashtable paras) 位置 D:\ccflow\Components\BP.WF\WF\Flow.cs:行号 739
   在 BP.WF.Flow.NewWork(String empNo) 位置 D:\ccflow\Components\BP.WF\WF\Flow.cs:行号 554
   在 BP.WF.Flow.NewWork() 位置 D:\ccflow\Components\BP.WF\WF\Flow.cs:行号 544
   在 CCFlow.WF.WinOpenEUI.Page_Load(Object sender, EventArgs e) 位置 D:\ccflow\CCFlow\WF\WinOpenEUI.Master.cs:行号 241
17日08时31分12秒Info:System');"成功[BP.Sys.EnCfg-8]放入缓存。
17日08时31分33秒Fatal:System');"@没有[枚举  Sys_EnumMain, 类[BP.Sys.SysEnumMain], 物理表[Sys_EnumMain] 实例。PK = FaWenLeiBie
17日08时32分15秒Info:System');"----------------------------------  start ------------------ 
17日08时32分15秒Info:System');"----------------------------------  end ------------------ 
17日08时34分14秒Info:System');"成功[BP.Port.Emp-13]放入缓存。
17日08时34分15秒Info:System');"成功[BP.WF.Flow-101]放入缓存。
17日08时34分15秒Info:System');"SQL=UPDATE Sys_MapDtl SET GroupID=1007        WHERE  No   IN (SELECT X.No FROM (SELECT No FROM Sys_MapDtl WHERE GroupID NOT IN (SELECT OID FROM Sys_GroupField WHERE EnName='ND13201')) AS X ) AND FK_MapData='ND13201',异常信息:列名 'GroupID' 无效。
17日08时34分15秒Info:System');"SQL=UPDATE Sys_MapDtl SET GroupID=1008        WHERE  No   IN (SELECT X.No FROM (SELECT No FROM Sys_MapDtl WHERE GroupID NOT IN (SELECT OID FROM Sys_GroupField WHERE EnName='ND13202')) AS X ) AND FK_MapData='ND13202',异常信息:列名 'GroupID' 无效。
17日08时34分15秒Info:System');"SQL=UPDATE Sys_MapDtl SET GroupID=1009        WHERE  No   IN (SELECT X.No FROM (SELECT No FROM Sys_MapDtl WHERE GroupID NOT IN (SELECT OID FROM Sys_GroupField WHERE EnName='ND13203')) AS X ) AND FK_MapData='ND13203',异常信息:列名 'GroupID' 无效。
17日08时34分19秒Fatal:System');"   在 BP.WF.Flow.NewWork(Emp emp, Hashtable paras) 位置 D:\ccflow\Components\BP.WF\WF\Flow.cs:行号 739
   在 BP.WF.Flow.NewWork(String empNo) 位置 D:\ccflow\Components\BP.WF\WF\Flow.cs:行号 554
   在 BP.WF.Flow.NewWork() 位置 D:\ccflow\Components\BP.WF\WF\Flow.cs:行号 544
   在 CCFlow.WF.WinOpenEUI.Page_Load(Object sender, EventArgs e) 位置 D:\ccflow\CCFlow\WF\WinOpenEUI.Master.cs:行号 241
17日08时34分27秒Fatal:System');"   在 BP.WF.Flow.NewWork(Emp emp, Hashtable paras) 位置 D:\ccflow\Components\BP.WF\WF\Flow.cs:行号 739
   在 BP.WF.Flow.NewWork(String empNo) 位置 D:\ccflow\Components\BP.WF\WF\Flow.cs:行号 554
   在 BP.WF.Flow.NewWork() 位置 D:\ccflow\Components\BP.WF\WF\Flow.cs:行号 544
   在 CCFlow.WF.WinOpenEUI.Page_Load(Object sender, EventArgs e) 位置 D:\ccflow\CCFlow\WF\WinOpenEUI.Master.cs:行号 241
-----------------------------------------------------------------------------------------------------
17日09时18分06秒Info:System');"----------------------------------  start ------------------ 
17日09时18分06秒Info:System');"----------------------------------  end ------------------ 
17日09时19分12秒Info:System');"----------------------------------  start ------------------ 
17日09时19分12秒Info:System');"----------------------------------  end ------------------ 
-----------------------------------------------------------------------------------------------------
17日09时20分04秒Info:System');"----------------------------------  start ------------------ 
17日09时20分04秒Info:System');"----------------------------------  end ------------------ 
17日09时20分09秒Fatal:System');"SQL= SELECT TOP 99999 MyPK, Lab, EnumKey,ISNULL(IntKey,0) IntKey,ISNULL(Lang, 'CH') Lang FROM Sys_Enum WHERE (1=1) AND ( ( Sys_Enum.EnumKey =@EnumKey) AND ( Sys_Enum.Lang =@Lang) ) ORDER BY Sys_Enum.IntKey Exception=对象名 'Sys_Enum' 无效。
17日09时20分15秒Fatal:System');"@没有[表单注册表  Sys_MapData, 类[BP.Sys.MapData], 物理表[Sys_MapData] 实例。PK = 
17日09时20分16秒Fatal:System');"@没有[表单注册表  Sys_MapData, 类[BP.Sys.MapData], 物理表[Sys_MapData] 实例。PK = 
17日09时20分21秒Info:System');"SQL=DROP TABLE Port_EmpDept,异常信息:无法对 表 'Port_EmpDept' 执行 删除，因为它不存在，或者您没有所需的权限。
17日09时20分21秒Info:System');"SQL=DROP VIEW Port_EmpDept,异常信息:无法对 视图 'Port_EmpDept' 执行 删除，因为它不存在，或者您没有所需的权限。
17日09时20分21秒Info:System');"SQL=DROP TABLE Port_EmpDept,异常信息:无法将 DROP TABLE 用于 'Port_EmpDept'，因为 'Port_EmpDept' 是 视图。请使用 DROP VIEW。
17日09时20分24秒Fatal:System');"@没有[表单注册表  Sys_MapData, 类[BP.Sys.MapData], 物理表[Sys_MapData] 实例。PK = 
17日09时20分24秒Fatal:System');"@没有[表单注册表  Sys_MapData, 类[BP.Sys.MapData], 物理表[Sys_MapData] 实例。PK = 
17日09时20分33秒Info:System');"成功[BP.Port.Emp-13]放入缓存。
17日09时20分46秒Info:System');"成功[BP.WF.Flow-1]放入缓存。
17日09时20分47秒Info:System');"SQL=UPDATE Sys_MapDtl SET GroupID=101        WHERE  No   IN (SELECT X.No FROM (SELECT No FROM Sys_MapDtl WHERE GroupID NOT IN (SELECT OID FROM Sys_GroupField WHERE EnName='ND101')) AS X ) AND FK_MapData='ND101',异常信息:列名 'GroupID' 无效。
-----------------------------------------------------------------------------------------------------
17日09时22分21秒Info:System');"成功[BP.Port.Emp-13]放入缓存。
17日09时25分34秒Info:System');"成功[BP.Port.Emp-13]放入缓存。
17日09时25分35秒Info:System');"成功[BP.WF.Flow-1]放入缓存。
17日09时25分35秒Info:System');"SQL=UPDATE Sys_MapDtl SET GroupID=101        WHERE  No   IN (SELECT X.No FROM (SELECT No FROM Sys_MapDtl WHERE GroupID NOT IN (SELECT OID FROM Sys_GroupField WHERE EnName='ND101')) AS X ) AND FK_MapData='ND101',异常信息:列名 'GroupID' 无效。
17日09时25分35秒Info:System');"SQL=UPDATE Sys_MapDtl SET GroupID=105        WHERE  No   IN (SELECT X.No FROM (SELECT No FROM Sys_MapDtl WHERE GroupID NOT IN (SELECT OID FROM Sys_GroupField WHERE EnName='ND102')) AS X ) AND FK_MapData='ND102',异常信息:列名 'GroupID' 无效。
-----------------------------------------------------------------------------------------------------
17日13时20分23秒Info:System');"成功[BP.Port.Emp-13]放入缓存。
