-----------------------------------------------------------------------------------------------------
29日08时49分20秒Info:System');"----------------------------------  start ------------------ 
29日08时49分20秒Info:System');"----------------------------------  end ------------------ 
29日08时49分34秒Info:System');"成功[BP.Port.Emp-13]放入缓存。
29日08时51分15秒Info:System');"成功[BP.Port.Emp-13]放入缓存。
29日08时51分15秒Info:System');"成功[BP.WF.Flow-101]放入缓存。
29日08时51分31秒Info:System');"成功[BP.Port.Emp-13]放入缓存。
29日08时51分31秒Info:System');"成功[BP.WF.Flow-101]放入缓存。
-----------------------------------------------------------------------------------------------------
29日08时56分20秒Info:System');"成功[BP.WF.Flow-101]放入缓存。
-----------------------------------------------------------------------------------------------------
29日08时56分42秒Info:System');"成功[BP.WF.Flow-101]放入缓存。
29日08时56分42秒Info:System');"成功[BP.Port.Emp-13]放入缓存。
-----------------------------------------------------------------------------------------------------
29日09时18分09秒Info:System');"成功[BP.WF.Flow-101]放入缓存。
29日09时18分10秒Info:System');"成功[BP.Port.Emp-13]放入缓存。
29日09时18分11秒Info:System');"成功[BP.Sys.EnCfg-8]放入缓存。
29日09时18分48秒Info:System');"成功[BP.Port.Emp-13]放入缓存。
29日09时18分48秒Info:System');"成功[BP.WF.Flow-101]放入缓存。
-----------------------------------------------------------------------------------------------------
29日10时08分02秒Info:System');"成功[BP.WF.Flow-101]放入缓存。
29日10时08分02秒Info:System');"成功[BP.Port.Emp-13]放入缓存。
-----------------------------------------------------------------------------------------------------
29日10时10分00秒Fatal:System');"@运行查询在(RunSQLReturnTable_200705_Ora with paras)出错 sql= SELECT MyPK,NVL(WorkID,0) WorkID,NVL(FK_Node,0) FK_Node, Worker, SubFlowNo,PlanDT PlanDT,NVL(TodolistModel,0) TodolistModel,NVL(Idx,0) Idx FROM WF_TransferCustom WHERE ( ( WF_TransferCustom.WorkID =:WorkID) AND ( WF_TransferCustom.FK_Node =:FK_Node) ) ORDER BY WF_TransferCustom.Idx @异常信息：ORA-00904: "PLANDT": 标识符无效
@Para Num= 2@WorkID=106@FK_Node=17001
-----------------------------------------------------------------------------------------------------
29日10时36分31秒Info:System');"成功[BP.Port.Emp-13]放入缓存。
29日10时36分32秒Info:System');"成功[BP.WF.Flow-101]放入缓存。
29日10时36分32秒Info:System');"成功[BP.Sys.EnCfg-8]放入缓存。
29日10时36分39秒Info:System');"成功[BP.WF.Template.Selector-376]放入缓存。
29日10时37分18秒Info:System');"成功[BP.WF.Template.Selector-376]放入缓存。
29日10时37分20秒Info:System');"成功[BP.WF.Template.Selector-376]放入缓存。
29日10时37分20秒Info:System');"成功[BP.WF.Template.Selector-376]放入缓存。
29日10时37分21秒Info:System');"成功[BP.WF.Template.Selector-376]放入缓存。
29日10时37分22秒Info:System');"成功[BP.WF.Template.Selector-376]放入缓存。
-----------------------------------------------------------------------------------------------------
29日11时22分57秒Info:System');"成功[BP.WF.Template.Selector-376]放入缓存。
29日11时23分34秒Info:System');"成功[BP.Port.Emp-13]放入缓存。
29日11时23分35秒Info:System');"成功[BP.WF.Flow-101]放入缓存。
29日11时23分35秒Info:System');"成功[BP.Sys.EnCfg-8]放入缓存。
29日11时23分49秒Info:System');"成功[BP.WF.Template.Selector-376]放入缓存。
29日11时23分49秒Info:System');"成功[BP.WF.Template.Selector-376]放入缓存。
29日11时23分49秒Info:System');"成功[BP.WF.Template.Selector-376]放入缓存。
29日11时24分14秒Info:System');"成功[BP.WF.Template.Selector-376]放入缓存。
29日11时24分17秒Info:System');"成功[BP.WF.Template.Selector-376]放入缓存。
29日11时24分17秒Info:System');"成功[BP.WF.Template.Selector-376]放入缓存。
29日11时24分17秒Info:System');"成功[BP.WF.Template.Selector-376]放入缓存。
29日11时24分23秒Info:System');"成功[BP.WF.Template.Selector-376]放入缓存。
29日11时24分30秒Info:System');"成功[BP.WF.Template.Selector-376]放入缓存。
29日11时24分30秒Info:System');"成功[BP.WF.Template.Selector-376]放入缓存。
29日11时24分31秒Info:System');"成功[BP.WF.Template.Selector-376]放入缓存。
29日11时24分50秒Info:System');"成功[BP.WF.Template.Selector-376]放入缓存。
29日11时24分53秒Info:System');"成功[BP.WF.Template.Selector-376]放入缓存。
29日11时24分53秒Info:System');"成功[BP.WF.Template.Selector-376]放入缓存。
29日11时24分53秒Info:System');"成功[BP.WF.Template.Selector-376]放入缓存。
29日11时25分07秒Info:System');"成功[BP.WF.Template.Selector-376]放入缓存。
-----------------------------------------------------------------------------------------------------
29日11时25分57秒Info:System');"成功[BP.Port.Emp-13]放入缓存。
29日11时25分58秒Info:System');"成功[BP.WF.Flow-101]放入缓存。
29日11时25分58秒Info:System');"成功[BP.Sys.EnCfg-8]放入缓存。
29日11时26分20秒Info:System');"成功[BP.WF.Template.Selector-376]放入缓存。
29日11时26分26秒Info:System');"成功[BP.WF.Template.Selector-376]放入缓存。
29日11时26分26秒Info:System');"成功[BP.WF.Template.Selector-376]放入缓存。
29日11时26分26秒Info:System');"成功[BP.WF.Template.Selector-376]放入缓存。
29日11时27分01秒Info:System');"成功[BP.WF.Template.Selector-376]放入缓存。
29日11时27分21秒Info:System');"成功[BP.WF.Template.Selector-376]放入缓存。
29日11时27分21秒Info:System');"成功[BP.WF.Template.Selector-376]放入缓存。
29日11时27分21秒Info:System');"成功[BP.WF.Template.Selector-376]放入缓存。
29日11时27分23秒Info:System');"成功[BP.WF.Template.Selector-376]放入缓存。
29日11时27分23秒Info:System');"成功[BP.WF.Template.Selector-376]放入缓存。
29日11时27分23秒Info:System');"成功[BP.WF.Template.Selector-376]放入缓存。
29日11时27分30秒Info:System');"成功[BP.WF.Template.Selector-376]放入缓存。
-----------------------------------------------------------------------------------------------------
29日11时27分51秒Info:System');"成功[BP.WF.Template.Selector-376]放入缓存。
29日11时28分07秒Info:System');"成功[BP.Port.Emp-13]放入缓存。
29日11时28分08秒Info:System');"成功[BP.WF.Flow-101]放入缓存。
29日11时28分08秒Info:System');"成功[BP.Sys.EnCfg-8]放入缓存。
-----------------------------------------------------------------------------------------------------
29日11时30分41秒Info:System');"成功[BP.WF.Template.Selector-376]放入缓存。
29日11时30分55秒Info:System');"成功[BP.Port.Emp-13]放入缓存。
29日11时30分56秒Info:System');"成功[BP.Port.Emp-13]放入缓存。
29日11时30分56秒Info:System');"成功[BP.WF.Flow-101]放入缓存。
29日11时31分00秒Info:System');"成功[BP.WF.Template.Selector-376]放入缓存。
29日11时31分17秒Info:System');"成功[BP.Sys.EnCfg-8]放入缓存。
29日11时32分01秒Info:System');"成功[BP.WF.Template.Selector-376]放入缓存。
29日11时32分04秒Info:System');"成功[BP.WF.Template.Selector-376]放入缓存。
29日11时32分04秒Info:System');"成功[BP.WF.Template.Selector-376]放入缓存。
29日11时32分04秒Info:System');"成功[BP.WF.Template.Selector-376]放入缓存。
29日11时32分35秒Info:System');"成功[BP.WF.Template.Selector-376]放入缓存。
29日11时32分46秒Info:System');"成功[BP.WF.Template.Selector-376]放入缓存。
29日11时32分48秒Info:System');"成功[BP.WF.Template.Selector-376]放入缓存。
29日11时32分50秒Info:System');"成功[BP.WF.Template.Selector-376]放入缓存。
29日11时32分59秒Info:System');"成功[BP.WF.Template.Selector-376]放入缓存。
29日11时33分35秒Info:System');"成功[BP.WF.Template.Selector-376]放入缓存。
29日11时33分42秒Info:System');"成功[BP.WF.Template.Selector-376]放入缓存。
29日11时33分42秒Info:System');"成功[BP.WF.Template.Selector-376]放入缓存。
29日11时33分42秒Info:System');"成功[BP.WF.Template.Selector-376]放入缓存。
29日11时34分16秒Info:System');"成功[BP.Port.Emp-13]放入缓存。
29日11时34分16秒Info:System');"成功[BP.WF.Flow-101]放入缓存。
29日11时34分19秒Info:System');"成功[BP.WF.Template.Selector-376]放入缓存。
-----------------------------------------------------------------------------------------------------
29日11时42分43秒Info:System');"成功[BP.WF.Template.Selector-376]放入缓存。
-----------------------------------------------------------------------------------------------------
29日11时43分24秒Info:System');"成功[BP.WF.Flow-101]放入缓存。
29日11时43分24秒Info:System');"成功[BP.Port.Emp-13]放入缓存。
29日11时43分28秒Info:System');"成功[BP.WF.Template.Selector-376]放入缓存。
-----------------------------------------------------------------------------------------------------
29日11时43分58秒Info:System');"成功[BP.WF.Template.Selector-376]放入缓存。
-----------------------------------------------------------------------------------------------------
29日11时45分39秒Info:System');"成功[BP.WF.Template.Selector-376]放入缓存。
-----------------------------------------------------------------------------------------------------
29日11时49分57秒Info:System');"成功[BP.WF.Template.Selector-376]放入缓存。
-----------------------------------------------------------------------------------------------------
29日11时50分22秒Info:System');"成功[BP.WF.Template.Selector-376]放入缓存。
-----------------------------------------------------------------------------------------------------
29日11时52分33秒Info:System');"成功[BP.WF.Template.Selector-376]放入缓存。
-----------------------------------------------------------------------------------------------------
29日11时53分23秒Info:System');"成功[BP.WF.Template.Selector-376]放入缓存。
29日11时53分26秒Info:System');"成功[BP.Port.Emp-13]放入缓存。
29日11时53分26秒Info:System');"成功[BP.Port.Dept-6]放入缓存。
-----------------------------------------------------------------------------------------------------
29日12时15分29秒Fatal:System');"@运行查询在(RunSQLReturnTable_200705_Ora with paras)出错 sql= SELECT MyPK,NVL(WorkID,0) WorkID,NVL(FK_Node,0) FK_Node, Worker, WorkerName, SubFlowNo,PlanDT PlanDT,NVL(TodolistModel,0) TodolistModel,NVL(Idx,0) Idx FROM WF_TransferCustom WHERE ( ( WF_TransferCustom.WorkID =:WorkID) AND ( WF_TransferCustom.FK_Node =:FK_Node) ) ORDER BY WF_TransferCustom.Idx @异常信息：ORA-00904: "WORKERNAME": 标识符无效
@Para Num= 2@WorkID=100@FK_Node=17001
29日12时15分31秒Info:System');"成功[BP.WF.Flow-101]放入缓存。
29日12时15分32秒Info:System');"成功[BP.Port.Emp-13]放入缓存。
29日12时15分35秒Info:System');"成功[BP.WF.Template.Selector-376]放入缓存。
-----------------------------------------------------------------------------------------------------
29日15时10分35秒Info:System');"成功[BP.Port.Emp-13]放入缓存。
29日15时10分35秒Info:System');"成功[BP.WF.Flow-101]放入缓存。
29日15时10分35秒Info:System');"成功[BP.WF.Flow-101]放入缓存。
29日15时10分39秒Info:System');"成功[BP.WF.Template.Selector-376]放入缓存。
-----------------------------------------------------------------------------------------------------
29日15时22分18秒Info:System');"成功[BP.WF.Flow-101]放入缓存。
29日15时22分18秒Info:System');"成功[BP.Port.Emp-13]放入缓存。
29日15时22分22秒Info:System');"成功[BP.WF.Template.Selector-376]放入缓存。
-----------------------------------------------------------------------------------------------------
29日15时24分42秒Info:System');"成功[BP.WF.Flow-101]放入缓存。
29日15时24分42秒Info:System');"成功[BP.WF.Flow-101]放入缓存。
29日15时24分42秒Info:System');"成功[BP.Port.Emp-13]放入缓存。
29日15时24分42秒Info:System');"成功[BP.Port.Emp-13]放入缓存。
29日15时24分46秒Info:System');"成功[BP.WF.Template.Selector-376]放入缓存。
-----------------------------------------------------------------------------------------------------
29日15时25分05秒Info:System');"成功[BP.WF.Flow-101]放入缓存。
29日15时25分05秒Info:System');"成功[BP.Port.Emp-13]放入缓存。
29日15时25分08秒Info:System');"成功[BP.WF.Template.Selector-376]放入缓存。
-----------------------------------------------------------------------------------------------------
29日15时25分54秒Info:System');"成功[BP.WF.Flow-101]放入缓存。
29日15时25分54秒Info:System');"成功[BP.Port.Emp-13]放入缓存。
29日15时25分58秒Info:System');"成功[BP.WF.Template.Selector-376]放入缓存。
-----------------------------------------------------------------------------------------------------
29日15时26分56秒Info:System');"成功[BP.WF.Flow-101]放入缓存。
29日15时26分56秒Info:System');"成功[BP.Port.Emp-13]放入缓存。
29日15时27分00秒Info:System');"成功[BP.WF.Template.Selector-376]放入缓存。
-----------------------------------------------------------------------------------------------------
29日15时28分26秒Info:System');"----------------------------------  start ------------------ 
29日15时28分26秒Info:System');"----------------------------------  end ------------------ 
29日15时28分47秒Info:System');"成功[BP.WF.Template.Selector-376]放入缓存。
-----------------------------------------------------------------------------------------------------
29日15时32分05秒Info:System');"成功[BP.WF.Template.Selector-376]放入缓存。
-----------------------------------------------------------------------------------------------------
29日15时36分27秒Info:System');"成功[BP.WF.Flow-101]放入缓存。
29日15时36分27秒Info:System');"成功[BP.Port.Emp-13]放入缓存。
29日15时36分27秒Info:System');"成功[BP.WF.Template.Selector-376]放入缓存。
-----------------------------------------------------------------------------------------------------
29日15时37分20秒Info:System');"成功[BP.WF.Template.Selector-376]放入缓存。
-----------------------------------------------------------------------------------------------------
29日15时41分27秒Info:System');"成功[BP.WF.Template.Selector-376]放入缓存。
-----------------------------------------------------------------------------------------------------
29日15时44分04秒Info:System');"成功[BP.WF.Template.Selector-376]放入缓存。
29日15时53分00秒Info:System');"成功[BP.WF.Flow-101]放入缓存。
29日15时53分01秒Info:System');"成功[BP.Port.Emp-13]放入缓存。
-----------------------------------------------------------------------------------------------------
29日15时55分37秒Info:System');"成功[BP.WF.Template.Selector-376]放入缓存。
29日15时56分56秒Info:System');"成功[BP.WF.Flow-101]放入缓存。
29日15时56分57秒Info:System');"成功[BP.Port.Emp-13]放入缓存。
-----------------------------------------------------------------------------------------------------
29日15时58分06秒Info:System');"成功[BP.WF.Flow-101]放入缓存。
29日15时58分06秒Info:System');"成功[BP.Port.Emp-13]放入缓存。
29日15时58分10秒Info:System');"成功[BP.WF.Template.Selector-376]放入缓存。
-----------------------------------------------------------------------------------------------------
29日16时11分06秒Info:System');"----------------------------------  start ------------------ 
29日16时11分06秒Info:System');"----------------------------------  end ------------------ 
29日16时11分16秒Info:System');"成功[BP.Port.Emp-13]放入缓存。
29日16时11分37秒Info:System');"成功[BP.Port.Emp-13]放入缓存。
29日16时11分37秒Info:System');"成功[BP.WF.Flow-101]放入缓存。
29日16时11分48秒Info:System');"成功[BP.WF.Template.Selector-376]放入缓存。
29日16时12分01秒Info:System');"成功[BP.Sys.EnCfg-8]放入缓存。
29日16时15分07秒Info:System');"成功[BP.Port.Emp-13]放入缓存。
29日16时15分07秒Info:System');"成功[BP.WF.Flow-101]放入缓存。
29日16时15分12秒Info:System');"成功[BP.WF.Template.Selector-376]放入缓存。
-----------------------------------------------------------------------------------------------------
29日16时39分58秒Info:System');"成功[BP.WF.Template.Selector-376]放入缓存。
29日16时40分50秒Info:System');"成功[BP.WF.Flow-101]放入缓存。
29日16时40分50秒Info:System');"成功[BP.Port.Emp-13]放入缓存。
-----------------------------------------------------------------------------------------------------
29日16时41分48秒Info:System');"成功[BP.WF.Template.Selector-376]放入缓存。
29日16时41分53秒Info:System');"成功[BP.WF.Flow-101]放入缓存。
29日16时41分53秒Info:System');"成功[BP.Port.Emp-13]放入缓存。
29日16时42分15秒Info:System');"----------------------------------  start ------------------ 
29日16时42分15秒Info:System');"----------------------------------  end ------------------ 
-----------------------------------------------------------------------------------------------------
29日16时52分13秒Info:System');"成功[BP.WF.Template.Selector-376]放入缓存。
29日16时52分57秒Info:System');"成功[BP.WF.Flow-101]放入缓存。
29日16时52分57秒Info:System');"成功[BP.Port.Emp-13]放入缓存。
-----------------------------------------------------------------------------------------------------
29日16时53分25秒Info:System');"----------------------------------  start ------------------ 
29日16时53分25秒Info:System');"----------------------------------  end ------------------ 
29日16时53分42秒Info:System');"成功[BP.WF.Flow-101]放入缓存。
29日16时53分51秒Info:System');"成功[BP.Port.Emp-13]放入缓存。
29日16时53分51秒Info:System');"成功[BP.WF.Flow-101]放入缓存。
29日16时54分08秒Info:System');"成功[BP.WF.Template.Selector-376]放入缓存。
-----------------------------------------------------------------------------------------------------
29日16时56分55秒Info:System');"成功[BP.Port.Emp-13]放入缓存。
29日16时56分55秒Info:System');"成功[BP.WF.Flow-101]放入缓存。
29日16时57分05秒Info:System');"成功[BP.WF.Template.Selector-376]放入缓存。
-----------------------------------------------------------------------------------------------------
29日17时02分19秒Info:System');"----------------------------------  start ------------------ 
29日17时02分19秒Info:System');"----------------------------------  end ------------------ 
-----------------------------------------------------------------------------------------------------
29日17时05分44秒Info:System');"----------------------------------  start ------------------ 
29日17时05分44秒Info:System');"----------------------------------  end ------------------ 
29日17时09分15秒Info:System');"成功[BP.Port.Emp-13]放入缓存。
-----------------------------------------------------------------------------------------------------
29日17时19分45秒Info:System');"----------------------------------  start ------------------ 
29日17时19分45秒Info:System');"----------------------------------  end ------------------ 
29日17时20分06秒Info:System');"成功[BP.Port.Emp-13]放入缓存。
29日17时20分12秒Info:System');"成功[BP.WF.Flow-101]放入缓存。
29日17时20分12秒Info:System');"成功[BP.Sys.EnCfg-8]放入缓存。
-----------------------------------------------------------------------------------------------------
29日17时27分41秒Info:System');"成功[BP.Port.Emp-13]放入缓存。
29日17时27分41秒Info:System');"成功[BP.WF.Flow-101]放入缓存。
29日17时27分51秒Info:System');"成功[BP.WF.Template.Selector-376]放入缓存。
29日17时28分19秒Info:System');"成功[BP.Sys.EnCfg-8]放入缓存。
29日17时28分39秒Info:System');"成功[BP.Port.Emp-13]放入缓存。
29日17时28分39秒Info:System');"成功[BP.WF.Flow-101]放入缓存。
-----------------------------------------------------------------------------------------------------
29日17时45分48秒Info:System');"----------------------------------  start ------------------ 
29日17时45分48秒Info:System');"----------------------------------  end ------------------ 
29日17时45分59秒Info:System');"成功[BP.Port.Emp-13]放入缓存。
29日17时49分22秒Info:System');"成功[BP.WF.Flow-101]放入缓存。
29日17时49分35秒Fatal:System');"@运行查询在(RunSQLReturnTable_200705_Ora with paras)出错 sql=select UserNo as No, UserName as Name from ND2701 where oid=0 @异常信息：ORA-00942: 表或视图不存在
@Para Num= 0
29日17时50分27秒Fatal:System');"@没有[表单注册表  Sys_MapData, 类[BP.Sys.MapData], 物理表[Sys_MapData] 实例。PK = SheetEleRight
-----------------------------------------------------------------------------------------------------
29日17时53分32秒Info:System');"----------------------------------  start ------------------ 
29日17时53分32秒Info:System');"----------------------------------  end ------------------ 
29日17时53分42秒Info:System');"成功[BP.Port.Emp-13]放入缓存。
29日17时53分47秒Info:System');"成功[BP.Port.Emp-13]放入缓存。
29日17时53分47秒Info:System');"成功[BP.WF.Flow-101]放入缓存。
29日17时53分57秒Info:System');"成功[BP.Sys.EnCfg-8]放入缓存。
29日17时55分36秒Info:System');"成功[BP.WF.Template.Selector-376]放入缓存。
29日17时55分49秒Info:System');"成功[BP.WF.Template.Selector-376]放入缓存。
29日17时55分49秒Info:System');"成功[BP.WF.Template.Selector-376]放入缓存。
29日17时55分49秒Info:System');"成功[BP.WF.Template.Selector-376]放入缓存。
29日17时56分03秒Info:System');"成功[BP.WF.Template.Selector-376]放入缓存。
29日17时56分07秒Info:System');"成功[BP.WF.Template.Selector-376]放入缓存。
29日17时56分07秒Info:System');"成功[BP.WF.Template.Selector-376]放入缓存。
29日17时56分07秒Info:System');"成功[BP.WF.Template.Selector-376]放入缓存。
29日17时56分09秒Info:System');"成功[BP.WF.Template.Selector-376]放入缓存。
29日17时56分09秒Info:System');"成功[BP.WF.Template.Selector-376]放入缓存。
29日17时56分09秒Info:System');"成功[BP.WF.Template.Selector-376]放入缓存。
29日17时56分20秒Info:System');"成功[BP.WF.Template.Selector-376]放入缓存。
29日17时56分26秒Info:System');"成功[BP.WF.Template.Selector-376]放入缓存。
29日17时56分26秒Info:System');"成功[BP.WF.Template.Selector-376]放入缓存。
29日17时56分26秒Info:System');"成功[BP.WF.Template.Selector-376]放入缓存。
29日17时56分42秒Info:System');"成功[BP.WF.Template.Selector-376]放入缓存。
29日17时56分49秒Info:System');"成功[BP.WF.Template.Selector-376]放入缓存。
29日17时56分49秒Info:System');"成功[BP.WF.Template.Selector-376]放入缓存。
29日17时56分49秒Info:System');"成功[BP.WF.Template.Selector-376]放入缓存。
29日17时56分50秒Info:System');"成功[BP.WF.Template.Selector-376]放入缓存。
29日17时56分50秒Info:System');"成功[BP.WF.Template.Selector-376]放入缓存。
29日17时56分50秒Info:System');"成功[BP.WF.Template.Selector-376]放入缓存。
29日18时03分06秒Info:System');"成功[BP.Port.Emp-13]放入缓存。
29日18时03分06秒Info:System');"成功[BP.WF.Flow-101]放入缓存。
29日18时03分13秒Info:System');"成功[BP.WF.Template.Selector-376]放入缓存。
29日18时04分26秒Info:System');"成功[BP.Sys.EnCfg-8]放入缓存。
29日18时05分29秒Info:System');"成功[BP.WF.Template.Selector-376]放入缓存。
-----------------------------------------------------------------------------------------------------
29日18时42分07秒Info:System');"----------------------------------  start ------------------ 
29日18时42分07秒Info:System');"----------------------------------  end ------------------ 
29日18时42分16秒Info:System');"成功[BP.Port.Emp-13]放入缓存。
29日18时42分32秒Info:System');"成功[BP.Port.Emp-13]放入缓存。
29日18时42分32秒Info:System');"成功[BP.WF.Flow-101]放入缓存。
29日18时42分55秒Info:System');"成功[BP.WF.Template.Selector-376]放入缓存。
-----------------------------------------------------------------------------------------------------
29日18时43分44秒Info:System');"----------------------------------  start ------------------ 
29日18时43分44秒Info:System');"----------------------------------  end ------------------ 
29日18时44分04秒Info:System');"成功[BP.Port.Emp-13]放入缓存。
29日18时48分37秒Info:System');"成功[BP.Port.Emp-13]放入缓存。
29日18时48分38秒Info:System');"成功[BP.WF.Flow-101]放入缓存。
29日18时48分51秒Info:System');"成功[BP.WF.Template.Selector-376]放入缓存。
-----------------------------------------------------------------------------------------------------
29日18时53分12秒Info:System');"成功[BP.Port.Emp-13]放入缓存。
29日18时53分12秒Info:System');"成功[BP.WF.Flow-101]放入缓存。
29日18时53分41秒Info:System');"成功[BP.WF.Template.Selector-376]放入缓存。
29日18时54分51秒Info:System');"成功[BP.Sys.EnCfg-8]放入缓存。
29日18时56分51秒Info:System');"@出现SQL异常有可能是没有修复表，或者重复发送. Ext=执行sql错误:ORA-00001: 违反唯一约束条件 (CCFLOW6.ND17002PK)
INSERT INTO ND17002 (Title,XMMC,FuZeRen,FuZeRenDianHua,XiangMuDiZhi,FK_NY,Emps,FID,XMGYJS,MyNum,CDT,FK_Dept,RDT,OID,Rec ) VALUES ( :Title,:XMMC,:FuZeRen,:FuZeRenDianHua,:XiangMuDiZhi,:FK_NY,:Emps,:FID,:XMGYJS,:MyNum,:CDT,:FK_Dept,:RDT,:OID,:Rec) Paras(15)=@Title=,String@XMMC=,String@FuZeRen=,String@FuZeRenDianHua=,String@XiangMuDiZhi=,String@FK_NY=,String@Emps=liyan,String@FID=0,Int32@XMGYJS=,String@MyNum=1,Int32@CDT=2016-07-29,String@FK_Dept=,String@RDT=2016-07-29,String@OID=117,Int32@Rec=liyan,String<hr>INSERT INTO ND17002 (Title,XMMC,FuZeRen,FuZeRenDianHua,XiangMuDiZhi,FK_NY,Emps,FID,XMGYJS,MyNum,CDT,FK_Dept,RDT,OID,Rec ) VALUES ( '','','','','','','liyan','0','','1','2016-07-29','','2016-07-29','117','liyan')
-----------------------------------------------------------------------------------------------------
29日18时59分07秒Info:System');"成功[BP.WF.Flow-101]放入缓存。
29日18时59分07秒Info:System');"成功[BP.Port.Emp-13]放入缓存。
29日18时59分07秒Info:System');"@出现SQL异常有可能是没有修复表，或者重复发送. Ext=执行sql错误:ORA-00001: 违反唯一约束条件 (CCFLOW6.ND17003PK)
INSERT INTO ND17003 (Title,XMMC,FuZeRen,FuZeRenDianHua,XiangMuDiZhi,CDT,FK_Dept,RDT,OID,MyNum,XMGYJS,Rec,Emps,FK_NY,FID ) VALUES ( :Title,:XMMC,:FuZeRen,:FuZeRenDianHua,:XiangMuDiZhi,:CDT,:FK_Dept,:RDT,:OID,:MyNum,:XMGYJS,:Rec,:Emps,:FK_NY,:FID) Paras(15)=@Title=,String@XMMC=,String@FuZeRen=,String@FuZeRenDianHua=,String@XiangMuDiZhi=,String@CDT=2016-07-29,String@FK_Dept=,String@RDT=2016-07-29,String@OID=117,Int32@MyNum=1,Int32@XMGYJS=,String@Rec=guobaogeng,String@Emps=guobaogeng,String@FK_NY=,String@FID=0,Int32<hr>INSERT INTO ND17003 (Title,XMMC,FuZeRen,FuZeRenDianHua,XiangMuDiZhi,CDT,FK_Dept,RDT,OID,MyNum,XMGYJS,Rec,Emps,FK_NY,FID ) VALUES ( '','','','','','2016-07-29','','2016-07-29','117','1','','guobaogeng','guobaogeng','','0')
29日18时59分23秒Info:System');"成功[BP.Port.Emp-13]放入缓存。
29日18时59分23秒Info:System');"成功[BP.WF.Flow-101]放入缓存。
29日18时59分37秒Info:System');"成功[BP.WF.Template.Selector-376]放入缓存。
-----------------------------------------------------------------------------------------------------
29日19时10分12秒Info:System');"----------------------------------  start ------------------ 
29日19时10分12秒Info:System');"----------------------------------  end ------------------ 
29日19时11分00秒Info:System');"成功[BP.Port.Emp-13]放入缓存。
29日19时11分59秒Info:System');"成功[BP.WF.Flow-101]放入缓存。
29日19时11分59秒Info:System');"成功[BP.Sys.EnCfg-8]放入缓存。
29日19时15分02秒Info:System');"成功[BP.Port.Emp-13]放入缓存。
29日19时15分02秒Info:System');"成功[BP.WF.Flow-101]放入缓存。
29日19时15分09秒Info:System');"成功[BP.WF.Template.Selector-376]放入缓存。
