-----------------------------------------------------------------------------------------------------
26日10时29分18秒Fatal:System');"SQL= SELECT TOP 99999 No, Name FROM SQL_RenYuanShiTu WHERE (1=1) ORDER BY SQL_RenYuanShiTu.No Exception=对象名 'SQL_RenYuanShiTu' 无效。
-----------------------------------------------------------------------------------------------------
-----------------------------------------------------------------------------------------------------
26日17时15分02秒Info:System');"----------------------------------  start ------------------ 
26日17时15分02秒Info:System');"----------------------------------  end ------------------ 
-----------------------------------------------------------------------------------------------------
26日17时30分32秒Info:System');"成功[BP.Port.Emp-13]放入缓存。
-----------------------------------------------------------------------------------------------------
26日17时31分41秒Info:System');"----------------------------------  start ------------------ 
26日17时31分41秒Info:System');"----------------------------------  end ------------------ 
26日17时31分56秒Info:System');"成功[BP.Port.Emp-13]放入缓存。
-----------------------------------------------------------------------------------------------------
26日17时48分13秒Info:System');"----------------------------------  start ------------------ 
26日17时48分13秒Info:System');"----------------------------------  end ------------------ 
26日17时51分56秒Info:System');"成功[BP.Port.Emp-13]放入缓存。
-----------------------------------------------------------------------------------------------------
26日17时55分43秒Info:System');"成功[BP.Port.Emp-13]放入缓存。
26日17时55分49秒Info:System');"成功[BP.WF.Flow-112]放入缓存。
26日17时55分50秒Info:System');"SQL=UPDATE Sys_MapDtl SET GroupID=1662        WHERE  No   IN (SELECT X.No FROM (SELECT No FROM Sys_MapDtl WHERE GroupID NOT IN (SELECT OID FROM Sys_GroupField WHERE EnName='ND18101')) AS X ) AND FK_MapData='ND18101',异常信息:列名 'GroupID' 无效。
-----------------------------------------------------------------------------------------------------
26日18时13分06秒Fatal:System');"@没有[实体属性  Sys_MapAttr, 类[BP.Sys.MapAttr], 物理表[Sys_MapAttr] 实例。PK = ND18101_SQL_WuLiaoLeiBie_
-----------------------------------------------------------------------------------------------------
26日18时25分09秒Fatal:System');"@没有[实体属性  Sys_MapAttr, 类[BP.Sys.MapAttr], 物理表[Sys_MapAttr] 实例。PK = ND18101_SQL_WuLiaoLeiBie22_
-----------------------------------------------------------------------------------------------------
26日18时29分41秒Info:System');"成功[BP.Sys.EnCfg-8]放入缓存。
-----------------------------------------------------------------------------------------------------
26日18时58分17秒Info:System');"成功[BP.Port.Emp-13]放入缓存。
-----------------------------------------------------------------------------------------------------
26日19时05分24秒Info:System');"SQL=Exec sp_droplinkedsrvlogin HR,Null ,异常信息:服务器 'HR' 不存在。请使用 sp_helpserver 来显示可用的服务器。
26日19时05分48秒Fatal:System');"@没有[字典表  Sys_SFTable, 类[BP.Sys.SFTable], 物理表[Sys_SFTable] 实例。PK = 
-----------------------------------------------------------------------------------------------------
26日19时32分39秒Info:System');"SQL=UPDATE Sys_MapDtl SET GroupID=1668        WHERE  No   IN (SELECT X.No FROM (SELECT No FROM Sys_MapDtl WHERE GroupID NOT IN (SELECT OID FROM Sys_GroupField WHERE EnName='ND18101')) AS X ) AND FK_MapData='ND18101',异常信息:列名 'GroupID' 无效。
-----------------------------------------------------------------------------------------------------
26日19时41分50秒Info:System');"成功[BP.Port.Emp-13]放入缓存。
