-----------------------------------------------------------------------------------------------------
13日16时33分42秒Fatal:System');"在与 SQL Server 建立连接时出现与网络相关的或特定于实例的错误。未找到或无法访问服务器。请验证实例名称是否正确并且 SQL Server 已配置为允许远程连接。 (provider: Named Pipes Provider, error: 40 - 无法打开到 SQL Server 的连接)
-----------------------------------------------------------------------------------------------------
13日16时33分48秒Info:System');"成功[BP.Port.Emp-29]放入缓存。
13日16时34分13秒Info:System');"成功[BP.Sys.EnCfg-8]放入缓存。
-----------------------------------------------------------------------------------------------------
13日16时54分20秒Info:System');"成功[BP.Port.Emp-29]放入缓存。
13日16时54分20秒Info:System');"成功[BP.WF.Flow-2]放入缓存。
13日16时54分20秒Info:System');"SQL=UPDATE Sys_MapDtl SET GroupID=101        WHERE  No   IN (SELECT X.No FROM (SELECT No FROM Sys_MapDtl WHERE GroupID NOT IN (SELECT OID FROM Sys_GroupField WHERE EnName='ND101')) AS X ) AND FK_MapData='ND101',异常信息:列名 'GroupID' 无效。
13日16时54分20秒Info:System');"SQL=UPDATE Sys_MapDtl SET GroupID=123        WHERE  No   IN (SELECT X.No FROM (SELECT No FROM Sys_MapDtl WHERE GroupID NOT IN (SELECT OID FROM Sys_GroupField WHERE EnName='ND102')) AS X ) AND FK_MapData='ND102',异常信息:列名 'GroupID' 无效。
13日16时54分20秒Info:System');"SQL=UPDATE Sys_MapDtl SET GroupID=131        WHERE  No   IN (SELECT X.No FROM (SELECT No FROM Sys_MapDtl WHERE GroupID NOT IN (SELECT OID FROM Sys_GroupField WHERE EnName='ND103')) AS X ) AND FK_MapData='ND103',异常信息:列名 'GroupID' 无效。
13日16时54分20秒Info:System');"SQL=UPDATE Sys_MapDtl SET GroupID=133        WHERE  No   IN (SELECT X.No FROM (SELECT No FROM Sys_MapDtl WHERE GroupID NOT IN (SELECT OID FROM Sys_GroupField WHERE EnName='ND104')) AS X ) AND FK_MapData='ND104',异常信息:列名 'GroupID' 无效。
-----------------------------------------------------------------------------------------------------
13日16时56分59秒Info:System');"成功[BP.WF.Flow-2]放入缓存。
13日16时57分00秒Info:System');"成功[BP.Port.Emp-29]放入缓存。
13日16时57分42秒Info:System');"成功[BP.Sys.EnCfg-8]放入缓存。
13日16时58分10秒Info:System');"成功[BP.Port.Emp-29]放入缓存。
13日16时58分10秒Info:System');"成功[BP.WF.Flow-2]放入缓存。
13日16时58分10秒Info:System');"SQL=UPDATE Sys_MapDtl SET GroupID=101        WHERE  No   IN (SELECT X.No FROM (SELECT No FROM Sys_MapDtl WHERE GroupID NOT IN (SELECT OID FROM Sys_GroupField WHERE EnName='ND101')) AS X ) AND FK_MapData='ND101',异常信息:列名 'GroupID' 无效。
13日16时58分11秒Info:System');"SQL=UPDATE Sys_MapDtl SET GroupID=123        WHERE  No   IN (SELECT X.No FROM (SELECT No FROM Sys_MapDtl WHERE GroupID NOT IN (SELECT OID FROM Sys_GroupField WHERE EnName='ND102')) AS X ) AND FK_MapData='ND102',异常信息:列名 'GroupID' 无效。
13日16时58分11秒Info:System');"SQL=UPDATE Sys_MapDtl SET GroupID=131        WHERE  No   IN (SELECT X.No FROM (SELECT No FROM Sys_MapDtl WHERE GroupID NOT IN (SELECT OID FROM Sys_GroupField WHERE EnName='ND103')) AS X ) AND FK_MapData='ND103',异常信息:列名 'GroupID' 无效。
13日16时58分11秒Info:System');"SQL=UPDATE Sys_MapDtl SET GroupID=133        WHERE  No   IN (SELECT X.No FROM (SELECT No FROM Sys_MapDtl WHERE GroupID NOT IN (SELECT OID FROM Sys_GroupField WHERE EnName='ND104')) AS X ) AND FK_MapData='ND104',异常信息:列名 'GroupID' 无效。
-----------------------------------------------------------------------------------------------------
13日17时06分08秒Info:System');"成功[BP.Port.Emp-29]放入缓存。
13日17时06分08秒Info:System');"成功[BP.WF.Flow-2]放入缓存。
13日17时06分08秒Info:System');"SQL=UPDATE Sys_MapDtl SET GroupID=101        WHERE  No   IN (SELECT X.No FROM (SELECT No FROM Sys_MapDtl WHERE GroupID NOT IN (SELECT OID FROM Sys_GroupField WHERE EnName='ND101')) AS X ) AND FK_MapData='ND101',异常信息:列名 'GroupID' 无效。
13日17时06分08秒Info:System');"SQL=UPDATE Sys_MapDtl SET GroupID=123        WHERE  No   IN (SELECT X.No FROM (SELECT No FROM Sys_MapDtl WHERE GroupID NOT IN (SELECT OID FROM Sys_GroupField WHERE EnName='ND102')) AS X ) AND FK_MapData='ND102',异常信息:列名 'GroupID' 无效。
13日17时06分08秒Info:System');"SQL=UPDATE Sys_MapDtl SET GroupID=131        WHERE  No   IN (SELECT X.No FROM (SELECT No FROM Sys_MapDtl WHERE GroupID NOT IN (SELECT OID FROM Sys_GroupField WHERE EnName='ND103')) AS X ) AND FK_MapData='ND103',异常信息:列名 'GroupID' 无效。
13日17时06分08秒Info:System');"SQL=UPDATE Sys_MapDtl SET GroupID=133        WHERE  No   IN (SELECT X.No FROM (SELECT No FROM Sys_MapDtl WHERE GroupID NOT IN (SELECT OID FROM Sys_GroupField WHERE EnName='ND104')) AS X ) AND FK_MapData='ND104',异常信息:列名 'GroupID' 无效。
-----------------------------------------------------------------------------------------------------
13日17时14分25秒Fatal:System');"@没有[流程查询  WF_GenerWorkFlow, 类[BP.WF.Data.GenerWorkFlowView], 物理表[WF_GenerWorkFlow] 实例。PK = 154
13日17时14分39秒Info:System');"成功[BP.WF.Flow-2]放入缓存。
13日17时14分39秒Info:System');"成功[BP.Port.Emp-29]放入缓存。
-----------------------------------------------------------------------------------------------------
13日17时20分01秒Info:System');"成功[BP.WF.Flow-2]放入缓存。
13日17时20分01秒Info:System');"成功[BP.Port.Emp-29]放入缓存。
13日17时21分44秒Fatal:System');"@没有[流程查询  WF_GenerWorkFlow, 类[BP.WF.Data.GenerWorkFlowView], 物理表[WF_GenerWorkFlow] 实例。PK = 154
-----------------------------------------------------------------------------------------------------
13日17时27分04秒Info:System');"成功[BP.WF.Flow-2]放入缓存。
13日17时27分04秒Info:System');"成功[BP.WF.Flow-2]放入缓存。
13日17时27分04秒Info:System');"成功[BP.Port.Emp-29]放入缓存。
13日17时27分04秒Fatal:System');"SQL=SELECT WorkID,FlowEndNode FROM WF_GenerWorkFlow WHERE FlowStarter=@FlowStarter AND WFState=@WFState  Exception=列名 'FlowStarter' 无效。
列名 'FlowEndNode' 无效。
13日17时27分06秒Fatal:System');"SQL=SELECT WorkID,FlowEndNode FROM WF_GenerWorkFlow WHERE FlowStarter=@FlowStarter AND WFState=@WFState  Exception=列名 'FlowStarter' 无效。
列名 'FlowEndNode' 无效。
-----------------------------------------------------------------------------------------------------
13日17时28分03秒Info:System');"成功[BP.WF.Flow-2]放入缓存。
13日17时28分03秒Info:System');"成功[BP.Port.Emp-29]放入缓存。
13日17时29分35秒Info:System');"成功[BP.WF.Node-23]放入缓存。
13日17时30分56秒Info:System');"成功[BP.Port.Dept-13]放入缓存。
