-----------------------------------------------------------------------------------------------------
31日10时24分35秒Info:System');"----------------------------------  start ------------------ 
31日10时24分35秒Info:System');"----------------------------------  end ------------------ 
31日10时25分16秒Info:System');"成功[BP.Port.Emp-13]放入缓存。
31日10时25分19秒Fatal:System');"@运行查询在(RunSQLReturnTable_200705_Ora with paras)出错 sql= SELECT   Port_Emp.No, Port_Emp.Name,NVL(Port_Emp.Pass, '123') Pass, Port_Emp.FK_Dept, TFK_Dept.Name AS FK_DeptText, Port_Emp.SID FROM Port_Emp,Port_Dept TFK_Dept  WHERE (  Port_Emp.FK_Dept=TFK_Dept.No  (+) )AND (Port_Emp.No=:No ) @异常信息：ORA-12571: TNS: 包写入程序失败
@Para Num= 1@No=admin
31日10时25分41秒Info:System');"----------------------------------  start ------------------ 
31日10时25分41秒Info:System');"----------------------------------  end ------------------ 
31日10时25分56秒Info:System');"成功[BP.Port.Emp-13]放入缓存。
31日10时25分56秒Info:System');"成功[BP.WF.Flow-101]放入缓存。
31日10时26分06秒Info:System');"成功[BP.Sys.EnCfg-8]放入缓存。
31日10时26分12秒Info:System');"成功[BP.WF.Template.Selector-376]放入缓存。
31日10时26分14秒Info:System');"成功[BP.WF.Template.Selector-376]放入缓存。
31日10时26分14秒Info:System');"成功[BP.WF.Template.Selector-376]放入缓存。
31日10时26分15秒Info:System');"成功[BP.WF.Template.Selector-376]放入缓存。
31日10时26分23秒Info:System');"成功[BP.Port.Emp-13]放入缓存。
31日10时26分23秒Info:System');"成功[BP.WF.Flow-101]放入缓存。
31日10时27分23秒Fatal:System');"@没有[表单注册表  Sys_MapData, 类[BP.Sys.MapData], 物理表[Sys_MapData] 实例。PK = CN_PQ
-----------------------------------------------------------------------------------------------------
31日10时32分54秒Fatal:System');"@没有[表单注册表  Sys_MapData, 类[BP.Sys.MapData], 物理表[Sys_MapData] 实例。PK = CN_PQ
31日10时32分56秒Fatal:System');"@没有[表单注册表  Sys_MapData, 类[BP.Sys.MapData], 物理表[Sys_MapData] 实例。PK = CN_PQ
-----------------------------------------------------------------------------------------------------
31日10时33分15秒Fatal:System');"@没有[表单注册表  Sys_MapData, 类[BP.Sys.MapData], 物理表[Sys_MapData] 实例。PK = CN_PQ
31日10时33分18秒Fatal:System');"@没有[表单注册表  Sys_MapData, 类[BP.Sys.MapData], 物理表[Sys_MapData] 实例。PK = CN_PQ
-----------------------------------------------------------------------------------------------------
31日10时34分00秒Info:System');"----------------------------------  start ------------------ 
31日10时34分00秒Info:System');"----------------------------------  end ------------------ 
31日10时34分57秒Fatal:System');"@没有[表单注册表  Sys_MapData, 类[BP.Sys.MapData], 物理表[Sys_MapData] 实例。PK = CN_PQ
31日10时35分37秒Fatal:System');"@没有[表单注册表  Sys_MapData, 类[BP.Sys.MapData], 物理表[Sys_MapData] 实例。PK = CN_PQ
31日10时39分13秒Info:System');"成功[BP.Port.Emp-13]放入缓存。
31日10时39分13秒Info:System');"成功[BP.WF.Flow-101]放入缓存。
-----------------------------------------------------------------------------------------------------
31日10时42分52秒Info:System');"----------------------------------  start ------------------ 
31日10时42分52秒Info:System');"----------------------------------  end ------------------ 
31日10时43分20秒Info:System');"成功[BP.WF.Flow-101]放入缓存。
31日10时43分20秒Info:System');"成功[BP.Port.Emp-13]放入缓存。
-----------------------------------------------------------------------------------------------------
31日10时55分27秒Info:System');"----------------------------------  start ------------------ 
31日10时55分27秒Info:System');"----------------------------------  end ------------------ 
-----------------------------------------------------------------------------------------------------
31日11时03分17秒Info:System');"----------------------------------  start ------------------ 
31日11时03分17秒Info:System');"----------------------------------  end ------------------ 
31日11时03分23秒Info:System');"成功[BP.Port.Emp-13]放入缓存。
-----------------------------------------------------------------------------------------------------
31日11时12分33秒Info:System');"成功[BP.Port.Emp-13]放入缓存。
31日11时12分33秒Info:System');"成功[BP.WF.Flow-101]放入缓存。
-----------------------------------------------------------------------------------------------------
31日11时14分22秒Info:System');"成功[BP.WF.Flow-101]放入缓存。
31日11时14分22秒Info:System');"成功[BP.Port.Emp-13]放入缓存。
-----------------------------------------------------------------------------------------------------
31日11时23分10秒Info:System');"----------------------------------  start ------------------ 
31日11时23分10秒Info:System');"----------------------------------  end ------------------ 
31日11时34分20秒Info:System');"成功[BP.Port.Emp-13]放入缓存。
31日11时34分20秒Info:System');"成功[BP.WF.Flow-101]放入缓存。
-----------------------------------------------------------------------------------------------------
31日11时38分39秒Info:System');"成功[BP.WF.Flow-101]放入缓存。
31日11时38分39秒Info:System');"成功[BP.Port.Emp-13]放入缓存。
31日11时39分09秒Info:System');"成功[BP.Sys.EnCfg-8]放入缓存。
31日11时46分14秒Info:System');"成功[BP.Port.Emp-13]放入缓存。
31日11时46分14秒Info:System');"成功[BP.WF.Flow-101]放入缓存。
31日11时48分56秒Info:System');"成功[BP.Port.Emp-13]放入缓存。
31日11时48分56秒Info:System');"成功[BP.WF.Flow-101]放入缓存。
31日11时49分41秒Info:System');"成功[BP.Sys.EnCfg-8]放入缓存。
31日11时56分20秒Info:System');"成功[BP.Port.Emp-13]放入缓存。
31日11时56分20秒Info:System');"成功[BP.WF.Flow-101]放入缓存。
31日11时56分41秒Info:System');"成功[BP.WF.Template.Selector-376]放入缓存。
31日11时58分05秒Info:System');"成功[BP.Sys.EnCfg-8]放入缓存。
01日08时56分01秒Info:System');"成功[BP.Port.Emp-13]放入缓存。
01日08时56分01秒Info:System');"成功[BP.WF.Flow-101]放入缓存。
01日09时05分52秒Info:System');"成功[BP.Port.Emp-13]放入缓存。
01日09时05分52秒Info:System');"成功[BP.WF.Flow-101]放入缓存。
01日09时06分25秒Info:System');"成功[BP.Sys.EnCfg-8]放入缓存。
01日09时07分10秒Info:System');"成功[BP.Port.Emp-13]放入缓存。
01日09时07分11秒Info:System');"成功[BP.WF.Flow-101]放入缓存。
01日09时07分15秒Info:System');"成功[BP.WF.Template.Selector-376]放入缓存。
01日09时07分29秒Info:System');"成功[BP.Sys.EnCfg-8]放入缓存。
01日09时10分07秒Info:System');"成功[BP.Port.Emp-13]放入缓存。
01日09时10分07秒Info:System');"成功[BP.WF.Flow-101]放入缓存。
01日09时10分10秒Info:System');"成功[BP.WF.Template.Selector-376]放入缓存。
01日09时30分21秒Info:System');"@出现SQL异常有可能是没有修复表，或者重复发送. Ext=执行sql错误:ORA-00001: 违反唯一约束条件 (CCFLOW6.ND17002PK)
INSERT INTO ND17002 (Title,XMMC,FuZeRen,FuZeRenDianHua,XiangMuDiZhi,XMGYJS,FK_DQ,FK_SF,FK_SFT,FK_City,CDT,Emps,MyNum,Rec,RDT,QiCaoRiQi,FK_NY,FK_Dept,FID,FK_DQT,QiCaoRenBuMen,OID,FK_CityT,QiCaoRen ) VALUES ( :Title,:XMMC,:FuZeRen,:FuZeRenDianHua,:XiangMuDiZhi,:XMGYJS,:FK_DQ,:FK_SF,:FK_SFT,:FK_City,:CDT,:Emps,:MyNum,:Rec,:RDT,:QiCaoRiQi,:FK_NY,:FK_Dept,:FID,:FK_DQT,:QiCaoRenBuMen,:OID,:FK_CityT,:QiCaoRen) Paras(24)=@Title=,String@XMMC=,String@FuZeRen=,String@FuZeRenDianHua=,String@XiangMuDiZhi=,String@XMGYJS=,String@FK_DQ=,String@FK_SF=,String@FK_SFT=,String@FK_City=,String@CDT=2016-08-01,String@Emps=liping,String@MyNum=1,Int32@Rec=liping,String@RDT=2016-08-01,String@QiCaoRiQi=,String@FK_NY=,String@FK_Dept=,String@FID=0,Int32@FK_DQT=,String@QiCaoRenBuMen=,String@OID=106,Int32@FK_CityT=,String@QiCaoRen=,String<hr>INSERT INTO ND17002 (Title,XMMC,FuZeRen,FuZeRenDianHua,XiangMuDiZhi,XMGYJS,FK_DQ,FK_SF,FK_SFT,FK_City,CDT,Emps,MyNum,Rec,RDT,QiCaoRiQi,FK_NY,FK_Dept,FID,FK_DQT,QiCaoRenBuMen,OID,FK_CityT,QiCaoRen ) VALUES ( '','','','','','','','','','','2016-08-01','liping','1','liping','2016-08-01','','','','0','','','106','','')
01日09时36分19秒Info:System');"成功[BP.Port.Dept-6]放入缓存。
01日09时38分56秒Fatal:System');"@运行查询在(RunSQLReturnTable_200705_Ora with paras)出错 sql= SELECT  NVL(GT_LXSQ.RDT,'2016-08-01') RDT, GT_LXSQ.JH_PFWH, NVL( round(GT_LXSQ.JH_GM_GBZ,4) ,0) AS  JH_GM_GBZ, NVL( round(GT_LXSQ.JH_GM_FK,4) ,0) AS  JH_GM_FK, GT_LXSQ.JBXX_YSBH, GT_LXSQ.JBXX_XZQMC, GT_LXSQ.JBXX_XMMC, GT_LXSQ.JH_PFJG, GT_LXSQ.JH_JSQ, NVL( round(GT_LXSQ.JH_GM_ZMJ,4) ,0) AS  JH_GM_ZMJ, NVL( round(GT_LXSQ.JH_TZ_DF_DFLCXZF,4) ,0) AS  JH_TZ_DF_DFLCXZF, NVL( round(GT_LXSQ.JH_TZ_DF_FKYWRTZ,4) ,0) AS  JH_TZ_DF_FKYWRTZ, NVL( round(GT_LXSQ.JH_TZ_DF_GDKKF,4),0) JH_TZ_DF_GDKKF, NVL( round(GT_LXSQ.JH_TZ_DF_QT_QTZJ,4),0) JH_TZ_DF_QT_QTZJ, NVL( round(GT_LXSQ.JH_TZ_DF_TDCRCR,4),0) JH_TZ_DF_TDCRCR, NVL( round(GT_LXSQ.JH_TZ_DF_TDFKF,4),0) JH_TZ_DF_TDFKF, NVL( round(GT_LXSQ.JH_TZ_DF_ZXBCGDZJ,4),0) JH_TZ_DF_ZXBCGDZJ, NVL( round(GT_LXSQ.JH_TZ_DF_ZYFPXZF,4),0) JH_TZ_DF_ZYFPXZF, NVL( round(GT_LXSQ.JH_TZ_DFZJ,4),0) JH_TZ_DFZJ, NVL( round(GT_LXSQ.JH_TZ_ZTZ,4),0) JH_TZ_ZTZ, GT_LXSQ.JH_WJMC, GT_LXSQ.LXDH2, NVL( round(GT_LXSQ.JH_GM_JBNTZL,4) ,0) AS  JH_GM_JBNTZL, NVL( round(GT_LXSQ.JH_GM_KF,4) ,0) AS  JH_GM_KF, NVL( round(GT_LXSQ.JH_GM_KYYZBPH,4) ,0) AS  JH_GM_KYYZBPH, NVL( round(GT_LXSQ.JH_GM_XZGD,4) ,0) AS  JH_GM_XZGD, NVL( round(GT_LXSQ.JH_GM_ZHGD,4) ,0) AS  JH_GM_ZHGD, NVL( round(GT_LXSQ.JH_GM_ZL,4) ,0) AS  JH_GM_ZL, GT_LXSQ.SJFZR,NVL(GT_LXSQ.OID,0)   OID, GT_LXSQ.LXRDH, GT_LXSQ.LXR, NVL( GT_LXSQ.JBXX_ISZHXM,0) JBXX_ISZHXM, GT_LXSQ.JH_GM_GBZJSTJ, TJH_GM_GBZJSTJ.Name AS JH_GM_GBZJSTJText, GT_LXSQ.XXSHDW, GT_LXSQ.SQDW,GT_LXSQ.JH_PFRQ JH_PFRQ FROM GT_LXSQ,Demo_JSTJ TJH_GM_GBZJSTJ  WHERE (  GT_LXSQ.JH_GM_GBZJSTJ=TJH_GM_GBZJSTJ.No  (+) )AND (GT_LXSQ.OID=:OID ) @异常信息：ORA-00942: 表或视图不存在
@Para Num= 1@OID=108
01日09时38分56秒Fatal:System');"@运行查询在(RunSQLReturnTable_200705_Ora with paras)出错 sql= SELECT  NVL(GT_LXSQ.RDT,'2016-08-01') RDT, GT_LXSQ.JH_PFWH, NVL( round(GT_LXSQ.JH_GM_GBZ,4) ,0) AS  JH_GM_GBZ, NVL( round(GT_LXSQ.JH_GM_FK,4) ,0) AS  JH_GM_FK, GT_LXSQ.JBXX_YSBH, GT_LXSQ.JBXX_XZQMC, GT_LXSQ.JBXX_XMMC, GT_LXSQ.JH_PFJG, GT_LXSQ.JH_JSQ, NVL( round(GT_LXSQ.JH_GM_ZMJ,4) ,0) AS  JH_GM_ZMJ, NVL( round(GT_LXSQ.JH_TZ_DF_DFLCXZF,4) ,0) AS  JH_TZ_DF_DFLCXZF, NVL( round(GT_LXSQ.JH_TZ_DF_FKYWRTZ,4) ,0) AS  JH_TZ_DF_FKYWRTZ, NVL( round(GT_LXSQ.JH_TZ_DF_GDKKF,4),0) JH_TZ_DF_GDKKF, NVL( round(GT_LXSQ.JH_TZ_DF_QT_QTZJ,4),0) JH_TZ_DF_QT_QTZJ, NVL( round(GT_LXSQ.JH_TZ_DF_TDCRCR,4),0) JH_TZ_DF_TDCRCR, NVL( round(GT_LXSQ.JH_TZ_DF_TDFKF,4),0) JH_TZ_DF_TDFKF, NVL( round(GT_LXSQ.JH_TZ_DF_ZXBCGDZJ,4),0) JH_TZ_DF_ZXBCGDZJ, NVL( round(GT_LXSQ.JH_TZ_DF_ZYFPXZF,4),0) JH_TZ_DF_ZYFPXZF, NVL( round(GT_LXSQ.JH_TZ_DFZJ,4),0) JH_TZ_DFZJ, NVL( round(GT_LXSQ.JH_TZ_ZTZ,4),0) JH_TZ_ZTZ, GT_LXSQ.JH_WJMC, GT_LXSQ.LXDH2, NVL( round(GT_LXSQ.JH_GM_JBNTZL,4) ,0) AS  JH_GM_JBNTZL, NVL( round(GT_LXSQ.JH_GM_KF,4) ,0) AS  JH_GM_KF, NVL( round(GT_LXSQ.JH_GM_KYYZBPH,4) ,0) AS  JH_GM_KYYZBPH, NVL( round(GT_LXSQ.JH_GM_XZGD,4) ,0) AS  JH_GM_XZGD, NVL( round(GT_LXSQ.JH_GM_ZHGD,4) ,0) AS  JH_GM_ZHGD, NVL( round(GT_LXSQ.JH_GM_ZL,4) ,0) AS  JH_GM_ZL, GT_LXSQ.SJFZR,NVL(GT_LXSQ.OID,0)   OID, GT_LXSQ.LXRDH, GT_LXSQ.LXR, NVL( GT_LXSQ.JBXX_ISZHXM,0) JBXX_ISZHXM, GT_LXSQ.JH_GM_GBZJSTJ, TJH_GM_GBZJSTJ.Name AS JH_GM_GBZJSTJText, GT_LXSQ.XXSHDW, GT_LXSQ.SQDW,GT_LXSQ.JH_PFRQ JH_PFRQ FROM GT_LXSQ,Demo_JSTJ TJH_GM_GBZJSTJ  WHERE (  GT_LXSQ.JH_GM_GBZJSTJ=TJH_GM_GBZJSTJ.No  (+) )AND (GT_LXSQ.OID=:OID ) @异常信息：ORA-00942: 表或视图不存在
@Para Num= 1@OID=108
01日09时39分04秒Fatal:System');"@运行查询在(RunSQLReturnTable_200705_Ora with paras)出错 sql= SELECT  NVL(GT_LXSQ.RDT,'2016-08-01') RDT, GT_LXSQ.JH_PFWH, NVL( round(GT_LXSQ.JH_GM_GBZ,4) ,0) AS  JH_GM_GBZ, NVL( round(GT_LXSQ.JH_GM_FK,4) ,0) AS  JH_GM_FK, GT_LXSQ.JBXX_YSBH, GT_LXSQ.JBXX_XZQMC, GT_LXSQ.JBXX_XMMC, GT_LXSQ.JH_PFJG, GT_LXSQ.JH_JSQ, NVL( round(GT_LXSQ.JH_GM_ZMJ,4) ,0) AS  JH_GM_ZMJ, NVL( round(GT_LXSQ.JH_TZ_DF_DFLCXZF,4) ,0) AS  JH_TZ_DF_DFLCXZF, NVL( round(GT_LXSQ.JH_TZ_DF_FKYWRTZ,4) ,0) AS  JH_TZ_DF_FKYWRTZ, NVL( round(GT_LXSQ.JH_TZ_DF_GDKKF,4),0) JH_TZ_DF_GDKKF, NVL( round(GT_LXSQ.JH_TZ_DF_QT_QTZJ,4),0) JH_TZ_DF_QT_QTZJ, NVL( round(GT_LXSQ.JH_TZ_DF_TDCRCR,4),0) JH_TZ_DF_TDCRCR, NVL( round(GT_LXSQ.JH_TZ_DF_TDFKF,4),0) JH_TZ_DF_TDFKF, NVL( round(GT_LXSQ.JH_TZ_DF_ZXBCGDZJ,4),0) JH_TZ_DF_ZXBCGDZJ, NVL( round(GT_LXSQ.JH_TZ_DF_ZYFPXZF,4),0) JH_TZ_DF_ZYFPXZF, NVL( round(GT_LXSQ.JH_TZ_DFZJ,4),0) JH_TZ_DFZJ, NVL( round(GT_LXSQ.JH_TZ_ZTZ,4),0) JH_TZ_ZTZ, GT_LXSQ.JH_WJMC, GT_LXSQ.LXDH2, NVL( round(GT_LXSQ.JH_GM_JBNTZL,4) ,0) AS  JH_GM_JBNTZL, NVL( round(GT_LXSQ.JH_GM_KF,4) ,0) AS  JH_GM_KF, NVL( round(GT_LXSQ.JH_GM_KYYZBPH,4) ,0) AS  JH_GM_KYYZBPH, NVL( round(GT_LXSQ.JH_GM_XZGD,4) ,0) AS  JH_GM_XZGD, NVL( round(GT_LXSQ.JH_GM_ZHGD,4) ,0) AS  JH_GM_ZHGD, NVL( round(GT_LXSQ.JH_GM_ZL,4) ,0) AS  JH_GM_ZL, GT_LXSQ.SJFZR,NVL(GT_LXSQ.OID,0)   OID, GT_LXSQ.LXRDH, GT_LXSQ.LXR, NVL( GT_LXSQ.JBXX_ISZHXM,0) JBXX_ISZHXM, GT_LXSQ.JH_GM_GBZJSTJ, TJH_GM_GBZJSTJ.Name AS JH_GM_GBZJSTJText, GT_LXSQ.XXSHDW, GT_LXSQ.SQDW,GT_LXSQ.JH_PFRQ JH_PFRQ FROM GT_LXSQ,Demo_JSTJ TJH_GM_GBZJSTJ  WHERE (  GT_LXSQ.JH_GM_GBZJSTJ=TJH_GM_GBZJSTJ.No  (+) )AND (GT_LXSQ.OID=:OID ) @异常信息：ORA-00942: 表或视图不存在
@Para Num= 1@OID=108
01日09时39分04秒Fatal:System');"@运行查询在(RunSQLReturnTable_200705_Ora with paras)出错 sql= SELECT  NVL(GT_LXSQ.RDT,'2016-08-01') RDT, GT_LXSQ.JH_PFWH, NVL( round(GT_LXSQ.JH_GM_GBZ,4) ,0) AS  JH_GM_GBZ, NVL( round(GT_LXSQ.JH_GM_FK,4) ,0) AS  JH_GM_FK, GT_LXSQ.JBXX_YSBH, GT_LXSQ.JBXX_XZQMC, GT_LXSQ.JBXX_XMMC, GT_LXSQ.JH_PFJG, GT_LXSQ.JH_JSQ, NVL( round(GT_LXSQ.JH_GM_ZMJ,4) ,0) AS  JH_GM_ZMJ, NVL( round(GT_LXSQ.JH_TZ_DF_DFLCXZF,4) ,0) AS  JH_TZ_DF_DFLCXZF, NVL( round(GT_LXSQ.JH_TZ_DF_FKYWRTZ,4) ,0) AS  JH_TZ_DF_FKYWRTZ, NVL( round(GT_LXSQ.JH_TZ_DF_GDKKF,4),0) JH_TZ_DF_GDKKF, NVL( round(GT_LXSQ.JH_TZ_DF_QT_QTZJ,4),0) JH_TZ_DF_QT_QTZJ, NVL( round(GT_LXSQ.JH_TZ_DF_TDCRCR,4),0) JH_TZ_DF_TDCRCR, NVL( round(GT_LXSQ.JH_TZ_DF_TDFKF,4),0) JH_TZ_DF_TDFKF, NVL( round(GT_LXSQ.JH_TZ_DF_ZXBCGDZJ,4),0) JH_TZ_DF_ZXBCGDZJ, NVL( round(GT_LXSQ.JH_TZ_DF_ZYFPXZF,4),0) JH_TZ_DF_ZYFPXZF, NVL( round(GT_LXSQ.JH_TZ_DFZJ,4),0) JH_TZ_DFZJ, NVL( round(GT_LXSQ.JH_TZ_ZTZ,4),0) JH_TZ_ZTZ, GT_LXSQ.JH_WJMC, GT_LXSQ.LXDH2, NVL( round(GT_LXSQ.JH_GM_JBNTZL,4) ,0) AS  JH_GM_JBNTZL, NVL( round(GT_LXSQ.JH_GM_KF,4) ,0) AS  JH_GM_KF, NVL( round(GT_LXSQ.JH_GM_KYYZBPH,4) ,0) AS  JH_GM_KYYZBPH, NVL( round(GT_LXSQ.JH_GM_XZGD,4) ,0) AS  JH_GM_XZGD, NVL( round(GT_LXSQ.JH_GM_ZHGD,4) ,0) AS  JH_GM_ZHGD, NVL( round(GT_LXSQ.JH_GM_ZL,4) ,0) AS  JH_GM_ZL, GT_LXSQ.SJFZR,NVL(GT_LXSQ.OID,0)   OID, GT_LXSQ.LXRDH, GT_LXSQ.LXR, NVL( GT_LXSQ.JBXX_ISZHXM,0) JBXX_ISZHXM, GT_LXSQ.JH_GM_GBZJSTJ, TJH_GM_GBZJSTJ.Name AS JH_GM_GBZJSTJText, GT_LXSQ.XXSHDW, GT_LXSQ.SQDW,GT_LXSQ.JH_PFRQ JH_PFRQ FROM GT_LXSQ,Demo_JSTJ TJH_GM_GBZJSTJ  WHERE (  GT_LXSQ.JH_GM_GBZJSTJ=TJH_GM_GBZJSTJ.No  (+) )AND (GT_LXSQ.OID=:OID ) @异常信息：ORA-00942: 表或视图不存在
@Para Num= 1@OID=108
