-----------------------------------------------------------------------------------------------------
30日09时35分46秒Info:System');"----------------------------------  start ------------------ 
30日09时35分46秒Info:System');"----------------------------------  end ------------------ 
30日09时35分58秒Info:System');"成功[BP.Port.Emp-13]放入缓存。
30日09时36分18秒Info:System');"成功[BP.Sys.EnCfg-8]放入缓存。
-----------------------------------------------------------------------------------------------------
30日09时38分46秒Fatal:System');"@运行查询在(RunSQLReturnTable_200705_Ora with paras)出错 sql= SELECT  NVL(NodeID,0)   NodeID, Name,NVL(FrmTransferCustomLab, '流转自定义') FrmTransferCustomLab,NVL(FrmTransferCustomSta,0)   FrmTransferCustomSta, CASE NVL(FrmTransferCustomSta,0) WHEN 0 THEN '禁用' WHEN 1 THEN '只读' WHEN 2 THEN '可以设置人员' WHEN NULL THEN '禁用' END FrmTransferCustomStaTEXT,NVL(FrmTransferCustomWorkModel,0)   FrmTransferCustomWorkModel, CASE NVL(FrmTransferCustomWorkModel,0) WHEN 0 THEN '简洁模式' WHEN 1 THEN '高级模式' WHEN NULL THEN '简洁模式' END FrmTransferCustomWorkModelTEXT, NVL( round(FrmTransferCustom_X,4) ,5) AS  FrmTransferCustom_X, NVL( round(FrmTransferCustom_Y,4) ,5) AS  FrmTransferCustom_Y, NVL( round(FrmTransferCustom_H,4) ,300) AS  FrmTransferCustom_H, NVL( round(FrmTransferCustom_W,4) ,400) AS  FrmTransferCustom_W FROM WF_Node WHERE (WF_Node.NodeID=:NodeID ) @异常信息：ORA-00904: "FRMTRANSFERCUSTOMWORKMODEL": 标识符无效
@Para Num= 1@NodeID=17001
30日09时38分56秒Info:System');"成功[BP.Sys.EnCfg-8]放入缓存。
-----------------------------------------------------------------------------------------------------
30日09时39分41秒Info:System');"成功[BP.Sys.EnCfg-8]放入缓存。
30日09时43分20秒Info:System');"成功[BP.Port.Emp-13]放入缓存。
30日09时43分20秒Info:System');"成功[BP.WF.Flow-101]放入缓存。
30日09时44分10秒Info:System');"成功[BP.Port.Emp-13]放入缓存。
30日09时44分10秒Info:System');"成功[BP.WF.Flow-101]放入缓存。
-----------------------------------------------------------------------------------------------------
30日09时46分02秒Info:System');"成功[BP.Port.Emp-13]放入缓存。
30日09时46分04秒Info:System');"成功[BP.Port.Emp-13]放入缓存。
30日09时46分04秒Info:System');"成功[BP.WF.Flow-101]放入缓存。
30日09时46分12秒Info:System');"成功[BP.WF.Template.Selector-376]放入缓存。
30日09时46分59秒Info:System');"成功[BP.Sys.EnCfg-8]放入缓存。
-----------------------------------------------------------------------------------------------------
30日09时52分33秒Fatal:System');"@运行查询在(RunSQLReturnTable_200705_Ora with paras)出错 sql= SELECT  NVL(NodeID,0)   NodeID, Name,NVL(FTCLab, '流转自定义') FTCLab,NVL(FTCSta,0)   FTCSta, CASE NVL(FTCSta,0) WHEN 0 THEN '禁用' WHEN 1 THEN '只读' WHEN 2 THEN '可设置人员' WHEN NULL THEN '禁用' END FTCStaTEXT,NVL(FTCWorkModel,0)   FTCWorkModel, CASE NVL(FTCWorkModel,0) WHEN 0 THEN '简洁模式' WHEN 1 THEN '高级模式' WHEN NULL THEN '简洁模式' END FTCWorkModelTEXT, NVL( round(FTC_X,4) ,5) AS  FTC_X, NVL( round(FTC_Y,4) ,5) AS  FTC_Y, NVL( round(FTC_H,4) ,300) AS  FTC_H, NVL( round(FTC_W,4) ,400) AS  FTC_W FROM WF_Node WHERE (WF_Node.NodeID=:NodeID ) @异常信息：ORA-00904: "FTC_W": 标识符无效
@Para Num= 1@NodeID=17001
-----------------------------------------------------------------------------------------------------
30日10时15分43秒Info:System');"成功[BP.WF.Flow-101]放入缓存。
-----------------------------------------------------------------------------------------------------
30日10时17分05秒Info:System');"成功[BP.WF.Flow-101]放入缓存。
-----------------------------------------------------------------------------------------------------
30日10时18分13秒Info:System');"成功[BP.WF.Flow-101]放入缓存。
30日10时21分04秒Info:System');"成功[BP.Sys.EnCfg-8]放入缓存。
-----------------------------------------------------------------------------------------------------
30日10时28分09秒Info:System');"成功[BP.WF.Flow-101]放入缓存。
30日10时32分33秒Info:System');"成功[BP.Port.Emp-13]放入缓存。
30日10时34分30秒Info:System');"成功[BP.Sys.EnCfg-8]放入缓存。
30日10时34分34秒Info:System');"成功[BP.Sys.ToolbarExcel-697]放入缓存。
30日10时34分36秒Info:System');"成功[BP.Sys.ToolbarExcel-697]放入缓存。
30日10时34分41秒Info:System');"成功[BP.Sys.ToolbarExcel-697]放入缓存。
30日10时34分41秒Info:System');"成功[BP.Sys.ToolbarExcel-697]放入缓存。
30日10时34分41秒Info:System');"成功[BP.Sys.ToolbarExcel-697]放入缓存。
30日10时34分44秒Info:System');"成功[BP.Sys.ToolbarExcel-697]放入缓存。
30日10时34分44秒Info:System');"成功[BP.Sys.ToolbarExcel-697]放入缓存。
30日10时34分44秒Info:System');"成功[BP.Sys.ToolbarExcel-697]放入缓存。
30日10时34分56秒Info:System');"成功[BP.Port.Emp-13]放入缓存。
-----------------------------------------------------------------------------------------------------
30日10时35分44秒Info:System');"成功[BP.Port.Emp-13]放入缓存。
30日10时35分44秒Info:System');"成功[BP.WF.Flow-101]放入缓存。
-----------------------------------------------------------------------------------------------------
30日10时42分44秒Info:System');"----------------------------------  start ------------------ 
30日10时42分44秒Info:System');"----------------------------------  end ------------------ 
30日10时42分53秒Info:System');"成功[BP.Port.Emp-13]放入缓存。
30日10时46分20秒Info:System');"成功[BP.Sys.EnCfg-8]放入缓存。
30日10时56分37秒Info:System');"----------------------------------  start ------------------ 
30日10时56分37秒Info:System');"----------------------------------  end ------------------ 
-----------------------------------------------------------------------------------------------------
30日10时58分40秒Info:System');"----------------------------------  start ------------------ 
30日10时58分40秒Info:System');"----------------------------------  end ------------------ 
-----------------------------------------------------------------------------------------------------
30日10时59分35秒Info:System');"----------------------------------  start ------------------ 
30日10时59分35秒Info:System');"----------------------------------  end ------------------ 
30日10时59分53秒Fatal:System');"@运行查询在(RunSQLReturnTable_200705_Ora with paras)出错 sql= SELECT MyPK, Lab, EnumKey,NVL(IntKey,0) IntKey,NVL(Lang, 'CH') Lang FROM Sys_Enum WHERE ( ( Sys_Enum.EnumKey =:EnumKey) AND ( Sys_Enum.Lang =:Lang) ) ORDER BY Sys_Enum.IntKey @异常信息：ORA-00942: 表或视图不存在
@Para Num= 2@EnumKey=MiMiDengJi@Lang=CH
30日11时00分03秒Fatal:System');"@没有[表单注册表  Sys_MapData, 类[BP.Sys.MapData], 物理表[Sys_MapData] 实例。PK = 
30日11时00分05秒Fatal:System');"@没有[表单注册表  Sys_MapData, 类[BP.Sys.MapData], 物理表[Sys_MapData] 实例。PK = 
30日11时00分16秒Info:System');"成功[BP.Port.Emp-13]放入缓存。
30日11时01分25秒Info:System');"@开始调度表单模板文件:D:\ccflow\CCFlow\WF\Data\FlowDemo\Form\01.表单元素\01.表单元素.xml@开始调度表单模板文件:D:\ccflow\CCFlow\WF\Data\FlowDemo\Form\01.表单元素\02.基础功能.xml@开始调度表单模板文件:D:\ccflow\CCFlow\WF\Data\FlowDemo\Form\01.表单元素\03.主从表基础功能.xml@开始调度表单模板文件:D:\ccflow\CCFlow\WF\Data\FlowDemo\Form\01.表单元素\04.一对多.xml@开始调度表单模板文件:D:\ccflow\CCFlow\WF\Data\FlowDemo\Form\01.表单元素\05.增加操作员申请单.xml@开始调度表单模板文件:D:\ccflow\CCFlow\WF\Data\FlowDemo\Form\01.表单元素\06.从表功能展示.xml@开始调度表单模板文件:D:\ccflow\CCFlow\WF\Data\FlowDemo\Form\01.表单元素\07.表单控件风格.xml@开始调度表单模板文件:D:\ccflow\CCFlow\WF\Data\FlowDemo\Form\02.企业资质申请表单\01.企业基本情况.xml@开始调度表单模板文件:D:\ccflow\CCFlow\WF\Data\FlowDemo\Form\02.企业资质申请表单\02.企业简介.xml@开始调度表单模板文件:D:\ccflow\CCFlow\WF\Data\FlowDemo\Form\02.企业资质申请表单\03.企业组织机构框图.xml@开始调度表单模板文件:D:\ccflow\CCFlow\WF\Data\FlowDemo\Form\02.企业资质申请表单\04.企业经理简历.xml@开始调度表单模板文件:D:\ccflow\CCFlow\WF\Data\FlowDemo\Form\02.企业资质申请表单\05.企业技术负责人简历.xml@开始调度表单模板文件:D:\ccflow\CCFlow\WF\Data\FlowDemo\Form\02.企业资质申请表单\06.企业财务负责人简历.xml@开始调度表单模板文件:D:\ccflow\CCFlow\WF\Data\FlowDemo\Form\02.企业资质申请表单\07.企业经营负责人简历.xml@开始调度表单模板文件:D:\ccflow\CCFlow\WF\Data\FlowDemo\Form\02.企业资质申请表单\08.工程技术和经济管理人员名单.xml@开始调度表单模板文件:D:\ccflow\CCFlow\WF\Data\FlowDemo\Form\02.企业资质申请表单\09.企业注册建造师名单.xml@开始调度表单模板文件:D:\ccflow\CCFlow\WF\Data\FlowDemo\Form\02.企业资质申请表单\10.企业自有的主要机械设备.xml@开始调度表单模板文件:D:\ccflow\CCFlow\WF\Data\FlowDemo\Form\02.企业资质申请表单\11.企业代表工程业绩一览表.xml@开始调度表单模板文件:D:\ccflow\CCFlow\WF\Data\FlowDemo\Form\02.企业资质申请表单\12.企业代表工程情况.xml@开始调度表单模板文件:D:\ccflow\CCFlow\WF\Data\FlowDemo\Form\02.企业资质申请表单\13.审批承办信息填写.xml@开始调度表单模板文件:D:\ccflow\CCFlow\WF\Data\FlowDemo\Form\02.企业资质申请表单\14.企业法定代表人声明.xml@开始调度表单模板文件:D:\ccflow\CCFlow\WF\Data\FlowDemo\Form\03.经典表单\企业困难(问题)登记表.xml@开始调度表单模板文件:D:\ccflow\CCFlow\WF\Data\FlowDemo\Form\03.经典表单\工业设计和创意需求登记表.xml@开始调度表单模板文件:D:\ccflow\CCFlow\WF\Data\FlowDemo\Form\03.经典表单\新建工程(一对多多的应用).xml@开始调度表单模板文件:D:\ccflow\CCFlow\WF\Data\FlowDemo\Form\04.航空考察\开行考察工作单-安全保卫部.xml@开始调度表单模板文件:D:\ccflow\CCFlow\WF\Data\FlowDemo\Form\04.航空考察\开行考察工作单-配餐部.xml@开始调度表单模板文件:D:\ccflow\CCFlow\WF\Data\FlowDemo\Form\04.航空考察\开行考察工作单-飞行部.xml@开始调度表单模板文件:D:\ccflow\CCFlow\WF\Data\FlowDemo\Form\05.项目立项\审批公文.xml@开始调度表单模板文件:D:\ccflow\CCFlow\WF\Data\FlowDemo\Form\05.项目立项\立项申请书.xml@开始调度表单模板文件:D:\ccflow\CCFlow\WF\Data\FlowDemo\Form\05.项目立项\计划信息.xml@开始调度表单模板文件:D:\ccflow\CCFlow\WF\Data\FlowDemo\Form\06.项目验收\竣工验收申请.xml@开始调度表单模板文件:D:\ccflow\CCFlow\WF\Data\FlowDemo\Form\06.项目验收\项目验收信息.xml@开始调度表单模板文件:D:\ccflow\CCFlow\WF\Data\FlowDemo\Form\06.项目验收\验收项目.xml@开始调度表单模板文件:D:\ccflow\CCFlow\WF\Data\FlowDemo\Form\07.测试案例\从表多附件权限控制.xml@开始调度表单模板文件:D:\ccflow\CCFlow\WF\Data\FlowDemo\Form\08.表单类型\Excel表单Demo.xml@开始调度表单模板文件:D:\ccflow\CCFlow\WF\Data\FlowDemo\Form\08.表单类型\Word表单Demo.xml@开始调度表单模板文件:D:\ccflow\CCFlow\WF\Data\FlowDemo\Form\08.表单类型\傻瓜表单.xml@开始调度表单模板文件:D:\ccflow\CCFlow\WF\Data\FlowDemo\Form\08.表单类型\自定义表单.xml@开始调度表单模板文件:D:\ccflow\CCFlow\WF\Data\FlowDemo\Form\09.数据汇总演示\会签意见汇总.xml@开始调度表单模板文件:D:\ccflow\CCFlow\WF\Data\FlowDemo\Form\09.数据汇总演示\项目会签.xml@开始调度表单模板文件:D:\ccflow\CCFlow\WF\Data\FlowDemo\Form\09.数据汇总演示\项目登记.xml@开始调度表单模板文件:D:\ccflow\CCFlow\WF\Data\FlowDemo\Form\10.动态表单树\A类型业务申请单.xml@开始调度表单模板文件:D:\ccflow\CCFlow\WF\Data\FlowDemo\Form\10.动态表单树\B类型业务申请单.xml@开始调度表单模板文件:D:\ccflow\CCFlow\WF\Data\FlowDemo\Form\10.动态表单树\C类型业务申请单.xml	
@开始调度流程模板文件:D:\ccflow\CCFlow\WF\Data\FlowDemo\Flow\01.线性流程\共享任务测试.xml	
@流程:共享任务测试装载成功。	
@开始调度流程模板文件:D:\ccflow\CCFlow\WF\Data\FlowDemo\Flow\01.线性流程\批量发起,批量审核.xml	
@流程:批量发起,批量审核装载成功。	
@开始调度流程模板文件:D:\ccflow\CCFlow\WF\Data\FlowDemo\Flow\01.线性流程\批量发起-分组审核-启动父流程.xml	
@流程:批量发起-分组审核-启动父流程装载成功。	
@开始调度流程模板文件:D:\ccflow\CCFlow\WF\Data\FlowDemo\Flow\01.线性流程\批量发起-分组审核父流程.xml	
@流程:批量发起-分组审核父流程装载成功。	
@开始调度流程模板文件:D:\ccflow\CCFlow\WF\Data\FlowDemo\Flow\01.线性流程\接受人自定义.xml	
@流程:接受人自定义装载成功。	
@开始调度流程模板文件:D:\ccflow\CCFlow\WF\Data\FlowDemo\Flow\01.线性流程\线性循环流程.xml	
@流程:线性循环流程装载成功。	
@开始调度流程模板文件:D:\ccflow\CCFlow\WF\Data\FlowDemo\Flow\01.线性流程\自由流程-子流程.xml	
@流程:请假测试深圳装载成功。	
@开始调度流程模板文件:D:\ccflow\CCFlow\WF\Data\FlowDemo\Flow\01.线性流程\自由流程.xml	
@流程:自由流程装载成功。	
@开始调度流程模板文件:D:\ccflow\CCFlow\WF\Data\FlowDemo\Flow\01.线性流程\表单数据copy测试案例.xml	
@流程:表单数据copy测试案例装载成功。	
@开始调度流程模板文件:D:\ccflow\CCFlow\WF\Data\FlowDemo\Flow\01.线性流程\请假流程(审核组件).xml	
@流程:请假流程(审核组件)装载成功。	
@开始调度流程模板文件:D:\ccflow\CCFlow\WF\Data\FlowDemo\Flow\01.线性流程\请假流程(按岗位控制走向).xml	
@流程:请假流程(按岗位控制走向)装载成功。	
@开始调度流程模板文件:D:\ccflow\CCFlow\WF\Data\FlowDemo\Flow\01.线性流程\财务报销演示.xml	
@流程:财务报销演示装载成功。	
@开始调度流程模板文件:D:\ccflow\CCFlow\WF\Data\FlowDemo\Flow\01.线性流程\01.多人处理\多人处理规则.xml	
@流程:多人处理规则装载成功。	
@开始调度流程模板文件:D:\ccflow\CCFlow\WF\Data\FlowDemo\Flow\01.线性流程\01.多人处理\多人待办工作处理模式.xml	
@流程:多人待办工作处理模式装载成功。	
@开始调度流程模板文件:D:\ccflow\CCFlow\WF\Data\FlowDemo\Flow\01.线性流程\01.多人处理\多部门联合审批(协作模式).xml	
@流程:多部门联合审批(协作模式)装载成功。	
@开始调度流程模板文件:D:\ccflow\CCFlow\WF\Data\FlowDemo\Flow\01.线性流程\01.多人处理\特别控件特别用户权限-附件类.xml	
@流程:特别控件特别用户权限-附件类装载成功。	
@开始调度流程模板文件:D:\ccflow\CCFlow\WF\Data\FlowDemo\Flow\01.线性流程\04.外部用户流程\学生请假流程(Guest流程).xml	
@流程:学生请假流程(Guest流程)装载成功。	
@开始调度流程模板文件:D:\ccflow\CCFlow\WF\Data\FlowDemo\Flow\02.同表单分合流\一人多子线程模式(批次维度任务模式).xml	
@流程:一人多子线程模式(批次维度任务模式)装载成功。	
@开始调度流程模板文件:D:\ccflow\CCFlow\WF\Data\FlowDemo\Flow\02.同表单分合流\两个子线程分合流.xml	
@流程:两个子线城分合流装载成功。	
@开始调度流程模板文件:D:\ccflow\CCFlow\WF\Data\FlowDemo\Flow\02.同表单分合流\两段分合流子线程集合不一致.xml	
@流程:两段分合流子线程集合不一致装载成功。	
@开始调度流程模板文件:D:\ccflow\CCFlow\WF\Data\FlowDemo\Flow\02.同表单分合流\以SQL做为子线程的数据源与接受人.xml	
@流程:以SQL做为子线程的数据源与接受人装载成功。	
@开始调度流程模板文件:D:\ccflow\CCFlow\WF\Data\FlowDemo\Flow\02.同表单分合流\以明细表做接受人与数据源.xml	
@流程:以明细表做接受人与数据源装载成功。	
@开始调度流程模板文件:D:\ccflow\CCFlow\WF\Data\FlowDemo\Flow\02.同表单分合流\会议通知流程.xml	
@流程:会议通知流程装载成功。	
@开始调度流程模板文件:D:\ccflow\CCFlow\WF\Data\FlowDemo\Flow\02.同表单分合流\具有两段同表单分合流Demo.xml	
@流程:具有两段同表单分合流Demo装载成功。	
@开始调度流程模板文件:D:\ccflow\CCFlow\WF\Data\FlowDemo\Flow\02.同表单分合流\具有两段同表单分合流并且汇总明细表Demo.xml	
@流程:具有两段同表单分合流Demo装载成功。	
@开始调度流程模板文件:D:\ccflow\CCFlow\WF\Data\FlowDemo\Flow\02.同表单分合流\具有质量考核的同表单流程.xml	
@流程:具有质量考核的同表单流程装载成功。	
@开始调度流程模板文件:D:\ccflow\CCFlow\WF\Data\FlowDemo\Flow\02.同表单分合流\同表单分合流(二).xml	
@流程:同表单分合流(二)装载成功。	
@开始调度流程模板文件:D:\ccflow\CCFlow\WF\Data\FlowDemo\Flow\02.同表单分合流\子线程可以查看分流点明细表.xml	
@流程:子线程可以查看分流点明细表装载成功。	
@开始调度流程模板文件:D:\ccflow\CCFlow\WF\Data\FlowDemo\Flow\02.同表单分合流\工作计划(具有明细表汇总).xml	
@流程:工作计划(具有明细表汇总)装载成功。	
@开始调度流程模板文件:D:\ccflow\CCFlow\WF\Data\FlowDemo\Flow\02.同表单分合流\月销售总结(同表单分合流).xml	
@流程:月销售总结(同表单分合流)装载成功。	
@开始调度流程模板文件:D:\ccflow\CCFlow\WF\Data\FlowDemo\Flow\02.同表单分合流\煤矿安检流程(从表分流).xml	
@流程:煤矿安全检查(从表分流)装载成功。	
@开始调度流程模板文件:D:\ccflow\CCFlow\WF\Data\FlowDemo\Flow\02.同表单分合流\独立表单数据汇总.xml	
@流程:独立表单数据汇总装载成功。	
@开始调度流程模板文件:D:\ccflow\CCFlow\WF\Data\FlowDemo\Flow\03.异表单分合流\新航线考察流程.xml	
@流程:新航线考察流程装载成功。	
@开始调度流程模板文件:D:\ccflow\CCFlow\WF\Data\FlowDemo\Flow\03.异表单分合流\订单流程.xml	
@流程:订单流程装载成功。	
@开始调度流程模板文件:D:\ccflow\CCFlow\WF\Data\FlowDemo\Flow\03.异表单分合流\部门年计划流程.xml	
@流程:部门年计划流程装载成功。	
@开始调度流程模板文件:D:\ccflow\CCFlow\WF\Data\FlowDemo\Flow\04.父子流程\子流程A.xml	
@流程:子流程A装载成功。	
@开始调度流程模板文件:D:\ccflow\CCFlow\WF\Data\FlowDemo\Flow\04.父子流程\父流程(自动发起子流程).xml	
@流程:父流程(自动发起子流程)装载成功。	
@开始调度流程模板文件:D:\ccflow\CCFlow\WF\Data\FlowDemo\Flow\04.父子流程\01.经典调用方式\催款流程(子流程).xml	
@流程:催款流程(子流程)装载成功。	
@开始调度流程模板文件:D:\ccflow\CCFlow\WF\Data\FlowDemo\Flow\04.父子流程\01.经典调用方式\施工流程(子流程).xml	
@流程:施工流程(子流程)装载成功。	
@开始调度流程模板文件:D:\ccflow\CCFlow\WF\Data\FlowDemo\Flow\04.父子流程\01.经典调用方式\节点发送阻塞测试.xml	
@流程:节点发送阻塞测试装载成功。	
@开始调度流程模板文件:D:\ccflow\CCFlow\WF\Data\FlowDemo\Flow\04.父子流程\01.经典调用方式\项目管理(父流程).xml	
@流程:项目管理(父流程)装载成功。	
@开始调度流程模板文件:D:\ccflow\CCFlow\WF\Data\FlowDemo\Flow\04.父子流程\03.递归子流程\主流程.xml	
@流程:主流程装载成功。	
@开始调度流程模板文件:D:\ccflow\CCFlow\WF\Data\FlowDemo\Flow\04.父子流程\03.递归子流程\子流程1.xml	
@流程:子流程1装载成功。	
@开始调度流程模板文件:D:\ccflow\CCFlow\WF\Data\FlowDemo\Flow\04.父子流程\03.递归子流程\子流程2.xml	
@流程:子流程2装载成功。	
@开始调度流程模板文件:D:\ccflow\CCFlow\WF\Data\FlowDemo\Flow\04.父子流程\03.递归子流程\孙子流程1.xml	
@流程:孙子流程1装载成功。	
@开始调度流程模板文件:D:\ccflow\CCFlow\WF\Data\FlowDemo\Flow\04.父子流程\03.递归子流程\孙子流程2.xml	
@流程:孙子流程2装载成功。	
@开始调度流程模板文件:D:\ccflow\CCFlow\WF\Data\FlowDemo\Flow\05.SDK流程\同表单分合流(子流程).xml	
@流程:同表单分合流(子流程)装载成功。	
@开始调度流程模板文件:D:\ccflow\CCFlow\WF\Data\FlowDemo\Flow\05.SDK流程\同表单分合流.xml	
@流程:同表单分合流装载成功。	
@开始调度流程模板文件:D:\ccflow\CCFlow\WF\Data\FlowDemo\Flow\05.SDK流程\01.请假流程Demo\请假流程(SDK模式).xml	
@流程:请假流程(SDK模式)装载成功。	
@开始调度流程模板文件:D:\ccflow\CCFlow\WF\Data\FlowDemo\Flow\05.SDK流程\01.请假流程Demo\请假流程(审批组件模式).xml	
@流程:请假流程(审批组件模式)装载成功。	
@开始调度流程模板文件:D:\ccflow\CCFlow\WF\Data\FlowDemo\Flow\05.SDK流程\01.请假流程Demo\请假流程(自定义表单).xml	
@流程:请假流程(自定义表单)装载成功。	
@开始调度流程模板文件:D:\ccflow\CCFlow\WF\Data\FlowDemo\Flow\05.SDK流程\02.通讯基站工单流程\网优-子子流程(设备维护).xml	
@流程:网优-子子流程(设备维护)装载成功。	
@开始调度流程模板文件:D:\ccflow\CCFlow\WF\Data\FlowDemo\Flow\05.SDK流程\02.通讯基站工单流程\网优-子流程(市局).xml	
@流程:网优-子流程(市局)装载成功。	
@开始调度流程模板文件:D:\ccflow\CCFlow\WF\Data\FlowDemo\Flow\05.SDK流程\02.通讯基站工单流程\网优-父流程(省局监控分合流子流程).xml	
@流程:网优-父流程(省局监控分合流子流程)装载成功。	
@开始调度流程模板文件:D:\ccflow\CCFlow\WF\Data\FlowDemo\Flow\05.SDK流程\03.SDK表单通用组件\审核组件FrmCheck.xml	
@流程:审核组件FrmCheck装载成功。	
@开始调度流程模板文件:D:\ccflow\CCFlow\WF\Data\FlowDemo\Flow\05.SDK流程\03.SDK表单通用组件\工具栏组件Toolbar.xml	
@流程:工具栏Toolbar装载成功。	
@开始调度流程模板文件:D:\ccflow\CCFlow\WF\Data\FlowDemo\Flow\06.压力与速度测试\最简单的3节点(覆盖模式).xml	
@流程:最简单的3节点(覆盖模式)装载成功。	
@开始调度流程模板文件:D:\ccflow\CCFlow\WF\Data\FlowDemo\Flow\06.压力与速度测试\最简单的3节点(轨迹模式).xml	
@流程:最简单的3节点(轨迹模式)装载成功。	
@开始调度流程模板文件:D:\ccflow\CCFlow\WF\Data\FlowDemo\Flow\07.单元测试-用例流程\公文接受人模式.xml	
@流程:公文接受人模式装载成功。	
@开始调度流程模板文件:D:\ccflow\CCFlow\WF\Data\FlowDemo\Flow\07.单元测试-用例流程\工业自动化流程.xml	
@流程:工业自动化流程装载成功。	
@开始调度流程模板文件:D:\ccflow\CCFlow\WF\Data\FlowDemo\Flow\07.单元测试-用例流程\常用接收人规则测试流程.xml	
@流程:常用接收人规则测试流程装载成功。	
@开始调度流程模板文件:D:\ccflow\CCFlow\WF\Data\FlowDemo\Flow\07.单元测试-用例流程\找人规则(找领导).xml	
@流程:找人规则(找领导)装载成功。	
@开始调度流程模板文件:D:\ccflow\CCFlow\WF\Data\FlowDemo\Flow\07.单元测试-用例流程\按轨迹退回.xml	
@流程:按轨迹退回装载成功。	
@开始调度流程模板文件:D:\ccflow\CCFlow\WF\Data\FlowDemo\Flow\07.单元测试-用例流程\测试表单字段类型流程.xml	
@流程:测试表单字段类型流程装载成功。	
@开始调度流程模板文件:D:\ccflow\CCFlow\WF\Data\FlowDemo\Flow\07.单元测试-用例流程\节点属性-超时处理.xml	
@流程:节点属性-超时处理装载成功。	
@开始调度流程模板文件:D:\ccflow\CCFlow\WF\Data\FlowDemo\Flow\07.单元测试-用例流程\阅读回执-请假流程.xml	
@流程:阅读回执-请假流程装载成功。	
@开始调度流程模板文件:D:\ccflow\CCFlow\WF\Data\FlowDemo\Flow\07.单元测试-用例流程\01.跳转\跳转1-处理人就是提交人1-1.xml	
@流程:跳转1-处理人就是提交人1-1装载成功。	
@开始调度流程模板文件:D:\ccflow\CCFlow\WF\Data\FlowDemo\Flow\07.单元测试-用例流程\01.跳转\跳转1-处理人就是提交人1-2.xml	
@流程:跳转1-处理人就是提交人1-2装载成功。	
@开始调度流程模板文件:D:\ccflow\CCFlow\WF\Data\FlowDemo\Flow\07.单元测试-用例流程\01.跳转\跳转1-处理人就是提交人1-3.xml	
@流程:跳转1-处理人就是提交人1-3装载成功。	
@开始调度流程模板文件:D:\ccflow\CCFlow\WF\Data\FlowDemo\Flow\07.单元测试-用例流程\01.跳转\跳转2-处理人出现过.xml	
@流程:跳转2-处理人出现过装载成功。	
@开始调度流程模板文件:D:\ccflow\CCFlow\WF\Data\FlowDemo\Flow\07.单元测试-用例流程\02.方向条件\测试方向条件-开发者参数.xml	
@流程:测试方向条件-开发者参数装载成功。	
@开始调度流程模板文件:D:\ccflow\CCFlow\WF\Data\FlowDemo\Flow\07.单元测试-用例流程\02.方向条件\测试方向条件-按SQL.xml	
@流程:测试方向条件-按SQL装载成功。	
@开始调度流程模板文件:D:\ccflow\CCFlow\WF\Data\FlowDemo\Flow\07.单元测试-用例流程\02.方向条件\测试方向条件-按URL.xml	
@流程:测试方向条件-按URL装载成功。	
@开始调度流程模板文件:D:\ccflow\CCFlow\WF\Data\FlowDemo\Flow\07.单元测试-用例流程\02.方向条件\测试方向条件-部门方向条件.xml	
@流程:测试方向条件-部门方向条件装载成功。	
@开始调度流程模板文件:D:\ccflow\CCFlow\WF\Data\FlowDemo\Flow\07.单元测试-用例流程\02.方向条件\节点手工方向选择.xml	
@流程:节点手工方向选择装载成功。	
@开始调度流程模板文件:D:\ccflow\CCFlow\WF\Data\FlowDemo\Flow\07.单元测试-用例流程\03.业务表数据同步\人员入职申请单.xml	
@流程:人员入职申请单装载成功。	
@开始调度流程模板文件:D:\ccflow\CCFlow\WF\Data\FlowDemo\Flow\07.单元测试-用例流程\03.业务表数据同步\人员部门岗位变更.xml	
@流程:人员部门岗位变更装载成功。	
@开始调度流程模板文件:D:\ccflow\CCFlow\WF\Data\FlowDemo\Flow\08.表单解决方案\请假流程(数据合并模式).xml	
@流程:请假流程(数据合并模式)装载成功。	
@开始调度流程模板文件:D:\ccflow\CCFlow\WF\Data\FlowDemo\Flow\08.表单解决方案\01.单表单\Excel表单-请假流程.xml	
@流程:Excel表单装载成功。	
@开始调度流程模板文件:D:\ccflow\CCFlow\WF\Data\FlowDemo\Flow\08.表单解决方案\01.单表单\Word表单-请假流程.xml	
@流程:Word表单装载成功。	
@开始调度流程模板文件:D:\ccflow\CCFlow\WF\Data\FlowDemo\Flow\08.表单解决方案\01.单表单\傻瓜表单工作模式.xml	
@流程:傻瓜表单工作模式装载成功。	
@开始调度流程模板文件:D:\ccflow\CCFlow\WF\Data\FlowDemo\Flow\08.表单解决方案\01.单表单\嵌入式表单流程.xml	
@流程:嵌入式表单流程装载成功。	
@开始调度流程模板文件:D:\ccflow\CCFlow\WF\Data\FlowDemo\Flow\08.表单解决方案\01.单表单\自由表单-审核组件-请假流程.xml	
@流程:自由表单-审核组件装载成功。	
@开始调度流程模板文件:D:\ccflow\CCFlow\WF\Data\FlowDemo\Flow\08.表单解决方案\01.单表单\请假流程(轨迹模式).xml	
@流程:请假流程(轨迹模式)装载成功。	
@开始调度流程模板文件:D:\ccflow\CCFlow\WF\Data\FlowDemo\Flow\08.表单解决方案\02.树形表单\Office类型表单权限控制demo.xml	
@流程:Office类型表单权限控制demo装载成功。	
@开始调度流程模板文件:D:\ccflow\CCFlow\WF\Data\FlowDemo\Flow\08.表单解决方案\02.树形表单\以表单字段为条件启用禁用独立表单.xml	
@流程:以表单字段为条件启用禁用独立表单装载成功。	
@开始调度流程模板文件:D:\ccflow\CCFlow\WF\Data\FlowDemo\Flow\08.表单解决方案\02.树形表单\动态绑定多表单流程.xml	
@流程:动态绑定多表单流程装载成功。	
@开始调度流程模板文件:D:\ccflow\CCFlow\WF\Data\FlowDemo\Flow\08.表单解决方案\02.树形表单\树形表单-立项申请.xml	
@流程:树形表单-立项申请装载成功。	
@开始调度流程模板文件:D:\ccflow\CCFlow\WF\Data\FlowDemo\Flow\08.表单解决方案\02.树形表单\树形表单-项目验收.xml	
@流程:树形表单-项目验收装载成功。	
@开始调度流程模板文件:D:\ccflow\CCFlow\WF\Data\FlowDemo\Flow\08.表单解决方案\02.树形表单\树形表单的附件权限.xml	
@流程:树形表单的附件权限装载成功。	
@开始调度流程模板文件:D:\ccflow\CCFlow\WF\Data\FlowDemo\Flow\08.表单解决方案\03.多表单\建筑资质申请(多表单流程).xml	
@流程:建筑资质申请(多表单流程)装载成功。	
@开始调度流程模板文件:D:\ccflow\CCFlow\WF\Data\FlowDemo\Flow\08.表单解决方案\04.公文\公文发文.xml	
@流程:公文发文装载成功。	
@开始调度流程模板文件:D:\ccflow\CCFlow\WF\Data\FlowDemo\Flow\08.表单解决方案\04.公文\公文收文.xml	
@流程:公文收文装载成功。	
@开始调度流程模板文件:D:\ccflow\CCFlow\WF\Data\FlowDemo\Flow\08.表单解决方案\04.公文\公文流程.xml	
@流程:公文流程装载成功。	
@开始调度流程模板文件:D:\ccflow\CCFlow\WF\Data\FlowDemo\Flow\09.数据列表前置导航\导航测试-立项流程.xml	
@流程:导航测试-立项流程装载成功。	
@开始调度流程模板文件:D:\ccflow\CCFlow\WF\Data\FlowDemo\Flow\09.数据列表前置导航\导航测试-项目单条验收(子流程).xml	
@流程:导航测试-项目单条验收(子流程)装载成功。	
@开始调度流程模板文件:D:\ccflow\CCFlow\WF\Data\FlowDemo\Flow\09.数据列表前置导航\导航测试-项目合并验收(父流程).xml	
@流程:导航测试-项目合并验收(父流程)装载成功。	
@开始调度流程模板文件:D:\ccflow\CCFlow\WF\Data\FlowDemo\Flow\09.数据列表前置导航\简单导航-单条模式.xml	
@流程:简单导航-单条模式装载成功。	
@开始调度流程模板文件:D:\ccflow\CCFlow\WF\Data\FlowDemo\Flow\09.数据列表前置导航\自定义URL前置导航.xml	
@流程:自定义URL导航装载成功。	
@开始调度流程模板文件:D:\ccflow\CCFlow\WF\Data\FlowDemo\Flow\09.数据列表前置导航\子父流程-前置导航-合卷审批模式\分段项目申请(子流程).xml	
@流程:分段项目申请(子流程)装载成功。	
@开始调度流程模板文件:D:\ccflow\CCFlow\WF\Data\FlowDemo\Flow\09.数据列表前置导航\子父流程-前置导航-合卷审批模式\总承包项目合卷审批(父流程).xml	
@流程:总承包项目合卷审批(父流程)装载成功。
30日11时01分26秒Info:System');"成功[BP.WF.Flow-101]放入缓存。
30日11时01分32秒Fatal:System');"@运行查询在(RunSQLReturnTable_200705_Ora with paras)出错 sql=select UserNo as No, UserName as Name from ND2701 where oid=0 @异常信息：ORA-00942: 表或视图不存在
@Para Num= 0
30日11时02分03秒Fatal:System');"@没有[表单注册表  Sys_MapData, 类[BP.Sys.MapData], 物理表[Sys_MapData] 实例。PK = SheetEleRight
30日11时02分54秒Fatal:System');"@没有[表单注册表  Sys_MapData, 类[BP.Sys.MapData], 物理表[Sys_MapData] 实例。PK = 
30日11时02分54秒Fatal:System');"@没有[表单注册表  Sys_MapData, 类[BP.Sys.MapData], 物理表[Sys_MapData] 实例。PK = 
-----------------------------------------------------------------------------------------------------
30日14时33分39秒Info:System');"成功[BP.Port.Emp-13]放入缓存。
-----------------------------------------------------------------------------------------------------
30日14时36分49秒Info:System');"----------------------------------  start ------------------ 
30日14时36分49秒Info:System');"----------------------------------  end ------------------ 
30日14时37分03秒Info:System');"成功[BP.Port.Emp-13]放入缓存。
-----------------------------------------------------------------------------------------------------
30日14时44分28秒Info:System');"成功[BP.Port.Emp-13]放入缓存。
30日14时47分05秒Info:System');"成功[BP.Port.Emp-13]放入缓存。
30日14时47分05秒Info:System');"成功[BP.WF.Flow-101]放入缓存。
30日14时50分54秒Info:System');"成功[BP.Port.Emp-13]放入缓存。
30日14时50分54秒Info:System');"成功[BP.WF.Flow-101]放入缓存。
30日14时55分02秒Info:System');"成功[BP.Sys.EnCfg-8]放入缓存。
30日15时09分18秒Info:System');"成功[BP.WF.Node-376]放入缓存。
-----------------------------------------------------------------------------------------------------
30日17时17分39秒Info:System');"----------------------------------  start ------------------ 
30日17时17分39秒Info:System');"----------------------------------  end ------------------ 
30日17时17分56秒Info:System');"成功[BP.Port.Emp-13]放入缓存。
30日17时18分02秒Info:System');"成功[BP.WF.Flow-101]放入缓存。
30日17时18分02秒Info:System');"成功[BP.Sys.EnCfg-8]放入缓存。
