-----------------------------------------------------------------------------------------------------
01日09时40分25秒Info:System');"----------------------------------  start ------------------ 
01日09时40分25秒Info:System');"----------------------------------  end ------------------ 
01日09时40分36秒Info:System');"成功[BP.Port.Emp-13]放入缓存。
01日09时41分15秒Fatal:System');"@没有[字典表  Sys_SFTable, 类[BP.Sys.SFTable], 物理表[Sys_SFTable] 实例。PK = Demo_JSTJ
01日09时51分58秒Info:System');"成功[BP.Port.Emp-13]放入缓存。
-----------------------------------------------------------------------------------------------------
01日10时25分09秒Info:System');"----------------------------------  start ------------------ 
01日10时25分09秒Info:System');"----------------------------------  end ------------------ 
01日10时34分54秒Info:System');"成功[BP.Port.Emp-13]放入缓存。
01日10时34分59秒Info:System');"成功[BP.Port.Emp-13]放入缓存。
01日10时34分59秒Info:System');"成功[BP.WF.Flow-101]放入缓存。
01日10时35分16秒Info:System');"成功[BP.WF.Template.Selector-376]放入缓存。
01日10时36分01秒Info:System');"成功[BP.Sys.EnCfg-8]放入缓存。
-----------------------------------------------------------------------------------------------------
01日13时32分05秒Info:System');"----------------------------------  start ------------------ 
01日13时32分05秒Info:System');"----------------------------------  end ------------------ 
01日13时32分14秒Info:System');"成功[BP.Port.Emp-13]放入缓存。
01日13时33分08秒Info:System');"----------------------------------  start ------------------ 
01日13时33分08秒Info:System');"----------------------------------  end ------------------ 
-----------------------------------------------------------------------------------------------------
01日13时34分41秒Info:System');"成功[BP.Port.Emp-13]放入缓存。
-----------------------------------------------------------------------------------------------------
01日13时34分56秒Info:System');"成功[BP.Port.Emp-13]放入缓存。
01日13时35分25秒Info:System');"成功[BP.Port.Emp-13]放入缓存。
01日13时35分25秒Info:System');"成功[BP.WF.Flow-101]放入缓存。
01日13时35分32秒Info:System');"成功[BP.WF.Template.Selector-376]放入缓存。
-----------------------------------------------------------------------------------------------------
01日13时58分02秒Info:System');"成功[BP.WF.Flow-101]放入缓存。
01日13时58分02秒Info:System');"成功[BP.Port.Emp-13]放入缓存。
-----------------------------------------------------------------------------------------------------
01日13时58分11秒Info:System');"成功[BP.WF.Template.Selector-376]放入缓存。
01日13时58分17秒Info:System');"成功[BP.WF.Flow-101]放入缓存。
01日13时58分30秒Info:System');"成功[BP.Port.Emp-13]放入缓存。
-----------------------------------------------------------------------------------------------------
01日15时09分45秒Info:System');"----------------------------------  start ------------------ 
01日15时09分45秒Info:System');"----------------------------------  end ------------------ 
01日15时09分53秒Info:System');"成功[BP.Port.Emp-13]放入缓存。
01日15时10分50秒Info:System');"成功[BP.Port.Emp-13]放入缓存。
01日15时10分50秒Info:System');"成功[BP.WF.Flow-101]放入缓存。
01日15时11分03秒Info:System');"成功[BP.WF.Template.Selector-376]放入缓存。
-----------------------------------------------------------------------------------------------------
01日15时19分44秒Info:System');"成功[BP.Port.Emp-13]放入缓存。
-----------------------------------------------------------------------------------------------------
01日15时28分17秒Info:System');"----------------------------------  start ------------------ 
01日15时28分17秒Info:System');"----------------------------------  end ------------------ 
01日15时28分26秒Info:System');"成功[BP.Port.Emp-13]放入缓存。
01日15时28分37秒Fatal:System');"@没有[全局变量  Sys_GloVar, 类[BP.Sys.GloVar], 物理表[Sys_GloVar] 实例。PK = CCLoverNo
01日15时28分52秒Info:System');"成功[BP.WF.Node-376]放入缓存。
01日15时28分53秒Info:System');"成功[BP.WF.Flow-101]放入缓存。
01日15时28分53秒Info:System');"成功[BP.Sys.EnCfg-8]放入缓存。
-----------------------------------------------------------------------------------------------------
01日15时40分01秒Info:System');"成功[BP.Port.Emp-13]放入缓存。
-----------------------------------------------------------------------------------------------------
01日16时14分42秒Info:System');"----------------------------------  start ------------------ 
01日16时14分42秒Info:System');"----------------------------------  end ------------------ 
01日16时14分49秒Info:System');"成功[BP.Port.Emp-13]放入缓存。
-----------------------------------------------------------------------------------------------------
01日17时40分39秒Info:System');"----------------------------------  start ------------------ 
01日17时40分39秒Info:System');"----------------------------------  end ------------------ 
01日17时41分07秒Info:System');"成功[BP.Port.Emp-13]放入缓存。
01日17时41分24秒Info:System');"成功[BP.Sys.EnCfg-8]放入缓存。
