-----------------------------------------------------------------------------------------------------
19日07时31分56秒Fatal:System');"@没有[傻瓜表单分组  Sys_GroupField, 类[BP.Sys.GroupField], 物理表[Sys_GroupField] 实例。PK = 0
-----------------------------------------------------------------------------------------------------
19日07时36分13秒Fatal:System');"@没有[傻瓜表单分组  Sys_GroupField, 类[BP.Sys.GroupField], 物理表[Sys_GroupField] 实例。PK = 0
-----------------------------------------------------------------------------------------------------
19日09时05分08秒Info:System');"成功[BP.Sys.EnCfg-6]放入缓存。
19日09时09分51秒Info:System');"----------------------------------  start ------------------ 
19日09时09分51秒Info:System');"----------------------------------  end ------------------ 
19日09时18分32秒Info:System');"成功[BP.Port.Emp-13]放入缓存。
-----------------------------------------------------------------------------------------------------
19日09时47分58秒Info:System');"成功[BP.Port.Emp-13]放入缓存。
-----------------------------------------------------------------------------------------------------
19日10时06分27秒Info:System');"----------------------------------  start ------------------ 
19日10时06分27秒Info:System');"----------------------------------  end ------------------ 
-----------------------------------------------------------------------------------------------------
19日10时11分52秒Info:System');"成功[BP.Port.Emp-13]放入缓存。
-----------------------------------------------------------------------------------------------------
19日14时42分32秒Info:System');"----------------------------------  start ------------------ 
19日14时42分32秒Info:System');"----------------------------------  end ------------------ 
19日14时45分07秒Info:System');"成功[BP.Port.Emp-13]放入缓存。
19日14时57分19秒Info:System');"成功[BP.Sys.EnCfg-6]放入缓存。
-----------------------------------------------------------------------------------------------------
19日15时01分44秒Info:System');"----------------------------------  start ------------------ 
19日15时01分44秒Info:System');"----------------------------------  end ------------------ 
-----------------------------------------------------------------------------------------------------
19日15时14分45秒Info:System');"成功[BP.Port.Emp-13]放入缓存。
19日15时15分19秒Info:System');"成功[BP.Sys.EnCfg-6]放入缓存。
19日15时15分24秒Info:System');"成功[BP.WF.Flow-106]放入缓存。
-----------------------------------------------------------------------------------------------------
19日15时27分23秒Info:System');"成功[BP.Sys.EnCfg-6]放入缓存。
-----------------------------------------------------------------------------------------------------
19日15时35分06秒Info:System');"成功[BP.Sys.EnCfg-6]放入缓存。
-----------------------------------------------------------------------------------------------------
19日16时07分15秒Info:System');"成功[BP.Sys.EnCfg-6]放入缓存。
-----------------------------------------------------------------------------------------------------
19日16时45分57秒Info:System');"成功[BP.Sys.EnCfg-6]放入缓存。
-----------------------------------------------------------------------------------------------------
19日16时54分24秒Fatal:System');"SQL= SELECT  TOP 1  Sys_MapData.No, Sys_MapData.Name, Sys_MapData.PTable,ISNULL(Sys_MapData.FrmType,1)   FrmType, CASE Sys_MapData.FrmType WHEN 0 THEN '傻瓜表单' WHEN 1 THEN '自由表单' WHEN 2 THEN 'Silverlight表单(已取消)' WHEN 3 THEN '嵌入式表单' WHEN 4 THEN 'Word表单' WHEN 5 THEN 'Excel表单' WHEN NULL THEN '自由表单' END FrmTypeTEXT,ISNULL(Sys_MapData.TableCol,4)   TableCol,ISNULL(Sys_MapData.TableWidth,900)   TableWidth,ISNULL(Sys_MapData.TableHeight,900)   TableHeight,ISNULL(Sys_MapData.DBSrc, 'local') DBSrc, Sys_SFDBSrc_DBSrc.Name AS DBSrcText,ISNULL(Sys_MapData.FK_FormTree, '01') FK_FormTree, Sys_FormTree_FK_FormTree.Name AS FK_FormTreeText, Sys_MapData.Designer, Sys_MapData.DesignerContact, Sys_MapData.DesignerUnit, Sys_MapData.GUID, Sys_MapData.Ver, Sys_MapData.Note, Sys_MapData.AtPara,ISNULL(Sys_MapData.Idx,100)   Idx FROM Sys_MapData LEFT JOIN Sys_SFDBSrc AS Sys_SFDBSrc_DBSrc ON Sys_MapData.DBSrc=Sys_SFDBSrc_DBSrc.No LEFT JOIN Sys_FormTree AS Sys_FormTree_FK_FormTree ON Sys_MapData.FK_FormTree=Sys_FormTree_FK_FormTree.No WHERE (1=1)  AND Sys_MapData.No=@No Exception=列名 'TableHeight' 无效。
19日16时55分07秒Info:System');"成功[BP.Sys.EnCfg-6]放入缓存。
-----------------------------------------------------------------------------------------------------
19日17时20分08秒Info:System');"成功[BP.Sys.EnCfg-6]放入缓存。
-----------------------------------------------------------------------------------------------------
19日17时27分34秒Info:System');"成功[BP.Sys.EnCfg-6]放入缓存。
-----------------------------------------------------------------------------------------------------
19日18时41分39秒Info:System');"----------------------------------  start ------------------ 
19日18时41分39秒Info:System');"----------------------------------  end ------------------ 
19日18时43分35秒Info:System');"----------------------------------  start ------------------ 
19日18时43分35秒Info:System');"----------------------------------  end ------------------ 
19日18时43分35秒Info:System');"----------------------------------  start ------------------ 
19日18时43分35秒Info:System');"----------------------------------  end ------------------ 
19日18时43分38秒Info:System');"成功[BP.Port.Emp-13]放入缓存。
19日18时44分24秒Info:System');"成功[BP.Sys.EnCfg-6]放入缓存。
-----------------------------------------------------------------------------------------------------
19日19时39分50秒Fatal:System');"@没有[实体属性  Sys_MapAttr, 类[BP.Sys.MapAttr], 物理表[Sys_MapAttr] 实例。PK = ND17501
-----------------------------------------------------------------------------------------------------
19日19时57分16秒Info:System');"----------------------------------  start ------------------ 
19日19时57分16秒Info:System');"----------------------------------  end ------------------ 
-----------------------------------------------------------------------------------------------------
19日20时06分21秒Info:System');"----------------------------------  start ------------------ 
19日20时06分21秒Info:System');"----------------------------------  end ------------------ 
-----------------------------------------------------------------------------------------------------
19日20时11分14秒Info:System');"----------------------------------  start ------------------ 
19日20时11分14秒Info:System');"----------------------------------  end ------------------ 
19日20时12分26秒Info:System');"成功[BP.Port.Emp-13]放入缓存。
-----------------------------------------------------------------------------------------------------
19日21时09分15秒Info:System');"----------------------------------  start ------------------ 
19日21时09分15秒Info:System');"----------------------------------  end ------------------ 
19日21时09分25秒Fatal:System');"SQL= SELECT TOP 99999 MyPK, Lab, EnumKey,ISNULL(IntKey,0) IntKey,ISNULL(Lang, 'CH') Lang FROM Sys_Enum WHERE (1=1) AND ( ( Sys_Enum.EnumKey =@EnumKey) AND ( Sys_Enum.Lang =@Lang) ) ORDER BY Sys_Enum.IntKey Exception=对象名 'Sys_Enum' 无效。
19日21时09分28秒Fatal:System');"@没有[表单注册表  Sys_MapData, 类[BP.Sys.MapData], 物理表[Sys_MapData] 实例。PK = 
19日21时09分28秒Fatal:System');"@没有[表单注册表  Sys_MapData, 类[BP.Sys.MapData], 物理表[Sys_MapData] 实例。PK = 
19日21时09分30秒Info:System');"SQL=DROP TABLE Port_EmpDept,异常信息:无法对 表 'Port_EmpDept' 执行 删除，因为它不存在，或者您没有所需的权限。
19日21时09分30秒Info:System');"SQL=DROP VIEW Port_EmpDept,异常信息:无法对 视图 'Port_EmpDept' 执行 删除，因为它不存在，或者您没有所需的权限。
19日21时09分30秒Info:System');"成功[BP.Port.Emp-13]放入缓存。
19日21时09分31秒Info:System');"SQL=UPDATE Sys_MapDtl SET GroupID=101        WHERE  No   IN (SELECT X.No FROM (SELECT No FROM Sys_MapDtl WHERE GroupID NOT IN (SELECT OID FROM Sys_GroupField WHERE EnName='Demo_01')) AS X ) AND FK_MapData='Demo_01',异常信息:列名 'GroupID' 无效。
19日21时09分31秒Info:System');"SQL=UPDATE Sys_MapDtl SET GroupID=113        WHERE  No   IN (SELECT X.No FROM (SELECT No FROM Sys_MapDtl WHERE GroupID NOT IN (SELECT OID FROM Sys_GroupField WHERE EnName='Demo_02')) AS X ) AND FK_MapData='Demo_02',异常信息:列名 'GroupID' 无效。
19日21时09分31秒Info:System');"SQL=UPDATE Sys_MapDtl SET GroupID=115        WHERE  No   IN (SELECT X.No FROM (SELECT No FROM Sys_MapDtl WHERE GroupID NOT IN (SELECT OID FROM Sys_GroupField WHERE EnName='Demo_03')) AS X ) AND FK_MapData='Demo_03',异常信息:列名 'GroupID' 无效。
19日21时09分31秒Info:System');"SQL=UPDATE Sys_MapDtl SET GroupID=137        WHERE  No   IN (SELECT X.No FROM (SELECT No FROM Sys_MapDtl WHERE GroupID NOT IN (SELECT OID FROM Sys_GroupField WHERE EnName='Demo_04')) AS X ) AND FK_MapData='Demo_04',异常信息:列名 'GroupID' 无效。
19日21时09分31秒Info:System');"SQL=UPDATE Sys_MapDtl SET GroupID=139        WHERE  No   IN (SELECT X.No FROM (SELECT No FROM Sys_MapDtl WHERE GroupID NOT IN (SELECT OID FROM Sys_GroupField WHERE EnName='Demo_05')) AS X ) AND FK_MapData='Demo_05',异常信息:列名 'GroupID' 无效。
19日21时09分32秒Info:System');"SQL=INSERT INTO Sys_MapM2M ([MyPK],[FK_MapData],[NoOfObj],[Name],[DBOfLists],[DBOfObjs],[DBOfGroups],[H],[W],[X],[Y],[ShowWay],[M2MType],[RowIdx],[GroupID],[Cols],[IsDelete],[IsInsert],[IsCheckAll] ) VALUES ( 'Demo_06Dtl1_M2M','Demo_06Dtl1','M2M','M2M','','SELECT No,Name,FK_Dept FROM Port_Emp','SELECT No,Name FROM Port_Dept',100,160,5,5,1,0,99,0,4,1,1,1),异常信息:违反了 PRIMARY KEY 约束 'Sys_MapM2Mpk'。不能在对象 'dbo.Sys_MapM2M' 中插入重复键。
语句已终止。
19日21时09分32秒Info:System');"SQL=INSERT INTO Sys_MapM2M ([MyPK],[FK_MapData],[NoOfObj],[Name],[DBOfLists],[DBOfObjs],[DBOfGroups],[H],[W],[X],[Y],[ShowWay],[M2MType],[RowIdx],[GroupID],[Cols],[IsDelete],[IsInsert],[IsCheckAll] ) VALUES ( 'Demo_06Dtl1_M2MM','Demo_06Dtl1','M2MM','M2MM','','SELECT No,Name,FK_Dept FROM Port_Emp','SELECT No,Name FROM Port_Dept',100,160,5,5,1,0,99,0,4,1,1,1),异常信息:违反了 PRIMARY KEY 约束 'Sys_MapM2Mpk'。不能在对象 'dbo.Sys_MapM2M' 中插入重复键。
语句已终止。
19日21时09分32秒Info:System');"SQL=UPDATE Sys_MapDtl SET GroupID=143        WHERE  No   IN (SELECT X.No FROM (SELECT No FROM Sys_MapDtl WHERE GroupID NOT IN (SELECT OID FROM Sys_GroupField WHERE EnName='Demo_06')) AS X ) AND FK_MapData='Demo_06',异常信息:列名 'GroupID' 无效。
19日21时09分32秒Info:System');"SQL=UPDATE Sys_MapDtl SET GroupID=149        WHERE  No   IN (SELECT X.No FROM (SELECT No FROM Sys_MapDtl WHERE GroupID NOT IN (SELECT OID FROM Sys_GroupField WHERE EnName='Demo_Fields')) AS X ) AND FK_MapData='Demo_Fields',异常信息:列名 'GroupID' 无效。
19日21时09分32秒Info:System');"SQL=UPDATE Sys_MapDtl SET GroupID=151        WHERE  No   IN (SELECT X.No FROM (SELECT No FROM Sys_MapDtl WHERE GroupID NOT IN (SELECT OID FROM Sys_GroupField WHERE EnName='Demo_Inc01')) AS X ) AND FK_MapData='Demo_Inc01',异常信息:列名 'GroupID' 无效。
19日21时09分32秒Info:System');"SQL=UPDATE Sys_MapDtl SET GroupID=153        WHERE  No   IN (SELECT X.No FROM (SELECT No FROM Sys_MapDtl WHERE GroupID NOT IN (SELECT OID FROM Sys_GroupField WHERE EnName='Demo_Inc02')) AS X ) AND FK_MapData='Demo_Inc02',异常信息:列名 'GroupID' 无效。
19日21时09分32秒Info:System');"SQL=UPDATE Sys_MapDtl SET GroupID=155        WHERE  No   IN (SELECT X.No FROM (SELECT No FROM Sys_MapDtl WHERE GroupID NOT IN (SELECT OID FROM Sys_GroupField WHERE EnName='Demo_Inc03')) AS X ) AND FK_MapData='Demo_Inc03',异常信息:列名 'GroupID' 无效。
19日21时09分33秒Info:System');"SQL=UPDATE Sys_MapDtl SET GroupID=157        WHERE  No   IN (SELECT X.No FROM (SELECT No FROM Sys_MapDtl WHERE GroupID NOT IN (SELECT OID FROM Sys_GroupField WHERE EnName='Demo_Inc04')) AS X ) AND FK_MapData='Demo_Inc04',异常信息:列名 'GroupID' 无效。
19日21时09分33秒Info:System');"SQL=UPDATE Sys_MapDtl SET GroupID=163        WHERE  No   IN (SELECT X.No FROM (SELECT No FROM Sys_MapDtl WHERE GroupID NOT IN (SELECT OID FROM Sys_GroupField WHERE EnName='Demo_Inc05')) AS X ) AND FK_MapData='Demo_Inc05',异常信息:列名 'GroupID' 无效。
19日21时09分33秒Info:System');"SQL=UPDATE Sys_MapDtl SET GroupID=169        WHERE  No   IN (SELECT X.No FROM (SELECT No FROM Sys_MapDtl WHERE GroupID NOT IN (SELECT OID FROM Sys_GroupField WHERE EnName='Demo_Inc06')) AS X ) AND FK_MapData='Demo_Inc06',异常信息:列名 'GroupID' 无效。
19日21时09分33秒Info:System');"SQL=UPDATE Sys_MapDtl SET GroupID=175        WHERE  No   IN (SELECT X.No FROM (SELECT No FROM Sys_MapDtl WHERE GroupID NOT IN (SELECT OID FROM Sys_GroupField WHERE EnName='Demo_Inc07')) AS X ) AND FK_MapData='Demo_Inc07',异常信息:列名 'GroupID' 无效。
19日21时09分33秒Info:System');"SQL=UPDATE Sys_MapDtl SET GroupID=181        WHERE  No   IN (SELECT X.No FROM (SELECT No FROM Sys_MapDtl WHERE GroupID NOT IN (SELECT OID FROM Sys_GroupField WHERE EnName='Demo_Inc08')) AS X ) AND FK_MapData='Demo_Inc08',异常信息:列名 'GroupID' 无效。
19日21时09分33秒Info:System');"SQL=UPDATE Sys_MapDtl SET GroupID=187        WHERE  No   IN (SELECT X.No FROM (SELECT No FROM Sys_MapDtl WHERE GroupID NOT IN (SELECT OID FROM Sys_GroupField WHERE EnName='Demo_Inc09')) AS X ) AND FK_MapData='Demo_Inc09',异常信息:列名 'GroupID' 无效。
19日21时09分33秒Info:System');"SQL=UPDATE Sys_MapDtl SET GroupID=193        WHERE  No   IN (SELECT X.No FROM (SELECT No FROM Sys_MapDtl WHERE GroupID NOT IN (SELECT OID FROM Sys_GroupField WHERE EnName='Demo_Inc10')) AS X ) AND FK_MapData='Demo_Inc10',异常信息:列名 'GroupID' 无效。
19日21时09分34秒Info:System');"SQL=UPDATE Sys_MapDtl SET GroupID=199        WHERE  No   IN (SELECT X.No FROM (SELECT No FROM Sys_MapDtl WHERE GroupID NOT IN (SELECT OID FROM Sys_GroupField WHERE EnName='Demo_Inc11')) AS X ) AND FK_MapData='Demo_Inc11',异常信息:列名 'GroupID' 无效。
19日21时09分34秒Info:System');"SQL=UPDATE Sys_MapDtl SET GroupID=205        WHERE  No   IN (SELECT X.No FROM (SELECT No FROM Sys_MapDtl WHERE GroupID NOT IN (SELECT OID FROM Sys_GroupField WHERE EnName='Demo_Inc12')) AS X ) AND FK_MapData='Demo_Inc12',异常信息:列名 'GroupID' 无效。
19日21时09分34秒Info:System');"SQL=UPDATE Sys_MapDtl SET GroupID=211        WHERE  No   IN (SELECT X.No FROM (SELECT No FROM Sys_MapDtl WHERE GroupID NOT IN (SELECT OID FROM Sys_GroupField WHERE EnName='Demo_Inc13')) AS X ) AND FK_MapData='Demo_Inc13',异常信息:列名 'GroupID' 无效。
19日21时09分34秒Info:System');"SQL=UPDATE Sys_MapDtl SET GroupID=213        WHERE  No   IN (SELECT X.No FROM (SELECT No FROM Sys_MapDtl WHERE GroupID NOT IN (SELECT OID FROM Sys_GroupField WHERE EnName='Demo_Inc14')) AS X ) AND FK_MapData='Demo_Inc14',异常信息:列名 'GroupID' 无效。
19日21时09分34秒Info:System');"SQL=UPDATE Sys_MapDtl SET GroupID=215        WHERE  No   IN (SELECT X.No FROM (SELECT No FROM Sys_MapDtl WHERE GroupID NOT IN (SELECT OID FROM Sys_GroupField WHERE EnName='QiYeKunNanDengJiBiao')) AS X ) AND FK_MapData='QiYeKunNanDengJiBiao',异常信息:列名 'GroupID' 无效。
19日21时09分35秒Info:System');"SQL=UPDATE Sys_MapDtl SET GroupID=217        WHERE  No   IN (SELECT X.No FROM (SELECT No FROM Sys_MapDtl WHERE GroupID NOT IN (SELECT OID FROM Sys_GroupField WHERE EnName='gysjhcyxqdjb')) AS X ) AND FK_MapData='gysjhcyxqdjb',异常信息:列名 'GroupID' 无效。
19日21时09分35秒Info:System');"SQL=UPDATE Sys_MapDtl SET GroupID=219        WHERE  No   IN (SELECT X.No FROM (SELECT No FROM Sys_MapDtl WHERE GroupID NOT IN (SELECT OID FROM Sys_GroupField WHERE EnName='Demo_NewPrj')) AS X ) AND FK_MapData='Demo_NewPrj',异常信息:列名 'GroupID' 无效。
19日21时09分35秒Info:System');"SQL=UPDATE Sys_MapDtl SET GroupID=221        WHERE  No   IN (SELECT X.No FROM (SELECT No FROM Sys_MapDtl WHERE GroupID NOT IN (SELECT OID FROM Sys_GroupField WHERE EnName='Demo_HK03')) AS X ) AND FK_MapData='Demo_HK03',异常信息:列名 'GroupID' 无效。
19日21时09分35秒Info:System');"SQL=UPDATE Sys_MapDtl SET GroupID=223        WHERE  No   IN (SELECT X.No FROM (SELECT No FROM Sys_MapDtl WHERE GroupID NOT IN (SELECT OID FROM Sys_GroupField WHERE EnName='Demo_HK02')) AS X ) AND FK_MapData='Demo_HK02',异常信息:列名 'GroupID' 无效。
19日21时09分35秒Info:System');"SQL=UPDATE Sys_MapDtl SET GroupID=225        WHERE  No   IN (SELECT X.No FROM (SELECT No FROM Sys_MapDtl WHERE GroupID NOT IN (SELECT OID FROM Sys_GroupField WHERE EnName='Demo_HK01')) AS X ) AND FK_MapData='Demo_HK01',异常信息:列名 'GroupID' 无效。
19日21时09分35秒Info:System');"SQL=UPDATE Sys_MapDtl SET GroupID=227        WHERE  No   IN (SELECT X.No FROM (SELECT No FROM Sys_MapDtl WHERE GroupID NOT IN (SELECT OID FROM Sys_GroupField WHERE EnName='SPGW')) AS X ) AND FK_MapData='SPGW',异常信息:列名 'GroupID' 无效。
19日21时09分36秒Info:System');"SQL=UPDATE Sys_MapDtl SET GroupID=229        WHERE  No   IN (SELECT X.No FROM (SELECT No FROM Sys_MapDtl WHERE GroupID NOT IN (SELECT OID FROM Sys_GroupField WHERE EnName='LXSQS')) AS X ) AND FK_MapData='LXSQS',异常信息:列名 'GroupID' 无效。
19日21时09分36秒Info:System');"SQL=UPDATE Sys_MapDtl SET GroupID=231        WHERE  No   IN (SELECT X.No FROM (SELECT No FROM Sys_MapDtl WHERE GroupID NOT IN (SELECT OID FROM Sys_GroupField WHERE EnName='GT_LXSQ')) AS X ) AND FK_MapData='GT_LXSQ',异常信息:列名 'GroupID' 无效。
19日21时09分36秒Info:System');"SQL=UPDATE Sys_MapDtl SET GroupID=233        WHERE  No   IN (SELECT X.No FROM (SELECT No FROM Sys_MapDtl WHERE GroupID NOT IN (SELECT OID FROM Sys_GroupField WHERE EnName='jgyssq')) AS X ) AND FK_MapData='jgyssq',异常信息:列名 'GroupID' 无效。
19日21时09分37秒Info:System');"SQL=UPDATE Sys_MapDtl SET GroupID=235        WHERE  No   IN (SELECT X.No FROM (SELECT No FROM Sys_MapDtl WHERE GroupID NOT IN (SELECT OID FROM Sys_GroupField WHERE EnName='YSXX')) AS X ) AND FK_MapData='YSXX',异常信息:列名 'GroupID' 无效。
19日21时09分37秒Info:System');"SQL=UPDATE Sys_MapDtl SET GroupID=237        WHERE  No   IN (SELECT X.No FROM (SELECT No FROM Sys_MapDtl WHERE GroupID NOT IN (SELECT OID FROM Sys_GroupField WHERE EnName='YSXM')) AS X ) AND FK_MapData='YSXM',异常信息:列名 'GroupID' 无效。
19日21时09分37秒Info:System');"SQL=UPDATE Sys_MapDtl SET GroupID=241        WHERE  No   IN (SELECT X.No FROM (SELECT No FROM Sys_MapDtl WHERE GroupID NOT IN (SELECT OID FROM Sys_GroupField WHERE EnName='Demo_FJDtl')) AS X ) AND FK_MapData='Demo_FJDtl',异常信息:列名 'GroupID' 无效。
19日21时09分37秒Info:System');"SQL=UPDATE Sys_MapDtl SET GroupID=249        WHERE  No   IN (SELECT X.No FROM (SELECT No FROM Sys_MapDtl WHERE GroupID NOT IN (SELECT OID FROM Sys_GroupField WHERE EnName='Demo_FrmSLExcel')) AS X ) AND FK_MapData='Demo_FrmSLExcel',异常信息:列名 'GroupID' 无效。
19日21时09分37秒Info:System');"SQL=UPDATE Sys_MapDtl SET GroupID=253        WHERE  No   IN (SELECT X.No FROM (SELECT No FROM Sys_MapDtl WHERE GroupID NOT IN (SELECT OID FROM Sys_GroupField WHERE EnName='Demo_FrmSLWord')) AS X ) AND FK_MapData='Demo_FrmSLWord',异常信息:列名 'GroupID' 无效。
19日21时09分37秒Info:System');"SQL=UPDATE Sys_MapDtl SET GroupID=257        WHERE  No   IN (SELECT X.No FROM (SELECT No FROM Sys_MapDtl WHERE GroupID NOT IN (SELECT OID FROM Sys_GroupField WHERE EnName='Demo_FrmSLFixCol4')) AS X ) AND FK_MapData='Demo_FrmSLFixCol4',异常信息:列名 'GroupID' 无效。
19日21时09分37秒Info:System');"SQL=UPDATE Sys_MapDtl SET GroupID=261        WHERE  No   IN (SELECT X.No FROM (SELECT No FROM Sys_MapDtl WHERE GroupID NOT IN (SELECT OID FROM Sys_GroupField WHERE EnName='Demo_FrmSLSelf')) AS X ) AND FK_MapData='Demo_FrmSLSelf',异常信息:列名 'GroupID' 无效。
19日21时09分37秒Info:System');"SQL=UPDATE Sys_MapDtl SET GroupID=263        WHERE  No   IN (SELECT X.No FROM (SELECT No FROM Sys_MapDtl WHERE GroupID NOT IN (SELECT OID FROM Sys_GroupField WHERE EnName='Demo_HNPrjInfo_HQYJ')) AS X ) AND FK_MapData='Demo_HNPrjInfo_HQYJ',异常信息:列名 'GroupID' 无效。
19日21时09分37秒Info:System');"SQL=UPDATE Sys_MapDtl SET GroupID=275        WHERE  No   IN (SELECT X.No FROM (SELECT No FROM Sys_MapDtl WHERE GroupID NOT IN (SELECT OID FROM Sys_GroupField WHERE EnName='Demo_HNPrjInfo_HQ')) AS X ) AND FK_MapData='Demo_HNPrjInfo_HQ',异常信息:列名 'GroupID' 无效。
19日21时09分38秒Info:System');"SQL=UPDATE Sys_MapDtl SET GroupID=283        WHERE  No   IN (SELECT X.No FROM (SELECT No FROM Sys_MapDtl WHERE GroupID NOT IN (SELECT OID FROM Sys_GroupField WHERE EnName='Demo_HNPrjInfo')) AS X ) AND FK_MapData='Demo_HNPrjInfo',异常信息:列名 'GroupID' 无效。
19日21时09分38秒Info:System');"SQL=UPDATE Sys_MapDtl SET GroupID=285        WHERE  No   IN (SELECT X.No FROM (SELECT No FROM Sys_MapDtl WHERE GroupID NOT IN (SELECT OID FROM Sys_GroupField WHERE EnName='Demo_YWA')) AS X ) AND FK_MapData='Demo_YWA',异常信息:列名 'GroupID' 无效。
19日21时09分38秒Info:System');"SQL=UPDATE Sys_MapDtl SET GroupID=287        WHERE  No   IN (SELECT X.No FROM (SELECT No FROM Sys_MapDtl WHERE GroupID NOT IN (SELECT OID FROM Sys_GroupField WHERE EnName='Demo_YWB')) AS X ) AND FK_MapData='Demo_YWB',异常信息:列名 'GroupID' 无效。
19日21时09分38秒Info:System');"SQL=UPDATE Sys_MapDtl SET GroupID=289        WHERE  No   IN (SELECT X.No FROM (SELECT No FROM Sys_MapDtl WHERE GroupID NOT IN (SELECT OID FROM Sys_GroupField WHERE EnName='Demo_YWC')) AS X ) AND FK_MapData='Demo_YWC',异常信息:列名 'GroupID' 无效。
19日21时09分39秒Info:System');"SQL=INSERT INTO Sys_FrmLab ([MyPK],[FK_MapData],[Text],[X],[Y],[FontSize],[FontColor],[FontName],[FontStyle],[FontWeight],[IsBold],[IsItalic],[GUID] ) VALUES ( 'Lab20160719210939_1','ND7901','文字类型',206.82,167.27,11,'#FF000000','Portable User Interface','Normal','',0,0,''),异常信息:违反了 PRIMARY KEY 约束 'Sys_FrmLabpk'。不能在对象 'dbo.Sys_FrmLab' 中插入重复键。
语句已终止。
19日21时09分40秒Info:System');"SQL=INSERT INTO Sys_FrmLab ([MyPK],[FK_MapData],[Text],[X],[Y],[FontSize],[FontColor],[FontName],[FontStyle],[FontWeight],[IsBold],[IsItalic],[GUID] ) VALUES ( 'Lab20160719210939_2','ND7902','浮点类型',208.64,246.36,11,'#FF000000','Portable User Interface','Normal','',0,0,''),异常信息:违反了 PRIMARY KEY 约束 'Sys_FrmLabpk'。不能在对象 'dbo.Sys_FrmLab' 中插入重复键。
语句已终止。
19日21时09分40秒Info:System');"SQL=INSERT INTO Sys_FrmLab ([MyPK],[FK_MapData],[Text],[X],[Y],[FontSize],[FontColor],[FontName],[FontStyle],[FontWeight],[IsBold],[IsItalic],[GUID] ) VALUES ( 'Lab20160719210939_3','ND7901','浮点类型',208.64,246.36,11,'#FF000000','Portable User Interface','Normal','',0,0,''),异常信息:违反了 PRIMARY KEY 约束 'Sys_FrmLabpk'。不能在对象 'dbo.Sys_FrmLab' 中插入重复键。
语句已终止。
19日21时09分40秒Info:System');"SQL=INSERT INTO Sys_FrmLab ([MyPK],[FK_MapData],[Text],[X],[Y],[FontSize],[FontColor],[FontName],[FontStyle],[FontWeight],[IsBold],[IsItalic],[GUID] ) VALUES ( 'Lab20160719210939_4','ND7902','地区',465,215,11,'#FF000000','Portable User Interface','Normal','',0,0,''),异常信息:违反了 PRIMARY KEY 约束 'Sys_FrmLabpk'。不能在对象 'dbo.Sys_FrmLab' 中插入重复键。
语句已终止。
19日21时09分40秒Info:System');"SQL=INSERT INTO Sys_FrmLab ([MyPK],[FK_MapData],[Text],[X],[Y],[FontSize],[FontColor],[FontName],[FontStyle],[FontWeight],[IsBold],[IsItalic],[GUID] ) VALUES ( 'Lab20160719210939_5','ND7901','地区',465,215,11,'#FF000000','Portable User Interface','Normal','normal',0,0,''),异常信息:违反了 PRIMARY KEY 约束 'Sys_FrmLabpk'。不能在对象 'dbo.Sys_FrmLab' 中插入重复键。
语句已终止。
19日21时09分40秒Info:System');"SQL=INSERT INTO Sys_FrmLab ([MyPK],[FK_MapData],[Text],[X],[Y],[FontSize],[FontColor],[FontName],[FontStyle],[FontWeight],[IsBold],[IsItalic],[GUID] ) VALUES ( 'Lab20160719210939_6','ND7902','发起人',106.48,96.08,11,'#FF000000','Portable User Interface','Normal','normal',0,0,''),异常信息:违反了 PRIMARY KEY 约束 'Sys_FrmLabpk'。不能在对象 'dbo.Sys_FrmLab' 中插入重复键。
语句已终止。
19日21时09分40秒Info:System');"SQL=INSERT INTO Sys_FrmLab ([MyPK],[FK_MapData],[Text],[X],[Y],[FontSize],[FontColor],[FontName],[FontStyle],[FontWeight],[IsBold],[IsItalic],[GUID] ) VALUES ( 'Lab20160719210939_7','ND7901','发起人',106.48,96.08,11,'#FF000000','Portable User Interface','Normal','normal',0,0,''),异常信息:违反了 PRIMARY KEY 约束 'Sys_FrmLabpk'。不能在对象 'dbo.Sys_FrmLab' 中插入重复键。
语句已终止。
19日21时09分40秒Info:System');"SQL=INSERT INTO Sys_FrmLab ([MyPK],[FK_MapData],[Text],[X],[Y],[FontSize],[FontColor],[FontName],[FontStyle],[FontWeight],[IsBold],[IsItalic],[GUID] ) VALUES ( 'Lab20160719210939_8','ND7902','整数类型',208.64,209.09,11,'#FF000000','Portable User Interface','Normal','',0,0,''),异常信息:违反了 PRIMARY KEY 约束 'Sys_FrmLabpk'。不能在对象 'dbo.Sys_FrmLab' 中插入重复键。
语句已终止。
19日21时09分40秒Info:System');"SQL=INSERT INTO Sys_FrmLab ([MyPK],[FK_MapData],[Text],[X],[Y],[FontSize],[FontColor],[FontName],[FontStyle],[FontWeight],[IsBold],[IsItalic],[GUID] ) VALUES ( 'Lab20160719210939_9','ND7902','金额类型',207.73,291.82,11,'#FF000000','Portable User Interface','Normal','',0,0,''),异常信息:违反了 PRIMARY KEY 约束 'Sys_FrmLabpk'。不能在对象 'dbo.Sys_FrmLab' 中插入重复键。
语句已终止。
19日21时09分40秒Info:System');"SQL=INSERT INTO Sys_FrmLab ([MyPK],[FK_MapData],[Text],[X],[Y],[FontSize],[FontColor],[FontName],[FontStyle],[FontWeight],[IsBold],[IsItalic],[GUID] ) VALUES ( 'Lab20160719210939_10','ND7901','日期时间类型',195.91,372.73,11,'#FF000000','Portable User Interface','Normal','',0,0,''),异常信息:违反了 PRIMARY KEY 约束 'Sys_FrmLabpk'。不能在对象 'dbo.Sys_FrmLab' 中插入重复键。
语句已终止。
19日21时09分40秒Info:System');"SQL=INSERT INTO Sys_FrmLab ([MyPK],[FK_MapData],[Text],[X],[Y],[FontSize],[FontColor],[FontName],[FontStyle],[FontWeight],[IsBold],[IsItalic],[GUID] ) VALUES ( 'Lab20160719210939_11','ND7902','优先级',109.05,58.1,11,'#FF000000','Portable User Interface','Normal','normal',0,0,''),异常信息:违反了 PRIMARY KEY 约束 'Sys_FrmLabpk'。不能在对象 'dbo.Sys_FrmLab' 中插入重复键。
语句已终止。
19日21时09分40秒Info:System');"SQL=INSERT INTO Sys_FrmLab ([MyPK],[FK_MapData],[Text],[X],[Y],[FontSize],[FontColor],[FontName],[FontStyle],[FontWeight],[IsBold],[IsItalic],[GUID] ) VALUES ( 'Lab20160719210939_12','ND7901','整数类型',208.64,209.09,11,'#FF000000','Portable User Interface','Normal','',0,0,''),异常信息:违反了 PRIMARY KEY 约束 'Sys_FrmLabpk'。不能在对象 'dbo.Sys_FrmLab' 中插入重复键。
语句已终止。
19日21时09分40秒Info:System');"SQL=INSERT INTO Sys_FrmLab ([MyPK],[FK_MapData],[Text],[X],[Y],[FontSize],[FontColor],[FontName],[FontStyle],[FontWeight],[IsBold],[IsItalic],[GUID] ) VALUES ( 'Lab20160719210939_13','ND7902','文字类型',206.82,167.27,11,'#FF000000','Portable User Interface','Normal','',0,0,''),异常信息:违反了 PRIMARY KEY 约束 'Sys_FrmLabpk'。不能在对象 'dbo.Sys_FrmLab' 中插入重复键。
语句已终止。
19日21时09分40秒Info:System');"SQL=INSERT INTO Sys_FrmLab ([MyPK],[FK_MapData],[Text],[X],[Y],[FontSize],[FontColor],[FontName],[FontStyle],[FontWeight],[IsBold],[IsItalic],[GUID] ) VALUES ( 'Lab20160719210939_14','ND7902','批量发起处理节点',294.67,8.27,23,'#FF000000','Portable User Interface','Normal','normal',0,0,''),异常信息:违反了 PRIMARY KEY 约束 'Sys_FrmLabpk'。不能在对象 'dbo.Sys_FrmLab' 中插入重复键。
语句已终止。
19日21时09分40秒Info:System');"SQL=INSERT INTO Sys_FrmLab ([MyPK],[FK_MapData],[Text],[X],[Y],[FontSize],[FontColor],[FontName],[FontStyle],[FontWeight],[IsBold],[IsItalic],[GUID] ) VALUES ( 'Lab20160719210939_15','ND7902','日期时间类型',195.91,372.73,11,'#FF000000','Portable User Interface','Normal','',0,0,''),异常信息:违反了 PRIMARY KEY 约束 'Sys_FrmLabpk'。不能在对象 'dbo.Sys_FrmLab' 中插入重复键。
语句已终止。
19日21时09分40秒Info:System');"SQL=INSERT INTO Sys_FrmLab ([MyPK],[FK_MapData],[Text],[X],[Y],[FontSize],[FontColor],[FontName],[FontStyle],[FontWeight],[IsBold],[IsItalic],[GUID] ) VALUES ( 'Lab20160719210939_16','ND7901','枚举类型',460.45,170.9,11,'#FF000000','Portable User Interface','Normal','',0,0,''),异常信息:违反了 PRIMARY KEY 约束 'Sys_FrmLabpk'。不能在对象 'dbo.Sys_FrmLab' 中插入重复键。
语句已终止。
19日21时09分40秒Info:System');"SQL=INSERT INTO Sys_FrmLab ([MyPK],[FK_MapData],[Text],[X],[Y],[FontSize],[FontColor],[FontName],[FontStyle],[FontWeight],[IsBold],[IsItalic],[GUID] ) VALUES ( 'Lab20160719210939_17','ND7901','批量发起处理节点',294.67,8.27,23,'#FF000000','Portable User Interface','Normal','normal',0,0,''),异常信息:违反了 PRIMARY KEY 约束 'Sys_FrmLabpk'。不能在对象 'dbo.Sys_FrmLab' 中插入重复键。
语句已终止。
19日21时09分40秒Info:System');"SQL=INSERT INTO Sys_FrmLab ([MyPK],[FK_MapData],[Text],[X],[Y],[FontSize],[FontColor],[FontName],[FontStyle],[FontWeight],[IsBold],[IsItalic],[GUID] ) VALUES ( 'Lab20160719210939_18','ND7901','外键类型',458.27,252.72,11,'#FF000000','Portable User Interface','Normal','',0,0,''),异常信息:违反了 PRIMARY KEY 约束 'Sys_FrmLabpk'。不能在对象 'dbo.Sys_FrmLab' 中插入重复键。
语句已终止。
19日21时09分40秒Info:System');"SQL=INSERT INTO Sys_FrmLab ([MyPK],[FK_MapData],[Text],[X],[Y],[FontSize],[FontColor],[FontName],[FontStyle],[FontWeight],[IsBold],[IsItalic],[GUID] ) VALUES ( 'Lab20160719210939_19','ND7902','发起时间',307.64,95.17,11,'#FF000000','Portable User Interface','Normal','normal',0,0,''),异常信息:违反了 PRIMARY KEY 约束 'Sys_FrmLabpk'。不能在对象 'dbo.Sys_FrmLab' 中插入重复键。
语句已终止。
19日21时09分40秒Info:System');"SQL=INSERT INTO Sys_FrmLab ([MyPK],[FK_MapData],[Text],[X],[Y],[FontSize],[FontColor],[FontName],[FontStyle],[FontWeight],[IsBold],[IsItalic],[GUID] ) VALUES ( 'Lab20160719210939_20','ND7901','发起时间',307.64,95.17,11,'#FF000000','Portable User Interface','Normal','normal',0,0,''),异常信息:违反了 PRIMARY KEY 约束 'Sys_FrmLabpk'。不能在对象 'dbo.Sys_FrmLab' 中插入重复键。
语句已终止。
19日21时09分40秒Info:System');"SQL=INSERT INTO Sys_FrmLab ([MyPK],[FK_MapData],[Text],[X],[Y],[FontSize],[FontColor],[FontName],[FontStyle],[FontWeight],[IsBold],[IsItalic],[GUID] ) VALUES ( 'Lab20160719210939_21','ND7901','日期类型',204.09,341.82,11,'#FF000000','Portable User Interface','Normal','',0,0,''),异常信息:违反了 PRIMARY KEY 约束 'Sys_FrmLabpk'。不能在对象 'dbo.Sys_FrmLab' 中插入重复键。
语句已终止。
19日21时09分40秒Info:System');"SQL=INSERT INTO Sys_FrmLab ([MyPK],[FK_MapData],[Text],[X],[Y],[FontSize],[FontColor],[FontName],[FontStyle],[FontWeight],[IsBold],[IsItalic],[GUID] ) VALUES ( 'Lab20160719210939_22','ND7902','日期类型',204.09,341.82,11,'#FF000000','Portable User Interface','Normal','',0,0,''),异常信息:违反了 PRIMARY KEY 约束 'Sys_FrmLabpk'。不能在对象 'dbo.Sys_FrmLab' 中插入重复键。
语句已终止。
19日21时09分40秒Info:System');"SQL=INSERT INTO Sys_FrmLab ([MyPK],[FK_MapData],[Text],[X],[Y],[FontSize],[FontColor],[FontName],[FontStyle],[FontWeight],[IsBold],[IsItalic],[GUID] ) VALUES ( 'Lab20160719210939_23','ND7901','优先级',109.05,58.1,11,'#FF000000','Portable User Interface','Normal','normal',0,0,''),异常信息:违反了 PRIMARY KEY 约束 'Sys_FrmLabpk'。不能在对象 'dbo.Sys_FrmLab' 中插入重复键。
语句已终止。
19日21时09分40秒Info:System');"SQL=INSERT INTO Sys_FrmLab ([MyPK],[FK_MapData],[Text],[X],[Y],[FontSize],[FontColor],[FontName],[FontStyle],[FontWeight],[IsBold],[IsItalic],[GUID] ) VALUES ( 'Lab20160719210939_24','ND7902','枚举类型',460.45,170.9,11,'#FF000000','Portable User Interface','Normal','',0,0,''),异常信息:违反了 PRIMARY KEY 约束 'Sys_FrmLabpk'。不能在对象 'dbo.Sys_FrmLab' 中插入重复键。
语句已终止。
19日21时09分40秒Info:System');"SQL=INSERT INTO Sys_FrmLab ([MyPK],[FK_MapData],[Text],[X],[Y],[FontSize],[FontColor],[FontName],[FontStyle],[FontWeight],[IsBold],[IsItalic],[GUID] ) VALUES ( 'Lab20160719210939_25','ND7901','金额类型',207.73,291.82,11,'#FF000000','Portable User Interface','Normal','',0,0,''),异常信息:违反了 PRIMARY KEY 约束 'Sys_FrmLabpk'。不能在对象 'dbo.Sys_FrmLab' 中插入重复键。
语句已终止。
19日21时09分40秒Info:System');"SQL=INSERT INTO Sys_FrmLab ([MyPK],[FK_MapData],[Text],[X],[Y],[FontSize],[FontColor],[FontName],[FontStyle],[FontWeight],[IsBold],[IsItalic],[GUID] ) VALUES ( 'Lab20160719210939_26','ND7902','外键类型',458.27,252.72,11,'#FF000000','Portable User Interface','Normal','',0,0,''),异常信息:违反了 PRIMARY KEY 约束 'Sys_FrmLabpk'。不能在对象 'dbo.Sys_FrmLab' 中插入重复键。
语句已终止。
19日21时09分40秒Info:System');"SQL=INSERT INTO Sys_FrmImg ([MyPK],[FK_MapData],[ImgAppType],[X],[Y],[H],[W],[ImgURL],[ImgPath],[LinkURL],[LinkTarget],[GUID],[Tag0],[SrcType],[IsEdit],[Name],[EnPK] ) VALUES ( 'I20160719210940_1','ND8001',0,577.26,3.45,40,137,'/ccform;component/Img/LogoBig.png','/CCFormDesigner;component/Img/Logo/CCFlow/LogoBig.png','http://ccflow.org','_blank','','',0,1,'',''),异常信息:违反了 PRIMARY KEY 约束 'Sys_FrmImgpk'。不能在对象 'dbo.Sys_FrmImg' 中插入重复键。
语句已终止。
19日21时09分40秒Info:System');"SQL=INSERT INTO Sys_FrmImg ([MyPK],[FK_MapData],[ImgAppType],[X],[Y],[H],[W],[ImgURL],[ImgPath],[LinkURL],[LinkTarget],[GUID],[Tag0],[SrcType],[IsEdit],[Name],[EnPK] ) VALUES ( 'I20160719210940_2','ND8099',0,577.26,3.45,40,137,'/ccform;component/Img/LogoBig.png','/CCFormDesigner;component/Img/Logo/CCFlow/LogoBig.png','http://ccflow.org','_blank','','',0,1,'',''),异常信息:违反了 PRIMARY KEY 约束 'Sys_FrmImgpk'。不能在对象 'dbo.Sys_FrmImg' 中插入重复键。
语句已终止。
19日21时09分43秒Info:System');"SQL=INSERT INTO Sys_FrmLab ([MyPK],[FK_MapData],[Text],[X],[Y],[FontSize],[FontColor],[FontName],[FontStyle],[FontWeight],[IsBold],[IsItalic],[GUID] ) VALUES ( 'Lab20160719210943_1','ND12101','优先级',109.05,58.1,11,'black','Portable User Interface','Normal','normal',0,0,''),异常信息:违反了 PRIMARY KEY 约束 'Sys_FrmLabpk'。不能在对象 'dbo.Sys_FrmLab' 中插入重复键。
语句已终止。
19日21时09分43秒Info:System');"SQL=INSERT INTO Sys_FrmLab ([MyPK],[FK_MapData],[Text],[X],[Y],[FontSize],[FontColor],[FontName],[FontStyle],[FontWeight],[IsBold],[IsItalic],[GUID] ) VALUES ( 'Lab20160719210943_2','ND12101','发起人',106.48,96.08,11,'black','Portable User Interface','Normal','normal',0,0,''),异常信息:违反了 PRIMARY KEY 约束 'Sys_FrmLabpk'。不能在对象 'dbo.Sys_FrmLab' 中插入重复键。
语句已终止。
19日21时09分43秒Info:System');"SQL=INSERT INTO Sys_FrmLab ([MyPK],[FK_MapData],[Text],[X],[Y],[FontSize],[FontColor],[FontName],[FontStyle],[FontWeight],[IsBold],[IsItalic],[GUID] ) VALUES ( 'Lab20160719210943_3','ND12101','发起时间',307.64,95.17,11,'black','Portable User Interface','Normal','normal',0,0,''),异常信息:违反了 PRIMARY KEY 约束 'Sys_FrmLabpk'。不能在对象 'dbo.Sys_FrmLab' 中插入重复键。
语句已终止。
19日21时09分43秒Info:System');"SQL=INSERT INTO Sys_FrmLab ([MyPK],[FK_MapData],[Text],[X],[Y],[FontSize],[FontColor],[FontName],[FontStyle],[FontWeight],[IsBold],[IsItalic],[GUID] ) VALUES ( 'Lab20160719210943_4','ND12101','新建节点(请修改标题)',294.67,8.27,23,'Blue','Portable User Interface','Normal','normal',0,0,''),异常信息:违反了 PRIMARY KEY 约束 'Sys_FrmLabpk'。不能在对象 'dbo.Sys_FrmLab' 中插入重复键。
语句已终止。
19日21时09分43秒Info:System');"SQL=INSERT INTO Sys_FrmLab ([MyPK],[FK_MapData],[Text],[X],[Y],[FontSize],[FontColor],[FontName],[FontStyle],[FontWeight],[IsBold],[IsItalic],[GUID] ) VALUES ( 'Lab20160719210943_5','ND12101','说明:以上内容是ccflow自动产生的，您可以修改/删除它。@为了更方便您的设计您可以到http://ccflow.org官网下载表单模板.@因为当前技术问题与silverlight开发工具使用特别说明如下:@@1,改变控件位置: @  所有的控件都支持 wasd, 做为方向键用来移动控件的位置， 部分控件支持方向键. @2, 增加textbox, 从表, dropdownlistbox, 的宽度 shift+ -> 方向键增加宽度 shift + <- 减小宽度.@3, 保存 windows键 + s.  删除 delete.  复制 ctrl+c   粘帖: ctrl+v.@4, 支持全选，批量移动， 批量放大缩小字体., 批量改变线的宽度.@5, 改变线的长度： 选择线，点绿色的圆点，拖拉它。.@6, 放大或者缩小　label 的字体 , 选择一个多个label , 按 A+ 或者　A－　按钮.@7, 改变线或者标签的颜色， 选择操作对象，点工具栏上的调色板.',168.24,163.7,11,'Red','Portable User Interface','Normal','normal',0,0,''),异常信息:违反了 PRIMARY KEY 约束 'Sys_FrmLabpk'。不能在对象 'dbo.Sys_FrmLab' 中插入重复键。
语句已终止。
19日21时09分43秒Info:System');"SQL=INSERT INTO Sys_FrmImg ([MyPK],[FK_MapData],[ImgAppType],[X],[Y],[H],[W],[ImgURL],[ImgPath],[LinkURL],[LinkTarget],[GUID],[Tag0],[SrcType],[IsEdit],[Name],[EnPK] ) VALUES ( 'I20160719210943_1','ND12101',0,577.26,3.45,40,137,'/ccform;component/Img/LogoBig.png','','http://ccflow.org','_blank','','',0,0,'',''),异常信息:违反了 PRIMARY KEY 约束 'Sys_FrmImgpk'。不能在对象 'dbo.Sys_FrmImg' 中插入重复键。
语句已终止。
19日21时09分44秒Info:System');"SQL=INSERT INTO Sys_FrmLab ([MyPK],[FK_MapData],[Text],[X],[Y],[FontSize],[FontColor],[FontName],[FontStyle],[FontWeight],[IsBold],[IsItalic],[GUID] ) VALUES ( 'Lab20160719210944_1','ND9501','项目名称',231.52,108.7,11,'#FF000000','Portable User Interface','Normal','normal',0,0,''),异常信息:违反了 PRIMARY KEY 约束 'Sys_FrmLabpk'。不能在对象 'dbo.Sys_FrmLab' 中插入重复键。
语句已终止。
19日21时09分44秒Info:System');"SQL=INSERT INTO Sys_FrmLab ([MyPK],[FK_MapData],[Text],[X],[Y],[FontSize],[FontColor],[FontName],[FontStyle],[FontWeight],[IsBold],[IsItalic],[GUID] ) VALUES ( 'Lab20160719210944_2','ND9501','优先级',109.05,58.1,11,'#FF000000','Portable User Interface','Normal','normal',0,0,''),异常信息:违反了 PRIMARY KEY 约束 'Sys_FrmLabpk'。不能在对象 'dbo.Sys_FrmLab' 中插入重复键。
语句已终止。
19日21时09分44秒Info:System');"SQL=INSERT INTO Sys_FrmLab ([MyPK],[FK_MapData],[Text],[X],[Y],[FontSize],[FontColor],[FontName],[FontStyle],[FontWeight],[IsBold],[IsItalic],[GUID] ) VALUES ( 'Lab20160719210944_3','ND9502','项目名称',231.52,108.7,11,'#FF000000','Portable User Interface','Normal','',0,0,''),异常信息:违反了 PRIMARY KEY 约束 'Sys_FrmLabpk'。不能在对象 'dbo.Sys_FrmLab' 中插入重复键。
语句已终止。
19日21时09分44秒Info:System');"SQL=INSERT INTO Sys_FrmLab ([MyPK],[FK_MapData],[Text],[X],[Y],[FontSize],[FontColor],[FontName],[FontStyle],[FontWeight],[IsBold],[IsItalic],[GUID] ) VALUES ( 'Lab20160719210944_4','ND9599','优先级',109.05,58.1,11,'#FF000000','Portable User Interface','Normal','normal',0,0,''),异常信息:违反了 PRIMARY KEY 约束 'Sys_FrmLabpk'。不能在对象 'dbo.Sys_FrmLab' 中插入重复键。
语句已终止。
19日21时09分44秒Info:System');"SQL=INSERT INTO Sys_FrmLab ([MyPK],[FK_MapData],[Text],[X],[Y],[FontSize],[FontColor],[FontName],[FontStyle],[FontWeight],[IsBold],[IsItalic],[GUID] ) VALUES ( 'Lab20160719210944_5','ND9502','优先级',109.05,58.1,11,'#FF000000','Portable User Interface','Normal','normal',0,0,''),异常信息:违反了 PRIMARY KEY 约束 'Sys_FrmLabpk'。不能在对象 'dbo.Sys_FrmLab' 中插入重复键。
语句已终止。
19日21时09分44秒Info:System');"SQL=INSERT INTO Sys_FrmImg ([MyPK],[FK_MapData],[ImgAppType],[X],[Y],[H],[W],[ImgURL],[ImgPath],[LinkURL],[LinkTarget],[GUID],[Tag0],[SrcType],[IsEdit],[Name],[EnPK] ) VALUES ( 'I20160719210944_1','ND9501',0,577.26,3.45,40,137,'/ccform;component/Img/LogoBig.png','/CCFormDesigner;component/Img/Logo/CCFlow/LogoBig.png','http://ccflow.org','_blank','','',0,1,'',''),异常信息:违反了 PRIMARY KEY 约束 'Sys_FrmImgpk'。不能在对象 'dbo.Sys_FrmImg' 中插入重复键。
语句已终止。
19日21时09分51秒Info:System');"SQL=INSERT INTO Sys_FrmLab ([MyPK],[FK_MapData],[Text],[X],[Y],[FontSize],[FontColor],[FontName],[FontStyle],[FontWeight],[IsBold],[IsItalic],[GUID] ) VALUES ( 'Lab20160719210951_1','ND16601','稿件申报任务',81.67,2.27,23,'#FF000000','Portable User Interface','Normal','normal',1,0,''),异常信息:违反了 PRIMARY KEY 约束 'Sys_FrmLabpk'。不能在对象 'dbo.Sys_FrmLab' 中插入重复键。
语句已终止。
19日21时09分51秒Info:System');"SQL=INSERT INTO Sys_FrmLab ([MyPK],[FK_MapData],[Text],[X],[Y],[FontSize],[FontColor],[FontName],[FontStyle],[FontWeight],[IsBold],[IsItalic],[GUID] ) VALUES ( 'Lab20160719210951_2','ND16602','稿件申报任务',81.67,2.27,23,'#FF000000','Portable User Interface','Normal','normal',1,0,''),异常信息:违反了 PRIMARY KEY 约束 'Sys_FrmLabpk'。不能在对象 'dbo.Sys_FrmLab' 中插入重复键。
语句已终止。
19日21时09分51秒Info:System');"SQL=INSERT INTO Sys_FrmLab ([MyPK],[FK_MapData],[Text],[X],[Y],[FontSize],[FontColor],[FontName],[FontStyle],[FontWeight],[IsBold],[IsItalic],[GUID] ) VALUES ( 'Lab20160719210951_3','ND16601','济南驰骋信息技术有限公司',612,208,14,'#FF000000','Portable User Interface','Normal','',0,0,''),异常信息:违反了 PRIMARY KEY 约束 'Sys_FrmLabpk'。不能在对象 'dbo.Sys_FrmLab' 中插入重复键。
语句已终止。
19日21时09分51秒Info:System');"SQL=INSERT INTO Sys_FrmLab ([MyPK],[FK_MapData],[Text],[X],[Y],[FontSize],[FontColor],[FontName],[FontStyle],[FontWeight],[IsBold],[IsItalic],[GUID] ) VALUES ( 'Lab20160719210951_4','ND16602','济南驰骋信息技术有限公司',627,602,14,'#FF000000','Portable User Interface','Normal','',0,0,''),异常信息:违反了 PRIMARY KEY 约束 'Sys_FrmLabpk'。不能在对象 'dbo.Sys_FrmLab' 中插入重复键。
语句已终止。
19日21时09分51秒Info:System');"SQL=INSERT INTO Sys_FrmLab ([MyPK],[FK_MapData],[Text],[X],[Y],[FontSize],[FontColor],[FontName],[FontStyle],[FontWeight],[IsBold],[IsItalic],[GUID] ) VALUES ( 'Lab20160719210951_5','ND16602','发起部门',91.2,51,14,'#FF000000','Portable User Interface','Normal','',0,0,''),异常信息:违反了 PRIMARY KEY 约束 'Sys_FrmLabpk'。不能在对象 'dbo.Sys_FrmLab' 中插入重复键。
语句已终止。
19日21时09分51秒Info:System');"SQL=INSERT INTO Sys_FrmLab ([MyPK],[FK_MapData],[Text],[X],[Y],[FontSize],[FontColor],[FontName],[FontStyle],[FontWeight],[IsBold],[IsItalic],[GUID] ) VALUES ( 'Lab20160719210951_6','ND16602','发起人',398.4,50,14,'#FF000000','Portable User Interface','Normal','',0,0,''),异常信息:违反了 PRIMARY KEY 约束 'Sys_FrmLabpk'。不能在对象 'dbo.Sys_FrmLab' 中插入重复键。
语句已终止。
19日21时09分51秒Info:System');"SQL=INSERT INTO Sys_FrmLab ([MyPK],[FK_MapData],[Text],[X],[Y],[FontSize],[FontColor],[FontName],[FontStyle],[FontWeight],[IsBold],[IsItalic],[GUID] ) VALUES ( 'Lab20160719210951_7','ND16602','发起时间',596.2,50,14,'#FF000000','Portable User Interface','Normal','',0,0,''),异常信息:违反了 PRIMARY KEY 约束 'Sys_FrmLabpk'。不能在对象 'dbo.Sys_FrmLab' 中插入重复键。
语句已终止。
19日21时09分51秒Info:System');"SQL=INSERT INTO Sys_FrmLab ([MyPK],[FK_MapData],[Text],[X],[Y],[FontSize],[FontColor],[FontName],[FontStyle],[FontWeight],[IsBold],[IsItalic],[GUID] ) VALUES ( 'Lab20160719210951_8','ND16602','稿件@要求',113.2,107,14,'#FF000000','Portable User Interface','Normal','',0,0,''),异常信息:违反了 PRIMARY KEY 约束 'Sys_FrmLabpk'。不能在对象 'dbo.Sys_FrmLab' 中插入重复键。
语句已终止。
19日21时09分51秒Info:System');"SQL=INSERT INTO Sys_FrmLab ([MyPK],[FK_MapData],[Text],[X],[Y],[FontSize],[FontColor],[FontName],[FontStyle],[FontWeight],[IsBold],[IsItalic],[GUID] ) VALUES ( 'Lab20160719210951_9','ND16601','发起部门',105.2,53,14,'#FF000000','Portable User Interface','Normal','normal',0,0,''),异常信息:违反了 PRIMARY KEY 约束 'Sys_FrmLabpk'。不能在对象 'dbo.Sys_FrmLab' 中插入重复键。
语句已终止。
19日21时09分51秒Info:System');"SQL=INSERT INTO Sys_FrmLab ([MyPK],[FK_MapData],[Text],[X],[Y],[FontSize],[FontColor],[FontName],[FontStyle],[FontWeight],[IsBold],[IsItalic],[GUID] ) VALUES ( 'Lab20160719210951_10','ND16601','发起人',398.4,50,14,'#FF000000','Portable User Interface','Normal','normal',0,0,''),异常信息:违反了 PRIMARY KEY 约束 'Sys_FrmLabpk'。不能在对象 'dbo.Sys_FrmLab' 中插入重复键。
语句已终止。
19日21时09分51秒Info:System');"SQL=INSERT INTO Sys_FrmLab ([MyPK],[FK_MapData],[Text],[X],[Y],[FontSize],[FontColor],[FontName],[FontStyle],[FontWeight],[IsBold],[IsItalic],[GUID] ) VALUES ( 'Lab20160719210951_11','ND16601','发起时间',596.2,50,14,'#FF000000','Portable User Interface','Normal','normal',0,0,''),异常信息:违反了 PRIMARY KEY 约束 'Sys_FrmLabpk'。不能在对象 'dbo.Sys_FrmLab' 中插入重复键。
语句已终止。
19日21时09分51秒Info:System');"SQL=INSERT INTO Sys_FrmLab ([MyPK],[FK_MapData],[Text],[X],[Y],[FontSize],[FontColor],[FontName],[FontStyle],[FontWeight],[IsBold],[IsItalic],[GUID] ) VALUES ( 'Lab20160719210951_12','ND16601','稿件@要求',113.2,107,14,'#FF000000','Portable User Interface','Normal','normal',0,0,''),异常信息:违反了 PRIMARY KEY 约束 'Sys_FrmLabpk'。不能在对象 'dbo.Sys_FrmLab' 中插入重复键。
语句已终止。
19日21时09分51秒Info:System');"SQL=INSERT INTO Sys_FrmLab ([MyPK],[FK_MapData],[Text],[X],[Y],[FontSize],[FontColor],[FontName],[FontStyle],[FontWeight],[IsBold],[IsItalic],[GUID] ) VALUES ( 'Lab20160719210951_13','ND16602','财务部',99,266,14,'#FF000000','Portable User Interface','Normal','normal',0,0,''),异常信息:违反了 PRIMARY KEY 约束 'Sys_FrmLabpk'。不能在对象 'dbo.Sys_FrmLab' 中插入重复键。
语句已终止。
19日21时09分51秒Info:System');"SQL=INSERT INTO Sys_FrmLab ([MyPK],[FK_MapData],[Text],[X],[Y],[FontSize],[FontColor],[FontName],[FontStyle],[FontWeight],[IsBold],[IsItalic],[GUID] ) VALUES ( 'Lab20160719210951_14','ND16602','研发部',94,442,14,'#FF000000','Portable User Interface','Normal','normal',0,0,''),异常信息:违反了 PRIMARY KEY 约束 'Sys_FrmLabpk'。不能在对象 'dbo.Sys_FrmLab' 中插入重复键。
语句已终止。
19日21时09分51秒Info:System');"SQL=INSERT INTO Sys_FrmImg ([MyPK],[FK_MapData],[ImgAppType],[X],[Y],[H],[W],[ImgURL],[ImgPath],[LinkURL],[LinkTarget],[GUID],[Tag0],[SrcType],[IsEdit],[Name],[EnPK] ) VALUES ( 'I20160719210951_1','ND16601',0,661.26,-1.55,40,137,'/ccform;component/Img/LogoBig.png','/CCFormDesigner;component/Img/Logo//LogoBig.png','http://ccflow.org','_blank','','',0,1,'',''),异常信息:违反了 PRIMARY KEY 约束 'Sys_FrmImgpk'。不能在对象 'dbo.Sys_FrmImg' 中插入重复键。
语句已终止。
19日21时09分51秒Info:System');"SQL=INSERT INTO Sys_FrmImg ([MyPK],[FK_MapData],[ImgAppType],[X],[Y],[H],[W],[ImgURL],[ImgPath],[LinkURL],[LinkTarget],[GUID],[Tag0],[SrcType],[IsEdit],[Name],[EnPK] ) VALUES ( 'I20160719210951_2','ND16602',0,661.26,-1.55,40,137,'/ccform;component/Img/LogoBig.png','/CCFormDesigner;component/Img/Logo//LogoBig.png','http://ccflow.org','_blank','','',0,1,'',''),异常信息:违反了 PRIMARY KEY 约束 'Sys_FrmImgpk'。不能在对象 'dbo.Sys_FrmImg' 中插入重复键。
语句已终止。
19日21时11分01秒Info:System');"SQL=INSERT INTO Sys_FrmLab ([MyPK],[FK_MapData],[Text],[X],[Y],[FontSize],[FontColor],[FontName],[FontStyle],[FontWeight],[IsBold],[IsItalic],[GUID] ) VALUES ( 'Lab20160719211101_1','ND14401','XXX申请单',81.67,2.27,23,'#FF000000','Portable User Interface','Normal','normal',1,0,''),异常信息:违反了 PRIMARY KEY 约束 'Sys_FrmLabpk'。不能在对象 'dbo.Sys_FrmLab' 中插入重复键。
语句已终止。
19日21时11分01秒Info:System');"SQL=INSERT INTO Sys_FrmLab ([MyPK],[FK_MapData],[Text],[X],[Y],[FontSize],[FontColor],[FontName],[FontStyle],[FontWeight],[IsBold],[IsItalic],[GUID] ) VALUES ( 'Lab20160719211101_2','ND14401','济南驰骋信息技术有限公司',543,487,14,'#FF000000','Portable User Interface','Normal','',0,0,''),异常信息:违反了 PRIMARY KEY 约束 'Sys_FrmLabpk'。不能在对象 'dbo.Sys_FrmLab' 中插入重复键。
语句已终止。
19日21时11分01秒Info:System');"SQL=INSERT INTO Sys_FrmImg ([MyPK],[FK_MapData],[ImgAppType],[X],[Y],[H],[W],[ImgURL],[ImgPath],[LinkURL],[LinkTarget],[GUID],[Tag0],[SrcType],[IsEdit],[Name],[EnPK] ) VALUES ( 'I20160719211101_1','ND14401',0,661.26,-1.55,40,137,'/ccform;component/Img/LogoBig.png','/CCFormDesigner;component/Img/Logo/CCFlow/LogoBig.png','http://ccflow.org','_blank','','',0,1,'',''),异常信息:违反了 PRIMARY KEY 约束 'Sys_FrmImgpk'。不能在对象 'dbo.Sys_FrmImg' 中插入重复键。
语句已终止。
19日21时11分14秒Info:System');"SQL=INSERT INTO Sys_FrmLab ([MyPK],[FK_MapData],[Text],[X],[Y],[FontSize],[FontColor],[FontName],[FontStyle],[FontWeight],[IsBold],[IsItalic],[GUID] ) VALUES ( 'Lab20160719211114_1','ND15901','XXX申请单',81.67,2.27,23,'#FF000000','Portable User Interface','Normal','normal',1,0,''),异常信息:违反了 PRIMARY KEY 约束 'Sys_FrmLabpk'。不能在对象 'dbo.Sys_FrmLab' 中插入重复键。
语句已终止。
19日21时11分14秒Info:System');"SQL=INSERT INTO Sys_FrmLab ([MyPK],[FK_MapData],[Text],[X],[Y],[FontSize],[FontColor],[FontName],[FontStyle],[FontWeight],[IsBold],[IsItalic],[GUID] ) VALUES ( 'Lab20160719211114_2','ND15901','济南驰骋信息技术有限公司',543,487,14,'#FF000000','Portable User Interface','Normal','',0,0,''),异常信息:违反了 PRIMARY KEY 约束 'Sys_FrmLabpk'。不能在对象 'dbo.Sys_FrmLab' 中插入重复键。
语句已终止。
19日21时11分14秒Info:System');"SQL=INSERT INTO Sys_FrmImg ([MyPK],[FK_MapData],[ImgAppType],[X],[Y],[H],[W],[ImgURL],[ImgPath],[LinkURL],[LinkTarget],[GUID],[Tag0],[SrcType],[IsEdit],[Name],[EnPK] ) VALUES ( 'I20160719211114_1','ND15901',0,661.26,-1.55,40,137,'/ccform;component/Img/LogoBig.png','/CCFormDesigner;component/Img/Logo/CCFlow/LogoBig.png','http://ccflow.org','_blank','','',0,1,'',''),异常信息:违反了 PRIMARY KEY 约束 'Sys_FrmImgpk'。不能在对象 'dbo.Sys_FrmImg' 中插入重复键。
语句已终止。
19日21时11分24秒Info:System');"SQL=INSERT INTO Sys_FrmLab ([MyPK],[FK_MapData],[Text],[X],[Y],[FontSize],[FontColor],[FontName],[FontStyle],[FontWeight],[IsBold],[IsItalic],[GUID] ) VALUES ( 'Lab20160719211124_1','ND7401','可@编@辑@类',114,133,11,'#FF000000','Portable User Interface','Normal','normal',0,0,''),异常信息:违反了 PRIMARY KEY 约束 'Sys_FrmLabpk'。不能在对象 'dbo.Sys_FrmLab' 中插入重复键。
语句已终止。
19日21时11分24秒Info:System');"SQL=INSERT INTO Sys_FrmLab ([MyPK],[FK_MapData],[Text],[X],[Y],[FontSize],[FontColor],[FontName],[FontStyle],[FontWeight],[IsBold],[IsItalic],[GUID] ) VALUES ( 'Lab20160719211124_2','ND7401','不@可@编@辑@类',118,329,11,'#FF000000','Portable User Interface','Normal','normal',0,0,''),异常信息:违反了 PRIMARY KEY 约束 'Sys_FrmLabpk'。不能在对象 'dbo.Sys_FrmLab' 中插入重复键。
语句已终止。
19日21时11分24秒Info:System');"SQL=INSERT INTO Sys_FrmLab ([MyPK],[FK_MapData],[Text],[X],[Y],[FontSize],[FontColor],[FontName],[FontStyle],[FontWeight],[IsBold],[IsItalic],[GUID] ) VALUES ( 'Lab20160719211124_3','ND7401','优先级',109.05,58.1,11,'#FF000000','Portable User Interface','Normal','normal',0,0,''),异常信息:违反了 PRIMARY KEY 约束 'Sys_FrmLabpk'。不能在对象 'dbo.Sys_FrmLab' 中插入重复键。
语句已终止。
19日21时11分24秒Info:System');"SQL=INSERT INTO Sys_FrmLab ([MyPK],[FK_MapData],[Text],[X],[Y],[FontSize],[FontColor],[FontName],[FontStyle],[FontWeight],[IsBold],[IsItalic],[GUID] ) VALUES ( 'Lab20160719211124_4','ND7401','字段类型测试',294.67,8.27,23,'#FF000000','Portable User Interface','Normal','normal',0,0,''),异常信息:违反了 PRIMARY KEY 约束 'Sys_FrmLabpk'。不能在对象 'dbo.Sys_FrmLab' 中插入重复键。
语句已终止。
19日21时11分24秒Info:System');"SQL=INSERT INTO Sys_FrmImg ([MyPK],[FK_MapData],[ImgAppType],[X],[Y],[H],[W],[ImgURL],[ImgPath],[LinkURL],[LinkTarget],[GUID],[Tag0],[SrcType],[IsEdit],[Name],[EnPK] ) VALUES ( 'I20160719211124_1','ND7401',0,577.26,3.45,40,137,'/ccform;component/Img/LogoBig.png','/CCFormDesigner;component/Img/Logo/CCFlow/LogoBig.png','http://ccflow.org','_blank','','',0,1,'',''),异常信息:违反了 PRIMARY KEY 约束 'Sys_FrmImgpk'。不能在对象 'dbo.Sys_FrmImg' 中插入重复键。
语句已终止。
19日21时11分51秒Info:System');"SQL=INSERT INTO Sys_FrmLab ([MyPK],[FK_MapData],[Text],[X],[Y],[FontSize],[FontColor],[FontName],[FontStyle],[FontWeight],[IsBold],[IsItalic],[GUID] ) VALUES ( 'Lab20160719211151_1','ND15801','XXX申请单',81.67,2.27,23,'#FF000000','Portable User Interface','Normal','normal',1,0,''),异常信息:违反了 PRIMARY KEY 约束 'Sys_FrmLabpk'。不能在对象 'dbo.Sys_FrmLab' 中插入重复键。
语句已终止。
19日21时11分51秒Info:System');"SQL=INSERT INTO Sys_FrmLab ([MyPK],[FK_MapData],[Text],[X],[Y],[FontSize],[FontColor],[FontName],[FontStyle],[FontWeight],[IsBold],[IsItalic],[GUID] ) VALUES ( 'Lab20160719211151_2','ND15801','济南驰骋信息技术有限公司',543,487,14,'#FF000000','Portable User Interface','Normal','',0,0,''),异常信息:违反了 PRIMARY KEY 约束 'Sys_FrmLabpk'。不能在对象 'dbo.Sys_FrmLab' 中插入重复键。
语句已终止。
19日21时11分51秒Info:System');"SQL=INSERT INTO Sys_FrmImg ([MyPK],[FK_MapData],[ImgAppType],[X],[Y],[H],[W],[ImgURL],[ImgPath],[LinkURL],[LinkTarget],[GUID],[Tag0],[SrcType],[IsEdit],[Name],[EnPK] ) VALUES ( 'I20160719211151_1','ND15801',0,661.26,-1.55,40,137,'/ccform;component/Img/LogoBig.png','/CCFormDesigner;component/Img/Logo/CCFlow/LogoBig.png','http://ccflow.org','_blank','','',0,1,'',''),异常信息:违反了 PRIMARY KEY 约束 'Sys_FrmImgpk'。不能在对象 'dbo.Sys_FrmImg' 中插入重复键。
语句已终止。
19日21时12分14秒Info:System');"SQL=INSERT INTO Sys_FrmLab ([MyPK],[FK_MapData],[Text],[X],[Y],[FontSize],[FontColor],[FontName],[FontStyle],[FontWeight],[IsBold],[IsItalic],[GUID] ) VALUES ( 'Lab20160719211214_1','ND16301','自定义URL导航测试',81.67,2.27,23,'#FF000000','Portable User Interface','Normal','normal',1,0,''),异常信息:违反了 PRIMARY KEY 约束 'Sys_FrmLabpk'。不能在对象 'dbo.Sys_FrmLab' 中插入重复键。
语句已终止。
19日21时12分14秒Info:System');"SQL=INSERT INTO Sys_FrmLab ([MyPK],[FK_MapData],[Text],[X],[Y],[FontSize],[FontColor],[FontName],[FontStyle],[FontWeight],[IsBold],[IsItalic],[GUID] ) VALUES ( 'Lab20160719211214_2','ND16301','济南驰骋信息技术有限公司',543,487,14,'#FF000000','Portable User Interface','Normal','',0,0,''),异常信息:违反了 PRIMARY KEY 约束 'Sys_FrmLabpk'。不能在对象 'dbo.Sys_FrmLab' 中插入重复键。
语句已终止。
19日21时12分15秒Info:System');"SQL=INSERT INTO Sys_FrmLab ([MyPK],[FK_MapData],[Text],[X],[Y],[FontSize],[FontColor],[FontName],[FontStyle],[FontWeight],[IsBold],[IsItalic],[GUID] ) VALUES ( 'Lab20160719211214_3','ND16301','1.如果您看到如下字段已经赋值，就说明自定义导航设置成功.@2.没有赋值的字段就是没有把参数传递过来@3.您可以复制地址栏的URL查看系统生成的连接.',123,87,14,'#FF000000','Portable User Interface','Normal','normal',1,0,''),异常信息:违反了 PRIMARY KEY 约束 'Sys_FrmLabpk'。不能在对象 'dbo.Sys_FrmLab' 中插入重复键。
语句已终止。
19日21时12分15秒Info:System');"SQL=INSERT INTO Sys_FrmLab ([MyPK],[FK_MapData],[Text],[X],[Y],[FontSize],[FontColor],[FontName],[FontStyle],[FontWeight],[IsBold],[IsItalic],[GUID] ) VALUES ( 'Lab20160719211214_4','ND16301','用户帐号',175.2,206,14,'#FF000000','Portable User Interface','Normal','normal',0,0,''),异常信息:违反了 PRIMARY KEY 约束 'Sys_FrmLabpk'。不能在对象 'dbo.Sys_FrmLab' 中插入重复键。
语句已终止。
19日21时12分15秒Info:System');"SQL=INSERT INTO Sys_FrmLab ([MyPK],[FK_MapData],[Text],[X],[Y],[FontSize],[FontColor],[FontName],[FontStyle],[FontWeight],[IsBold],[IsItalic],[GUID] ) VALUES ( 'Lab20160719211214_5','ND16301','用户名称',360.2,207,14,'#FF000000','Portable User Interface','Normal','normal',0,0,''),异常信息:违反了 PRIMARY KEY 约束 'Sys_FrmLabpk'。不能在对象 'dbo.Sys_FrmLab' 中插入重复键。
语句已终止。
19日21时12分15秒Info:System');"SQL=INSERT INTO Sys_FrmLab ([MyPK],[FK_MapData],[Text],[X],[Y],[FontSize],[FontColor],[FontName],[FontStyle],[FontWeight],[IsBold],[IsItalic],[GUID] ) VALUES ( 'Lab20160719211214_6','ND16301','电话',176.6,252,14,'#FF000000','Portable User Interface','Normal','normal',0,0,''),异常信息:违反了 PRIMARY KEY 约束 'Sys_FrmLabpk'。不能在对象 'dbo.Sys_FrmLab' 中插入重复键。
语句已终止。
19日21时12分15秒Info:System');"SQL=INSERT INTO Sys_FrmLab ([MyPK],[FK_MapData],[Text],[X],[Y],[FontSize],[FontColor],[FontName],[FontStyle],[FontWeight],[IsBold],[IsItalic],[GUID] ) VALUES ( 'Lab20160719211214_7','ND16301','邮件',360.2,252,14,'#FF000000','Portable User Interface','Normal','normal',0,0,''),异常信息:违反了 PRIMARY KEY 约束 'Sys_FrmLabpk'。不能在对象 'dbo.Sys_FrmLab' 中插入重复键。
语句已终止。
19日21时12分17秒Info:System');"@开始调度表单模板文件:D:\ccflow\CCFlow\WF\Data\FlowDemo\Form\01.表单元素\01.表单元素.xml@开始调度表单模板文件:D:\ccflow\CCFlow\WF\Data\FlowDemo\Form\01.表单元素\02.基础功能.xml@开始调度表单模板文件:D:\ccflow\CCFlow\WF\Data\FlowDemo\Form\01.表单元素\03.主从表基础功能.xml@开始调度表单模板文件:D:\ccflow\CCFlow\WF\Data\FlowDemo\Form\01.表单元素\04.一对多.xml@开始调度表单模板文件:D:\ccflow\CCFlow\WF\Data\FlowDemo\Form\01.表单元素\05.增加操作员申请单.xml@开始调度表单模板文件:D:\ccflow\CCFlow\WF\Data\FlowDemo\Form\01.表单元素\06.从表功能展示.xml@开始调度表单模板文件:D:\ccflow\CCFlow\WF\Data\FlowDemo\Form\01.表单元素\07.表单控件风格.xml@开始调度表单模板文件:D:\ccflow\CCFlow\WF\Data\FlowDemo\Form\02.企业资质申请表单\01.企业基本情况.xml@开始调度表单模板文件:D:\ccflow\CCFlow\WF\Data\FlowDemo\Form\02.企业资质申请表单\02.企业简介.xml@开始调度表单模板文件:D:\ccflow\CCFlow\WF\Data\FlowDemo\Form\02.企业资质申请表单\03.企业组织机构框图.xml@开始调度表单模板文件:D:\ccflow\CCFlow\WF\Data\FlowDemo\Form\02.企业资质申请表单\04.企业经理简历.xml@开始调度表单模板文件:D:\ccflow\CCFlow\WF\Data\FlowDemo\Form\02.企业资质申请表单\05.企业技术负责人简历.xml@开始调度表单模板文件:D:\ccflow\CCFlow\WF\Data\FlowDemo\Form\02.企业资质申请表单\06.企业财务负责人简历.xml@开始调度表单模板文件:D:\ccflow\CCFlow\WF\Data\FlowDemo\Form\02.企业资质申请表单\07.企业经营负责人简历.xml@开始调度表单模板文件:D:\ccflow\CCFlow\WF\Data\FlowDemo\Form\02.企业资质申请表单\08.工程技术和经济管理人员名单.xml@开始调度表单模板文件:D:\ccflow\CCFlow\WF\Data\FlowDemo\Form\02.企业资质申请表单\09.企业注册建造师名单.xml@开始调度表单模板文件:D:\ccflow\CCFlow\WF\Data\FlowDemo\Form\02.企业资质申请表单\10.企业自有的主要机械设备.xml@开始调度表单模板文件:D:\ccflow\CCFlow\WF\Data\FlowDemo\Form\02.企业资质申请表单\11.企业代表工程业绩一览表.xml@开始调度表单模板文件:D:\ccflow\CCFlow\WF\Data\FlowDemo\Form\02.企业资质申请表单\12.企业代表工程情况.xml@开始调度表单模板文件:D:\ccflow\CCFlow\WF\Data\FlowDemo\Form\02.企业资质申请表单\13.审批承办信息填写.xml@开始调度表单模板文件:D:\ccflow\CCFlow\WF\Data\FlowDemo\Form\02.企业资质申请表单\14.企业法定代表人声明.xml@开始调度表单模板文件:D:\ccflow\CCFlow\WF\Data\FlowDemo\Form\03.经典表单\企业困难(问题)登记表.xml@开始调度表单模板文件:D:\ccflow\CCFlow\WF\Data\FlowDemo\Form\03.经典表单\工业设计和创意需求登记表.xml@开始调度表单模板文件:D:\ccflow\CCFlow\WF\Data\FlowDemo\Form\03.经典表单\新建工程(一对多多的应用).xml@开始调度表单模板文件:D:\ccflow\CCFlow\WF\Data\FlowDemo\Form\04.航空考察\开行考察工作单-安全保卫部.xml@开始调度表单模板文件:D:\ccflow\CCFlow\WF\Data\FlowDemo\Form\04.航空考察\开行考察工作单-配餐部.xml@开始调度表单模板文件:D:\ccflow\CCFlow\WF\Data\FlowDemo\Form\04.航空考察\开行考察工作单-飞行部.xml@开始调度表单模板文件:D:\ccflow\CCFlow\WF\Data\FlowDemo\Form\05.项目立项\审批公文.xml@开始调度表单模板文件:D:\ccflow\CCFlow\WF\Data\FlowDemo\Form\05.项目立项\立项申请书.xml@开始调度表单模板文件:D:\ccflow\CCFlow\WF\Data\FlowDemo\Form\05.项目立项\计划信息.xml@开始调度表单模板文件:D:\ccflow\CCFlow\WF\Data\FlowDemo\Form\06.项目验收\竣工验收申请.xml@开始调度表单模板文件:D:\ccflow\CCFlow\WF\Data\FlowDemo\Form\06.项目验收\项目验收信息.xml@开始调度表单模板文件:D:\ccflow\CCFlow\WF\Data\FlowDemo\Form\06.项目验收\验收项目.xml@开始调度表单模板文件:D:\ccflow\CCFlow\WF\Data\FlowDemo\Form\07.测试案例\从表多附件权限控制.xml@开始调度表单模板文件:D:\ccflow\CCFlow\WF\Data\FlowDemo\Form\08.表单类型\Excel表单Demo.xml@开始调度表单模板文件:D:\ccflow\CCFlow\WF\Data\FlowDemo\Form\08.表单类型\Word表单Demo.xml@开始调度表单模板文件:D:\ccflow\CCFlow\WF\Data\FlowDemo\Form\08.表单类型\傻瓜表单.xml@开始调度表单模板文件:D:\ccflow\CCFlow\WF\Data\FlowDemo\Form\08.表单类型\自定义表单.xml@开始调度表单模板文件:D:\ccflow\CCFlow\WF\Data\FlowDemo\Form\09.数据汇总演示\会签意见汇总.xml@开始调度表单模板文件:D:\ccflow\CCFlow\WF\Data\FlowDemo\Form\09.数据汇总演示\项目会签.xml@开始调度表单模板文件:D:\ccflow\CCFlow\WF\Data\FlowDemo\Form\09.数据汇总演示\项目登记.xml@开始调度表单模板文件:D:\ccflow\CCFlow\WF\Data\FlowDemo\Form\10.动态表单树\A类型业务申请单.xml@开始调度表单模板文件:D:\ccflow\CCFlow\WF\Data\FlowDemo\Form\10.动态表单树\B类型业务申请单.xml@开始调度表单模板文件:D:\ccflow\CCFlow\WF\Data\FlowDemo\Form\10.动态表单树\C类型业务申请单.xml	
@开始调度流程模板文件:D:\ccflow\CCFlow\WF\Data\FlowDemo\Flow\01.线性流程\共享任务测试.xml	
@流程:共享任务测试装载成功。	
@开始调度流程模板文件:D:\ccflow\CCFlow\WF\Data\FlowDemo\Flow\01.线性流程\批量发起,批量审核.xml	
@流程:批量发起,批量审核装载成功。	
@开始调度流程模板文件:D:\ccflow\CCFlow\WF\Data\FlowDemo\Flow\01.线性流程\批量发起-分组审核-启动父流程.xml	
@流程:批量发起-分组审核-启动父流程装载成功。	
@开始调度流程模板文件:D:\ccflow\CCFlow\WF\Data\FlowDemo\Flow\01.线性流程\批量发起-分组审核父流程.xml	
@流程:批量发起-分组审核父流程装载成功。	
@开始调度流程模板文件:D:\ccflow\CCFlow\WF\Data\FlowDemo\Flow\01.线性流程\线性循环流程.xml	
@流程:线性循环流程装载成功。	
@开始调度流程模板文件:D:\ccflow\CCFlow\WF\Data\FlowDemo\Flow\01.线性流程\自由流程-子流程.xml	
@流程:请假测试深圳装载成功。	
@开始调度流程模板文件:D:\ccflow\CCFlow\WF\Data\FlowDemo\Flow\01.线性流程\自由流程.xml	
@流程:自由流程装载成功。	
@开始调度流程模板文件:D:\ccflow\CCFlow\WF\Data\FlowDemo\Flow\01.线性流程\表单数据copy测试案例.xml	
@流程:表单数据copy测试案例装载成功。	
@开始调度流程模板文件:D:\ccflow\CCFlow\WF\Data\FlowDemo\Flow\01.线性流程\请假流程(审核组件).xml	
@流程:请假流程(审核组件)装载成功。	
@开始调度流程模板文件:D:\ccflow\CCFlow\WF\Data\FlowDemo\Flow\01.线性流程\请假流程(按岗位控制走向).xml	
@流程:请假流程(按岗位控制走向)装载成功。	
@开始调度流程模板文件:D:\ccflow\CCFlow\WF\Data\FlowDemo\Flow\01.线性流程\财务报销演示.xml	
@流程:财务报销演示装载成功。	
@开始调度流程模板文件:D:\ccflow\CCFlow\WF\Data\FlowDemo\Flow\01.线性流程\01.多人处理\多人处理规则.xml	
@流程:多人处理规则装载成功。	
@开始调度流程模板文件:D:\ccflow\CCFlow\WF\Data\FlowDemo\Flow\01.线性流程\01.多人处理\多人待办工作处理模式.xml	
@流程:多人待办工作处理模式装载成功。	
@开始调度流程模板文件:D:\ccflow\CCFlow\WF\Data\FlowDemo\Flow\01.线性流程\01.多人处理\多部门联合审批(协作模式).xml	
@流程:多部门联合审批(协作模式)装载成功。	
@开始调度流程模板文件:D:\ccflow\CCFlow\WF\Data\FlowDemo\Flow\01.线性流程\01.多人处理\特别控件特别用户权限-附件类.xml	
@流程:特别控件特别用户权限-附件类装载成功。	
@开始调度流程模板文件:D:\ccflow\CCFlow\WF\Data\FlowDemo\Flow\01.线性流程\04.外部用户流程\学生请假流程(Guest流程).xml	
@流程:学生请假流程(Guest流程)装载成功。	
@开始调度流程模板文件:D:\ccflow\CCFlow\WF\Data\FlowDemo\Flow\02.同表单分合流\一人多子线程模式(批次维度任务模式).xml	
@流程:一人多子线程模式(批次维度任务模式)装载成功。	
@开始调度流程模板文件:D:\ccflow\CCFlow\WF\Data\FlowDemo\Flow\02.同表单分合流\两个子线程分合流.xml	
@流程:两个子线城分合流装载成功。	
@开始调度流程模板文件:D:\ccflow\CCFlow\WF\Data\FlowDemo\Flow\02.同表单分合流\两段分合流子线程集合不一致.xml	
@流程:两段分合流子线程集合不一致装载成功。	
@开始调度流程模板文件:D:\ccflow\CCFlow\WF\Data\FlowDemo\Flow\02.同表单分合流\以SQL做为子线程的数据源与接受人.xml	
@流程:以SQL做为子线程的数据源与接受人装载成功。	
@开始调度流程模板文件:D:\ccflow\CCFlow\WF\Data\FlowDemo\Flow\02.同表单分合流\以明细表做接受人与数据源.xml	
@流程:以明细表做接受人与数据源装载成功。	
@开始调度流程模板文件:D:\ccflow\CCFlow\WF\Data\FlowDemo\Flow\02.同表单分合流\会议通知流程.xml	
@流程:会议通知流程装载成功。	
@开始调度流程模板文件:D:\ccflow\CCFlow\WF\Data\FlowDemo\Flow\02.同表单分合流\具有两段同表单分合流Demo.xml	
@流程:具有两段同表单分合流Demo装载成功。	
@开始调度流程模板文件:D:\ccflow\CCFlow\WF\Data\FlowDemo\Flow\02.同表单分合流\具有两段同表单分合流并且汇总明细表Demo.xml	
@流程:具有两段同表单分合流Demo装载成功。	
@开始调度流程模板文件:D:\ccflow\CCFlow\WF\Data\FlowDemo\Flow\02.同表单分合流\具有质量考核的同表单流程.xml	
@流程:具有质量考核的同表单流程装载成功。	
@开始调度流程模板文件:D:\ccflow\CCFlow\WF\Data\FlowDemo\Flow\02.同表单分合流\同表单分合流(二).xml	
@流程:同表单分合流(二)装载成功。	
@开始调度流程模板文件:D:\ccflow\CCFlow\WF\Data\FlowDemo\Flow\02.同表单分合流\子线程可以查看分流点明细表.xml	
@流程:子线程可以查看分流点明细表装载成功。	
@开始调度流程模板文件:D:\ccflow\CCFlow\WF\Data\FlowDemo\Flow\02.同表单分合流\工作计划(具有明细表汇总).xml	
@流程:工作计划(具有明细表汇总)装载成功。	
@开始调度流程模板文件:D:\ccflow\CCFlow\WF\Data\FlowDemo\Flow\02.同表单分合流\月销售总结(同表单分合流).xml	
@流程:月销售总结(同表单分合流)装载成功。	
@开始调度流程模板文件:D:\ccflow\CCFlow\WF\Data\FlowDemo\Flow\02.同表单分合流\煤矿安检流程(从表分流).xml	
@流程:煤矿安全检查(从表分流)装载成功。	
@开始调度流程模板文件:D:\ccflow\CCFlow\WF\Data\FlowDemo\Flow\02.同表单分合流\独立表单数据汇总.xml	
@流程:独立表单数据汇总装载成功。	
@开始调度流程模板文件:D:\ccflow\CCFlow\WF\Data\FlowDemo\Flow\03.异表单分合流\新航线考察流程.xml	
@流程:新航线考察流程装载成功。	
@开始调度流程模板文件:D:\ccflow\CCFlow\WF\Data\FlowDemo\Flow\03.异表单分合流\订单流程.xml	
@流程:订单流程装载成功。	
@开始调度流程模板文件:D:\ccflow\CCFlow\WF\Data\FlowDemo\Flow\03.异表单分合流\部门年计划流程.xml	
@流程:部门年计划流程装载成功。	
@开始调度流程模板文件:D:\ccflow\CCFlow\WF\Data\FlowDemo\Flow\04.父子流程\子流程A.xml	
@流程:子流程A装载成功。	
@开始调度流程模板文件:D:\ccflow\CCFlow\WF\Data\FlowDemo\Flow\04.父子流程\父流程(自动发起子流程).xml	
@流程:父流程(自动发起子流程)装载成功。	
@开始调度流程模板文件:D:\ccflow\CCFlow\WF\Data\FlowDemo\Flow\04.父子流程\01.经典调用方式\催款流程(子流程).xml	
@流程:催款流程(子流程)装载成功。	
@开始调度流程模板文件:D:\ccflow\CCFlow\WF\Data\FlowDemo\Flow\04.父子流程\01.经典调用方式\施工流程(子流程).xml	
@流程:施工流程(子流程)装载成功。	
@开始调度流程模板文件:D:\ccflow\CCFlow\WF\Data\FlowDemo\Flow\04.父子流程\01.经典调用方式\节点发送阻塞测试.xml	
@流程:节点发送阻塞测试装载成功。	
@开始调度流程模板文件:D:\ccflow\CCFlow\WF\Data\FlowDemo\Flow\04.父子流程\01.经典调用方式\项目管理(父流程).xml	
@流程:项目管理(父流程)装载成功。	
@开始调度流程模板文件:D:\ccflow\CCFlow\WF\Data\FlowDemo\Flow\04.父子流程\03.递归子流程\主流程.xml	
@流程:主流程装载成功。	
@开始调度流程模板文件:D:\ccflow\CCFlow\WF\Data\FlowDemo\Flow\04.父子流程\03.递归子流程\子流程1.xml	
@流程:子流程1装载成功。	
@开始调度流程模板文件:D:\ccflow\CCFlow\WF\Data\FlowDemo\Flow\04.父子流程\03.递归子流程\子流程2.xml	
@流程:子流程2装载成功。	
@开始调度流程模板文件:D:\ccflow\CCFlow\WF\Data\FlowDemo\Flow\04.父子流程\03.递归子流程\孙子流程1.xml	
@流程:孙子流程1装载成功。	
@开始调度流程模板文件:D:\ccflow\CCFlow\WF\Data\FlowDemo\Flow\04.父子流程\03.递归子流程\孙子流程2.xml	
@流程:孙子流程2装载成功。	
@开始调度流程模板文件:D:\ccflow\CCFlow\WF\Data\FlowDemo\Flow\05.SDK流程\同表单分合流(子流程).xml	
@流程:同表单分合流(子流程)装载成功。	
@开始调度流程模板文件:D:\ccflow\CCFlow\WF\Data\FlowDemo\Flow\05.SDK流程\同表单分合流.xml	
@流程:同表单分合流装载成功。	
@开始调度流程模板文件:D:\ccflow\CCFlow\WF\Data\FlowDemo\Flow\05.SDK流程\01.请假流程Demo\请假流程(SDK模式).xml	
@流程:请假流程(SDK模式)装载成功。	
@开始调度流程模板文件:D:\ccflow\CCFlow\WF\Data\FlowDemo\Flow\05.SDK流程\01.请假流程Demo\请假流程(审批组件模式).xml	
@流程:请假流程(审批组件模式)装载成功。	
@开始调度流程模板文件:D:\ccflow\CCFlow\WF\Data\FlowDemo\Flow\05.SDK流程\01.请假流程Demo\请假流程(自定义表单).xml	
@流程:请假流程(自定义表单)装载成功。	
@开始调度流程模板文件:D:\ccflow\CCFlow\WF\Data\FlowDemo\Flow\05.SDK流程\02.通讯基站工单流程\网优-子子流程(设备维护).xml	
@流程:网优-子子流程(设备维护)装载成功。	
@开始调度流程模板文件:D:\ccflow\CCFlow\WF\Data\FlowDemo\Flow\05.SDK流程\02.通讯基站工单流程\网优-子流程(市局).xml	
@流程:网优-子流程(市局)装载成功。	
@开始调度流程模板文件:D:\ccflow\CCFlow\WF\Data\FlowDemo\Flow\05.SDK流程\02.通讯基站工单流程\网优-父流程(省局监控分合流子流程).xml	
@流程:网优-父流程(省局监控分合流子流程)装载成功。	
@开始调度流程模板文件:D:\ccflow\CCFlow\WF\Data\FlowDemo\Flow\05.SDK流程\03.SDK表单通用组件\审核组件FrmCheck.xml	
@流程:审核组件FrmCheck装载成功。	
@开始调度流程模板文件:D:\ccflow\CCFlow\WF\Data\FlowDemo\Flow\05.SDK流程\03.SDK表单通用组件\工具栏组件Toolbar.xml	
@流程:工具栏Toolbar装载成功。	
@开始调度流程模板文件:D:\ccflow\CCFlow\WF\Data\FlowDemo\Flow\06.压力与速度测试\最简单的3节点(覆盖模式).xml	
@流程:最简单的3节点(覆盖模式)装载成功。	
@开始调度流程模板文件:D:\ccflow\CCFlow\WF\Data\FlowDemo\Flow\06.压力与速度测试\最简单的3节点(轨迹模式).xml	
@流程:最简单的3节点(轨迹模式)装载成功。	
@开始调度流程模板文件:D:\ccflow\CCFlow\WF\Data\FlowDemo\Flow\07.单元测试-用例流程\公文接受人模式.xml	
@流程:公文接受人模式装载成功。	
@开始调度流程模板文件:D:\ccflow\CCFlow\WF\Data\FlowDemo\Flow\07.单元测试-用例流程\工业自动化流程.xml	
@流程:工业自动化流程装载成功。	
@开始调度流程模板文件:D:\ccflow\CCFlow\WF\Data\FlowDemo\Flow\07.单元测试-用例流程\常用接收人规则测试流程.xml	
@流程:常用接收人规则测试流程装载成功。	
@开始调度流程模板文件:D:\ccflow\CCFlow\WF\Data\FlowDemo\Flow\07.单元测试-用例流程\找人规则(找领导).xml	
@流程:找人规则(找领导)装载成功。	
@开始调度流程模板文件:D:\ccflow\CCFlow\WF\Data\FlowDemo\Flow\07.单元测试-用例流程\按轨迹退回.xml	
@流程:按轨迹退回装载成功。	
@开始调度流程模板文件:D:\ccflow\CCFlow\WF\Data\FlowDemo\Flow\07.单元测试-用例流程\测试表单字段类型流程.xml	
@流程:测试表单字段类型流程装载成功。	
@开始调度流程模板文件:D:\ccflow\CCFlow\WF\Data\FlowDemo\Flow\07.单元测试-用例流程\节点属性-超时处理.xml	
@流程:节点属性-超时处理装载成功。	
@开始调度流程模板文件:D:\ccflow\CCFlow\WF\Data\FlowDemo\Flow\07.单元测试-用例流程\阅读回执-请假流程.xml	
@流程:阅读回执-请假流程装载成功。	
@开始调度流程模板文件:D:\ccflow\CCFlow\WF\Data\FlowDemo\Flow\07.单元测试-用例流程\01.跳转\跳转1-处理人就是提交人1-1.xml	
@流程:跳转1-处理人就是提交人1-1装载成功。	
@开始调度流程模板文件:D:\ccflow\CCFlow\WF\Data\FlowDemo\Flow\07.单元测试-用例流程\01.跳转\跳转1-处理人就是提交人1-2.xml	
@流程:跳转1-处理人就是提交人1-2装载成功。	
@开始调度流程模板文件:D:\ccflow\CCFlow\WF\Data\FlowDemo\Flow\07.单元测试-用例流程\01.跳转\跳转1-处理人就是提交人1-3.xml	
@流程:跳转1-处理人就是提交人1-3装载成功。	
@开始调度流程模板文件:D:\ccflow\CCFlow\WF\Data\FlowDemo\Flow\07.单元测试-用例流程\01.跳转\跳转2-处理人出现过.xml	
@流程:跳转2-处理人出现过装载成功。	
@开始调度流程模板文件:D:\ccflow\CCFlow\WF\Data\FlowDemo\Flow\07.单元测试-用例流程\02.方向条件\测试方向条件-开发者参数.xml	
@流程:测试方向条件-开发者参数装载成功。	
@开始调度流程模板文件:D:\ccflow\CCFlow\WF\Data\FlowDemo\Flow\07.单元测试-用例流程\02.方向条件\测试方向条件-按SQL.xml	
@流程:测试方向条件-按SQL装载成功。	
@开始调度流程模板文件:D:\ccflow\CCFlow\WF\Data\FlowDemo\Flow\07.单元测试-用例流程\02.方向条件\测试方向条件-按URL.xml	
@流程:测试方向条件-按URL装载成功。	
@开始调度流程模板文件:D:\ccflow\CCFlow\WF\Data\FlowDemo\Flow\07.单元测试-用例流程\02.方向条件\测试方向条件-部门方向条件.xml	
@流程:测试方向条件-部门方向条件装载成功。	
@开始调度流程模板文件:D:\ccflow\CCFlow\WF\Data\FlowDemo\Flow\07.单元测试-用例流程\02.方向条件\节点手工方向选择.xml	
@流程:节点手工方向选择装载成功。	
@开始调度流程模板文件:D:\ccflow\CCFlow\WF\Data\FlowDemo\Flow\07.单元测试-用例流程\03.业务表数据同步\人员入职申请单.xml	
@流程:人员入职申请单装载成功。	
@开始调度流程模板文件:D:\ccflow\CCFlow\WF\Data\FlowDemo\Flow\07.单元测试-用例流程\03.业务表数据同步\人员部门岗位变更.xml	
@流程:人员部门岗位变更装载成功。	
@开始调度流程模板文件:D:\ccflow\CCFlow\WF\Data\FlowDemo\Flow\08.表单解决方案\请假流程(数据合并模式).xml	
@流程:请假流程(数据合并模式)装载成功。	
@开始调度流程模板文件:D:\ccflow\CCFlow\WF\Data\FlowDemo\Flow\08.表单解决方案\01.单表单\Excel表单-请假流程.xml	
@流程:Excel表单装载成功。	
@开始调度流程模板文件:D:\ccflow\CCFlow\WF\Data\FlowDemo\Flow\08.表单解决方案\01.单表单\Word表单-请假流程.xml	
@流程:Word表单装载成功。	
@开始调度流程模板文件:D:\ccflow\CCFlow\WF\Data\FlowDemo\Flow\08.表单解决方案\01.单表单\傻瓜表单工作模式.xml	
@流程:傻瓜表单工作模式装载成功。	
@开始调度流程模板文件:D:\ccflow\CCFlow\WF\Data\FlowDemo\Flow\08.表单解决方案\01.单表单\嵌入式表单流程.xml	
@流程:嵌入式表单流程装载成功。	
@开始调度流程模板文件:D:\ccflow\CCFlow\WF\Data\FlowDemo\Flow\08.表单解决方案\01.单表单\自由表单-审核组件-请假流程.xml	
@流程:自由表单-审核组件装载成功。	
@开始调度流程模板文件:D:\ccflow\CCFlow\WF\Data\FlowDemo\Flow\08.表单解决方案\01.单表单\请假流程(轨迹模式).xml	
@流程:请假流程(轨迹模式)装载成功。	
@开始调度流程模板文件:D:\ccflow\CCFlow\WF\Data\FlowDemo\Flow\08.表单解决方案\02.树形表单\Office类型表单权限控制demo.xml	
@流程:Office类型表单权限控制demo装载成功。	
@开始调度流程模板文件:D:\ccflow\CCFlow\WF\Data\FlowDemo\Flow\08.表单解决方案\02.树形表单\以表单字段为条件启用禁用独立表单.xml	
@流程:以表单字段为条件启用禁用独立表单装载成功。	
@开始调度流程模板文件:D:\ccflow\CCFlow\WF\Data\FlowDemo\Flow\08.表单解决方案\02.树形表单\动态绑定多表单流程.xml	
@流程:动态绑定多表单流程装载成功。	
@开始调度流程模板文件:D:\ccflow\CCFlow\WF\Data\FlowDemo\Flow\08.表单解决方案\02.树形表单\树形表单-立项申请.xml	
@流程:树形表单-立项申请装载成功。	
@开始调度流程模板文件:D:\ccflow\CCFlow\WF\Data\FlowDemo\Flow\08.表单解决方案\02.树形表单\树形表单-项目验收.xml	
@流程:树形表单-项目验收装载成功。	
@开始调度流程模板文件:D:\ccflow\CCFlow\WF\Data\FlowDemo\Flow\08.表单解决方案\02.树形表单\树形表单的附件权限.xml	
@流程:树形表单的附件权限装载成功。	
@开始调度流程模板文件:D:\ccflow\CCFlow\WF\Data\FlowDemo\Flow\08.表单解决方案\03.多表单\建筑资质申请(多表单流程).xml	
@流程:建筑资质申请(多表单流程)装载成功。	
@开始调度流程模板文件:D:\ccflow\CCFlow\WF\Data\FlowDemo\Flow\08.表单解决方案\04.公文\公文发文.xml	
@流程:公文发文装载成功。	
@开始调度流程模板文件:D:\ccflow\CCFlow\WF\Data\FlowDemo\Flow\08.表单解决方案\04.公文\公文收文.xml	
@流程:公文收文装载成功。	
@开始调度流程模板文件:D:\ccflow\CCFlow\WF\Data\FlowDemo\Flow\08.表单解决方案\04.公文\公文流程.xml	
@流程:公文流程装载成功。	
@开始调度流程模板文件:D:\ccflow\CCFlow\WF\Data\FlowDemo\Flow\09.数据列表前置导航\导航测试-立项流程.xml	
@流程:导航测试-立项流程装载成功。	
@开始调度流程模板文件:D:\ccflow\CCFlow\WF\Data\FlowDemo\Flow\09.数据列表前置导航\导航测试-项目单条验收(子流程).xml	
@流程:导航测试-项目单条验收(子流程)装载成功。	
@开始调度流程模板文件:D:\ccflow\CCFlow\WF\Data\FlowDemo\Flow\09.数据列表前置导航\导航测试-项目合并验收(父流程).xml	
@流程:导航测试-项目合并验收(父流程)装载成功。	
@开始调度流程模板文件:D:\ccflow\CCFlow\WF\Data\FlowDemo\Flow\09.数据列表前置导航\简单导航-单条模式.xml	
@流程:简单导航-单条模式装载成功。	
@开始调度流程模板文件:D:\ccflow\CCFlow\WF\Data\FlowDemo\Flow\09.数据列表前置导航\自定义URL前置导航.xml	
@流程:自定义URL导航装载成功。	
@开始调度流程模板文件:D:\ccflow\CCFlow\WF\Data\FlowDemo\Flow\09.数据列表前置导航\子父流程-前置导航-合卷审批模式\分段项目申请(子流程).xml	
@流程:分段项目申请(子流程)装载成功。	
@开始调度流程模板文件:D:\ccflow\CCFlow\WF\Data\FlowDemo\Flow\09.数据列表前置导航\子父流程-前置导航-合卷审批模式\总承包项目合卷审批(父流程).xml	
@流程:总承包项目合卷审批(父流程)装载成功。
-----------------------------------------------------------------------------------------------------
19日21时18分37秒Info:System');"----------------------------------  start ------------------ 
19日21时18分37秒Info:System');"----------------------------------  end ------------------ 
19日21时18分42秒Info:System');"成功[BP.Port.Emp-13]放入缓存。
19日21时18分42秒Info:System');"SQL=DROP TABLE Port_EmpDept,异常信息:无法将 DROP TABLE 用于 'Port_EmpDept'，因为 'Port_EmpDept' 是 视图。请使用 DROP VIEW。
19日21时18分42秒Info:System');"SQL=UPDATE Sys_MapExt SET MyPK= ExtType+'_'+FK_Mapdata+'_'+AttrOfOper WHERE ExtType='TBFullCtrl'UPDATE Sys_MapExt SET MyPK= ExtType+'_'+FK_Mapdata+'_'+AttrOfOper WHERE ExtType='PopVal'UPDATE Sys_MapExt SET MyPK= ExtType+'_'+FK_Mapdata+'_'+AttrOfOper WHERE ExtType='DDLFullCtrl'UPDATE Sys_MapExt SET MyPK= ExtType+'_'+FK_Mapdata+'_'+AttrOfOper WHERE ExtType='ActiveDDL',异常信息:违反了 PRIMARY KEY 约束 'Sys_MapExtpk'。不能在对象 'dbo.Sys_MapExt' 中插入重复键。
违反了 PRIMARY KEY 约束 'Sys_MapExtpk'。不能在对象 'dbo.Sys_MapExt' 中插入重复键。
语句已终止。
语句已终止。
19日21时19分33秒Info:System');"成功[BP.WF.Flow-101]放入缓存。
19日21时19分34秒Info:System');"SQL=UPDATE Sys_MapDtl SET GroupID=1032        WHERE  No   IN (SELECT X.No FROM (SELECT No FROM Sys_MapDtl WHERE GroupID NOT IN (SELECT OID FROM Sys_GroupField WHERE EnName='ND17001')) AS X ) AND FK_MapData='ND17001',异常信息:列名 'GroupID' 无效。
-----------------------------------------------------------------------------------------------------
19日21时21分38秒Info:System');"成功[BP.Port.Emp-13]放入缓存。
19日21时21分38秒Info:System');"成功[BP.WF.Flow-101]放入缓存。
19日21时21分56秒Info:System');"SQL=UPDATE Sys_MapDtl SET GroupID=1046        WHERE  No   IN (SELECT X.No FROM (SELECT No FROM Sys_MapDtl WHERE GroupID NOT IN (SELECT OID FROM Sys_GroupField WHERE EnName='ND17001')) AS X ) AND FK_MapData='ND17001',异常信息:列名 'GroupID' 无效。
19日21时25分25秒Fatal:System');"@没有[实体属性  Sys_MapAttr, 类[BP.Sys.MapAttr], 物理表[Sys_MapAttr] 实例。PK = 
19日21时25分36秒Fatal:System');"@没有[实体属性  Sys_MapAttr, 类[BP.Sys.MapAttr], 物理表[Sys_MapAttr] 实例。PK = 
19日21时29分33秒Info:System');"成功[BP.WF.Flow-102]放入缓存。
19日21时29分33秒Info:System');"SQL=UPDATE Sys_MapDtl SET GroupID=1066        WHERE  No   IN (SELECT X.No FROM (SELECT No FROM Sys_MapDtl WHERE GroupID NOT IN (SELECT OID FROM Sys_GroupField WHERE EnName='ND17101')) AS X ) AND FK_MapData='ND17101',异常信息:列名 'GroupID' 无效。
-----------------------------------------------------------------------------------------------------
19日23时31分23秒Info:System');"----------------------------------  start ------------------ 
19日23时31分23秒Info:System');"----------------------------------  end ------------------ 
19日23时31分25秒Info:System');"成功[BP.Port.Emp-13]放入缓存。
-----------------------------------------------------------------------------------------------------
19日23时32分36秒Info:System');"----------------------------------  start ------------------ 
19日23时32分36秒Info:System');"----------------------------------  end ------------------ 
-----------------------------------------------------------------------------------------------------
19日23时41分14秒Info:System');"成功[BP.Port.Emp-13]放入缓存。
