-----------------------------------------------------------------------------------------------------
06日08时59分56秒Info:System');"----------------------------------  start ------------------ 
06日08时59分56秒Info:System');"----------------------------------  end ------------------ 
06日08时59分58秒Info:System');"成功[BP.Port.Emp-13]放入缓存。
-----------------------------------------------------------------------------------------------------
06日09时59分13秒Info:System');"成功[BP.WF.Flow-101]放入缓存。
06日09时59分20秒Info:System');"成功[BP.WF.Template.Selector-376]放入缓存。
06日10时00分34秒Info:System');"成功[BP.WF.Template.Selector-376]放入缓存。
06日10时01分53秒Info:System');"成功[BP.Port.Emp-13]放入缓存。
06日10时01分53秒Info:System');"成功[BP.Sys.EnCfg-8]放入缓存。
06日10时37分00秒Info:System');"----------------------------------  start ------------------ 
06日10时37分00秒Info:System');"----------------------------------  end ------------------ 
06日10时37分49秒Info:System');"成功[BP.WF.Flow-102]放入缓存。
06日10时39分44秒Info:System');"成功[BP.WF.Template.Selector-381]放入缓存。
06日10时39分53秒Info:System');"成功[BP.WF.Template.Selector-381]放入缓存。
-----------------------------------------------------------------------------------------------------
06日10时41分41秒Info:System');"成功[BP.WF.Template.Selector-381]放入缓存。
06日10时41分53秒Info:System');"成功[BP.WF.Template.Selector-381]放入缓存。
06日10时41分59秒Info:System');"成功[BP.WF.Template.Selector-381]放入缓存。
-----------------------------------------------------------------------------------------------------
06日10时42分16秒Info:System');"成功[BP.WF.Template.Selector-381]放入缓存。
06日10时42分21秒Info:System');"成功[BP.WF.Template.Selector-381]放入缓存。
-----------------------------------------------------------------------------------------------------
06日10时43分10秒Info:System');"成功[BP.WF.Template.Selector-381]放入缓存。
06日10时43分11秒Info:System');"成功[BP.WF.Template.Selector-381]放入缓存。
06日10时43分11秒Info:System');"成功[BP.WF.Template.Selector-381]放入缓存。
06日10时43分12秒Info:System');"成功[BP.WF.Template.Selector-381]放入缓存。
06日10时43分12秒Info:System');"成功[BP.WF.Template.Selector-381]放入缓存。
06日10时43分12秒Info:System');"成功[BP.WF.Template.Selector-381]放入缓存。
06日10时43分13秒Info:System');"成功[BP.WF.Template.Selector-381]放入缓存。
06日10时43分13秒Info:System');"成功[BP.WF.Template.Selector-381]放入缓存。
06日10时43分13秒Info:System');"成功[BP.WF.Template.Selector-381]放入缓存。
06日10时43分18秒Info:System');"成功[BP.WF.Template.Selector-381]放入缓存。
06日10时43分18秒Info:System');"成功[BP.WF.Template.Selector-381]放入缓存。
06日10时43分18秒Info:System');"成功[BP.WF.Template.Selector-381]放入缓存。
06日10时43分32秒Info:System');"成功[BP.WF.Template.Selector-381]放入缓存。
06日10时43分35秒Info:System');"成功[BP.WF.Template.Selector-381]放入缓存。
06日10时43分35秒Info:System');"成功[BP.WF.Template.Selector-381]放入缓存。
06日10时43分35秒Info:System');"成功[BP.WF.Template.Selector-381]放入缓存。
06日10时43分41秒Info:System');"成功[BP.WF.Flow-102]放入缓存。
06日10时43分45秒Info:System');"成功[BP.WF.Template.Selector-381]放入缓存。
06日10时43分53秒Info:System');"成功[BP.WF.Template.Selector-381]放入缓存。
06日10时43分53秒Info:System');"成功[BP.WF.Template.Selector-381]放入缓存。
06日10时43分53秒Info:System');"成功[BP.WF.Template.Selector-381]放入缓存。
06日10时44分07秒Info:System');"成功[BP.WF.Template.Selector-381]放入缓存。
06日10时44分09秒Info:System');"成功[BP.WF.Template.Selector-381]放入缓存。
06日10时44分09秒Info:System');"成功[BP.WF.Template.Selector-381]放入缓存。
06日10时44分09秒Info:System');"成功[BP.WF.Template.Selector-381]放入缓存。
06日10时44分17秒Info:System');"成功[BP.WF.Template.Selector-381]放入缓存。
06日10时44分23秒Info:System');"成功[BP.WF.Template.Selector-381]放入缓存。
06日10时44分23秒Info:System');"成功[BP.WF.Template.Selector-381]放入缓存。
06日10时44分23秒Info:System');"成功[BP.WF.Template.Selector-381]放入缓存。
06日10时44分31秒Info:System');"成功[BP.WF.Template.Selector-381]放入缓存。
06日10时44分34秒Info:System');"成功[BP.WF.Template.Selector-381]放入缓存。
06日10时44分34秒Info:System');"成功[BP.WF.Template.Selector-381]放入缓存。
06日10时44分34秒Info:System');"成功[BP.WF.Template.Selector-381]放入缓存。
06日10时46分00秒Info:System');"成功[BP.Port.Emp-13]放入缓存。
06日10时48分32秒Info:System');"成功[BP.Port.Emp-13]放入缓存。
06日10时48分33秒Info:System');"成功[BP.WF.Flow-102]放入缓存。
06日10时50分08秒Info:System');"成功[BP.Port.Emp-13]放入缓存。
06日10时50分09秒Info:System');"成功[BP.WF.Flow-102]放入缓存。
06日10时52分37秒Info:System');"成功[BP.WF.Flow-102]放入缓存。
06日10时52分59秒Info:System');"成功[BP.Port.Emp-13]放入缓存。
06日10时52分59秒Info:System');"成功[BP.WF.Flow-102]放入缓存。
06日11时00分47秒Info:System');"成功[BP.Port.Dept-6]放入缓存。
06日11时02分38秒Info:System');"成功[BP.Sys.EnCfg-8]放入缓存。
06日11时18分50秒Info:System');"成功[BP.WF.Flow-103]放入缓存。
06日11时21分23秒Info:System');"成功[BP.Port.Emp-13]放入缓存。
06日11时21分23秒Info:System');"成功[BP.WF.Flow-103]放入缓存。
06日11时21分45秒Info:System');"成功[BP.WF.Flow-103]放入缓存。
06日11时22分32秒Info:System');"成功[BP.Port.Emp-13]放入缓存。
06日11时22分33秒Info:System');"成功[BP.WF.Flow-103]放入缓存。
06日11时22分57秒Info:System');"成功[BP.WF.Flow-103]放入缓存。
06日11时23分09秒Info:System');"成功[BP.WF.Template.Selector-384]放入缓存。
06日11时23分14秒Info:System');"成功[BP.WF.Template.Selector-384]放入缓存。
06日11时23分14秒Info:System');"成功[BP.WF.Template.Selector-384]放入缓存。
06日11时23分14秒Info:System');"成功[BP.WF.Template.Selector-384]放入缓存。
06日11时23分26秒Info:System');"成功[BP.WF.Template.Selector-384]放入缓存。
06日11时23分33秒Info:System');"成功[BP.WF.Template.Selector-384]放入缓存。
06日11时23分33秒Info:System');"成功[BP.WF.Template.Selector-384]放入缓存。
06日11时23分34秒Info:System');"成功[BP.WF.Template.Selector-384]放入缓存。
06日11时23分43秒Info:System');"成功[BP.WF.Template.Selector-384]放入缓存。
06日11时23分46秒Info:System');"成功[BP.WF.Template.Selector-384]放入缓存。
06日11时23分46秒Info:System');"成功[BP.WF.Template.Selector-384]放入缓存。
06日11时23分46秒Info:System');"成功[BP.WF.Template.Selector-384]放入缓存。
06日11时32分12秒Info:System');"成功[BP.Port.Emp-13]放入缓存。
06日11时32分12秒Info:System');"成功[BP.Sys.EnCfg-8]放入缓存。
06日11时36分57秒Info:System');"成功[BP.Port.Emp-13]放入缓存。
06日11时36分57秒Info:System');"成功[BP.WF.Flow-103]放入缓存。
06日11时49分06秒Info:System');"成功[BP.Port.Emp-13]放入缓存。
06日11时49分06秒Info:System');"成功[BP.WF.Flow-103]放入缓存。
06日11时51分05秒Info:System');"成功[BP.Port.Dept-6]放入缓存。
06日13时32分50秒Info:System');"成功[BP.Port.Emp-13]放入缓存。
06日13时32分50秒Info:System');"成功[BP.WF.Flow-103]放入缓存。
06日13时32分58秒Info:System');"成功[BP.Port.Dept-6]放入缓存。
06日13时35分47秒Fatal:System');"@没有[明细  Sys_MapDtl, 类[BP.Sys.MapDtl], 物理表[Sys_MapDtl] 实例。PK = ND5RptDtl1
06日13时47分24秒Info:System');"成功[BP.Port.Emp-13]放入缓存。
06日13时47分24秒Info:System');"成功[BP.WF.Flow-103]放入缓存。
06日13时47分31秒Info:System');"成功[BP.Port.Emp-13]放入缓存。
06日13时47分31秒Info:System');"成功[BP.WF.Flow-103]放入缓存。
06日13时48分34秒Info:System');"成功[BP.Port.Emp-13]放入缓存。
06日13时48分34秒Info:System');"成功[BP.WF.Flow-103]放入缓存。
06日13时49分49秒Info:System');"成功[BP.Port.Dept-6]放入缓存。
06日13时57分52秒Fatal:System');"@没有[明细  Sys_MapDtl, 类[BP.Sys.MapDtl], 物理表[Sys_MapDtl] 实例。PK = ND5RptDtl1
06日13时58分29秒Info:System');"成功[BP.Sys.EnCfg-8]放入缓存。
06日14时09分13秒Info:System');"成功[BP.Port.Emp-13]放入缓存。
06日14时09分13秒Info:System');"成功[BP.WF.Flow-103]放入缓存。
06日14时09分34秒Info:System');"成功[BP.Port.Emp-13]放入缓存。
06日14时09分34秒Info:System');"成功[BP.WF.Flow-103]放入缓存。
06日14时10分13秒Info:System');"成功[BP.Port.Dept-6]放入缓存。
06日14时13分11秒Info:System');"成功[BP.Port.Emp-13]放入缓存。
06日14时13分11秒Info:System');"成功[BP.WF.Flow-103]放入缓存。
06日14时13分29秒Info:System');"成功[BP.Port.Dept-6]放入缓存。
06日14时26分13秒Info:System');"成功[BP.Port.Emp-13]放入缓存。
06日14时26分13秒Info:System');"成功[BP.WF.Flow-103]放入缓存。
06日14时26分24秒Info:System');"成功[BP.Port.Emp-13]放入缓存。
06日14时26分24秒Info:System');"成功[BP.WF.Flow-103]放入缓存。
06日14时27分35秒Info:System');"成功[BP.WF.Node-384]放入缓存。
06日14时31分19秒Info:System');"成功[BP.Port.Dept-6]放入缓存。
06日14时33分07秒Info:System');"成功[BP.Sys.EnCfg-8]放入缓存。
06日14时34分19秒Info:System');"成功[BP.Port.Emp-13]放入缓存。
06日14时34分19秒Info:System');"成功[BP.WF.Flow-103]放入缓存。
06日14时35分08秒Info:System');"成功[BP.Port.Dept-6]放入缓存。
06日14时35分09秒Info:System');"成功[BP.WF.Node-384]放入缓存。
06日14时39分37秒Info:System');"成功[BP.Sys.EnCfg-8]放入缓存。
06日15时08分10秒Info:System');"成功[BP.Port.Emp-13]放入缓存。
06日15时08分10秒Info:System');"成功[BP.WF.Flow-103]放入缓存。
06日15时13分44秒Info:System');"成功[BP.Port.Emp-13]放入缓存。
06日15时13分44秒Info:System');"成功[BP.WF.Flow-103]放入缓存。
06日15时16分41秒Info:System');"成功[BP.Port.Emp-13]放入缓存。
06日15时16分41秒Info:System');"成功[BP.WF.Flow-103]放入缓存。
06日15时16分48秒Info:System');"成功[BP.Sys.EnCfg-8]放入缓存。
06日15时17分13秒Info:System');"成功[BP.Port.Emp-13]放入缓存。
06日15时17分13秒Info:System');"成功[BP.WF.Flow-103]放入缓存。
06日15时18分09秒Info:System');"成功[BP.Port.Emp-13]放入缓存。
06日15时18分09秒Info:System');"成功[BP.WF.Flow-103]放入缓存。
06日15时19分56秒Info:System');"成功[BP.Sys.EnCfg-8]放入缓存。
06日15时47分57秒Info:System');"成功[BP.Port.Emp-13]放入缓存。
06日15时47分57秒Info:System');"成功[BP.WF.Flow-103]放入缓存。
06日16时00分13秒Info:System');"成功[BP.Sys.EnCfg-8]放入缓存。
06日16时03分36秒Info:System');"成功[BP.Port.Emp-13]放入缓存。
06日16时03分36秒Info:System');"成功[BP.WF.Flow-103]放入缓存。
-----------------------------------------------------------------------------------------------------
06日16时11分46秒Info:System');"成功[BP.WF.Flow-103]放入缓存。
06日16时11分46秒Info:System');"成功[BP.Port.Emp-13]放入缓存。
06日17时06分26秒Info:System');"成功[BP.Sys.EnCfg-8]放入缓存。
06日17时09分47秒Info:System');"成功[BP.WF.Template.Selector-384]放入缓存。
06日17时14分44秒Info:System');"成功[BP.WF.Template.Selector-384]放入缓存。
06日17时14分44秒Info:System');"成功[BP.WF.Template.Selector-384]放入缓存。
06日17时17分17秒Info:System');"成功[BP.Port.Emp-13]放入缓存。
06日17时17分17秒Info:System');"成功[BP.WF.Flow-103]放入缓存。
06日17时19分23秒Info:System');"成功[BP.WF.Template.Selector-384]放入缓存。
06日17时20分23秒Info:System');"成功[BP.WF.Template.Selector-384]放入缓存。
06日17时20分34秒Info:System');"成功[BP.WF.Template.Selector-384]放入缓存。
06日17时20分40秒Info:System');"成功[BP.WF.Template.Selector-384]放入缓存。
06日17时21分03秒Info:System');"成功[BP.Sys.EnCfg-8]放入缓存。
06日17时21分14秒Info:System');"成功[BP.WF.Template.Selector-384]放入缓存。
06日17时21分17秒Info:System');"成功[BP.WF.Template.Selector-384]放入缓存。
06日17时21分17秒Info:System');"成功[BP.WF.Template.Selector-384]放入缓存。
06日17时21分17秒Info:System');"成功[BP.WF.Template.Selector-384]放入缓存。
06日17时21分45秒Info:System');"成功[BP.Port.Emp-13]放入缓存。
06日17时21分45秒Info:System');"成功[BP.WF.Flow-103]放入缓存。
06日17时21分56秒Info:System');"成功[BP.WF.Template.Selector-384]放入缓存。
06日17时22分04秒Info:System');"成功[BP.Port.Dept-6]放入缓存。
06日17时22分36秒Info:System');"成功[BP.Sys.EnCfg-8]放入缓存。
