-----------------------------------------------------------------------------------------------------
15日09时33分39秒Info:System');"----------------------------------  start ------------------ 
15日09时33分39秒Info:System');"----------------------------------  end ------------------ 
-----------------------------------------------------------------------------------------------------
15日09时53分15秒Info:System');"----------------------------------  start ------------------ 
15日09时53分15秒Info:System');"----------------------------------  end ------------------ 
15日09时53分50秒Info:System');"成功[BP.Port.Emp-13]放入缓存。
-----------------------------------------------------------------------------------------------------
15日14时48分50秒Info:System');"----------------------------------  start ------------------ 
15日14时48分50秒Info:System');"----------------------------------  end ------------------ 
15日14时53分46秒Info:System');"成功[BP.Port.Emp-13]放入缓存。
-----------------------------------------------------------------------------------------------------
15日15时04分30秒Info:System');"----------------------------------  start ------------------ 
15日15时04分30秒Info:System');"----------------------------------  end ------------------ 
15日15时07分31秒Info:System');"----------------------------------  start ------------------ 
15日15时07分31秒Info:System');"----------------------------------  end ------------------ 
15日15时08分45秒Info:System');"成功[BP.Port.Emp-13]放入缓存。
15日15时09分13秒Info:System');"成功[BP.WF.Flow-103]放入缓存。
15日15时10分38秒Info:System');"成功[BP.WF.Template.Selector-380]放入缓存。
15日15时10分44秒Info:System');"成功[BP.WF.Template.Selector-380]放入缓存。
15日15时10分44秒Info:System');"成功[BP.WF.Template.Selector-380]放入缓存。
15日15时10分44秒Info:System');"成功[BP.WF.Template.Selector-380]放入缓存。
15日15时10分46秒Info:System');"成功[BP.WF.Template.Selector-380]放入缓存。
15日15时10分46秒Info:System');"成功[BP.WF.Template.Selector-380]放入缓存。
15日15时10分46秒Info:System');"成功[BP.WF.Template.Selector-380]放入缓存。
15日15时10分56秒Info:System');"成功[BP.WF.Template.Selector-380]放入缓存。
15日15时11分02秒Info:System');"成功[BP.WF.Template.Selector-380]放入缓存。
15日15时11分02秒Info:System');"成功[BP.WF.Template.Selector-380]放入缓存。
15日15时11分03秒Info:System');"成功[BP.WF.Template.Selector-380]放入缓存。
15日15时11分23秒Info:System');"成功[BP.WF.Template.Selector-380]放入缓存。
15日15时11分23秒Info:System');"成功[BP.WF.Template.Selector-380]放入缓存。
15日15时11分24秒Info:System');"成功[BP.WF.Template.Selector-380]放入缓存。
15日15时11分32秒Info:System');"成功[BP.Sys.EnCfg-6]放入缓存。
15日15时12分30秒Info:System');"成功[BP.WF.Template.Selector-380]放入缓存。
15日15时12分32秒Info:System');"成功[BP.WF.Template.Selector-380]放入缓存。
15日15时12分32秒Info:System');"成功[BP.WF.Template.Selector-380]放入缓存。
15日15时12分32秒Info:System');"成功[BP.WF.Template.Selector-380]放入缓存。
15日15时18分09秒Info:System');"成功[BP.Port.Emp-13]放入缓存。
15日15时18分10秒Info:System');"成功[BP.WF.Flow-103]放入缓存。
15日15时19分37秒Info:System');"成功[BP.Port.Emp-13]放入缓存。
15日15时19分38秒Info:System');"成功[BP.WF.Flow-103]放入缓存。
15日15时20分45秒Info:System');"成功[BP.WF.Flow-103]放入缓存。
15日15时20分55秒Info:System');"成功[BP.Port.Emp-13]放入缓存。
15日15时20分55秒Info:System');"成功[BP.WF.Flow-103]放入缓存。
15日15时21分55秒Info:System');"成功[BP.Port.Dept-6]放入缓存。
-----------------------------------------------------------------------------------------------------
15日18时30分57秒Info:System');"----------------------------------  start ------------------ 
15日18时30分57秒Info:System');"----------------------------------  end ------------------ 
15日18时33分48秒Info:System');"成功[BP.Port.Emp-13]放入缓存。
15日19时02分11秒Info:System');"----------------------------------  start ------------------ 
15日19时02分11秒Info:System');"----------------------------------  end ------------------ 
15日19时02分29秒Info:System');"成功[BP.WF.Flow-103]放入缓存。
15日19时02分30秒Info:System');"成功[BP.Sys.EnCfg-6]放入缓存。
