-----------------------------------------------------------------------------------------------------
12日10时54分23秒Info:System');"----------------------------------  start ------------------ 
12日10时54分23秒Info:System');"----------------------------------  end ------------------ 
-----------------------------------------------------------------------------------------------------
12日10时58分43秒Info:System');"----------------------------------  start ------------------ 
12日10时58分43秒Info:System');"----------------------------------  end ------------------ 
12日11时06分27秒Info:System');"----------------------------------  start ------------------ 
12日11时06分27秒Info:System');"----------------------------------  end ------------------ 
12日11时06分33秒Info:System');"成功[BP.Port.Emp-13]放入缓存。
12日11时06分53秒Info:System');"成功[BP.WF.Flow-101]放入缓存。
12日11时06分53秒Info:System');"成功[BP.Sys.EnCfg-5]放入缓存。
-----------------------------------------------------------------------------------------------------
12日11时12分11秒Info:System');"成功[BP.Sys.EnCfg-5]放入缓存。
-----------------------------------------------------------------------------------------------------
12日11时29分46秒Info:System');"----------------------------------  start ------------------ 
12日11时29分46秒Info:System');"----------------------------------  end ------------------ 
12日11时32分27秒Info:System');"----------------------------------  start ------------------ 
12日11时32分27秒Info:System');"----------------------------------  end ------------------ 
12日11时32分32秒Info:System');"SQL=DROP TABLE Port_EmpDept,异常信息:无法将 DROP TABLE 用于 'Port_EmpDept'，因为 'Port_EmpDept' 是 视图。请使用 DROP VIEW。
12日11时32分32秒Info:System');"SQL=UPDATE Sys_MapExt SET MyPK= ExtType+'_'+FK_Mapdata+'_'+AttrOfOper WHERE ExtType='TBFullCtrl'UPDATE Sys_MapExt SET MyPK= ExtType+'_'+FK_Mapdata+'_'+AttrOfOper WHERE ExtType='PopVal'UPDATE Sys_MapExt SET MyPK= ExtType+'_'+FK_Mapdata+'_'+AttrOfOper WHERE ExtType='DDLFullCtrl'UPDATE Sys_MapExt SET MyPK= ExtType+'_'+FK_Mapdata+'_'+AttrOfOper WHERE ExtType='ActiveDDL',异常信息:违反了 PRIMARY KEY 约束 'Sys_MapExtpk'。不能在对象 'dbo.Sys_MapExt' 中插入重复键。
违反了 PRIMARY KEY 约束 'Sys_MapExtpk'。不能在对象 'dbo.Sys_MapExt' 中插入重复键。
语句已终止。
语句已终止。
12日11时33分23秒Info:System');"成功[BP.Port.Emp-13]放入缓存。
12日11时33分39秒Info:System');"成功[BP.WF.Flow-101]放入缓存。
12日11时33分39秒Info:System');"成功[BP.Sys.EnCfg-6]放入缓存。
-----------------------------------------------------------------------------------------------------
12日11时54分16秒Info:System');"成功[BP.Sys.EnCfg-6]放入缓存。
12日11时55分10秒Fatal:System');"@[傻瓜表单分组], 实体已经被实例化 oid=[1625]，不能Insert.
-----------------------------------------------------------------------------------------------------
12日12时01分44秒Info:System');"成功[BP.Port.Emp-13]放入缓存。
12日12时01分45秒Info:System');"成功[BP.WF.Flow-101]放入缓存。
12日12时01分45秒Info:System');"成功[BP.Sys.EnCfg-6]放入缓存。
-----------------------------------------------------------------------------------------------------
12日15时46分06秒Info:System');"----------------------------------  start ------------------ 
12日15时46分06秒Info:System');"----------------------------------  end ------------------ 
12日15时46分24秒Info:System');"SQL=DROP TABLE Port_EmpDept,异常信息:无法将 DROP TABLE 用于 'Port_EmpDept'，因为 'Port_EmpDept' 是 视图。请使用 DROP VIEW。
12日15时46分25秒Info:System');"SQL=UPDATE Sys_MapExt SET MyPK= ExtType+'_'+FK_Mapdata+'_'+AttrOfOper WHERE ExtType='TBFullCtrl'UPDATE Sys_MapExt SET MyPK= ExtType+'_'+FK_Mapdata+'_'+AttrOfOper WHERE ExtType='PopVal'UPDATE Sys_MapExt SET MyPK= ExtType+'_'+FK_Mapdata+'_'+AttrOfOper WHERE ExtType='DDLFullCtrl'UPDATE Sys_MapExt SET MyPK= ExtType+'_'+FK_Mapdata+'_'+AttrOfOper WHERE ExtType='ActiveDDL',异常信息:违反了 PRIMARY KEY 约束 'Sys_MapExtpk'。不能在对象 'dbo.Sys_MapExt' 中插入重复键。
违反了 PRIMARY KEY 约束 'Sys_MapExtpk'。不能在对象 'dbo.Sys_MapExt' 中插入重复键。
语句已终止。
语句已终止。
12日15时47分34秒Info:System');"成功[BP.Port.Emp-13]放入缓存。
12日15时47分47秒Info:System');"成功[BP.WF.Flow-101]放入缓存。
12日15时47分47秒Info:System');"成功[BP.Sys.EnCfg-6]放入缓存。
-----------------------------------------------------------------------------------------------------
12日16时16分28秒Info:System');"成功[BP.Sys.EnCfg-6]放入缓存。
12日16时28分27秒Info:System');"成功[BP.Port.Emp-13]放入缓存。
12日16时28分27秒Info:System');"成功[BP.WF.Flow-101]放入缓存。
-----------------------------------------------------------------------------------------------------
12日16时43分49秒Info:System');"成功[BP.Sys.EnCfg-6]放入缓存。
-----------------------------------------------------------------------------------------------------
12日16时45分48秒Info:System');"成功[BP.Sys.EnCfg-6]放入缓存。
-----------------------------------------------------------------------------------------------------
12日16时58分53秒Info:System');"成功[BP.Sys.EnCfg-6]放入缓存。
12日17时02分35秒Info:System');"----------------------------------  start ------------------ 
12日17时02分35秒Info:System');"----------------------------------  end ------------------ 
12日17时02分52秒Info:System');"成功[BP.Port.Emp-13]放入缓存。
12日17时03分03秒Info:System');"成功[BP.WF.Flow-101]放入缓存。
-----------------------------------------------------------------------------------------------------
12日17时23分03秒Info:System');"成功[BP.WF.Flow-101]放入缓存。
12日17时24分43秒Info:System');"成功[BP.Sys.EnCfg-6]放入缓存。
-----------------------------------------------------------------------------------------------------
12日17时47分49秒Info:System');"成功[BP.Sys.EnCfg-6]放入缓存。
-----------------------------------------------------------------------------------------------------
12日17时55分58秒Info:System');"成功[BP.Sys.EnCfg-6]放入缓存。
12日17时56分12秒Info:System');"成功[BP.Port.Emp-13]放入缓存。
12日17时56分12秒Info:System');"成功[BP.WF.Flow-101]放入缓存。
-----------------------------------------------------------------------------------------------------
12日18时03分40秒Info:System');"成功[BP.Sys.EnCfg-6]放入缓存。
12日18时04分40秒Info:System');"成功[BP.Port.Emp-13]放入缓存。
12日18时04分41秒Info:System');"成功[BP.WF.Flow-101]放入缓存。
-----------------------------------------------------------------------------------------------------
12日18时57分15秒Info:System');"----------------------------------  start ------------------ 
12日18时57分15秒Info:System');"----------------------------------  end ------------------ 
12日19时00分15秒Info:System');"成功[BP.Port.Emp-13]放入缓存。
12日19时11分39秒Info:System');"成功[BP.Sys.EnCfg-6]放入缓存。
-----------------------------------------------------------------------------------------------------
12日19时13分56秒Info:System');"成功[BP.Sys.EnCfg-6]放入缓存。
-----------------------------------------------------------------------------------------------------
12日19时24分36秒Info:System');"成功[BP.Sys.EnCfg-6]放入缓存。
-----------------------------------------------------------------------------------------------------
12日19时27分25秒Info:System');"成功[BP.Sys.EnCfg-6]放入缓存。
-----------------------------------------------------------------------------------------------------
12日19时35分55秒Info:System');"----------------------------------  start ------------------ 
12日19时35分55秒Info:System');"----------------------------------  end ------------------ 
12日19时36分41秒Info:System');"成功[BP.Port.Emp-13]放入缓存。
12日19时37分18秒Info:System');"成功[BP.Sys.EnCfg-6]放入缓存。
-----------------------------------------------------------------------------------------------------
12日19时41分08秒Info:System');"成功[BP.Sys.EnCfg-6]放入缓存。
12日19时42分40秒Info:System');"成功[BP.Port.Emp-13]放入缓存。
-----------------------------------------------------------------------------------------------------
12日19时44分52秒Info:System');"成功[BP.Sys.EnCfg-6]放入缓存。
-----------------------------------------------------------------------------------------------------
12日19时47分12秒Info:System');"成功[BP.Sys.EnCfg-6]放入缓存。
-----------------------------------------------------------------------------------------------------
12日19时55分07秒Info:System');"成功[BP.Sys.EnCfg-6]放入缓存。
-----------------------------------------------------------------------------------------------------
12日20时01分10秒Info:System');"成功[BP.Sys.EnCfg-6]放入缓存。
12日20时03分00秒Info:System');"成功[BP.WF.Flow-101]放入缓存。
