-----------------------------------------------------------------------------------------------------
16日08时39分41秒Info:System');"----------------------------------  start ------------------ 
16日08时39分41秒Info:System');"----------------------------------  end ------------------ 
-----------------------------------------------------------------------------------------------------
16日08时41分06秒Info:System');"----------------------------------  start ------------------ 
16日08时41分06秒Info:System');"----------------------------------  end ------------------ 
16日08时41分37秒Info:System');"成功[BP.Port.Emp-13]放入缓存。
-----------------------------------------------------------------------------------------------------
16日09时00分32秒Info:System');"成功[BP.Sys.EnCfg-6]放入缓存。
-----------------------------------------------------------------------------------------------------
16日09时20分22秒Info:System');"成功[BP.Sys.EnCfg-6]放入缓存。
-----------------------------------------------------------------------------------------------------
16日09时52分27秒Info:System');"成功[BP.Port.Emp-13]放入缓存。
16日09时52分37秒Info:System');"成功[BP.WF.Flow-104]放入缓存。
16日10时00分27秒Info:System');"成功[BP.Port.Emp-13]放入缓存。
16日10时00分28秒Info:System');"成功[BP.WF.Flow-104]放入缓存。
16日10时03分59秒Info:System');"成功[BP.Port.Emp-13]放入缓存。
16日10时04分02秒Info:System');"成功[BP.WF.Flow-104]放入缓存。
16日10时04分02秒Info:System');"成功[BP.Sys.EnCfg-6]放入缓存。
16日10时12分27秒Info:System');"成功[BP.Port.Emp-13]放入缓存。
16日10时12分27秒Info:System');"成功[BP.Sys.ToolbarExcel-715]放入缓存。
16日10时12分33秒Info:System');"成功[BP.Sys.ToolbarExcel-715]放入缓存。
16日10时12分33秒Info:System');"成功[BP.Sys.ToolbarExcel-715]放入缓存。
16日10时12分33秒Info:System');"成功[BP.Sys.ToolbarExcel-715]放入缓存。
16日10时12分45秒Info:System');"成功[BP.Port.Emp-13]放入缓存。
16日10时12分45秒Info:System');"成功[BP.Sys.ToolbarExcel-715]放入缓存。
16日10时12分52秒Info:System');"成功[BP.Sys.ToolbarExcel-715]放入缓存。
16日10时12分52秒Info:System');"成功[BP.Sys.ToolbarExcel-715]放入缓存。
16日10时12分52秒Info:System');"成功[BP.Sys.ToolbarExcel-715]放入缓存。
16日10时13分13秒Info:System');"成功[BP.Sys.ToolbarExcel-715]放入缓存。
16日10时13分13秒Info:System');"成功[BP.Sys.ToolbarExcel-715]放入缓存。
16日10时13分13秒Info:System');"成功[BP.Sys.ToolbarExcel-715]放入缓存。
16日10时15分03秒Info:System');"成功[BP.Sys.ToolbarExcel-715]放入缓存。
16日10时15分04秒Info:System');"成功[BP.Sys.ToolbarExcel-715]放入缓存。
16日10时15分05秒Info:System');"成功[BP.Sys.ToolbarExcel-715]放入缓存。
16日10时15分23秒Info:System');"成功[BP.Port.Emp-13]放入缓存。
16日10时15分23秒Info:System');"成功[BP.Sys.ToolbarExcel-715]放入缓存。
16日10时15分31秒Info:System');"成功[BP.Sys.ToolbarExcel-715]放入缓存。
16日10时15分31秒Info:System');"成功[BP.Sys.ToolbarExcel-715]放入缓存。
16日10时15分33秒Info:System');"成功[BP.Sys.ToolbarExcel-715]放入缓存。
16日10时15分54秒Info:System');"成功[BP.WF.Flow-104]放入缓存。
16日10时18分18秒Info:System');"成功[BP.WF.Template.Selector-387]放入缓存。
16日10时18分22秒Info:System');"成功[BP.WF.Template.Selector-387]放入缓存。
16日10时18分22秒Info:System');"成功[BP.WF.Template.Selector-387]放入缓存。
16日10时18分24秒Info:System');"成功[BP.WF.Template.Selector-387]放入缓存。
16日10时19分14秒Info:System');"成功[BP.Port.Emp-13]放入缓存。
16日10时19分14秒Info:System');"成功[BP.Sys.ToolbarExcel-715]放入缓存。
16日10时19分16秒Info:System');"成功[BP.Sys.ToolbarExcel-715]放入缓存。
16日10时19分17秒Info:System');"成功[BP.Sys.ToolbarExcel-715]放入缓存。
16日10时19分17秒Info:System');"成功[BP.Sys.ToolbarExcel-715]放入缓存。
16日10时20分42秒Info:System');"成功[BP.Port.Emp-13]放入缓存。
16日10时20分42秒Info:System');"成功[BP.WF.Flow-104]放入缓存。
16日10时25分55秒Info:System');"成功[BP.Port.Emp-13]放入缓存。
16日10时30分24秒Info:System');"成功[BP.WF.Flow-104]放入缓存。
16日10时30分54秒Info:System');"成功[BP.Port.Emp-13]放入缓存。
16日10时30分54秒Info:System');"成功[BP.WF.Flow-104]放入缓存。
16日10时31分05秒Fatal:System');"SQL= SELECT  TOP 1 ISNULL(OID,0)   OID, QingJiaRenNo, QingJiaRenName, QingJiaRenDeptNo, QingJiaRenDeptName, QingJiaYuanYin, ISNULL( round(QingJiaTianShu,4) ,0) AS  QingJiaTianShu, NoteBM, NoteZJL, NoteRL FROM Demo_QingJia WHERE (1=1) AND Demo_QingJia.OID=@OID Exception=列名 'QingJiaRenNo' 无效。
列名 'QingJiaRenName' 无效。
列名 'QingJiaRenDeptNo' 无效。
列名 'QingJiaRenDeptName' 无效。
列名 'QingJiaYuanYin' 无效。
列名 'QingJiaTianShu' 无效。
列名 'NoteBM' 无效。
列名 'NoteZJL' 无效。
列名 'NoteRL' 无效。
16日10时33分21秒Info:System');"成功[BP.Port.Emp-13]放入缓存。
16日10时33分21秒Info:System');"成功[BP.WF.Flow-104]放入缓存。
16日10时33分45秒Info:System');"成功[BP.Port.Emp-13]放入缓存。
16日10时33分45秒Info:System');"成功[BP.WF.Flow-104]放入缓存。
16日10时33分47秒Info:System');"成功[BP.Port.Emp-13]放入缓存。
16日10时33分48秒Info:System');"成功[BP.WF.Flow-104]放入缓存。
-----------------------------------------------------------------------------------------------------
16日11时59分14秒Info:System');"----------------------------------  start ------------------ 
16日11时59分14秒Info:System');"----------------------------------  end ------------------ 
-----------------------------------------------------------------------------------------------------
16日12时02分01秒Info:System');"----------------------------------  start ------------------ 
16日12时02分01秒Info:System');"----------------------------------  end ------------------ 
16日12时02分19秒Info:System');"成功[BP.Port.Emp-13]放入缓存。
-----------------------------------------------------------------------------------------------------
16日12时23分00秒Info:System');"----------------------------------  start ------------------ 
16日12时23分00秒Info:System');"----------------------------------  end ------------------ 
16日12时23分19秒Info:System');"成功[BP.Port.Emp-13]放入缓存。
16日12时23分35秒Info:System');"成功[BP.Sys.EnCfg-6]放入缓存。
-----------------------------------------------------------------------------------------------------
16日12时37分05秒Info:System');"----------------------------------  start ------------------ 
16日12时37分05秒Info:System');"----------------------------------  end ------------------ 
16日12时38分48秒Info:System');"成功[BP.Port.Emp-13]放入缓存。
16日12时40分12秒Fatal:System');"@没有[表单注册表  Sys_MapData, 类[BP.Sys.MapData], 物理表[Sys_MapData] 实例。PK = 
16日12时40分12秒Fatal:System');"@没有[表单注册表  Sys_MapData, 类[BP.Sys.MapData], 物理表[Sys_MapData] 实例。PK = 
-----------------------------------------------------------------------------------------------------
16日16时40分20秒Info:System');"----------------------------------  start ------------------ 
16日16时40分20秒Info:System');"----------------------------------  end ------------------ 
-----------------------------------------------------------------------------------------------------
16日16时41分56秒Info:System');"----------------------------------  start ------------------ 
16日16时41分56秒Info:System');"----------------------------------  end ------------------ 
16日16时42分18秒Info:System');"成功[BP.Port.Emp-13]放入缓存。
16日16时42分46秒Info:System');"成功[BP.WF.Flow-104]放入缓存。
16日16时42分46秒Info:System');"成功[BP.Sys.EnCfg-6]放入缓存。
16日16时47分23秒Info:System');"成功[BP.Port.Emp-13]放入缓存。
16日16时47分23秒Info:System');"成功[BP.WF.Flow-104]放入缓存。
-----------------------------------------------------------------------------------------------------
16日16时59分48秒Info:System');"成功[BP.Port.Emp-13]放入缓存。
16日16时59分51秒Info:System');"成功[BP.WF.Flow-104]放入缓存。
16日16时59分51秒Info:System');"成功[BP.Sys.EnCfg-6]放入缓存。
-----------------------------------------------------------------------------------------------------
16日17时02分58秒Info:System');"----------------------------------  start ------------------ 
16日17时02分58秒Info:System');"----------------------------------  end ------------------ 
-----------------------------------------------------------------------------------------------------
16日18时24分49秒Info:System');"成功[BP.Sys.EnCfg-6]放入缓存。
-----------------------------------------------------------------------------------------------------
16日18时33分13秒Info:System');"成功[BP.Sys.EnCfg-6]放入缓存。
-----------------------------------------------------------------------------------------------------
16日18时36分33秒Info:System');"成功[BP.Sys.EnCfg-6]放入缓存。
-----------------------------------------------------------------------------------------------------
16日19时07分22秒Info:System');"----------------------------------  start ------------------ 
16日19时07分22秒Info:System');"----------------------------------  end ------------------ 
16日19时07分49秒Info:System');"成功[BP.Port.Emp-13]放入缓存。
16日19时08分08秒Info:System');"成功[BP.WF.Flow-104]放入缓存。
16日19时08分08秒Info:System');"成功[BP.Sys.EnCfg-6]放入缓存。
16日19时10分50秒Info:System');"成功[BP.Port.Emp-13]放入缓存。
16日19时10分50秒Info:System');"成功[BP.WF.Flow-104]放入缓存。
16日19时11分16秒Info:System');"成功[BP.Port.Dept-6]放入缓存。
16日19时12分53秒Info:System');"----------------------------------  start ------------------ 
16日19时12分53秒Info:System');"----------------------------------  end ------------------ 
16日19时15分41秒Info:System');"成功[BP.Sys.EnCfg-6]放入缓存。
