-----------------------------------------------------------------------------------------------------
20日08时35分35秒Info:System');"----------------------------------  start ------------------ 
20日08时35分35秒Info:System');"----------------------------------  end ------------------ 
20日08时36分49秒Info:System');"成功[BP.Port.Emp-13]放入缓存。
-----------------------------------------------------------------------------------------------------
20日08时52分04秒Info:System');"----------------------------------  start ------------------ 
20日08时52分04秒Info:System');"----------------------------------  end ------------------ 
-----------------------------------------------------------------------------------------------------
20日09时06分09秒Info:System');"成功[BP.Port.Emp-13]放入缓存。
-----------------------------------------------------------------------------------------------------
20日09时12分45秒Info:System');"成功[BP.Sys.EnCfg-7]放入缓存。
-----------------------------------------------------------------------------------------------------
20日09时16分41秒Info:System');"成功[BP.Sys.EnCfg-7]放入缓存。
-----------------------------------------------------------------------------------------------------
20日09时29分03秒Info:System');"----------------------------------  start ------------------ 
20日09时29分03秒Info:System');"----------------------------------  end ------------------ 
20日09时29分28秒Info:System');"成功[BP.Port.Emp-13]放入缓存。
-----------------------------------------------------------------------------------------------------
20日09时34分14秒Info:System');"成功[BP.Sys.EnCfg-7]放入缓存。
-----------------------------------------------------------------------------------------------------
20日10时52分46秒Fatal:System');"SQL= SELECT  TOP 1 ISNULL(NodeID,0)   NodeID, Name,ISNULL(FWCLab, '审核信息') FWCLab,ISNULL(FWCSta,0)   FWCSta, CASE FWCSta WHEN 0 THEN '禁用' WHEN 1 THEN '启用' WHEN 2 THEN '只读' WHEN NULL THEN '禁用' END FWCStaTEXT,ISNULL(FWCShowModel,1)   FWCShowModel, CASE FWCShowModel WHEN 0 THEN '表格方式' WHEN 1 THEN '自由模式' WHEN NULL THEN '自由模式' END FWCShowModelTEXT,ISNULL(FWCType,0)   FWCType, CASE FWCType WHEN 0 THEN '审核组件' WHEN 1 THEN '日志组件' WHEN 2 THEN '周报组件' WHEN 3 THEN '月报组件' WHEN NULL THEN '审核组件' END FWCTypeTEXT, FWCNodeName,ISNULL(FWCAth,0)   FWCAth, CASE FWCAth WHEN 0 THEN '不启用' WHEN 1 THEN '多附件' WHEN 2 THEN '单附件(暂不支持)' WHEN 3 THEN '图片附件(暂不支持)' WHEN NULL THEN '不启用' END FWCAthTEXT, ISNULL(FWCTrackEnable,1) FWCTrackEnable, ISNULL(FWCListEnable,1) FWCListEnable, ISNULL( FWCIsShowAllStep,0) FWCIsShowAllStep,ISNULL(FWCOpLabel, '审核') FWCOpLabel,ISNULL(FWCDefInfo, '同意') FWCDefInfo, ISNULL( SigantureEnabel,0) SigantureEnabel, ISNULL(FWCIsFullInfo,1) FWCIsFullInfo, ISNULL( round(FWC_X,4) ,5) AS  FWC_X, ISNULL( round(FWC_Y,4) ,5) AS  FWC_Y, ISNULL( round(FWC_H,4) ,300) AS  FWC_H, ISNULL( round(FWC_W,4) ,400) AS  FWC_W, FWCFields,ISNULL(SFLab, '子流程') SFLab,ISNULL(SFSta,0)   SFSta, CASE SFSta WHEN 0 THEN '禁用' WHEN 1 THEN '启用' WHEN 2 THEN '只读' WHEN NULL THEN '禁用' END SFStaTEXT,ISNULL(SFShowModel,1)   SFShowModel, CASE SFShowModel WHEN 0 THEN '表格方式' WHEN 1 THEN '自由模式' WHEN NULL THEN '自由模式' END SFShowModelTEXT, SFCaption, SFDefInfo, SFActiveFlows, ISNULL( round(SF_X,4) ,5) AS  SF_X, ISNULL( round(SF_Y,4) ,5) AS  SF_Y, ISNULL( round(SF_H,4) ,300) AS  SF_H, ISNULL( round(SF_W,4) ,400) AS  SF_W, SFFields,ISNULL(FrmThreadLab, '子线程') FrmThreadLab,ISNULL(FrmThreadSta,0)   FrmThreadSta, CASE FrmThreadSta WHEN 0 THEN '禁用' WHEN 1 THEN '启用' WHEN NULL THEN '禁用' END FrmThreadStaTEXT, ISNULL( round(FrmThread_X,4) ,5) AS  FrmThread_X, ISNULL( round(FrmThread_Y,4) ,5) AS  FrmThread_Y, ISNULL( round(FrmThread_H,4) ,300) AS  FrmThread_H, ISNULL( round(FrmThread_W,4) ,400) AS  FrmThread_W,ISNULL(FrmTrackLab, '轨迹') FrmTrackLab,ISNULL(FrmTrackSta,0)   FrmTrackSta, CASE FrmTrackSta WHEN 0 THEN '禁用' WHEN 1 THEN '轨迹图' WHEN 2 THEN '轨迹表' WHEN NULL THEN '禁用' END FrmTrackStaTEXT, ISNULL( round(FrmTrack_X,4) ,5) AS  FrmTrack_X, ISNULL( round(FrmTrack_Y,4) ,5) AS  FrmTrack_Y, ISNULL( round(FrmTrack_H,4) ,300) AS  FrmTrack_H, ISNULL( round(FrmTrack_W,4) ,400) AS  FrmTrack_W,ISNULL(FrmTransferCustomLab, '流转自定义') FrmTransferCustomLab,ISNULL(FrmTransferCustomSta,0)   FrmTransferCustomSta, CASE FrmTransferCustomSta WHEN 0 THEN '禁用' WHEN 1 THEN '只读' WHEN 2 THEN '可以设置人员' WHEN NULL THEN '禁用' END FrmTransferCustomStaTEXT, ISNULL( round(FrmTransferCustom_X,4) ,5) AS  FrmTransferCustom_X, ISNULL( round(FrmTransferCustom_Y,4) ,5) AS  FrmTransferCustom_Y, ISNULL( round(FrmTransferCustom_H,4) ,300) AS  FrmTransferCustom_H, ISNULL( round(FrmTransferCustom_W,4) ,400) AS  FrmTransferCustom_W FROM WF_Node WHERE (1=1) AND WF_Node.NodeID=@NodeID Exception=列名 'FrmTransferCustomLab' 无效。
列名 'FrmTransferCustomSta' 无效。
列名 'FrmTransferCustomSta' 无效。
列名 'FrmTransferCustomSta' 无效。
列名 'FrmTransferCustomSta' 无效。
列名 'FrmTransferCustomSta' 无效。
列名 'FrmTransferCustom_X' 无效。
列名 'FrmTransferCustom_Y' 无效。
列名 'FrmTransferCustom_H' 无效。
列名 'FrmTransferCustom_W' 无效。
20日10时52分47秒Info:System');"成功[BP.Sys.EnCfg-7]放入缓存。
-----------------------------------------------------------------------------------------------------
20日11时31分02秒Info:System');"成功[BP.Sys.EnCfg-7]放入缓存。
-----------------------------------------------------------------------------------------------------
20日11时38分15秒Info:System');"成功[BP.Sys.EnCfg-7]放入缓存。
-----------------------------------------------------------------------------------------------------
20日11时43分23秒Info:System');"成功[BP.Sys.EnCfg-7]放入缓存。
-----------------------------------------------------------------------------------------------------
20日11时51分55秒Info:System');"成功[BP.Sys.EnCfg-7]放入缓存。
-----------------------------------------------------------------------------------------------------
20日15时56分36秒Info:System');"成功[BP.Port.Emp-13]放入缓存。
20日15时56分37秒Info:System');"成功[BP.WF.Flow-102]放入缓存。
20日15时56分37秒Info:System');"成功[BP.Sys.EnCfg-7]放入缓存。
-----------------------------------------------------------------------------------------------------
20日17时25分49秒Info:System');"----------------------------------  start ------------------ 
20日17时25分49秒Info:System');"----------------------------------  end ------------------ 
20日17时27分05秒Info:System');"成功[BP.Port.Emp-13]放入缓存。
-----------------------------------------------------------------------------------------------------
20日19时02分22秒Fatal:System');"@没有[傻瓜表单分组  Sys_GroupField, 类[BP.Sys.GroupField], 物理表[Sys_GroupField] 实例。PK = 1235
-----------------------------------------------------------------------------------------------------
20日20时25分39秒Info:System');"----------------------------------  start ------------------ 
20日20时25分39秒Info:System');"----------------------------------  end ------------------ 
20日20时25分47秒Info:System');"成功[BP.Port.Emp-13]放入缓存。
20日20时26分09秒Info:System');"成功[BP.Sys.EnCfg-7]放入缓存。
20日20时26分25秒Fatal:System');"@没有[傻瓜表单分组  Sys_GroupField, 类[BP.Sys.GroupField], 物理表[Sys_GroupField] 实例。PK = 1066
-----------------------------------------------------------------------------------------------------
20日20时31分11秒Info:System');"成功[BP.Sys.EnCfg-7]放入缓存。
-----------------------------------------------------------------------------------------------------
20日20时32分23秒Fatal:System');"@没有[傻瓜表单分组  Sys_GroupField, 类[BP.Sys.GroupField], 物理表[Sys_GroupField] 实例。PK = 0
-----------------------------------------------------------------------------------------------------
20日20时46分42秒Info:System');"成功[BP.Sys.EnCfg-7]放入缓存。
20日20时47分41秒Fatal:System');"@没有[傻瓜表单分组  Sys_GroupField, 类[BP.Sys.GroupField], 物理表[Sys_GroupField] 实例。PK = 1275
-----------------------------------------------------------------------------------------------------
20日20时49分14秒Info:System');"成功[BP.Sys.EnCfg-7]放入缓存。
-----------------------------------------------------------------------------------------------------
20日20时52分14秒Fatal:System');"@没有[傻瓜表单分组  Sys_GroupField, 类[BP.Sys.GroupField], 物理表[Sys_GroupField] 实例。PK = 1297
-----------------------------------------------------------------------------------------------------
20日20时53分03秒Fatal:System');"@没有[傻瓜表单分组  Sys_GroupField, 类[BP.Sys.GroupField], 物理表[Sys_GroupField] 实例。PK = 1307
-----------------------------------------------------------------------------------------------------
20日20时55分31秒Fatal:System');"@没有[傻瓜表单分组  Sys_GroupField, 类[BP.Sys.GroupField], 物理表[Sys_GroupField] 实例。PK = 1317
-----------------------------------------------------------------------------------------------------
20日20时57分09秒Info:System');"----------------------------------  start ------------------ 
20日20时57分09秒Info:System');"----------------------------------  end ------------------ 
20日20时59分01秒Fatal:System');"@没有[傻瓜表单分组  Sys_GroupField, 类[BP.Sys.GroupField], 物理表[Sys_GroupField] 实例。PK = 1327
20日21时00分01秒Fatal:System');"@没有[傻瓜表单分组  Sys_GroupField, 类[BP.Sys.GroupField], 物理表[Sys_GroupField] 实例。PK = 1337
-----------------------------------------------------------------------------------------------------
20日21时01分59秒Fatal:System');"@没有[傻瓜表单分组  Sys_GroupField, 类[BP.Sys.GroupField], 物理表[Sys_GroupField] 实例。PK = 1347
20日21时03分21秒Info:System');"----------------------------------  start ------------------ 
20日21时03分21秒Info:System');"----------------------------------  end ------------------ 
20日21时04分14秒Fatal:System');"@没有[傻瓜表单分组  Sys_GroupField, 类[BP.Sys.GroupField], 物理表[Sys_GroupField] 实例。PK = 1349
20日21时04分52秒Fatal:System');"@没有[傻瓜表单分组  Sys_GroupField, 类[BP.Sys.GroupField], 物理表[Sys_GroupField] 实例。PK = 1351
20日21时06分25秒Info:System');"成功[BP.Sys.EnCfg-7]放入缓存。
-----------------------------------------------------------------------------------------------------
20日21时18分18秒Info:System');"成功[BP.Sys.EnCfg-7]放入缓存。
-----------------------------------------------------------------------------------------------------
20日21时21分51秒Info:System');"成功[BP.Sys.EnCfg-7]放入缓存。
-----------------------------------------------------------------------------------------------------
20日21时30分52秒Info:System');"成功[BP.Sys.EnCfg-7]放入缓存。
20日21时31分43秒Info:System');"成功[BP.Port.Emp-13]放入缓存。
20日21时31分54秒Info:System');"成功[BP.Port.Emp-13]放入缓存。
20日21时31分54秒Info:System');"成功[BP.WF.Flow-102]放入缓存。
20日21时31分54秒Info:System');"SQL=UPDATE Sys_MapDtl SET GroupID=1295        WHERE  No   IN (SELECT X.No FROM (SELECT No FROM Sys_MapDtl WHERE GroupID NOT IN (SELECT OID FROM Sys_GroupField WHERE EnName='ND17101')) AS X ) AND FK_MapData='ND17101',异常信息:列名 'GroupID' 无效。
20日21时31分55秒Info:System');"SQL=UPDATE Sys_MapDtl SET GroupID=1369        WHERE  No   IN (SELECT X.No FROM (SELECT No FROM Sys_MapDtl WHERE GroupID NOT IN (SELECT OID FROM Sys_GroupField WHERE EnName='ND17102')) AS X ) AND FK_MapData='ND17102',异常信息:列名 'GroupID' 无效。
20日21时32分21秒Info:System');"成功[BP.Port.Emp-13]放入缓存。
20日21时32分21秒Info:System');"成功[BP.WF.Flow-102]放入缓存。
20日21时32分21秒Info:System');"SQL=UPDATE Sys_MapDtl SET GroupID=356        WHERE  No   IN (SELECT X.No FROM (SELECT No FROM Sys_MapDtl WHERE GroupID NOT IN (SELECT OID FROM Sys_GroupField WHERE EnName='ND201')) AS X ) AND FK_MapData='ND201',异常信息:列名 'GroupID' 无效。
20日21时32分21秒Info:System');"SQL=UPDATE Sys_MapDtl SET GroupID=361        WHERE  No   IN (SELECT X.No FROM (SELECT No FROM Sys_MapDtl WHERE GroupID NOT IN (SELECT OID FROM Sys_GroupField WHERE EnName='ND202')) AS X ) AND FK_MapData='ND202',异常信息:列名 'GroupID' 无效。
20日21时32分21秒Info:System');"SQL=UPDATE Sys_MapDtl SET GroupID=359        WHERE  No   IN (SELECT X.No FROM (SELECT No FROM Sys_MapDtl WHERE GroupID NOT IN (SELECT OID FROM Sys_GroupField WHERE EnName='ND203')) AS X ) AND FK_MapData='ND203',异常信息:列名 'GroupID' 无效。
20日21时32分21秒Info:System');"SQL=UPDATE Sys_MapDtl SET GroupID=363        WHERE  No   IN (SELECT X.No FROM (SELECT No FROM Sys_MapDtl WHERE GroupID NOT IN (SELECT OID FROM Sys_GroupField WHERE EnName='ND204')) AS X ) AND FK_MapData='ND204',异常信息:列名 'GroupID' 无效。
20日21时32分21秒Info:System');"SQL=UPDATE Sys_MapDtl SET GroupID=360        WHERE  No   IN (SELECT X.No FROM (SELECT No FROM Sys_MapDtl WHERE GroupID NOT IN (SELECT OID FROM Sys_GroupField WHERE EnName='ND205')) AS X ) AND FK_MapData='ND205',异常信息:列名 'GroupID' 无效。
20日21时32分21秒Info:System');"SQL=UPDATE Sys_MapDtl SET GroupID=364        WHERE  No   IN (SELECT X.No FROM (SELECT No FROM Sys_MapDtl WHERE GroupID NOT IN (SELECT OID FROM Sys_GroupField WHERE EnName='ND206')) AS X ) AND FK_MapData='ND206',异常信息:列名 'GroupID' 无效。
20日21时32分22秒Info:System');"SQL=UPDATE Sys_MapDtl SET GroupID=362        WHERE  No   IN (SELECT X.No FROM (SELECT No FROM Sys_MapDtl WHERE GroupID NOT IN (SELECT OID FROM Sys_GroupField WHERE EnName='ND207')) AS X ) AND FK_MapData='ND207',异常信息:列名 'GroupID' 无效。
20日21时32分22秒Info:System');"SQL=UPDATE Sys_MapDtl SET GroupID=358        WHERE  No   IN (SELECT X.No FROM (SELECT No FROM Sys_MapDtl WHERE GroupID NOT IN (SELECT OID FROM Sys_GroupField WHERE EnName='ND299')) AS X ) AND FK_MapData='ND299',异常信息:列名 'GroupID' 无效。
-----------------------------------------------------------------------------------------------------
20日21时40分53秒Info:System');"成功[BP.Sys.EnCfg-7]放入缓存。
20日21时46分11秒Info:System');"成功[BP.WF.Flow-102]放入缓存。
20日21时49分44秒Info:System');"成功[BP.Sys.EnCfg-8]放入缓存。
-----------------------------------------------------------------------------------------------------
20日21时51分35秒Info:System');"成功[BP.Sys.EnCfg-8]放入缓存。
-----------------------------------------------------------------------------------------------------
20日22时00分30秒Info:System');"成功[BP.Sys.EnCfg-8]放入缓存。
20日22时24分25秒Info:System');"----------------------------------  start ------------------ 
20日22时24分25秒Info:System');"----------------------------------  end ------------------ 
20日22时25分08秒Info:System');"成功[BP.Port.Emp-13]放入缓存。
20日22时31分48秒Info:System');"----------------------------------  start ------------------ 
20日22时31分48秒Info:System');"----------------------------------  end ------------------ 
20日22时32分24秒Info:System');"成功[BP.WF.Flow-102]放入缓存。
20日22时32分24秒Info:System');"成功[BP.Sys.EnCfg-8]放入缓存。
20日23时59分00秒Info:System');"成功[BP.Sys.ToolbarExcel-519]放入缓存。
20日23时59分33秒Info:System');"成功[BP.Port.Emp-13]放入缓存。
20日23时59分33秒Info:System');"成功[BP.WF.Flow-102]放入缓存。
20日23时59分33秒Info:System');"成功[BP.Sys.EnCfg-8]放入缓存。
21日00时00分55秒Info:System');"SQL=DELETE FROM ND17101Dtl1,异常信息:对象名 'ND17101Dtl1' 无效。
21日00时01分47秒Info:System');"SQL=UPDATE Sys_MapDtl SET GroupID=1390        WHERE  No   IN (SELECT X.No FROM (SELECT No FROM Sys_MapDtl WHERE GroupID NOT IN (SELECT OID FROM Sys_GroupField WHERE EnName='ND17001')) AS X ) AND FK_MapData='ND17001',异常信息:列名 'GroupID' 无效。
