-----------------------------------------------------------------------------------------------------
10日12时27分00秒Fatal:System');"SQL= SELECT  TOP 1  ISNULL( booleLX,0) booleLX, DKWB, ISNULL( round(FDLX,4) ,0) AS  FDLX,ISNULL(FindLeader,0)   FindLeader, CASE FindLeader WHEN 0 THEN '直接领导' WHEN 1 THEN '指定职务级别的领导' WHEN 2 THEN '指定职务的领导' WHEN 3 THEN '指定岗位的领导' WHEN NULL THEN '直接领导' END FindLeaderTEXT, ISNULL( round(JELX,4) ,0) AS  JELX,ISNULL(JiMiChengDu,0)   JiMiChengDu, CASE JiMiChengDu WHEN 0 THEN '公开' WHEN 1 THEN '保密' WHEN 2 THEN '秘密' WHEN 3 THEN '机密' WHEN NULL THEN '公开' END JiMiChengDuTEXT,ISNULL(OID,0)   OID,RQLX RQLX,RQSJLX RQSJLX,ISNULL(SZLX,0)   SZLX, WBK, ISNULL( ZDboolenLX,0) ZDboolenLX, ZDDKWB, ISNULL( round(ZDFDLX,4) ,0) AS  ZDFDLX,ISNULL(ZDFindLeader,0)   ZDFindLeader, CASE ZDFindLeader WHEN 0 THEN '直接领导' WHEN 1 THEN '指定职务级别的领导' WHEN 2 THEN '指定职务的领导' WHEN 3 THEN '指定岗位的领导' WHEN NULL THEN '直接领导' END ZDFindLeaderTEXT, ISNULL( round(ZDJELX,4) ,0) AS  ZDJELX,ISNULL(ZDJiMiChengDu,0)   ZDJiMiChengDu, CASE ZDJiMiChengDu WHEN 0 THEN '公开' WHEN 1 THEN '保密' WHEN 2 THEN '秘密' WHEN 3 THEN '机密' WHEN NULL THEN '公开' END ZDJiMiChengDuTEXT,ZDRQLX ZDRQLX,ZDRQSJLX ZDRQSJLX,ISNULL(ZDSZLX,0)   ZDSZLX, ZDWBK,ISNULL(RDT,'2016-07-10') RDT FROM Demo_Fields WHERE (1=1) AND Demo_Fields.OID=@OID Exception=对象名 'Demo_Fields' 无效。
10日12时28分24秒Info:System');"成功[BP.Port.Emp-13]放入缓存。
10日12时28分24秒Info:System');"成功[BP.WF.Flow-100]放入缓存。
-----------------------------------------------------------------------------------------------------
10日12时47分48秒Info:System');"----------------------------------  start ------------------ 
10日12时47分48秒Info:System');"----------------------------------  end ------------------ 
10日12时48分10秒Info:System');"成功[BP.Port.Emp-13]放入缓存。
-----------------------------------------------------------------------------------------------------
10日12时49分50秒Info:System');"----------------------------------  start ------------------ 
10日12时49分50秒Info:System');"----------------------------------  end ------------------ 
10日12时49分58秒Info:System');"成功[BP.Port.Emp-13]放入缓存。
-----------------------------------------------------------------------------------------------------
10日12时52分18秒Info:System');"----------------------------------  start ------------------ 
10日12时52分18秒Info:System');"----------------------------------  end ------------------ 
10日12时52分35秒Info:System');"成功[BP.Port.Emp-13]放入缓存。
10日12时52分42秒Info:System');"----------------------------------  start ------------------ 
10日12时52分42秒Info:System');"----------------------------------  end ------------------ 
10日12时52分51秒Info:System');"SQL=DROP TABLE Port_EmpDept,异常信息:无法将 DROP TABLE 用于 'Port_EmpDept'，因为 'Port_EmpDept' 是 视图。请使用 DROP VIEW。
10日12时52分51秒Info:System');"SQL=UPDATE Sys_MapExt SET MyPK= ExtType+'_'+FK_Mapdata+'_'+AttrOfOper WHERE ExtType='TBFullCtrl'UPDATE Sys_MapExt SET MyPK= ExtType+'_'+FK_Mapdata+'_'+AttrOfOper WHERE ExtType='PopVal'UPDATE Sys_MapExt SET MyPK= ExtType+'_'+FK_Mapdata+'_'+AttrOfOper WHERE ExtType='DDLFullCtrl'UPDATE Sys_MapExt SET MyPK= ExtType+'_'+FK_Mapdata+'_'+AttrOfOper WHERE ExtType='ActiveDDL',异常信息:违反了 PRIMARY KEY 约束 'Sys_MapExtpk'。不能在对象 'dbo.Sys_MapExt' 中插入重复键。
违反了 PRIMARY KEY 约束 'Sys_MapExtpk'。不能在对象 'dbo.Sys_MapExt' 中插入重复键。
语句已终止。
语句已终止。
-----------------------------------------------------------------------------------------------------
10日14时27分29秒Info:System');"----------------------------------  start ------------------ 
10日14时27分29秒Info:System');"----------------------------------  end ------------------ 
10日14时27分59秒Info:System');"成功[BP.Port.Emp-13]放入缓存。
10日14时28分19秒Info:System');"成功[BP.WF.Flow-100]放入缓存。
10日14时28分19秒Info:System');"成功[BP.Sys.EnCfg-5]放入缓存。
-----------------------------------------------------------------------------------------------------
10日15时07分53秒Info:System');"----------------------------------  start ------------------ 
10日15时07分53秒Info:System');"----------------------------------  end ------------------ 
10日15时18分49秒Info:System');"成功[BP.Port.Emp-13]放入缓存。
10日15时18分50秒Info:System');"成功[BP.WF.Flow-100]放入缓存。
-----------------------------------------------------------------------------------------------------
10日15时34分17秒Info:System');"成功[BP.Port.Emp-13]放入缓存。
10日15时34分17秒Info:System');"成功[BP.WF.Flow-100]放入缓存。
10日15时41分35秒Info:System');"成功[BP.Sys.EnCfg-5]放入缓存。
-----------------------------------------------------------------------------------------------------
10日16时34分26秒Info:System');"成功[BP.Port.Emp-13]放入缓存。
10日16时34分27秒Info:System');"成功[BP.WF.Flow-100]放入缓存。
10日16时34分27秒Info:System');"成功[BP.Sys.EnCfg-5]放入缓存。
10日16时53分00秒Info:System');"成功[BP.Port.Emp-13]放入缓存。
10日16时53分00秒Info:System');"成功[BP.WF.Flow-100]放入缓存。
10日16时53分09秒Info:System');"成功[BP.Port.Emp-13]放入缓存。
10日16时53分09秒Info:System');"成功[BP.WF.Flow-100]放入缓存。
10日16时53分44秒Info:System');"成功[BP.Port.Dept-6]放入缓存。
10日16时55分38秒Info:System');"成功[BP.WF.Rpt.MapRpt-691]放入缓存。
10日17时07分35秒Info:System');"成功[BP.Port.Emp-13]放入缓存。
10日17时07分35秒Info:System');"成功[BP.WF.Flow-100]放入缓存。
-----------------------------------------------------------------------------------------------------
10日21时26分07秒Info:System');"----------------------------------  start ------------------ 
10日21时26分07秒Info:System');"----------------------------------  end ------------------ 
10日21时30分18秒Info:System');"成功[BP.Port.Emp-13]放入缓存。
10日21时30分29秒Info:System');"成功[BP.WF.Flow-100]放入缓存。
10日21时30分29秒Info:System');"成功[BP.Sys.EnCfg-5]放入缓存。
-----------------------------------------------------------------------------------------------------
10日21时52分24秒Info:System');"成功[BP.Sys.EnCfg-5]放入缓存。
10日21时52分46秒Info:System');"成功[BP.Port.Emp-13]放入缓存。
10日21时52分46秒Info:System');"成功[BP.WF.Flow-100]放入缓存。
10日21时53分05秒Info:System');"成功[BP.Port.Dept-6]放入缓存。
10日21时54分59秒Info:System');"成功[BP.Sys.EnCfg-5]放入缓存。
-----------------------------------------------------------------------------------------------------
10日22时03分44秒Info:System');"成功[BP.Port.Emp-13]放入缓存。
10日22时03分45秒Info:System');"成功[BP.WF.Flow-100]放入缓存。
10日22时03分45秒Info:System');"成功[BP.Sys.EnCfg-5]放入缓存。
-----------------------------------------------------------------------------------------------------
10日23时23分05秒Info:System');"成功[BP.Sys.EnCfg-5]放入缓存。
-----------------------------------------------------------------------------------------------------
10日23时28分40秒Info:System');"成功[BP.Sys.EnCfg-5]放入缓存。
-----------------------------------------------------------------------------------------------------
10日23时31分08秒Info:System');"成功[BP.Sys.EnCfg-5]放入缓存。
10日23时32分08秒Fatal:System');"SQL= SELECT  TOP 1 ISNULL(NodeID,0)   NodeID, Name,ISNULL(FrmTrackSta,0)   FrmTrackSta, CASE FrmTrackSta WHEN 0 THEN '禁用' WHEN 1 THEN '轨迹图' WHEN 2 THEN '轨迹表' WHEN NULL THEN '禁用' END FrmTrackStaTEXT, ISNULL( round(FrmTrack_X,4) ,5) AS  FrmTrack_X, ISNULL( round(FrmTrack_Y,4) ,5) AS  FrmTrack_Y, ISNULL( round(FrmTrack_H,4) ,500) AS  FrmTrack_H, ISNULL( round(FrmTrack_W,4) ,400) AS  FrmTrack_W FROM WF_Node WHERE (1=1) AND WF_Node.NodeID=@NodeID Exception=列名 'FrmTrackSta' 无效。
列名 'FrmTrackSta' 无效。
列名 'FrmTrackSta' 无效。
列名 'FrmTrackSta' 无效。
列名 'FrmTrackSta' 无效。
列名 'FrmTrack_X' 无效。
列名 'FrmTrack_Y' 无效。
列名 'FrmTrack_H' 无效。
列名 'FrmTrack_W' 无效。
-----------------------------------------------------------------------------------------------------
10日23时36分57秒Info:System');"成功[BP.Sys.EnCfg-5]放入缓存。
-----------------------------------------------------------------------------------------------------
10日23时45分50秒Info:System');"成功[BP.Sys.EnCfg-5]放入缓存。
