-----------------------------------------------------------------------------------------------------
13日09时29分46秒Info:System');"成功[BP.Sys.EnCfg-6]放入缓存。
-----------------------------------------------------------------------------------------------------
13日10时00分29秒Info:System');"----------------------------------  start ------------------ 
13日10时00分29秒Info:System');"----------------------------------  end ------------------ 
13日10时00分52秒Info:System');"成功[BP.Port.Emp-13]放入缓存。
13日10时01分37秒Info:System');"成功[BP.Sys.EnCfg-6]放入缓存。
-----------------------------------------------------------------------------------------------------
13日10时19分24秒Info:System');"成功[BP.Sys.EnCfg-6]放入缓存。
-----------------------------------------------------------------------------------------------------
13日10时23分14秒Info:System');"成功[BP.Sys.EnCfg-6]放入缓存。
-----------------------------------------------------------------------------------------------------
13日10时43分59秒Info:System');"----------------------------------  start ------------------ 
13日10时43分59秒Info:System');"----------------------------------  end ------------------ 
13日10时48分08秒Info:System');"成功[BP.Port.Emp-13]放入缓存。
13日10时48分21秒Info:System');"----------------------------------  start ------------------ 
13日10时48分21秒Info:System');"----------------------------------  end ------------------ 
13日10时48分48秒Info:System');"成功[BP.WF.Flow-101]放入缓存。
13日10时49分00秒Info:System');"成功[BP.Port.Emp-13]放入缓存。
13日10时49分00秒Info:System');"成功[BP.WF.Flow-101]放入缓存。
-----------------------------------------------------------------------------------------------------
13日10时55分05秒Info:System');"成功[BP.Sys.EnCfg-6]放入缓存。
-----------------------------------------------------------------------------------------------------
13日14时21分50秒Info:System');"----------------------------------  start ------------------ 
13日14时21分50秒Info:System');"----------------------------------  end ------------------ 
13日14时22分48秒Info:System');"成功[BP.Port.Emp-13]放入缓存。
13日14时23分53秒Info:System');"成功[BP.WF.Flow-102]放入缓存。
13日14时25分07秒Info:System');"成功[BP.WF.Template.Selector-377]放入缓存。
13日14时25分13秒Info:System');"成功[BP.WF.Template.Selector-377]放入缓存。
13日14时25分13秒Info:System');"成功[BP.WF.Template.Selector-377]放入缓存。
13日14时25分13秒Info:System');"成功[BP.WF.Template.Selector-377]放入缓存。
13日14时25分16秒Info:System');"成功[BP.WF.Template.Selector-377]放入缓存。
13日14时25分16秒Info:System');"成功[BP.WF.Template.Selector-377]放入缓存。
13日14时25分16秒Info:System');"成功[BP.WF.Template.Selector-377]放入缓存。
13日14时25分28秒Info:System');"成功[BP.WF.Template.Selector-377]放入缓存。
13日14时25分37秒Info:System');"成功[BP.WF.Template.Selector-377]放入缓存。
13日14时25分37秒Info:System');"成功[BP.WF.Template.Selector-377]放入缓存。
13日14时25分37秒Info:System');"成功[BP.WF.Template.Selector-377]放入缓存。
13日14时25分52秒Info:System');"成功[BP.WF.Template.Selector-377]放入缓存。
13日14时25分56秒Info:System');"成功[BP.WF.Template.Selector-377]放入缓存。
13日14时25分56秒Info:System');"成功[BP.WF.Template.Selector-377]放入缓存。
13日14时25分56秒Info:System');"成功[BP.WF.Template.Selector-377]放入缓存。
13日14时25分57秒Info:System');"成功[BP.WF.Template.Selector-377]放入缓存。
13日14时25分57秒Info:System');"成功[BP.WF.Template.Selector-377]放入缓存。
13日14时25分57秒Info:System');"成功[BP.WF.Template.Selector-377]放入缓存。
13日14时35分53秒Info:System');"成功[BP.WF.Flow-102]放入缓存。
14日09时29分15秒Info:System');"成功[BP.Port.Emp-13]放入缓存。
14日09时29分16秒Info:System');"成功[BP.Sys.EnCfg-6]放入缓存。
