-----------------------------------------------------------------------------------------------------
11日14时43分25秒Info:System');"成功[BP.Port.Emp-14]放入缓存。
11日14时46分51秒Fatal:System');"@运行查询在(RunSQLReturnTable_200705_Ora with paras)出错 sql= SELECT WF_Flow.No, WF_Flow.Name,NVL(WF_Flow.FK_FlowSort, '01') FK_FlowSort, TFK_FlowSort.Name AS FK_FlowSortText, WF_Flow.SysType,NVL(WF_Flow.FlowRunWay,0) FlowRunWay, WF_Flow.RunObj, WF_Flow.Note, WF_Flow.RunSQL,NVL(WF_Flow.NumOfBill,0) NumOfBill,NVL(WF_Flow.NumOfDtl,0) NumOfDtl,NVL(WF_Flow.FlowAppType,0) FlowAppType,NVL(WF_Flow.ChartType,1) ChartType, NVL(WF_Flow.IsCanStart,1) IsCanStart, NVL( round(WF_Flow.AvgDay ,4) ,0) AvgDay,NVL(WF_Flow.IsFullSA,0) IsFullSA,NVL(WF_Flow.IsMD5,0) IsMD5,NVL(WF_Flow.Idx,0) Idx,NVL(WF_Flow.TimelineRole,0) TimelineRole, WF_Flow.Paras, WF_Flow.PTable,NVL(WF_Flow.Draft,0) Draft,NVL(WF_Flow.DataStoreModel,0) DataStoreModel, WF_Flow.TitleRole, WF_Flow.FlowMark, WF_Flow.FlowEventEntity, WF_Flow.HistoryFields,NVL(WF_Flow.IsGuestFlow,0) IsGuestFlow, WF_Flow.BillNoFormat, WF_Flow.FlowNoteExp,NVL(WF_Flow.DRCtrlType,0) DRCtrlType,NVL(WF_Flow.StartLimitRole,0) StartLimitRole, WF_Flow.StartLimitPara, WF_Flow.StartLimitAlert,NVL(WF_Flow.StartLimitWhen,0) StartLimitWhen,NVL(WF_Flow.StartGuideWay,0) StartGuideWay, WF_Flow.StartGuidePara1, WF_Flow.StartGuidePara2, WF_Flow.StartGuidePara3,NVL(WF_Flow.IsResetData,0) IsResetData,NVL(WF_Flow.IsLoadPriData,0) IsLoadPriData,NVL(WF_Flow.CFlowWay,0) CFlowWay, WF_Flow.CFlowPara,NVL(WF_Flow.IsBatchStart,0) IsBatchStart, WF_Flow.BatchStartFields,NVL(WF_Flow.IsAutoSendSubFlowOver,0) IsAutoSendSubFlowOver, WF_Flow.Ver,NVL(WF_Flow.DType,0) DType, WF_Flow.AtPara,NVL(WF_Flow.DTSWay,0) DTSWay, WF_Flow.DTSDBSrc, WF_Flow.DTSBTable, WF_Flow.DTSBTablePK,NVL(WF_Flow.DTSTime,0) DTSTime, WF_Flow.DTSSpecNodes,NVL(WF_Flow.DTSField,0) DTSField, WF_Flow.DTSFields FROM WF_Flow,WF_FlowSort TFK_FlowSort WHERE ( WF_Flow.FK_FlowSort=TFK_FlowSort.No (+) ) AND ( ( 1=1 ) )  @异常信息：ORA-00904: "WF_FLOW"."SYSTYPE": 标识符无效
@Para Num= 0
11日14时47分12秒Info:System');"成功[BP.WF.Flow-105]放入缓存。
11日14时47分59秒Info:System');"成功[BP.Sys.EnCfg-8]放入缓存。
11日14时49分08秒Info:System');"成功[BP.WF.Flow-106]放入缓存。
11日14时51分46秒Fatal:System');"@运行查询在(RunSQLReturnTable_200705_Ora with paras)出错 sql= SELECT  NVL(ShiFouWenJianFuHeYaoQiu,0)   ShiFouWenJianFuHeYaoQiu, CASE NVL(ShiFouWenJianFuHeYaoQiu,0) WHEN 0 THEN '符合,可以发布.' WHEN 1 THEN '不符合,重新修正.' WHEN NULL THEN '符合,可以发布.' END ShiFouWenJianFuHeYaoQiuTEXT, Emps,NVL(Rec, '@WebUser.No') Rec, FK_Dept,NVL(GongWenLeiXing,0)   GongWenLeiXing, CASE NVL(GongWenLeiXing,0) WHEN 0 THEN '省联社来文' WHEN 1 THEN '银监来文' WHEN 2 THEN '人民银行来文' WHEN 3 THEN '政府来文' WHEN 4 THEN '其他部门来文' WHEN NULL THEN '省联社来文' END GongWenLeiXingTEXT, FK_DQ, FK_DQT, FK_SF, FK_SFT, FK_City, FK_CityT,NVL(OID,0)   OID,NVL(FID,0)   FID,NVL(RDT,'2016-08-11') RDT,NVL(CDT,'2016-08-11') CDT, DianHua, DiZhi, XingMing FROM ND175Rpt WHERE (ND175Rpt.OID=:OID ) @异常信息：ORA-00904: "XINGMING": 标识符无效
@Para Num= 1@OID=0
11日14时53分19秒Info:System');"成功[BP.WF.Flow-106]放入缓存。
11日14时59分19秒Info:System');"成功[BP.Port.Emp-14]放入缓存。
11日14时59分19秒Info:System');"成功[BP.WF.Flow-106]放入缓存。
11日14时59分22秒Fatal:System');"@运行查询在(RunSQLReturnTable_200705_Ora with paras)出错 sql= SELECT NVL(WorkID,0) WorkID,NVL(FID,0) FID, FK_FlowSort, SysType, FK_Flow, FlowName, Title,NVL(WFState,0) WFState,NVL(WFSta,0) WFSta, Starter, StarterName, Sender,NVL(RDT,'2016-08-11 14:59') RDT,NVL(FK_Node,0) FK_Node, NodeName, FK_Dept, DeptName,NVL(PRI,1) PRI,NVL(SDTOfNode,'2016-08-11 14:59') SDTOfNode,NVL(SDTOfFlow,'2016-08-11 14:59') SDTOfFlow, PFlowNo,NVL(PWorkID,0) PWorkID,NVL(PNodeID,0) PNodeID,NVL(PFID,0) PFID, PEmp, GuestNo, GuestName, BillNo, FlowNote, TodoEmps,NVL(TodoEmpsNum,0) TodoEmpsNum,NVL(TaskSta,0) TaskSta, AtPara, Emps, GUID, FK_NY,NVL(WeekNum,0) WeekNum,NVL(TSpan,0) TSpan,NVL(TodoSta,0) TodoSta,NVL(MyNum,1) MyNum FROM WF_GenerWorkFlow WHERE ( ( WF_GenerWorkFlow.WorkID =:WorkID) )  @异常信息：ORA-00904: "SYSTYPE": 标识符无效
@Para Num= 1@WorkID=0
11日15时01分50秒Info:System');"成功[BP.Port.Emp-14]放入缓存。
11日15时01分50秒Info:System');"成功[BP.WF.Flow-106]放入缓存。
11日15时05分03秒Info:System');"成功[BP.Port.Emp-14]放入缓存。
11日15时05分03秒Info:System');"成功[BP.WF.Flow-106]放入缓存。
11日15时08分21秒Info:System');"成功[BP.Port.Emp-14]放入缓存。
11日15时08分21秒Info:System');"成功[BP.WF.Flow-106]放入缓存。
11日15时08分56秒Info:System');"成功[BP.Port.Emp-14]放入缓存。
11日15时08分57秒Info:System');"成功[BP.WF.Flow-106]放入缓存。
11日15时09分49秒Info:System');"成功[BP.Port.Dept-6]放入缓存。
11日15时11分24秒Info:System');"成功[BP.Port.Emp-14]放入缓存。
11日15时11分24秒Info:System');"成功[BP.WF.Flow-106]放入缓存。
11日15时23分25秒Info:System');"成功[BP.Sys.EnCfg-8]放入缓存。
11日15时50分16秒Info:System');"成功[BP.Port.Emp-14]放入缓存。
11日15时50分16秒Info:System');"成功[BP.WF.Flow-106]放入缓存。
11日16时02分47秒Info:System');"成功[BP.Sys.EnCfg-8]放入缓存。
