-----------------------------------------------------------------------------------------------------
08日09时48分54秒Info:System');"成功[BP.Port.Emp-14]放入缓存。
-----------------------------------------------------------------------------------------------------
08日14时52分42秒Info:System');"成功[BP.Port.Emp-14]放入缓存。
08日14时53分52秒Info:System');"成功[BP.WF.Flow-104]放入缓存。
08日14时54分56秒Info:System');"成功[BP.Sys.ToolbarExcel-718]放入缓存。
08日14时55分01秒Info:System');"成功[BP.Sys.ToolbarExcel-718]放入缓存。
08日14时55分01秒Info:System');"成功[BP.Sys.ToolbarExcel-718]放入缓存。
08日14时55分01秒Info:System');"成功[BP.Sys.ToolbarExcel-718]放入缓存。
08日14时55分06秒Info:System');"成功[BP.Port.Emp-14]放入缓存。
08日14时55分06秒Info:System');"成功[BP.Sys.ToolbarExcel-718]放入缓存。
08日14时55分10秒Info:System');"成功[BP.Sys.ToolbarExcel-718]放入缓存。
08日14时55分10秒Info:System');"成功[BP.Sys.ToolbarExcel-718]放入缓存。
08日14时55分11秒Info:System');"成功[BP.Sys.ToolbarExcel-718]放入缓存。
08日14时55分16秒Info:System');"成功[BP.Port.Emp-14]放入缓存。
08日14时55分16秒Info:System');"成功[BP.Sys.ToolbarExcel-718]放入缓存。
08日14时55分18秒Info:System');"成功[BP.Sys.ToolbarExcel-718]放入缓存。
08日14时55分18秒Info:System');"成功[BP.Sys.ToolbarExcel-718]放入缓存。
08日14时55分18秒Info:System');"成功[BP.Sys.ToolbarExcel-718]放入缓存。
08日14时55分19秒Info:System');"成功[BP.Sys.ToolbarExcel-718]放入缓存。
08日14时55分19秒Info:System');"成功[BP.Sys.ToolbarExcel-718]放入缓存。
08日14时55分19秒Info:System');"成功[BP.Sys.ToolbarExcel-718]放入缓存。
08日15时00分54秒Info:System');"成功[BP.Port.Emp-14]放入缓存。
08日15时00分54秒Info:System');"成功[BP.WF.Flow-104]放入缓存。
08日15时02分04秒Info:System');"成功[BP.Port.Emp-14]放入缓存。
08日15时02分05秒Info:System');"成功[BP.WF.Flow-104]放入缓存。
08日15时03分17秒Info:System');"成功[BP.WF.Flow-104]放入缓存。
08日15时03分33秒Info:System');"成功[BP.Port.Emp-14]放入缓存。
08日15时03分33秒Info:System');"成功[BP.WF.Flow-104]放入缓存。
08日15时06分10秒Info:System');"成功[BP.Port.Dept-6]放入缓存。
08日15时08分56秒Info:System');"成功[BP.Sys.EnCfg-8]放入缓存。
-----------------------------------------------------------------------------------------------------
08日15时44分32秒Info:System');"成功[BP.WF.Flow-104]放入缓存。
08日15时44分49秒Info:System');"成功[BP.Port.Emp-14]放入缓存。
08日15时44分49秒Info:System');"成功[BP.Sys.EnCfg-8]放入缓存。
08日15时45分47秒Info:System');"成功[BP.Port.Emp-14]放入缓存。
08日15时45分47秒Info:System');"成功[BP.WF.Flow-104]放入缓存。
08日15时54分33秒Info:System');"成功[BP.Port.Emp-14]放入缓存。
08日15时54分33秒Info:System');"成功[BP.WF.Flow-104]放入缓存。
08日15时55分01秒Info:System');"成功[BP.Port.Emp-14]放入缓存。
08日15时55分01秒Info:System');"成功[BP.WF.Flow-104]放入缓存。
08日15时55分13秒Info:System');"成功[BP.Port.Emp-14]放入缓存。
08日15时55分13秒Info:System');"成功[BP.WF.Flow-104]放入缓存。
08日16时00分56秒Info:System');"成功[BP.Port.Emp-14]放入缓存。
08日16时00分56秒Info:System');"成功[BP.WF.Flow-104]放入缓存。
08日16时03分14秒Info:System');"成功[BP.Sys.EnCfg-8]放入缓存。
08日16时04分16秒Info:System');"成功[BP.Port.Emp-14]放入缓存。
08日16时04分16秒Info:System');"成功[BP.WF.Flow-104]放入缓存。
08日16时04分58秒Info:System');"成功[BP.Port.Dept-6]放入缓存。
08日16时07分30秒Info:System');"成功[BP.WF.Template.Selector-389]放入缓存。
08日16时07分48秒Info:System');"成功[BP.WF.Template.Selector-389]放入缓存。
08日16时10分34秒Info:System');"成功[BP.WF.Template.Selector-389]放入缓存。
08日16时10分40秒Info:System');"成功[BP.WF.Template.Selector-389]放入缓存。
08日16时14分40秒Info:System');"成功[BP.WF.Template.Selector-389]放入缓存。
-----------------------------------------------------------------------------------------------------
08日17时09分52秒Info:System');"成功[BP.Port.Emp-14]放入缓存。
08日17时10分18秒Info:System');"成功[BP.WF.Flow-104]放入缓存。
08日17时10分18秒Info:System');"成功[BP.Sys.EnCfg-8]放入缓存。
-----------------------------------------------------------------------------------------------------
08日17时45分35秒Info:System');"成功[BP.Port.Emp-14]放入缓存。
-----------------------------------------------------------------------------------------------------
08日18时06分43秒Info:System');"成功[BP.Port.Emp-14]放入缓存。
08日18时07分05秒Info:System');"成功[BP.WF.Flow-104]放入缓存。
08日18时08分30秒Info:System');"成功[BP.Port.Dept-6]放入缓存。
