-----------------------------------------------------------------------------------------------------
03日09时05分36秒Info:System');"成功[BP.WF.Flow-101]放入缓存。
03日09时05分36秒Info:System');"成功[BP.Port.Emp-13]放入缓存。
03日09时23分29秒Info:System');"成功[BP.WF.Template.Selector-376]放入缓存。
03日09时23分48秒Info:System');"----------------------------------  start ------------------ 
03日09时23分48秒Info:System');"----------------------------------  end ------------------ 
03日09时24分07秒Info:System');"成功[BP.Sys.EnCfg-8]放入缓存。
03日09时55分18秒Info:System');"----------------------------------  start ------------------ 
03日09时55分18秒Info:System');"----------------------------------  end ------------------ 
03日10时04分54秒Info:System');"成功[BP.Port.Emp-13]放入缓存。
03日10时04分54秒Info:System');"成功[BP.WF.Flow-101]放入缓存。
03日10时20分38秒Info:System');"成功[BP.Port.Dept-6]放入缓存。
03日10时44分47秒Info:System');"----------------------------------  start ------------------ 
03日10时44分47秒Info:System');"----------------------------------  end ------------------ 
-----------------------------------------------------------------------------------------------------
03日11时30分26秒Info:System');"成功[BP.GPM.Emp-13]放入缓存。
03日11时51分27秒Info:System');"成功[BP.Port.Emp-13]放入缓存。
03日11时51分27秒Info:System');"成功[BP.WF.Flow-101]放入缓存。
03日11时51分36秒Info:System');"成功[BP.Port.Emp-13]放入缓存。
03日11时51分36秒Info:System');"成功[BP.WF.Flow-101]放入缓存。
03日12时02分12秒Info:System');"成功[BP.Sys.EnCfg-8]放入缓存。
03日12时08分23秒Info:System');"成功[BP.WF.Rpt.MapRpt-697]放入缓存。
03日14时12分45秒Info:System');"----------------------------------  start ------------------ 
03日14时12分45秒Info:System');"----------------------------------  end ------------------ 
03日14时15分24秒Info:System');"成功[BP.Sys.ToolbarExcel-697]放入缓存。
03日14时15分29秒Info:System');"成功[BP.Port.Emp-13]放入缓存。
03日14时17分06秒Info:System');"成功[BP.WF.Flow-101]放入缓存。
03日14时17分07秒Fatal:System');"@运行查询在(RunSQLReturnTable_200705_Ora with paras)出错 sql= SELECT NVL(FID,0) FID,NVL(OID,0) OID,NVL(RDT,'2016-08-03') RDT, Rec,NVL(RefPK, '0') RefPK,NVL(FYLX,0) FYLX, CASE NVL(FYLX,0) WHEN 0 THEN '汽车票' WHEN 1 THEN '打的票' WHEN 2 THEN '火车票' WHEN 3 THEN '飞机票' WHEN 4 THEN '其它' WHEN NULL THEN '汽车票' END FYLXTEXT,NVL(ShuLiang,0) ShuLiang, NVL( round(DanJia,4),0) DanJia, NVL( round(XiaoJi,4),0) XiaoJi, BeiZhu,NVL(IsRowLock,0) IsRowLock FROM Demo_FrmSLWordDtl1 WHERE ( ( Demo_FrmSLWordDtl1.RefPK =:RefPK) )  @异常信息：ORA-00942: 表或视图不存在
@Para Num= 1@RefPK=111
03日14时17分33秒Fatal:System');"@运行查询在(RunSQLReturnTable_200705_Ora with paras)出错 sql= SELECT NVL(FID,0) FID,NVL(OID,0) OID,NVL(RDT,'2016-08-03') RDT, Rec,NVL(RefPK, '0') RefPK,NVL(FYLX,0) FYLX, CASE NVL(FYLX,0) WHEN 0 THEN '汽车票' WHEN 1 THEN '打的票' WHEN 2 THEN '火车票' WHEN 3 THEN '飞机票' WHEN 4 THEN '其它' WHEN NULL THEN '汽车票' END FYLXTEXT,NVL(ShuLiang,0) ShuLiang, NVL( round(DanJia,4),0) DanJia, NVL( round(XiaoJi,4),0) XiaoJi, BeiZhu,NVL(IsRowLock,0) IsRowLock FROM Demo_FrmSLExcelDtl1 WHERE ( ( Demo_FrmSLExcelDtl1.RefPK =:RefPK) )  @异常信息：ORA-00942: 表或视图不存在
@Para Num= 1@RefPK=111
03日14时17分42秒Info:System');"成功[BP.WF.Template.Selector-376]放入缓存。
-----------------------------------------------------------------------------------------------------
03日14时19分35秒Info:System');"成功[BP.WF.Template.Selector-376]放入缓存。
03日14时20分59秒Info:System');"成功[BP.WF.Flow-101]放入缓存。
03日14时21分00秒Info:System');"成功[BP.Port.Emp-13]放入缓存。
03日14时30分11秒Info:System');"成功[BP.Port.Emp-13]放入缓存。
03日14时30分11秒Info:System');"成功[BP.WF.Flow-101]放入缓存。
-----------------------------------------------------------------------------------------------------
03日15时27分12秒Info:System');"----------------------------------  start ------------------ 
03日15时27分12秒Info:System');"----------------------------------  end ------------------ 
03日15时27分23秒Info:System');"成功[BP.Port.Emp-13]放入缓存。
03日15时27分29秒Info:System');"成功[BP.Port.Emp-13]放入缓存。
03日15时27分29秒Info:System');"成功[BP.WF.Flow-101]放入缓存。
03日15时27分37秒Info:System');"成功[BP.WF.Template.Selector-376]放入缓存。
-----------------------------------------------------------------------------------------------------
03日18时38分30秒Info:System');"----------------------------------  start ------------------ 
03日18时38分30秒Info:System');"----------------------------------  end ------------------ 
03日18时38分43秒Info:System');"成功[BP.Port.Emp-13]放入缓存。
03日18时38分52秒Info:System');"成功[BP.Sys.EnCfg-8]放入缓存。
-----------------------------------------------------------------------------------------------------
03日18时51分27秒Info:System');"成功[BP.Sys.EnCfg-8]放入缓存。
-----------------------------------------------------------------------------------------------------
03日18时54分11秒Info:System');"成功[BP.Sys.EnCfg-8]放入缓存。
