-----------------------------------------------------------------------------------------------------
16日10时08分52秒Fatal:System');"@没有[节点  WF_Node, 类[BP.WF.Node], 物理表[WF_Node] 实例。PK = 0
16日10时22分54秒Fatal:System');"@没有[实体配置  Sys_EnCfg, 类[BP.Sys.EnCfg], 物理表[Sys_EnCfg] 实例。PK = BP.WF.WorkFlowDeleteLogs
16日10时27分55秒Fatal:System');"@没有[实体配置  Sys_EnCfg, 类[BP.Sys.EnCfg], 物理表[Sys_EnCfg] 实例。PK = BP.WF.Rpt.RptDfine
16日10时28分00秒Fatal:System');"@没有[年月  Pub_NY, 类[BP.Pub.NY], 物理表[Pub_NY] 实例。PK = 2019-11
16日10时28分00秒Fatal:System');"@没有[年月  Pub_NY, 类[BP.Pub.NY], 物理表[Pub_NY] 实例。PK = 2019-10
16日10时28分00秒Fatal:System');"@没有[年月  Pub_NY, 类[BP.Pub.NY], 物理表[Pub_NY] 实例。PK = 2019-09
16日10时28分00秒Fatal:System');"@没有[年月  Pub_NY, 类[BP.Pub.NY], 物理表[Pub_NY] 实例。PK = 2019-10
16日10时31分11秒Fatal:System');"@没有[年月  Pub_NY, 类[BP.Pub.NY], 物理表[Pub_NY] 实例。PK = 2019-11
16日10时31分11秒Fatal:System');"@没有[年月  Pub_NY, 类[BP.Pub.NY], 物理表[Pub_NY] 实例。PK = 2019-10
16日10时31分11秒Fatal:System');"@没有[年月  Pub_NY, 类[BP.Pub.NY], 物理表[Pub_NY] 实例。PK = 2019-09
16日10时31分11秒Fatal:System');"@没有[年月  Pub_NY, 类[BP.Pub.NY], 物理表[Pub_NY] 实例。PK = 2019-10
16日10时40分58秒Fatal:System');"@没有[年月  Pub_NY, 类[BP.Pub.NY], 物理表[Pub_NY] 实例。PK = 2019-11
16日10时40分58秒Fatal:System');"@没有[年月  Pub_NY, 类[BP.Pub.NY], 物理表[Pub_NY] 实例。PK = 2019-10
16日10时40分58秒Fatal:System');"@没有[年月  Pub_NY, 类[BP.Pub.NY], 物理表[Pub_NY] 实例。PK = 2019-09
16日10时40分58秒Fatal:System');"@没有[年月  Pub_NY, 类[BP.Pub.NY], 物理表[Pub_NY] 实例。PK = 2019-10
16日10时42分21秒Fatal:System');"@没有[年月  Pub_NY, 类[BP.Pub.NY], 物理表[Pub_NY] 实例。PK = 2019-11
16日10时42分21秒Fatal:System');"@没有[年月  Pub_NY, 类[BP.Pub.NY], 物理表[Pub_NY] 实例。PK = 2019-10
16日10时42分21秒Fatal:System');"@没有[年月  Pub_NY, 类[BP.Pub.NY], 物理表[Pub_NY] 实例。PK = 2019-09
16日10时42分21秒Fatal:System');"@没有[年月  Pub_NY, 类[BP.Pub.NY], 物理表[Pub_NY] 实例。PK = 2019-10
16日10时46分37秒Fatal:System');"@没有[年月  Pub_NY, 类[BP.Pub.NY], 物理表[Pub_NY] 实例。PK = 2019-11
16日10时46分37秒Fatal:System');"@没有[年月  Pub_NY, 类[BP.Pub.NY], 物理表[Pub_NY] 实例。PK = 2019-10
16日10时46分37秒Fatal:System');"@没有[年月  Pub_NY, 类[BP.Pub.NY], 物理表[Pub_NY] 实例。PK = 2019-09
16日10时46分37秒Fatal:System');"@没有[年月  Pub_NY, 类[BP.Pub.NY], 物理表[Pub_NY] 实例。PK = 2019-10
16日10时49分09秒Fatal:System');"@没有[月份  Pub_NY, 类[BP.WF.Data.GenerWorkFlowViewNY], 物理表[Pub_NY] 实例。PK = 2019-08
16日10时49分09秒Fatal:System');"@没有[月份  Pub_NY, 类[BP.WF.Data.GenerWorkFlowViewNY], 物理表[Pub_NY] 实例。PK = 2019-08
16日10时49分09秒Fatal:System');"@没有[月份  Pub_NY, 类[BP.WF.Data.GenerWorkFlowViewNY], 物理表[Pub_NY] 实例。PK = 2019-11
16日10时49分09秒Fatal:System');"@没有[月份  Pub_NY, 类[BP.WF.Data.GenerWorkFlowViewNY], 物理表[Pub_NY] 实例。PK = 2019-11
16日10时49分09秒Fatal:System');"@没有[月份  Pub_NY, 类[BP.WF.Data.GenerWorkFlowViewNY], 物理表[Pub_NY] 实例。PK = 2019-11
16日10时49分09秒Fatal:System');"@没有[月份  Pub_NY, 类[BP.WF.Data.GenerWorkFlowViewNY], 物理表[Pub_NY] 实例。PK = 2019-10
16日10时49分09秒Fatal:System');"@没有[月份  Pub_NY, 类[BP.WF.Data.GenerWorkFlowViewNY], 物理表[Pub_NY] 实例。PK = 2019-11
16日10时49分09秒Fatal:System');"@没有[月份  Pub_NY, 类[BP.WF.Data.GenerWorkFlowViewNY], 物理表[Pub_NY] 实例。PK = 2019-10
16日10时49分09秒Fatal:System');"@没有[月份  Pub_NY, 类[BP.WF.Data.GenerWorkFlowViewNY], 物理表[Pub_NY] 实例。PK = 2019-10
16日10时49分09秒Fatal:System');"@没有[月份  Pub_NY, 类[BP.WF.Data.GenerWorkFlowViewNY], 物理表[Pub_NY] 实例。PK = 2019-10
16日10时49分09秒Fatal:System');"@没有[月份  Pub_NY, 类[BP.WF.Data.GenerWorkFlowViewNY], 物理表[Pub_NY] 实例。PK = 2019-10
16日10时49分09秒Fatal:System');"@没有[月份  Pub_NY, 类[BP.WF.Data.GenerWorkFlowViewNY], 物理表[Pub_NY] 实例。PK = 2019-10
16日10时49分09秒Fatal:System');"@没有[月份  Pub_NY, 类[BP.WF.Data.GenerWorkFlowViewNY], 物理表[Pub_NY] 实例。PK = 2019-11
16日10时49分09秒Fatal:System');"@没有[月份  Pub_NY, 类[BP.WF.Data.GenerWorkFlowViewNY], 物理表[Pub_NY] 实例。PK = 2019-11
16日10时49分09秒Fatal:System');"@没有[月份  Pub_NY, 类[BP.WF.Data.GenerWorkFlowViewNY], 物理表[Pub_NY] 实例。PK = 2019-11
16日10时49分09秒Fatal:System');"@没有[月份  Pub_NY, 类[BP.WF.Data.GenerWorkFlowViewNY], 物理表[Pub_NY] 实例。PK = 2019-10
16日10时49分09秒Fatal:System');"@没有[月份  Pub_NY, 类[BP.WF.Data.GenerWorkFlowViewNY], 物理表[Pub_NY] 实例。PK = 2019-11
16日10时49分09秒Fatal:System');"@没有[月份  Pub_NY, 类[BP.WF.Data.GenerWorkFlowViewNY], 物理表[Pub_NY] 实例。PK = 2019-08
16日10时49分09秒Fatal:System');"@没有[月份  Pub_NY, 类[BP.WF.Data.GenerWorkFlowViewNY], 物理表[Pub_NY] 实例。PK = 2019-08
16日10时49分09秒Fatal:System');"@没有[月份  Pub_NY, 类[BP.WF.Data.GenerWorkFlowViewNY], 物理表[Pub_NY] 实例。PK = 2019-08
16日10时49分09秒Fatal:System');"@没有[月份  Pub_NY, 类[BP.WF.Data.GenerWorkFlowViewNY], 物理表[Pub_NY] 实例。PK = 2019-08
16日10时49分09秒Fatal:System');"@没有[月份  Pub_NY, 类[BP.WF.Data.GenerWorkFlowViewNY], 物理表[Pub_NY] 实例。PK = 2019-08
16日10时49分09秒Fatal:System');"@没有[月份  Pub_NY, 类[BP.WF.Data.GenerWorkFlowViewNY], 物理表[Pub_NY] 实例。PK = 2019-08
16日10时49分09秒Fatal:System');"@没有[月份  Pub_NY, 类[BP.WF.Data.GenerWorkFlowViewNY], 物理表[Pub_NY] 实例。PK = 2019-11
16日10时49分09秒Fatal:System');"@没有[月份  Pub_NY, 类[BP.WF.Data.GenerWorkFlowViewNY], 物理表[Pub_NY] 实例。PK = 2019-11
16日10时49分09秒Fatal:System');"@没有[月份  Pub_NY, 类[BP.WF.Data.GenerWorkFlowViewNY], 物理表[Pub_NY] 实例。PK = 2019-10
16日10时49分09秒Fatal:System');"@没有[月份  Pub_NY, 类[BP.WF.Data.GenerWorkFlowViewNY], 物理表[Pub_NY] 实例。PK = 2019-11
16日10时49分09秒Fatal:System');"@没有[月份  Pub_NY, 类[BP.WF.Data.GenerWorkFlowViewNY], 物理表[Pub_NY] 实例。PK = 2019-11
16日10时49分10秒Fatal:System');"@没有[月份  Pub_NY, 类[BP.WF.Data.GenerWorkFlowViewNY], 物理表[Pub_NY] 实例。PK = 2019-09
16日10时49分10秒Fatal:System');"@没有[月份  Pub_NY, 类[BP.WF.Data.GenerWorkFlowViewNY], 物理表[Pub_NY] 实例。PK = 2019-10
16日10时49分10秒Fatal:System');"@没有[月份  Pub_NY, 类[BP.WF.Data.GenerWorkFlowViewNY], 物理表[Pub_NY] 实例。PK = 2019-11
16日10时49分10秒Fatal:System');"@没有[月份  Pub_NY, 类[BP.WF.Data.GenerWorkFlowViewNY], 物理表[Pub_NY] 实例。PK = 2019-08
16日10时49分10秒Fatal:System');"@没有[月份  Pub_NY, 类[BP.WF.Data.GenerWorkFlowViewNY], 物理表[Pub_NY] 实例。PK = 2019-11
16日10时49分10秒Fatal:System');"@没有[月份  Pub_NY, 类[BP.WF.Data.GenerWorkFlowViewNY], 物理表[Pub_NY] 实例。PK = 2019-10
16日10时49分10秒Fatal:System');"@没有[月份  Pub_NY, 类[BP.WF.Data.GenerWorkFlowViewNY], 物理表[Pub_NY] 实例。PK = 2019-09
16日10时49分10秒Fatal:System');"@没有[月份  Pub_NY, 类[BP.WF.Data.GenerWorkFlowViewNY], 物理表[Pub_NY] 实例。PK = 2019-10
16日10时49分10秒Fatal:System');"@没有[月份  Pub_NY, 类[BP.WF.Data.GenerWorkFlowViewNY], 物理表[Pub_NY] 实例。PK = 2019-11
16日10时49分10秒Fatal:System');"@没有[月份  Pub_NY, 类[BP.WF.Data.GenerWorkFlowViewNY], 物理表[Pub_NY] 实例。PK = 2019-11
16日10时49分10秒Fatal:System');"@没有[月份  Pub_NY, 类[BP.WF.Data.GenerWorkFlowViewNY], 物理表[Pub_NY] 实例。PK = 2019-11
16日10时49分10秒Fatal:System');"@没有[月份  Pub_NY, 类[BP.WF.Data.GenerWorkFlowViewNY], 物理表[Pub_NY] 实例。PK = 2019-11
16日10时49分10秒Fatal:System');"@没有[月份  Pub_NY, 类[BP.WF.Data.GenerWorkFlowViewNY], 物理表[Pub_NY] 实例。PK = 2019-11
16日10时49分10秒Fatal:System');"@没有[月份  Pub_NY, 类[BP.WF.Data.GenerWorkFlowViewNY], 物理表[Pub_NY] 实例。PK = 2019-10
16日10时49分10秒Fatal:System');"@没有[月份  Pub_NY, 类[BP.WF.Data.GenerWorkFlowViewNY], 物理表[Pub_NY] 实例。PK = 2019-11
16日10时49分10秒Fatal:System');"@没有[月份  Pub_NY, 类[BP.WF.Data.GenerWorkFlowViewNY], 物理表[Pub_NY] 实例。PK = 2019-11
16日10时49分10秒Fatal:System');"@没有[月份  Pub_NY, 类[BP.WF.Data.GenerWorkFlowViewNY], 物理表[Pub_NY] 实例。PK = 2019-10
16日10时49分10秒Fatal:System');"@没有[月份  Pub_NY, 类[BP.WF.Data.GenerWorkFlowViewNY], 物理表[Pub_NY] 实例。PK = 2019-10
16日10时49分10秒Fatal:System');"@没有[月份  Pub_NY, 类[BP.WF.Data.GenerWorkFlowViewNY], 物理表[Pub_NY] 实例。PK = 2019-11
16日10时49分10秒Fatal:System');"@没有[月份  Pub_NY, 类[BP.WF.Data.GenerWorkFlowViewNY], 物理表[Pub_NY] 实例。PK = 2019-11
16日10时49分10秒Fatal:System');"@没有[月份  Pub_NY, 类[BP.WF.Data.GenerWorkFlowViewNY], 物理表[Pub_NY] 实例。PK = 2019-11
16日10时49分10秒Fatal:System');"@没有[月份  Pub_NY, 类[BP.WF.Data.GenerWorkFlowViewNY], 物理表[Pub_NY] 实例。PK = 2019-11
16日10时49分10秒Fatal:System');"@没有[月份  Pub_NY, 类[BP.WF.Data.GenerWorkFlowViewNY], 物理表[Pub_NY] 实例。PK = 2019-11
16日10时49分10秒Fatal:System');"@没有[月份  Pub_NY, 类[BP.WF.Data.GenerWorkFlowViewNY], 物理表[Pub_NY] 实例。PK = 2019-10
16日10时49分10秒Fatal:System');"@没有[月份  Pub_NY, 类[BP.WF.Data.GenerWorkFlowViewNY], 物理表[Pub_NY] 实例。PK = 2019-11
16日10时49分10秒Fatal:System');"@没有[月份  Pub_NY, 类[BP.WF.Data.GenerWorkFlowViewNY], 物理表[Pub_NY] 实例。PK = 2019-11
16日10时49分10秒Fatal:System');"@没有[月份  Pub_NY, 类[BP.WF.Data.GenerWorkFlowViewNY], 物理表[Pub_NY] 实例。PK = 2019-11
16日10时49分10秒Fatal:System');"@没有[月份  Pub_NY, 类[BP.WF.Data.GenerWorkFlowViewNY], 物理表[Pub_NY] 实例。PK = 2019-11
16日10时49分10秒Fatal:System');"@没有[月份  Pub_NY, 类[BP.WF.Data.GenerWorkFlowViewNY], 物理表[Pub_NY] 实例。PK = 2019-10
16日10时49分10秒Fatal:System');"@没有[月份  Pub_NY, 类[BP.WF.Data.GenerWorkFlowViewNY], 物理表[Pub_NY] 实例。PK = 2019-10
16日10时49分10秒Fatal:System');"@没有[月份  Pub_NY, 类[BP.WF.Data.GenerWorkFlowViewNY], 物理表[Pub_NY] 实例。PK = 2019-09
16日10时49分10秒Fatal:System');"@没有[月份  Pub_NY, 类[BP.WF.Data.GenerWorkFlowViewNY], 物理表[Pub_NY] 实例。PK = 2019-10
16日10时49分10秒Fatal:System');"@没有[月份  Pub_NY, 类[BP.WF.Data.GenerWorkFlowViewNY], 物理表[Pub_NY] 实例。PK = 2019-11
16日10时49分10秒Fatal:System');"@没有[月份  Pub_NY, 类[BP.WF.Data.GenerWorkFlowViewNY], 物理表[Pub_NY] 实例。PK = 2019-10
16日10时49分10秒Fatal:System');"@没有[月份  Pub_NY, 类[BP.WF.Data.GenerWorkFlowViewNY], 物理表[Pub_NY] 实例。PK = 2019-11
16日10时49分10秒Fatal:System');"@没有[月份  Pub_NY, 类[BP.WF.Data.GenerWorkFlowViewNY], 物理表[Pub_NY] 实例。PK = 2019-11
16日10时50分20秒Fatal:System');"@没有[月份  Pub_NY, 类[BP.WF.Data.GenerWorkFlowViewNY], 物理表[Pub_NY] 实例。PK = 2019-08
16日10时50分20秒Fatal:System');"@没有[月份  Pub_NY, 类[BP.WF.Data.GenerWorkFlowViewNY], 物理表[Pub_NY] 实例。PK = 2019-08
16日10时50分20秒Fatal:System');"@没有[月份  Pub_NY, 类[BP.WF.Data.GenerWorkFlowViewNY], 物理表[Pub_NY] 实例。PK = 2019-11
16日10时50分20秒Fatal:System');"@没有[月份  Pub_NY, 类[BP.WF.Data.GenerWorkFlowViewNY], 物理表[Pub_NY] 实例。PK = 2019-11
16日10时50分20秒Fatal:System');"@没有[月份  Pub_NY, 类[BP.WF.Data.GenerWorkFlowViewNY], 物理表[Pub_NY] 实例。PK = 2019-11
16日10时50分20秒Fatal:System');"@没有[月份  Pub_NY, 类[BP.WF.Data.GenerWorkFlowViewNY], 物理表[Pub_NY] 实例。PK = 2019-10
16日10时50分20秒Fatal:System');"@没有[月份  Pub_NY, 类[BP.WF.Data.GenerWorkFlowViewNY], 物理表[Pub_NY] 实例。PK = 2019-11
16日10时50分20秒Fatal:System');"@没有[月份  Pub_NY, 类[BP.WF.Data.GenerWorkFlowViewNY], 物理表[Pub_NY] 实例。PK = 2019-10
16日10时50分20秒Fatal:System');"@没有[月份  Pub_NY, 类[BP.WF.Data.GenerWorkFlowViewNY], 物理表[Pub_NY] 实例。PK = 2019-10
16日10时50分20秒Fatal:System');"@没有[月份  Pub_NY, 类[BP.WF.Data.GenerWorkFlowViewNY], 物理表[Pub_NY] 实例。PK = 2019-10
16日10时50分20秒Fatal:System');"@没有[月份  Pub_NY, 类[BP.WF.Data.GenerWorkFlowViewNY], 物理表[Pub_NY] 实例。PK = 2019-10
16日10时50分20秒Fatal:System');"@没有[月份  Pub_NY, 类[BP.WF.Data.GenerWorkFlowViewNY], 物理表[Pub_NY] 实例。PK = 2019-10
16日10时50分20秒Fatal:System');"@没有[月份  Pub_NY, 类[BP.WF.Data.GenerWorkFlowViewNY], 物理表[Pub_NY] 实例。PK = 2019-11
16日10时50分21秒Fatal:System');"@没有[月份  Pub_NY, 类[BP.WF.Data.GenerWorkFlowViewNY], 物理表[Pub_NY] 实例。PK = 2019-11
16日10时50分21秒Fatal:System');"@没有[月份  Pub_NY, 类[BP.WF.Data.GenerWorkFlowViewNY], 物理表[Pub_NY] 实例。PK = 2019-11
16日10时50分21秒Fatal:System');"@没有[月份  Pub_NY, 类[BP.WF.Data.GenerWorkFlowViewNY], 物理表[Pub_NY] 实例。PK = 2019-10
16日10时50分21秒Fatal:System');"@没有[月份  Pub_NY, 类[BP.WF.Data.GenerWorkFlowViewNY], 物理表[Pub_NY] 实例。PK = 2019-11
16日10时50分21秒Fatal:System');"@没有[月份  Pub_NY, 类[BP.WF.Data.GenerWorkFlowViewNY], 物理表[Pub_NY] 实例。PK = 2019-08
16日10时50分21秒Fatal:System');"@没有[月份  Pub_NY, 类[BP.WF.Data.GenerWorkFlowViewNY], 物理表[Pub_NY] 实例。PK = 2019-08
16日10时50分21秒Fatal:System');"@没有[月份  Pub_NY, 类[BP.WF.Data.GenerWorkFlowViewNY], 物理表[Pub_NY] 实例。PK = 2019-08
16日10时50分21秒Fatal:System');"@没有[月份  Pub_NY, 类[BP.WF.Data.GenerWorkFlowViewNY], 物理表[Pub_NY] 实例。PK = 2019-08
16日10时50分21秒Fatal:System');"@没有[月份  Pub_NY, 类[BP.WF.Data.GenerWorkFlowViewNY], 物理表[Pub_NY] 实例。PK = 2019-08
16日10时50分21秒Fatal:System');"@没有[月份  Pub_NY, 类[BP.WF.Data.GenerWorkFlowViewNY], 物理表[Pub_NY] 实例。PK = 2019-08
16日10时50分21秒Fatal:System');"@没有[月份  Pub_NY, 类[BP.WF.Data.GenerWorkFlowViewNY], 物理表[Pub_NY] 实例。PK = 2019-11
16日10时50分21秒Fatal:System');"@没有[月份  Pub_NY, 类[BP.WF.Data.GenerWorkFlowViewNY], 物理表[Pub_NY] 实例。PK = 2019-11
16日10时50分21秒Fatal:System');"@没有[月份  Pub_NY, 类[BP.WF.Data.GenerWorkFlowViewNY], 物理表[Pub_NY] 实例。PK = 2019-10
16日10时50分21秒Fatal:System');"@没有[月份  Pub_NY, 类[BP.WF.Data.GenerWorkFlowViewNY], 物理表[Pub_NY] 实例。PK = 2019-11
16日10时50分21秒Fatal:System');"@没有[月份  Pub_NY, 类[BP.WF.Data.GenerWorkFlowViewNY], 物理表[Pub_NY] 实例。PK = 2019-11
16日10时50分21秒Fatal:System');"@没有[月份  Pub_NY, 类[BP.WF.Data.GenerWorkFlowViewNY], 物理表[Pub_NY] 实例。PK = 2019-09
16日10时50分21秒Fatal:System');"@没有[月份  Pub_NY, 类[BP.WF.Data.GenerWorkFlowViewNY], 物理表[Pub_NY] 实例。PK = 2019-10
16日10时50分21秒Fatal:System');"@没有[月份  Pub_NY, 类[BP.WF.Data.GenerWorkFlowViewNY], 物理表[Pub_NY] 实例。PK = 2019-11
16日10时50分21秒Fatal:System');"@没有[月份  Pub_NY, 类[BP.WF.Data.GenerWorkFlowViewNY], 物理表[Pub_NY] 实例。PK = 2019-08
16日10时50分21秒Fatal:System');"@没有[月份  Pub_NY, 类[BP.WF.Data.GenerWorkFlowViewNY], 物理表[Pub_NY] 实例。PK = 2019-11
16日10时50分21秒Fatal:System');"@没有[月份  Pub_NY, 类[BP.WF.Data.GenerWorkFlowViewNY], 物理表[Pub_NY] 实例。PK = 2019-10
16日10时50分21秒Fatal:System');"@没有[月份  Pub_NY, 类[BP.WF.Data.GenerWorkFlowViewNY], 物理表[Pub_NY] 实例。PK = 2019-09
16日10时50分21秒Fatal:System');"@没有[月份  Pub_NY, 类[BP.WF.Data.GenerWorkFlowViewNY], 物理表[Pub_NY] 实例。PK = 2019-10
16日10时50分21秒Fatal:System');"@没有[月份  Pub_NY, 类[BP.WF.Data.GenerWorkFlowViewNY], 物理表[Pub_NY] 实例。PK = 2019-11
16日10时50分21秒Fatal:System');"@没有[月份  Pub_NY, 类[BP.WF.Data.GenerWorkFlowViewNY], 物理表[Pub_NY] 实例。PK = 2019-11
16日10时50分21秒Fatal:System');"@没有[月份  Pub_NY, 类[BP.WF.Data.GenerWorkFlowViewNY], 物理表[Pub_NY] 实例。PK = 2019-11
16日10时50分21秒Fatal:System');"@没有[月份  Pub_NY, 类[BP.WF.Data.GenerWorkFlowViewNY], 物理表[Pub_NY] 实例。PK = 2019-11
16日10时50分21秒Fatal:System');"@没有[月份  Pub_NY, 类[BP.WF.Data.GenerWorkFlowViewNY], 物理表[Pub_NY] 实例。PK = 2019-11
16日10时50分21秒Fatal:System');"@没有[月份  Pub_NY, 类[BP.WF.Data.GenerWorkFlowViewNY], 物理表[Pub_NY] 实例。PK = 2019-10
16日10时50分21秒Fatal:System');"@没有[月份  Pub_NY, 类[BP.WF.Data.GenerWorkFlowViewNY], 物理表[Pub_NY] 实例。PK = 2019-11
16日10时50分21秒Fatal:System');"@没有[月份  Pub_NY, 类[BP.WF.Data.GenerWorkFlowViewNY], 物理表[Pub_NY] 实例。PK = 2019-11
16日10时50分21秒Fatal:System');"@没有[月份  Pub_NY, 类[BP.WF.Data.GenerWorkFlowViewNY], 物理表[Pub_NY] 实例。PK = 2019-10
16日10时50分21秒Fatal:System');"@没有[月份  Pub_NY, 类[BP.WF.Data.GenerWorkFlowViewNY], 物理表[Pub_NY] 实例。PK = 2019-10
16日10时50分21秒Fatal:System');"@没有[月份  Pub_NY, 类[BP.WF.Data.GenerWorkFlowViewNY], 物理表[Pub_NY] 实例。PK = 2019-11
16日10时50分21秒Fatal:System');"@没有[月份  Pub_NY, 类[BP.WF.Data.GenerWorkFlowViewNY], 物理表[Pub_NY] 实例。PK = 2019-11
16日10时50分21秒Fatal:System');"@没有[月份  Pub_NY, 类[BP.WF.Data.GenerWorkFlowViewNY], 物理表[Pub_NY] 实例。PK = 2019-11
16日10时50分21秒Fatal:System');"@没有[月份  Pub_NY, 类[BP.WF.Data.GenerWorkFlowViewNY], 物理表[Pub_NY] 实例。PK = 2019-11
16日10时50分21秒Fatal:System');"@没有[月份  Pub_NY, 类[BP.WF.Data.GenerWorkFlowViewNY], 物理表[Pub_NY] 实例。PK = 2019-11
16日10时50分21秒Fatal:System');"@没有[月份  Pub_NY, 类[BP.WF.Data.GenerWorkFlowViewNY], 物理表[Pub_NY] 实例。PK = 2019-10
16日10时50分21秒Fatal:System');"@没有[月份  Pub_NY, 类[BP.WF.Data.GenerWorkFlowViewNY], 物理表[Pub_NY] 实例。PK = 2019-11
16日10时50分21秒Fatal:System');"@没有[月份  Pub_NY, 类[BP.WF.Data.GenerWorkFlowViewNY], 物理表[Pub_NY] 实例。PK = 2019-11
16日10时50分21秒Fatal:System');"@没有[月份  Pub_NY, 类[BP.WF.Data.GenerWorkFlowViewNY], 物理表[Pub_NY] 实例。PK = 2019-11
16日10时50分21秒Fatal:System');"@没有[月份  Pub_NY, 类[BP.WF.Data.GenerWorkFlowViewNY], 物理表[Pub_NY] 实例。PK = 2019-11
16日10时50分22秒Fatal:System');"@没有[月份  Pub_NY, 类[BP.WF.Data.GenerWorkFlowViewNY], 物理表[Pub_NY] 实例。PK = 2019-10
16日10时50分22秒Fatal:System');"@没有[月份  Pub_NY, 类[BP.WF.Data.GenerWorkFlowViewNY], 物理表[Pub_NY] 实例。PK = 2019-10
16日10时50分22秒Fatal:System');"@没有[月份  Pub_NY, 类[BP.WF.Data.GenerWorkFlowViewNY], 物理表[Pub_NY] 实例。PK = 2019-09
16日10时50分22秒Fatal:System');"@没有[月份  Pub_NY, 类[BP.WF.Data.GenerWorkFlowViewNY], 物理表[Pub_NY] 实例。PK = 2019-10
16日10时50分22秒Fatal:System');"@没有[月份  Pub_NY, 类[BP.WF.Data.GenerWorkFlowViewNY], 物理表[Pub_NY] 实例。PK = 2019-11
16日10时50分22秒Fatal:System');"@没有[月份  Pub_NY, 类[BP.WF.Data.GenerWorkFlowViewNY], 物理表[Pub_NY] 实例。PK = 2019-10
16日10时50分22秒Fatal:System');"@没有[月份  Pub_NY, 类[BP.WF.Data.GenerWorkFlowViewNY], 物理表[Pub_NY] 实例。PK = 2019-11
16日10时50分22秒Fatal:System');"@没有[月份  Pub_NY, 类[BP.WF.Data.GenerWorkFlowViewNY], 物理表[Pub_NY] 实例。PK = 2019-11
16日10时50分26秒Fatal:System');"@没有[年月  Pub_NY, 类[BP.Pub.NY], 物理表[Pub_NY] 实例。PK = 2019-11
16日10时50分26秒Fatal:System');"@没有[年月  Pub_NY, 类[BP.Pub.NY], 物理表[Pub_NY] 实例。PK = 2019-10
16日10时50分26秒Fatal:System');"@没有[年月  Pub_NY, 类[BP.Pub.NY], 物理表[Pub_NY] 实例。PK = 2019-09
16日10时50分26秒Fatal:System');"@没有[年月  Pub_NY, 类[BP.Pub.NY], 物理表[Pub_NY] 实例。PK = 2019-10
16日10时50分29秒Fatal:System');"@没有[月份  Pub_NY, 类[BP.WF.Data.GenerWorkFlowViewNY], 物理表[Pub_NY] 实例。PK = 2019-08
16日10时50分29秒Fatal:System');"@没有[月份  Pub_NY, 类[BP.WF.Data.GenerWorkFlowViewNY], 物理表[Pub_NY] 实例。PK = 2019-08
16日10时50分29秒Fatal:System');"@没有[月份  Pub_NY, 类[BP.WF.Data.GenerWorkFlowViewNY], 物理表[Pub_NY] 实例。PK = 2019-11
16日10时50分29秒Fatal:System');"@没有[月份  Pub_NY, 类[BP.WF.Data.GenerWorkFlowViewNY], 物理表[Pub_NY] 实例。PK = 2019-11
16日10时50分30秒Fatal:System');"@没有[月份  Pub_NY, 类[BP.WF.Data.GenerWorkFlowViewNY], 物理表[Pub_NY] 实例。PK = 2019-11
16日10时50分30秒Fatal:System');"@没有[月份  Pub_NY, 类[BP.WF.Data.GenerWorkFlowViewNY], 物理表[Pub_NY] 实例。PK = 2019-10
16日10时50分30秒Fatal:System');"@没有[月份  Pub_NY, 类[BP.WF.Data.GenerWorkFlowViewNY], 物理表[Pub_NY] 实例。PK = 2019-11
16日10时50分30秒Fatal:System');"@没有[月份  Pub_NY, 类[BP.WF.Data.GenerWorkFlowViewNY], 物理表[Pub_NY] 实例。PK = 2019-10
16日10时50分30秒Fatal:System');"@没有[月份  Pub_NY, 类[BP.WF.Data.GenerWorkFlowViewNY], 物理表[Pub_NY] 实例。PK = 2019-10
16日10时50分30秒Fatal:System');"@没有[月份  Pub_NY, 类[BP.WF.Data.GenerWorkFlowViewNY], 物理表[Pub_NY] 实例。PK = 2019-10
16日10时50分30秒Fatal:System');"@没有[月份  Pub_NY, 类[BP.WF.Data.GenerWorkFlowViewNY], 物理表[Pub_NY] 实例。PK = 2019-10
16日10时50分30秒Fatal:System');"@没有[月份  Pub_NY, 类[BP.WF.Data.GenerWorkFlowViewNY], 物理表[Pub_NY] 实例。PK = 2019-10
16日10时50分30秒Fatal:System');"@没有[月份  Pub_NY, 类[BP.WF.Data.GenerWorkFlowViewNY], 物理表[Pub_NY] 实例。PK = 2019-11
16日10时50分30秒Fatal:System');"@没有[月份  Pub_NY, 类[BP.WF.Data.GenerWorkFlowViewNY], 物理表[Pub_NY] 实例。PK = 2019-11
16日10时50分30秒Fatal:System');"@没有[月份  Pub_NY, 类[BP.WF.Data.GenerWorkFlowViewNY], 物理表[Pub_NY] 实例。PK = 2019-11
16日10时50分30秒Fatal:System');"@没有[月份  Pub_NY, 类[BP.WF.Data.GenerWorkFlowViewNY], 物理表[Pub_NY] 实例。PK = 2019-10
16日10时50分30秒Fatal:System');"@没有[月份  Pub_NY, 类[BP.WF.Data.GenerWorkFlowViewNY], 物理表[Pub_NY] 实例。PK = 2019-11
16日10时50分30秒Fatal:System');"@没有[月份  Pub_NY, 类[BP.WF.Data.GenerWorkFlowViewNY], 物理表[Pub_NY] 实例。PK = 2019-08
16日10时50分30秒Fatal:System');"@没有[月份  Pub_NY, 类[BP.WF.Data.GenerWorkFlowViewNY], 物理表[Pub_NY] 实例。PK = 2019-08
16日10时50分30秒Fatal:System');"@没有[月份  Pub_NY, 类[BP.WF.Data.GenerWorkFlowViewNY], 物理表[Pub_NY] 实例。PK = 2019-08
16日10时50分30秒Fatal:System');"@没有[月份  Pub_NY, 类[BP.WF.Data.GenerWorkFlowViewNY], 物理表[Pub_NY] 实例。PK = 2019-08
16日10时50分30秒Fatal:System');"@没有[月份  Pub_NY, 类[BP.WF.Data.GenerWorkFlowViewNY], 物理表[Pub_NY] 实例。PK = 2019-08
16日10时50分30秒Fatal:System');"@没有[月份  Pub_NY, 类[BP.WF.Data.GenerWorkFlowViewNY], 物理表[Pub_NY] 实例。PK = 2019-08
16日10时50分30秒Fatal:System');"@没有[月份  Pub_NY, 类[BP.WF.Data.GenerWorkFlowViewNY], 物理表[Pub_NY] 实例。PK = 2019-11
16日10时50分30秒Fatal:System');"@没有[月份  Pub_NY, 类[BP.WF.Data.GenerWorkFlowViewNY], 物理表[Pub_NY] 实例。PK = 2019-11
16日10时50分30秒Fatal:System');"@没有[月份  Pub_NY, 类[BP.WF.Data.GenerWorkFlowViewNY], 物理表[Pub_NY] 实例。PK = 2019-10
16日10时50分30秒Fatal:System');"@没有[月份  Pub_NY, 类[BP.WF.Data.GenerWorkFlowViewNY], 物理表[Pub_NY] 实例。PK = 2019-11
16日10时50分30秒Fatal:System');"@没有[月份  Pub_NY, 类[BP.WF.Data.GenerWorkFlowViewNY], 物理表[Pub_NY] 实例。PK = 2019-11
16日10时50分30秒Fatal:System');"@没有[月份  Pub_NY, 类[BP.WF.Data.GenerWorkFlowViewNY], 物理表[Pub_NY] 实例。PK = 2019-09
16日10时50分30秒Fatal:System');"@没有[月份  Pub_NY, 类[BP.WF.Data.GenerWorkFlowViewNY], 物理表[Pub_NY] 实例。PK = 2019-10
16日10时50分30秒Fatal:System');"@没有[月份  Pub_NY, 类[BP.WF.Data.GenerWorkFlowViewNY], 物理表[Pub_NY] 实例。PK = 2019-11
16日10时50分30秒Fatal:System');"@没有[月份  Pub_NY, 类[BP.WF.Data.GenerWorkFlowViewNY], 物理表[Pub_NY] 实例。PK = 2019-08
16日10时50分30秒Fatal:System');"@没有[月份  Pub_NY, 类[BP.WF.Data.GenerWorkFlowViewNY], 物理表[Pub_NY] 实例。PK = 2019-11
16日10时50分30秒Fatal:System');"@没有[月份  Pub_NY, 类[BP.WF.Data.GenerWorkFlowViewNY], 物理表[Pub_NY] 实例。PK = 2019-10
16日10时50分30秒Fatal:System');"@没有[月份  Pub_NY, 类[BP.WF.Data.GenerWorkFlowViewNY], 物理表[Pub_NY] 实例。PK = 2019-09
16日10时50分30秒Fatal:System');"@没有[月份  Pub_NY, 类[BP.WF.Data.GenerWorkFlowViewNY], 物理表[Pub_NY] 实例。PK = 2019-10
16日10时50分30秒Fatal:System');"@没有[月份  Pub_NY, 类[BP.WF.Data.GenerWorkFlowViewNY], 物理表[Pub_NY] 实例。PK = 2019-11
16日10时50分30秒Fatal:System');"@没有[月份  Pub_NY, 类[BP.WF.Data.GenerWorkFlowViewNY], 物理表[Pub_NY] 实例。PK = 2019-11
16日10时50分30秒Fatal:System');"@没有[月份  Pub_NY, 类[BP.WF.Data.GenerWorkFlowViewNY], 物理表[Pub_NY] 实例。PK = 2019-11
16日10时50分30秒Fatal:System');"@没有[月份  Pub_NY, 类[BP.WF.Data.GenerWorkFlowViewNY], 物理表[Pub_NY] 实例。PK = 2019-11
16日10时50分30秒Fatal:System');"@没有[月份  Pub_NY, 类[BP.WF.Data.GenerWorkFlowViewNY], 物理表[Pub_NY] 实例。PK = 2019-11
16日10时50分30秒Fatal:System');"@没有[月份  Pub_NY, 类[BP.WF.Data.GenerWorkFlowViewNY], 物理表[Pub_NY] 实例。PK = 2019-10
16日10时50分30秒Fatal:System');"@没有[月份  Pub_NY, 类[BP.WF.Data.GenerWorkFlowViewNY], 物理表[Pub_NY] 实例。PK = 2019-11
16日10时50分30秒Fatal:System');"@没有[月份  Pub_NY, 类[BP.WF.Data.GenerWorkFlowViewNY], 物理表[Pub_NY] 实例。PK = 2019-11
16日10时50分30秒Fatal:System');"@没有[月份  Pub_NY, 类[BP.WF.Data.GenerWorkFlowViewNY], 物理表[Pub_NY] 实例。PK = 2019-10
16日10时50分30秒Fatal:System');"@没有[月份  Pub_NY, 类[BP.WF.Data.GenerWorkFlowViewNY], 物理表[Pub_NY] 实例。PK = 2019-10
16日10时50分30秒Fatal:System');"@没有[月份  Pub_NY, 类[BP.WF.Data.GenerWorkFlowViewNY], 物理表[Pub_NY] 实例。PK = 2019-11
16日10时50分31秒Fatal:System');"@没有[月份  Pub_NY, 类[BP.WF.Data.GenerWorkFlowViewNY], 物理表[Pub_NY] 实例。PK = 2019-11
16日10时50分31秒Fatal:System');"@没有[月份  Pub_NY, 类[BP.WF.Data.GenerWorkFlowViewNY], 物理表[Pub_NY] 实例。PK = 2019-11
16日10时50分31秒Fatal:System');"@没有[月份  Pub_NY, 类[BP.WF.Data.GenerWorkFlowViewNY], 物理表[Pub_NY] 实例。PK = 2019-11
16日10时50分31秒Fatal:System');"@没有[月份  Pub_NY, 类[BP.WF.Data.GenerWorkFlowViewNY], 物理表[Pub_NY] 实例。PK = 2019-11
16日10时50分31秒Fatal:System');"@没有[月份  Pub_NY, 类[BP.WF.Data.GenerWorkFlowViewNY], 物理表[Pub_NY] 实例。PK = 2019-10
16日10时50分31秒Fatal:System');"@没有[月份  Pub_NY, 类[BP.WF.Data.GenerWorkFlowViewNY], 物理表[Pub_NY] 实例。PK = 2019-11
16日10时50分31秒Fatal:System');"@没有[月份  Pub_NY, 类[BP.WF.Data.GenerWorkFlowViewNY], 物理表[Pub_NY] 实例。PK = 2019-11
16日10时50分31秒Fatal:System');"@没有[月份  Pub_NY, 类[BP.WF.Data.GenerWorkFlowViewNY], 物理表[Pub_NY] 实例。PK = 2019-11
16日10时50分31秒Fatal:System');"@没有[月份  Pub_NY, 类[BP.WF.Data.GenerWorkFlowViewNY], 物理表[Pub_NY] 实例。PK = 2019-11
16日10时50分31秒Fatal:System');"@没有[月份  Pub_NY, 类[BP.WF.Data.GenerWorkFlowViewNY], 物理表[Pub_NY] 实例。PK = 2019-10
16日10时50分31秒Fatal:System');"@没有[月份  Pub_NY, 类[BP.WF.Data.GenerWorkFlowViewNY], 物理表[Pub_NY] 实例。PK = 2019-10
16日10时50分31秒Fatal:System');"@没有[月份  Pub_NY, 类[BP.WF.Data.GenerWorkFlowViewNY], 物理表[Pub_NY] 实例。PK = 2019-09
16日10时50分31秒Fatal:System');"@没有[月份  Pub_NY, 类[BP.WF.Data.GenerWorkFlowViewNY], 物理表[Pub_NY] 实例。PK = 2019-10
16日10时50分31秒Fatal:System');"@没有[月份  Pub_NY, 类[BP.WF.Data.GenerWorkFlowViewNY], 物理表[Pub_NY] 实例。PK = 2019-11
16日10时50分31秒Fatal:System');"@没有[月份  Pub_NY, 类[BP.WF.Data.GenerWorkFlowViewNY], 物理表[Pub_NY] 实例。PK = 2019-10
16日10时50分31秒Fatal:System');"@没有[月份  Pub_NY, 类[BP.WF.Data.GenerWorkFlowViewNY], 物理表[Pub_NY] 实例。PK = 2019-11
16日10时50分31秒Fatal:System');"@没有[月份  Pub_NY, 类[BP.WF.Data.GenerWorkFlowViewNY], 物理表[Pub_NY] 实例。PK = 2019-11
16日10时50分46秒Fatal:System');"@没有[月份  Pub_NY, 类[BP.WF.Data.GenerWorkFlowViewNY], 物理表[Pub_NY] 实例。PK = 2019-08
16日10时50分46秒Fatal:System');"@没有[月份  Pub_NY, 类[BP.WF.Data.GenerWorkFlowViewNY], 物理表[Pub_NY] 实例。PK = 2019-08
16日10时50分46秒Fatal:System');"@没有[月份  Pub_NY, 类[BP.WF.Data.GenerWorkFlowViewNY], 物理表[Pub_NY] 实例。PK = 2019-11
16日10时50分46秒Fatal:System');"@没有[月份  Pub_NY, 类[BP.WF.Data.GenerWorkFlowViewNY], 物理表[Pub_NY] 实例。PK = 2019-11
16日10时50分46秒Fatal:System');"@没有[月份  Pub_NY, 类[BP.WF.Data.GenerWorkFlowViewNY], 物理表[Pub_NY] 实例。PK = 2019-11
16日10时50分46秒Fatal:System');"@没有[月份  Pub_NY, 类[BP.WF.Data.GenerWorkFlowViewNY], 物理表[Pub_NY] 实例。PK = 2019-10
16日10时50分46秒Fatal:System');"@没有[月份  Pub_NY, 类[BP.WF.Data.GenerWorkFlowViewNY], 物理表[Pub_NY] 实例。PK = 2019-11
16日10时50分46秒Fatal:System');"@没有[月份  Pub_NY, 类[BP.WF.Data.GenerWorkFlowViewNY], 物理表[Pub_NY] 实例。PK = 2019-10
16日10时50分46秒Fatal:System');"@没有[月份  Pub_NY, 类[BP.WF.Data.GenerWorkFlowViewNY], 物理表[Pub_NY] 实例。PK = 2019-10
16日10时50分46秒Fatal:System');"@没有[月份  Pub_NY, 类[BP.WF.Data.GenerWorkFlowViewNY], 物理表[Pub_NY] 实例。PK = 2019-10
16日10时50分46秒Fatal:System');"@没有[月份  Pub_NY, 类[BP.WF.Data.GenerWorkFlowViewNY], 物理表[Pub_NY] 实例。PK = 2019-10
16日10时50分46秒Fatal:System');"@没有[月份  Pub_NY, 类[BP.WF.Data.GenerWorkFlowViewNY], 物理表[Pub_NY] 实例。PK = 2019-10
16日10时50分47秒Fatal:System');"@没有[月份  Pub_NY, 类[BP.WF.Data.GenerWorkFlowViewNY], 物理表[Pub_NY] 实例。PK = 2019-11
16日10时50分47秒Fatal:System');"@没有[月份  Pub_NY, 类[BP.WF.Data.GenerWorkFlowViewNY], 物理表[Pub_NY] 实例。PK = 2019-11
16日10时50分47秒Fatal:System');"@没有[月份  Pub_NY, 类[BP.WF.Data.GenerWorkFlowViewNY], 物理表[Pub_NY] 实例。PK = 2019-11
16日10时50分47秒Fatal:System');"@没有[月份  Pub_NY, 类[BP.WF.Data.GenerWorkFlowViewNY], 物理表[Pub_NY] 实例。PK = 2019-10
16日10时50分47秒Fatal:System');"@没有[月份  Pub_NY, 类[BP.WF.Data.GenerWorkFlowViewNY], 物理表[Pub_NY] 实例。PK = 2019-11
16日10时50分47秒Fatal:System');"@没有[月份  Pub_NY, 类[BP.WF.Data.GenerWorkFlowViewNY], 物理表[Pub_NY] 实例。PK = 2019-08
16日10时50分47秒Fatal:System');"@没有[月份  Pub_NY, 类[BP.WF.Data.GenerWorkFlowViewNY], 物理表[Pub_NY] 实例。PK = 2019-08
16日10时50分47秒Fatal:System');"@没有[月份  Pub_NY, 类[BP.WF.Data.GenerWorkFlowViewNY], 物理表[Pub_NY] 实例。PK = 2019-08
16日10时50分47秒Fatal:System');"@没有[月份  Pub_NY, 类[BP.WF.Data.GenerWorkFlowViewNY], 物理表[Pub_NY] 实例。PK = 2019-08
16日10时50分47秒Fatal:System');"@没有[月份  Pub_NY, 类[BP.WF.Data.GenerWorkFlowViewNY], 物理表[Pub_NY] 实例。PK = 2019-08
16日10时50分47秒Fatal:System');"@没有[月份  Pub_NY, 类[BP.WF.Data.GenerWorkFlowViewNY], 物理表[Pub_NY] 实例。PK = 2019-08
16日10时50分47秒Fatal:System');"@没有[月份  Pub_NY, 类[BP.WF.Data.GenerWorkFlowViewNY], 物理表[Pub_NY] 实例。PK = 2019-11
16日10时50分47秒Fatal:System');"@没有[月份  Pub_NY, 类[BP.WF.Data.GenerWorkFlowViewNY], 物理表[Pub_NY] 实例。PK = 2019-11
16日10时50分47秒Fatal:System');"@没有[月份  Pub_NY, 类[BP.WF.Data.GenerWorkFlowViewNY], 物理表[Pub_NY] 实例。PK = 2019-10
16日10时50分47秒Fatal:System');"@没有[月份  Pub_NY, 类[BP.WF.Data.GenerWorkFlowViewNY], 物理表[Pub_NY] 实例。PK = 2019-11
16日10时50分47秒Fatal:System');"@没有[月份  Pub_NY, 类[BP.WF.Data.GenerWorkFlowViewNY], 物理表[Pub_NY] 实例。PK = 2019-11
16日10时50分47秒Fatal:System');"@没有[月份  Pub_NY, 类[BP.WF.Data.GenerWorkFlowViewNY], 物理表[Pub_NY] 实例。PK = 2019-09
16日10时50分47秒Fatal:System');"@没有[月份  Pub_NY, 类[BP.WF.Data.GenerWorkFlowViewNY], 物理表[Pub_NY] 实例。PK = 2019-10
16日10时50分47秒Fatal:System');"@没有[月份  Pub_NY, 类[BP.WF.Data.GenerWorkFlowViewNY], 物理表[Pub_NY] 实例。PK = 2019-11
16日10时50分47秒Fatal:System');"@没有[月份  Pub_NY, 类[BP.WF.Data.GenerWorkFlowViewNY], 物理表[Pub_NY] 实例。PK = 2019-08
16日10时50分47秒Fatal:System');"@没有[月份  Pub_NY, 类[BP.WF.Data.GenerWorkFlowViewNY], 物理表[Pub_NY] 实例。PK = 2019-11
16日10时50分47秒Fatal:System');"@没有[月份  Pub_NY, 类[BP.WF.Data.GenerWorkFlowViewNY], 物理表[Pub_NY] 实例。PK = 2019-10
16日10时50分47秒Fatal:System');"@没有[月份  Pub_NY, 类[BP.WF.Data.GenerWorkFlowViewNY], 物理表[Pub_NY] 实例。PK = 2019-09
16日10时50分47秒Fatal:System');"@没有[月份  Pub_NY, 类[BP.WF.Data.GenerWorkFlowViewNY], 物理表[Pub_NY] 实例。PK = 2019-10
16日10时50分47秒Fatal:System');"@没有[月份  Pub_NY, 类[BP.WF.Data.GenerWorkFlowViewNY], 物理表[Pub_NY] 实例。PK = 2019-11
16日10时50分47秒Fatal:System');"@没有[月份  Pub_NY, 类[BP.WF.Data.GenerWorkFlowViewNY], 物理表[Pub_NY] 实例。PK = 2019-11
16日10时50分47秒Fatal:System');"@没有[月份  Pub_NY, 类[BP.WF.Data.GenerWorkFlowViewNY], 物理表[Pub_NY] 实例。PK = 2019-11
16日10时50分47秒Fatal:System');"@没有[月份  Pub_NY, 类[BP.WF.Data.GenerWorkFlowViewNY], 物理表[Pub_NY] 实例。PK = 2019-11
16日10时50分47秒Fatal:System');"@没有[月份  Pub_NY, 类[BP.WF.Data.GenerWorkFlowViewNY], 物理表[Pub_NY] 实例。PK = 2019-11
16日10时50分47秒Fatal:System');"@没有[月份  Pub_NY, 类[BP.WF.Data.GenerWorkFlowViewNY], 物理表[Pub_NY] 实例。PK = 2019-10
16日10时50分47秒Fatal:System');"@没有[月份  Pub_NY, 类[BP.WF.Data.GenerWorkFlowViewNY], 物理表[Pub_NY] 实例。PK = 2019-11
16日10时50分47秒Fatal:System');"@没有[月份  Pub_NY, 类[BP.WF.Data.GenerWorkFlowViewNY], 物理表[Pub_NY] 实例。PK = 2019-11
16日10时50分47秒Fatal:System');"@没有[月份  Pub_NY, 类[BP.WF.Data.GenerWorkFlowViewNY], 物理表[Pub_NY] 实例。PK = 2019-10
16日10时50分47秒Fatal:System');"@没有[月份  Pub_NY, 类[BP.WF.Data.GenerWorkFlowViewNY], 物理表[Pub_NY] 实例。PK = 2019-10
16日10时50分47秒Fatal:System');"@没有[月份  Pub_NY, 类[BP.WF.Data.GenerWorkFlowViewNY], 物理表[Pub_NY] 实例。PK = 2019-11
16日10时50分47秒Fatal:System');"@没有[月份  Pub_NY, 类[BP.WF.Data.GenerWorkFlowViewNY], 物理表[Pub_NY] 实例。PK = 2019-11
16日10时50分47秒Fatal:System');"@没有[月份  Pub_NY, 类[BP.WF.Data.GenerWorkFlowViewNY], 物理表[Pub_NY] 实例。PK = 2019-11
16日10时50分47秒Fatal:System');"@没有[月份  Pub_NY, 类[BP.WF.Data.GenerWorkFlowViewNY], 物理表[Pub_NY] 实例。PK = 2019-11
16日10时50分47秒Fatal:System');"@没有[月份  Pub_NY, 类[BP.WF.Data.GenerWorkFlowViewNY], 物理表[Pub_NY] 实例。PK = 2019-11
16日10时50分47秒Fatal:System');"@没有[月份  Pub_NY, 类[BP.WF.Data.GenerWorkFlowViewNY], 物理表[Pub_NY] 实例。PK = 2019-10
16日10时50分48秒Fatal:System');"@没有[月份  Pub_NY, 类[BP.WF.Data.GenerWorkFlowViewNY], 物理表[Pub_NY] 实例。PK = 2019-11
16日10时50分48秒Fatal:System');"@没有[月份  Pub_NY, 类[BP.WF.Data.GenerWorkFlowViewNY], 物理表[Pub_NY] 实例。PK = 2019-11
16日10时50分48秒Fatal:System');"@没有[月份  Pub_NY, 类[BP.WF.Data.GenerWorkFlowViewNY], 物理表[Pub_NY] 实例。PK = 2019-11
16日10时50分48秒Fatal:System');"@没有[月份  Pub_NY, 类[BP.WF.Data.GenerWorkFlowViewNY], 物理表[Pub_NY] 实例。PK = 2019-11
16日10时50分48秒Fatal:System');"@没有[月份  Pub_NY, 类[BP.WF.Data.GenerWorkFlowViewNY], 物理表[Pub_NY] 实例。PK = 2019-10
16日10时50分48秒Fatal:System');"@没有[月份  Pub_NY, 类[BP.WF.Data.GenerWorkFlowViewNY], 物理表[Pub_NY] 实例。PK = 2019-10
16日10时50分48秒Fatal:System');"@没有[月份  Pub_NY, 类[BP.WF.Data.GenerWorkFlowViewNY], 物理表[Pub_NY] 实例。PK = 2019-09
16日10时50分48秒Fatal:System');"@没有[月份  Pub_NY, 类[BP.WF.Data.GenerWorkFlowViewNY], 物理表[Pub_NY] 实例。PK = 2019-10
16日10时50分48秒Fatal:System');"@没有[月份  Pub_NY, 类[BP.WF.Data.GenerWorkFlowViewNY], 物理表[Pub_NY] 实例。PK = 2019-11
16日10时50分48秒Fatal:System');"@没有[月份  Pub_NY, 类[BP.WF.Data.GenerWorkFlowViewNY], 物理表[Pub_NY] 实例。PK = 2019-10
16日10时50分48秒Fatal:System');"@没有[月份  Pub_NY, 类[BP.WF.Data.GenerWorkFlowViewNY], 物理表[Pub_NY] 实例。PK = 2019-11
16日10时50分48秒Fatal:System');"@没有[月份  Pub_NY, 类[BP.WF.Data.GenerWorkFlowViewNY], 物理表[Pub_NY] 实例。PK = 2019-11
16日10时51分04秒Fatal:System');"@没有[月份  Pub_NY, 类[BP.WF.Data.GenerWorkFlowViewNY], 物理表[Pub_NY] 实例。PK = 2019-08
16日10时51分04秒Fatal:System');"@没有[月份  Pub_NY, 类[BP.WF.Data.GenerWorkFlowViewNY], 物理表[Pub_NY] 实例。PK = 2019-08
16日10时51分04秒Fatal:System');"@没有[月份  Pub_NY, 类[BP.WF.Data.GenerWorkFlowViewNY], 物理表[Pub_NY] 实例。PK = 2019-11
16日10时51分04秒Fatal:System');"@没有[月份  Pub_NY, 类[BP.WF.Data.GenerWorkFlowViewNY], 物理表[Pub_NY] 实例。PK = 2019-11
16日10时51分04秒Fatal:System');"@没有[月份  Pub_NY, 类[BP.WF.Data.GenerWorkFlowViewNY], 物理表[Pub_NY] 实例。PK = 2019-11
16日10时51分04秒Fatal:System');"@没有[月份  Pub_NY, 类[BP.WF.Data.GenerWorkFlowViewNY], 物理表[Pub_NY] 实例。PK = 2019-10
16日10时51分04秒Fatal:System');"@没有[月份  Pub_NY, 类[BP.WF.Data.GenerWorkFlowViewNY], 物理表[Pub_NY] 实例。PK = 2019-11
16日10时51分04秒Fatal:System');"@没有[月份  Pub_NY, 类[BP.WF.Data.GenerWorkFlowViewNY], 物理表[Pub_NY] 实例。PK = 2019-10
16日10时51分04秒Fatal:System');"@没有[月份  Pub_NY, 类[BP.WF.Data.GenerWorkFlowViewNY], 物理表[Pub_NY] 实例。PK = 2019-10
16日10时51分04秒Fatal:System');"@没有[月份  Pub_NY, 类[BP.WF.Data.GenerWorkFlowViewNY], 物理表[Pub_NY] 实例。PK = 2019-10
16日10时51分04秒Fatal:System');"@没有[月份  Pub_NY, 类[BP.WF.Data.GenerWorkFlowViewNY], 物理表[Pub_NY] 实例。PK = 2019-10
16日10时51分04秒Fatal:System');"@没有[月份  Pub_NY, 类[BP.WF.Data.GenerWorkFlowViewNY], 物理表[Pub_NY] 实例。PK = 2019-10
16日10时51分04秒Fatal:System');"@没有[月份  Pub_NY, 类[BP.WF.Data.GenerWorkFlowViewNY], 物理表[Pub_NY] 实例。PK = 2019-11
16日10时51分04秒Fatal:System');"@没有[月份  Pub_NY, 类[BP.WF.Data.GenerWorkFlowViewNY], 物理表[Pub_NY] 实例。PK = 2019-11
16日10时51分04秒Fatal:System');"@没有[月份  Pub_NY, 类[BP.WF.Data.GenerWorkFlowViewNY], 物理表[Pub_NY] 实例。PK = 2019-11
16日10时51分04秒Fatal:System');"@没有[月份  Pub_NY, 类[BP.WF.Data.GenerWorkFlowViewNY], 物理表[Pub_NY] 实例。PK = 2019-10
16日10时51分04秒Fatal:System');"@没有[月份  Pub_NY, 类[BP.WF.Data.GenerWorkFlowViewNY], 物理表[Pub_NY] 实例。PK = 2019-11
16日10时51分04秒Fatal:System');"@没有[月份  Pub_NY, 类[BP.WF.Data.GenerWorkFlowViewNY], 物理表[Pub_NY] 实例。PK = 2019-08
16日10时51分04秒Fatal:System');"@没有[月份  Pub_NY, 类[BP.WF.Data.GenerWorkFlowViewNY], 物理表[Pub_NY] 实例。PK = 2019-08
16日10时51分04秒Fatal:System');"@没有[月份  Pub_NY, 类[BP.WF.Data.GenerWorkFlowViewNY], 物理表[Pub_NY] 实例。PK = 2019-08
16日10时51分04秒Fatal:System');"@没有[月份  Pub_NY, 类[BP.WF.Data.GenerWorkFlowViewNY], 物理表[Pub_NY] 实例。PK = 2019-08
16日10时51分04秒Fatal:System');"@没有[月份  Pub_NY, 类[BP.WF.Data.GenerWorkFlowViewNY], 物理表[Pub_NY] 实例。PK = 2019-08
16日10时51分04秒Fatal:System');"@没有[月份  Pub_NY, 类[BP.WF.Data.GenerWorkFlowViewNY], 物理表[Pub_NY] 实例。PK = 2019-08
16日10时51分04秒Fatal:System');"@没有[月份  Pub_NY, 类[BP.WF.Data.GenerWorkFlowViewNY], 物理表[Pub_NY] 实例。PK = 2019-11
16日10时51分04秒Fatal:System');"@没有[月份  Pub_NY, 类[BP.WF.Data.GenerWorkFlowViewNY], 物理表[Pub_NY] 实例。PK = 2019-11
16日10时51分04秒Fatal:System');"@没有[月份  Pub_NY, 类[BP.WF.Data.GenerWorkFlowViewNY], 物理表[Pub_NY] 实例。PK = 2019-10
16日10时51分04秒Fatal:System');"@没有[月份  Pub_NY, 类[BP.WF.Data.GenerWorkFlowViewNY], 物理表[Pub_NY] 实例。PK = 2019-11
16日10时51分04秒Fatal:System');"@没有[月份  Pub_NY, 类[BP.WF.Data.GenerWorkFlowViewNY], 物理表[Pub_NY] 实例。PK = 2019-11
16日10时51分04秒Fatal:System');"@没有[月份  Pub_NY, 类[BP.WF.Data.GenerWorkFlowViewNY], 物理表[Pub_NY] 实例。PK = 2019-09
16日10时51分04秒Fatal:System');"@没有[月份  Pub_NY, 类[BP.WF.Data.GenerWorkFlowViewNY], 物理表[Pub_NY] 实例。PK = 2019-10
16日10时51分04秒Fatal:System');"@没有[月份  Pub_NY, 类[BP.WF.Data.GenerWorkFlowViewNY], 物理表[Pub_NY] 实例。PK = 2019-11
16日10时51分04秒Fatal:System');"@没有[月份  Pub_NY, 类[BP.WF.Data.GenerWorkFlowViewNY], 物理表[Pub_NY] 实例。PK = 2019-08
16日10时51分04秒Fatal:System');"@没有[月份  Pub_NY, 类[BP.WF.Data.GenerWorkFlowViewNY], 物理表[Pub_NY] 实例。PK = 2019-11
16日10时51分04秒Fatal:System');"@没有[月份  Pub_NY, 类[BP.WF.Data.GenerWorkFlowViewNY], 物理表[Pub_NY] 实例。PK = 2019-10
16日10时51分04秒Fatal:System');"@没有[月份  Pub_NY, 类[BP.WF.Data.GenerWorkFlowViewNY], 物理表[Pub_NY] 实例。PK = 2019-09
16日10时51分04秒Fatal:System');"@没有[月份  Pub_NY, 类[BP.WF.Data.GenerWorkFlowViewNY], 物理表[Pub_NY] 实例。PK = 2019-10
16日10时51分04秒Fatal:System');"@没有[月份  Pub_NY, 类[BP.WF.Data.GenerWorkFlowViewNY], 物理表[Pub_NY] 实例。PK = 2019-11
16日10时51分04秒Fatal:System');"@没有[月份  Pub_NY, 类[BP.WF.Data.GenerWorkFlowViewNY], 物理表[Pub_NY] 实例。PK = 2019-11
16日10时51分04秒Fatal:System');"@没有[月份  Pub_NY, 类[BP.WF.Data.GenerWorkFlowViewNY], 物理表[Pub_NY] 实例。PK = 2019-11
16日10时51分04秒Fatal:System');"@没有[月份  Pub_NY, 类[BP.WF.Data.GenerWorkFlowViewNY], 物理表[Pub_NY] 实例。PK = 2019-11
16日10时51分05秒Fatal:System');"@没有[月份  Pub_NY, 类[BP.WF.Data.GenerWorkFlowViewNY], 物理表[Pub_NY] 实例。PK = 2019-11
16日10时51分05秒Fatal:System');"@没有[月份  Pub_NY, 类[BP.WF.Data.GenerWorkFlowViewNY], 物理表[Pub_NY] 实例。PK = 2019-10
16日10时51分05秒Fatal:System');"@没有[月份  Pub_NY, 类[BP.WF.Data.GenerWorkFlowViewNY], 物理表[Pub_NY] 实例。PK = 2019-11
16日10时51分05秒Fatal:System');"@没有[月份  Pub_NY, 类[BP.WF.Data.GenerWorkFlowViewNY], 物理表[Pub_NY] 实例。PK = 2019-11
16日10时51分05秒Fatal:System');"@没有[月份  Pub_NY, 类[BP.WF.Data.GenerWorkFlowViewNY], 物理表[Pub_NY] 实例。PK = 2019-10
16日10时51分05秒Fatal:System');"@没有[月份  Pub_NY, 类[BP.WF.Data.GenerWorkFlowViewNY], 物理表[Pub_NY] 实例。PK = 2019-10
16日10时51分05秒Fatal:System');"@没有[月份  Pub_NY, 类[BP.WF.Data.GenerWorkFlowViewNY], 物理表[Pub_NY] 实例。PK = 2019-11
16日10时51分05秒Fatal:System');"@没有[月份  Pub_NY, 类[BP.WF.Data.GenerWorkFlowViewNY], 物理表[Pub_NY] 实例。PK = 2019-11
16日10时51分05秒Fatal:System');"@没有[月份  Pub_NY, 类[BP.WF.Data.GenerWorkFlowViewNY], 物理表[Pub_NY] 实例。PK = 2019-11
16日10时51分05秒Fatal:System');"@没有[月份  Pub_NY, 类[BP.WF.Data.GenerWorkFlowViewNY], 物理表[Pub_NY] 实例。PK = 2019-11
16日10时51分05秒Fatal:System');"@没有[月份  Pub_NY, 类[BP.WF.Data.GenerWorkFlowViewNY], 物理表[Pub_NY] 实例。PK = 2019-11
16日10时51分05秒Fatal:System');"@没有[月份  Pub_NY, 类[BP.WF.Data.GenerWorkFlowViewNY], 物理表[Pub_NY] 实例。PK = 2019-10
16日10时51分05秒Fatal:System');"@没有[月份  Pub_NY, 类[BP.WF.Data.GenerWorkFlowViewNY], 物理表[Pub_NY] 实例。PK = 2019-11
16日10时51分05秒Fatal:System');"@没有[月份  Pub_NY, 类[BP.WF.Data.GenerWorkFlowViewNY], 物理表[Pub_NY] 实例。PK = 2019-11
16日10时51分05秒Fatal:System');"@没有[月份  Pub_NY, 类[BP.WF.Data.GenerWorkFlowViewNY], 物理表[Pub_NY] 实例。PK = 2019-11
16日10时51分05秒Fatal:System');"@没有[月份  Pub_NY, 类[BP.WF.Data.GenerWorkFlowViewNY], 物理表[Pub_NY] 实例。PK = 2019-11
16日10时51分05秒Fatal:System');"@没有[月份  Pub_NY, 类[BP.WF.Data.GenerWorkFlowViewNY], 物理表[Pub_NY] 实例。PK = 2019-10
16日10时51分05秒Fatal:System');"@没有[月份  Pub_NY, 类[BP.WF.Data.GenerWorkFlowViewNY], 物理表[Pub_NY] 实例。PK = 2019-10
16日10时51分05秒Fatal:System');"@没有[月份  Pub_NY, 类[BP.WF.Data.GenerWorkFlowViewNY], 物理表[Pub_NY] 实例。PK = 2019-09
16日10时51分05秒Fatal:System');"@没有[月份  Pub_NY, 类[BP.WF.Data.GenerWorkFlowViewNY], 物理表[Pub_NY] 实例。PK = 2019-10
16日10时51分05秒Fatal:System');"@没有[月份  Pub_NY, 类[BP.WF.Data.GenerWorkFlowViewNY], 物理表[Pub_NY] 实例。PK = 2019-11
16日10时51分05秒Fatal:System');"@没有[月份  Pub_NY, 类[BP.WF.Data.GenerWorkFlowViewNY], 物理表[Pub_NY] 实例。PK = 2019-10
16日10时51分05秒Fatal:System');"@没有[月份  Pub_NY, 类[BP.WF.Data.GenerWorkFlowViewNY], 物理表[Pub_NY] 实例。PK = 2019-11
16日10时51分05秒Fatal:System');"@没有[月份  Pub_NY, 类[BP.WF.Data.GenerWorkFlowViewNY], 物理表[Pub_NY] 实例。PK = 2019-11
16日10时52分44秒Fatal:System');"@没有[年月  Pub_NY, 类[BP.Pub.NY], 物理表[Pub_NY] 实例。PK = 2019-11
16日10时52分44秒Fatal:System');"@没有[年月  Pub_NY, 类[BP.Pub.NY], 物理表[Pub_NY] 实例。PK = 2019-10
16日10时52分44秒Fatal:System');"@没有[年月  Pub_NY, 类[BP.Pub.NY], 物理表[Pub_NY] 实例。PK = 2019-09
16日10时52分44秒Fatal:System');"@没有[年月  Pub_NY, 类[BP.Pub.NY], 物理表[Pub_NY] 实例。PK = 2019-10
16日10时54分08秒Fatal:System');"@没有[月份  Pub_NY, 类[BP.WF.Data.GenerWorkFlowViewNY], 物理表[Pub_NY] 实例。PK = 2019-08
16日10时54分08秒Fatal:System');"@没有[月份  Pub_NY, 类[BP.WF.Data.GenerWorkFlowViewNY], 物理表[Pub_NY] 实例。PK = 2019-08
16日10时54分08秒Fatal:System');"@没有[月份  Pub_NY, 类[BP.WF.Data.GenerWorkFlowViewNY], 物理表[Pub_NY] 实例。PK = 2019-11
16日10时54分08秒Fatal:System');"@没有[月份  Pub_NY, 类[BP.WF.Data.GenerWorkFlowViewNY], 物理表[Pub_NY] 实例。PK = 2019-11
16日10时54分08秒Fatal:System');"@没有[月份  Pub_NY, 类[BP.WF.Data.GenerWorkFlowViewNY], 物理表[Pub_NY] 实例。PK = 2019-11
16日10时54分08秒Fatal:System');"@没有[月份  Pub_NY, 类[BP.WF.Data.GenerWorkFlowViewNY], 物理表[Pub_NY] 实例。PK = 2019-10
16日10时54分08秒Fatal:System');"@没有[月份  Pub_NY, 类[BP.WF.Data.GenerWorkFlowViewNY], 物理表[Pub_NY] 实例。PK = 2019-11
16日10时54分08秒Fatal:System');"@没有[月份  Pub_NY, 类[BP.WF.Data.GenerWorkFlowViewNY], 物理表[Pub_NY] 实例。PK = 2019-10
16日10时54分08秒Fatal:System');"@没有[月份  Pub_NY, 类[BP.WF.Data.GenerWorkFlowViewNY], 物理表[Pub_NY] 实例。PK = 2019-10
16日10时54分08秒Fatal:System');"@没有[月份  Pub_NY, 类[BP.WF.Data.GenerWorkFlowViewNY], 物理表[Pub_NY] 实例。PK = 2019-10
16日10时54分08秒Fatal:System');"@没有[月份  Pub_NY, 类[BP.WF.Data.GenerWorkFlowViewNY], 物理表[Pub_NY] 实例。PK = 2019-10
16日10时54分08秒Fatal:System');"@没有[月份  Pub_NY, 类[BP.WF.Data.GenerWorkFlowViewNY], 物理表[Pub_NY] 实例。PK = 2019-10
16日10时54分08秒Fatal:System');"@没有[月份  Pub_NY, 类[BP.WF.Data.GenerWorkFlowViewNY], 物理表[Pub_NY] 实例。PK = 2019-11
16日10时54分08秒Fatal:System');"@没有[月份  Pub_NY, 类[BP.WF.Data.GenerWorkFlowViewNY], 物理表[Pub_NY] 实例。PK = 2019-11
16日10时54分08秒Fatal:System');"@没有[月份  Pub_NY, 类[BP.WF.Data.GenerWorkFlowViewNY], 物理表[Pub_NY] 实例。PK = 2019-11
16日10时54分08秒Fatal:System');"@没有[月份  Pub_NY, 类[BP.WF.Data.GenerWorkFlowViewNY], 物理表[Pub_NY] 实例。PK = 2019-10
16日10时54分08秒Fatal:System');"@没有[月份  Pub_NY, 类[BP.WF.Data.GenerWorkFlowViewNY], 物理表[Pub_NY] 实例。PK = 2019-11
16日10时54分08秒Fatal:System');"@没有[月份  Pub_NY, 类[BP.WF.Data.GenerWorkFlowViewNY], 物理表[Pub_NY] 实例。PK = 2019-08
16日10时54分08秒Fatal:System');"@没有[月份  Pub_NY, 类[BP.WF.Data.GenerWorkFlowViewNY], 物理表[Pub_NY] 实例。PK = 2019-08
16日10时54分08秒Fatal:System');"@没有[月份  Pub_NY, 类[BP.WF.Data.GenerWorkFlowViewNY], 物理表[Pub_NY] 实例。PK = 2019-08
16日10时54分09秒Fatal:System');"@没有[月份  Pub_NY, 类[BP.WF.Data.GenerWorkFlowViewNY], 物理表[Pub_NY] 实例。PK = 2019-08
16日10时54分09秒Fatal:System');"@没有[月份  Pub_NY, 类[BP.WF.Data.GenerWorkFlowViewNY], 物理表[Pub_NY] 实例。PK = 2019-08
16日10时54分09秒Fatal:System');"@没有[月份  Pub_NY, 类[BP.WF.Data.GenerWorkFlowViewNY], 物理表[Pub_NY] 实例。PK = 2019-08
16日10时54分09秒Fatal:System');"@没有[月份  Pub_NY, 类[BP.WF.Data.GenerWorkFlowViewNY], 物理表[Pub_NY] 实例。PK = 2019-11
16日10时54分09秒Fatal:System');"@没有[月份  Pub_NY, 类[BP.WF.Data.GenerWorkFlowViewNY], 物理表[Pub_NY] 实例。PK = 2019-11
16日10时54分09秒Fatal:System');"@没有[月份  Pub_NY, 类[BP.WF.Data.GenerWorkFlowViewNY], 物理表[Pub_NY] 实例。PK = 2019-10
16日10时54分09秒Fatal:System');"@没有[月份  Pub_NY, 类[BP.WF.Data.GenerWorkFlowViewNY], 物理表[Pub_NY] 实例。PK = 2019-11
16日10时54分09秒Fatal:System');"@没有[月份  Pub_NY, 类[BP.WF.Data.GenerWorkFlowViewNY], 物理表[Pub_NY] 实例。PK = 2019-11
16日10时54分09秒Fatal:System');"@没有[月份  Pub_NY, 类[BP.WF.Data.GenerWorkFlowViewNY], 物理表[Pub_NY] 实例。PK = 2019-09
16日10时54分09秒Fatal:System');"@没有[月份  Pub_NY, 类[BP.WF.Data.GenerWorkFlowViewNY], 物理表[Pub_NY] 实例。PK = 2019-10
16日10时54分09秒Fatal:System');"@没有[月份  Pub_NY, 类[BP.WF.Data.GenerWorkFlowViewNY], 物理表[Pub_NY] 实例。PK = 2019-11
16日10时54分09秒Fatal:System');"@没有[月份  Pub_NY, 类[BP.WF.Data.GenerWorkFlowViewNY], 物理表[Pub_NY] 实例。PK = 2019-08
16日10时54分09秒Fatal:System');"@没有[月份  Pub_NY, 类[BP.WF.Data.GenerWorkFlowViewNY], 物理表[Pub_NY] 实例。PK = 2019-11
16日10时54分09秒Fatal:System');"@没有[月份  Pub_NY, 类[BP.WF.Data.GenerWorkFlowViewNY], 物理表[Pub_NY] 实例。PK = 2019-10
16日10时54分09秒Fatal:System');"@没有[月份  Pub_NY, 类[BP.WF.Data.GenerWorkFlowViewNY], 物理表[Pub_NY] 实例。PK = 2019-09
16日10时54分09秒Fatal:System');"@没有[月份  Pub_NY, 类[BP.WF.Data.GenerWorkFlowViewNY], 物理表[Pub_NY] 实例。PK = 2019-10
16日10时54分09秒Fatal:System');"@没有[月份  Pub_NY, 类[BP.WF.Data.GenerWorkFlowViewNY], 物理表[Pub_NY] 实例。PK = 2019-11
16日10时54分09秒Fatal:System');"@没有[月份  Pub_NY, 类[BP.WF.Data.GenerWorkFlowViewNY], 物理表[Pub_NY] 实例。PK = 2019-11
16日10时54分09秒Fatal:System');"@没有[月份  Pub_NY, 类[BP.WF.Data.GenerWorkFlowViewNY], 物理表[Pub_NY] 实例。PK = 2019-11
16日10时54分09秒Fatal:System');"@没有[月份  Pub_NY, 类[BP.WF.Data.GenerWorkFlowViewNY], 物理表[Pub_NY] 实例。PK = 2019-11
16日10时54分09秒Fatal:System');"@没有[月份  Pub_NY, 类[BP.WF.Data.GenerWorkFlowViewNY], 物理表[Pub_NY] 实例。PK = 2019-11
16日10时54分09秒Fatal:System');"@没有[月份  Pub_NY, 类[BP.WF.Data.GenerWorkFlowViewNY], 物理表[Pub_NY] 实例。PK = 2019-10
16日10时54分09秒Fatal:System');"@没有[月份  Pub_NY, 类[BP.WF.Data.GenerWorkFlowViewNY], 物理表[Pub_NY] 实例。PK = 2019-11
16日10时54分09秒Fatal:System');"@没有[月份  Pub_NY, 类[BP.WF.Data.GenerWorkFlowViewNY], 物理表[Pub_NY] 实例。PK = 2019-11
16日10时54分09秒Fatal:System');"@没有[月份  Pub_NY, 类[BP.WF.Data.GenerWorkFlowViewNY], 物理表[Pub_NY] 实例。PK = 2019-10
16日10时54分09秒Fatal:System');"@没有[月份  Pub_NY, 类[BP.WF.Data.GenerWorkFlowViewNY], 物理表[Pub_NY] 实例。PK = 2019-10
16日10时54分09秒Fatal:System');"@没有[月份  Pub_NY, 类[BP.WF.Data.GenerWorkFlowViewNY], 物理表[Pub_NY] 实例。PK = 2019-11
16日10时54分09秒Fatal:System');"@没有[月份  Pub_NY, 类[BP.WF.Data.GenerWorkFlowViewNY], 物理表[Pub_NY] 实例。PK = 2019-11
16日10时54分09秒Fatal:System');"@没有[月份  Pub_NY, 类[BP.WF.Data.GenerWorkFlowViewNY], 物理表[Pub_NY] 实例。PK = 2019-11
16日10时54分09秒Fatal:System');"@没有[月份  Pub_NY, 类[BP.WF.Data.GenerWorkFlowViewNY], 物理表[Pub_NY] 实例。PK = 2019-11
16日10时54分09秒Fatal:System');"@没有[月份  Pub_NY, 类[BP.WF.Data.GenerWorkFlowViewNY], 物理表[Pub_NY] 实例。PK = 2019-11
16日10时54分09秒Fatal:System');"@没有[月份  Pub_NY, 类[BP.WF.Data.GenerWorkFlowViewNY], 物理表[Pub_NY] 实例。PK = 2019-10
16日10时54分09秒Fatal:System');"@没有[月份  Pub_NY, 类[BP.WF.Data.GenerWorkFlowViewNY], 物理表[Pub_NY] 实例。PK = 2019-11
16日10时54分09秒Fatal:System');"@没有[月份  Pub_NY, 类[BP.WF.Data.GenerWorkFlowViewNY], 物理表[Pub_NY] 实例。PK = 2019-11
16日10时54分09秒Fatal:System');"@没有[月份  Pub_NY, 类[BP.WF.Data.GenerWorkFlowViewNY], 物理表[Pub_NY] 实例。PK = 2019-11
16日10时54分09秒Fatal:System');"@没有[月份  Pub_NY, 类[BP.WF.Data.GenerWorkFlowViewNY], 物理表[Pub_NY] 实例。PK = 2019-11
16日10时54分09秒Fatal:System');"@没有[月份  Pub_NY, 类[BP.WF.Data.GenerWorkFlowViewNY], 物理表[Pub_NY] 实例。PK = 2019-10
16日10时54分09秒Fatal:System');"@没有[月份  Pub_NY, 类[BP.WF.Data.GenerWorkFlowViewNY], 物理表[Pub_NY] 实例。PK = 2019-10
16日10时54分09秒Fatal:System');"@没有[月份  Pub_NY, 类[BP.WF.Data.GenerWorkFlowViewNY], 物理表[Pub_NY] 实例。PK = 2019-09
16日10时54分09秒Fatal:System');"@没有[月份  Pub_NY, 类[BP.WF.Data.GenerWorkFlowViewNY], 物理表[Pub_NY] 实例。PK = 2019-10
16日10时54分09秒Fatal:System');"@没有[月份  Pub_NY, 类[BP.WF.Data.GenerWorkFlowViewNY], 物理表[Pub_NY] 实例。PK = 2019-11
16日10时54分09秒Fatal:System');"@没有[月份  Pub_NY, 类[BP.WF.Data.GenerWorkFlowViewNY], 物理表[Pub_NY] 实例。PK = 2019-10
16日10时54分09秒Fatal:System');"@没有[月份  Pub_NY, 类[BP.WF.Data.GenerWorkFlowViewNY], 物理表[Pub_NY] 实例。PK = 2019-11
16日10时54分09秒Fatal:System');"@没有[月份  Pub_NY, 类[BP.WF.Data.GenerWorkFlowViewNY], 物理表[Pub_NY] 实例。PK = 2019-11
16日10时56分17秒Fatal:System');"@没有[月份  Pub_NY, 类[BP.WF.Data.GenerWorkFlowViewNY], 物理表[Pub_NY] 实例。PK = 2019-08
16日10时56分17秒Fatal:System');"@没有[月份  Pub_NY, 类[BP.WF.Data.GenerWorkFlowViewNY], 物理表[Pub_NY] 实例。PK = 2019-08
16日10时56分17秒Fatal:System');"@没有[月份  Pub_NY, 类[BP.WF.Data.GenerWorkFlowViewNY], 物理表[Pub_NY] 实例。PK = 2019-11
16日10时56分17秒Fatal:System');"@没有[月份  Pub_NY, 类[BP.WF.Data.GenerWorkFlowViewNY], 物理表[Pub_NY] 实例。PK = 2019-10
16日10时56分17秒Fatal:System');"@没有[月份  Pub_NY, 类[BP.WF.Data.GenerWorkFlowViewNY], 物理表[Pub_NY] 实例。PK = 2019-11
16日10时56分17秒Fatal:System');"@没有[月份  Pub_NY, 类[BP.WF.Data.GenerWorkFlowViewNY], 物理表[Pub_NY] 实例。PK = 2019-10
16日10时56分17秒Fatal:System');"@没有[月份  Pub_NY, 类[BP.WF.Data.GenerWorkFlowViewNY], 物理表[Pub_NY] 实例。PK = 2019-10
16日10时56分17秒Fatal:System');"@没有[月份  Pub_NY, 类[BP.WF.Data.GenerWorkFlowViewNY], 物理表[Pub_NY] 实例。PK = 2019-10
16日10时56分17秒Fatal:System');"@没有[月份  Pub_NY, 类[BP.WF.Data.GenerWorkFlowViewNY], 物理表[Pub_NY] 实例。PK = 2019-10
16日10时56分17秒Fatal:System');"@没有[月份  Pub_NY, 类[BP.WF.Data.GenerWorkFlowViewNY], 物理表[Pub_NY] 实例。PK = 2019-10
16日10时56分17秒Fatal:System');"@没有[月份  Pub_NY, 类[BP.WF.Data.GenerWorkFlowViewNY], 物理表[Pub_NY] 实例。PK = 2019-11
16日10时56分17秒Fatal:System');"@没有[月份  Pub_NY, 类[BP.WF.Data.GenerWorkFlowViewNY], 物理表[Pub_NY] 实例。PK = 2019-10
16日10时56分17秒Fatal:System');"@没有[月份  Pub_NY, 类[BP.WF.Data.GenerWorkFlowViewNY], 物理表[Pub_NY] 实例。PK = 2019-11
16日10时56分17秒Fatal:System');"@没有[月份  Pub_NY, 类[BP.WF.Data.GenerWorkFlowViewNY], 物理表[Pub_NY] 实例。PK = 2019-08
16日10时56分17秒Fatal:System');"@没有[月份  Pub_NY, 类[BP.WF.Data.GenerWorkFlowViewNY], 物理表[Pub_NY] 实例。PK = 2019-08
16日10时56分17秒Fatal:System');"@没有[月份  Pub_NY, 类[BP.WF.Data.GenerWorkFlowViewNY], 物理表[Pub_NY] 实例。PK = 2019-08
16日10时56分17秒Fatal:System');"@没有[月份  Pub_NY, 类[BP.WF.Data.GenerWorkFlowViewNY], 物理表[Pub_NY] 实例。PK = 2019-08
16日10时56分17秒Fatal:System');"@没有[月份  Pub_NY, 类[BP.WF.Data.GenerWorkFlowViewNY], 物理表[Pub_NY] 实例。PK = 2019-08
16日10时56分17秒Fatal:System');"@没有[月份  Pub_NY, 类[BP.WF.Data.GenerWorkFlowViewNY], 物理表[Pub_NY] 实例。PK = 2019-08
16日10时56分17秒Fatal:System');"@没有[月份  Pub_NY, 类[BP.WF.Data.GenerWorkFlowViewNY], 物理表[Pub_NY] 实例。PK = 2019-11
16日10时56分17秒Fatal:System');"@没有[月份  Pub_NY, 类[BP.WF.Data.GenerWorkFlowViewNY], 物理表[Pub_NY] 实例。PK = 2019-10
16日10时56分17秒Fatal:System');"@没有[月份  Pub_NY, 类[BP.WF.Data.GenerWorkFlowViewNY], 物理表[Pub_NY] 实例。PK = 2019-11
16日10时56分17秒Fatal:System');"@没有[月份  Pub_NY, 类[BP.WF.Data.GenerWorkFlowViewNY], 物理表[Pub_NY] 实例。PK = 2019-11
16日10时56分17秒Fatal:System');"@没有[月份  Pub_NY, 类[BP.WF.Data.GenerWorkFlowViewNY], 物理表[Pub_NY] 实例。PK = 2019-09
16日10时56分17秒Fatal:System');"@没有[月份  Pub_NY, 类[BP.WF.Data.GenerWorkFlowViewNY], 物理表[Pub_NY] 实例。PK = 2019-10
16日10时56分17秒Fatal:System');"@没有[月份  Pub_NY, 类[BP.WF.Data.GenerWorkFlowViewNY], 物理表[Pub_NY] 实例。PK = 2019-11
16日10时56分17秒Fatal:System');"@没有[月份  Pub_NY, 类[BP.WF.Data.GenerWorkFlowViewNY], 物理表[Pub_NY] 实例。PK = 2019-08
16日10时56分17秒Fatal:System');"@没有[月份  Pub_NY, 类[BP.WF.Data.GenerWorkFlowViewNY], 物理表[Pub_NY] 实例。PK = 2019-11
16日10时56分17秒Fatal:System');"@没有[月份  Pub_NY, 类[BP.WF.Data.GenerWorkFlowViewNY], 物理表[Pub_NY] 实例。PK = 2019-10
16日10时56分17秒Fatal:System');"@没有[月份  Pub_NY, 类[BP.WF.Data.GenerWorkFlowViewNY], 物理表[Pub_NY] 实例。PK = 2019-09
16日10时56分17秒Fatal:System');"@没有[月份  Pub_NY, 类[BP.WF.Data.GenerWorkFlowViewNY], 物理表[Pub_NY] 实例。PK = 2019-10
16日10时56分17秒Fatal:System');"@没有[月份  Pub_NY, 类[BP.WF.Data.GenerWorkFlowViewNY], 物理表[Pub_NY] 实例。PK = 2019-11
16日10时56分17秒Fatal:System');"@没有[月份  Pub_NY, 类[BP.WF.Data.GenerWorkFlowViewNY], 物理表[Pub_NY] 实例。PK = 2019-11
16日10时56分17秒Fatal:System');"@没有[月份  Pub_NY, 类[BP.WF.Data.GenerWorkFlowViewNY], 物理表[Pub_NY] 实例。PK = 2019-11
16日10时56分17秒Fatal:System');"@没有[月份  Pub_NY, 类[BP.WF.Data.GenerWorkFlowViewNY], 物理表[Pub_NY] 实例。PK = 2019-11
16日10时56分17秒Fatal:System');"@没有[月份  Pub_NY, 类[BP.WF.Data.GenerWorkFlowViewNY], 物理表[Pub_NY] 实例。PK = 2019-11
16日10时56分17秒Fatal:System');"@没有[月份  Pub_NY, 类[BP.WF.Data.GenerWorkFlowViewNY], 物理表[Pub_NY] 实例。PK = 2019-10
16日10时56分18秒Fatal:System');"@没有[月份  Pub_NY, 类[BP.WF.Data.GenerWorkFlowViewNY], 物理表[Pub_NY] 实例。PK = 2019-11
16日10时56分18秒Fatal:System');"@没有[月份  Pub_NY, 类[BP.WF.Data.GenerWorkFlowViewNY], 物理表[Pub_NY] 实例。PK = 2019-11
16日10时56分18秒Fatal:System');"@没有[月份  Pub_NY, 类[BP.WF.Data.GenerWorkFlowViewNY], 物理表[Pub_NY] 实例。PK = 2019-10
16日10时56分18秒Fatal:System');"@没有[月份  Pub_NY, 类[BP.WF.Data.GenerWorkFlowViewNY], 物理表[Pub_NY] 实例。PK = 2019-10
16日10时56分18秒Fatal:System');"@没有[月份  Pub_NY, 类[BP.WF.Data.GenerWorkFlowViewNY], 物理表[Pub_NY] 实例。PK = 2019-11
16日10时56分18秒Fatal:System');"@没有[月份  Pub_NY, 类[BP.WF.Data.GenerWorkFlowViewNY], 物理表[Pub_NY] 实例。PK = 2019-11
16日10时56分18秒Fatal:System');"@没有[月份  Pub_NY, 类[BP.WF.Data.GenerWorkFlowViewNY], 物理表[Pub_NY] 实例。PK = 2019-11
16日10时56分18秒Fatal:System');"@没有[月份  Pub_NY, 类[BP.WF.Data.GenerWorkFlowViewNY], 物理表[Pub_NY] 实例。PK = 2019-11
16日10时56分18秒Fatal:System');"@没有[月份  Pub_NY, 类[BP.WF.Data.GenerWorkFlowViewNY], 物理表[Pub_NY] 实例。PK = 2019-10
16日10时56分18秒Fatal:System');"@没有[月份  Pub_NY, 类[BP.WF.Data.GenerWorkFlowViewNY], 物理表[Pub_NY] 实例。PK = 2019-11
16日10时56分18秒Fatal:System');"@没有[月份  Pub_NY, 类[BP.WF.Data.GenerWorkFlowViewNY], 物理表[Pub_NY] 实例。PK = 2019-11
16日10时56分18秒Fatal:System');"@没有[月份  Pub_NY, 类[BP.WF.Data.GenerWorkFlowViewNY], 物理表[Pub_NY] 实例。PK = 2019-11
16日10时56分18秒Fatal:System');"@没有[月份  Pub_NY, 类[BP.WF.Data.GenerWorkFlowViewNY], 物理表[Pub_NY] 实例。PK = 2019-10
16日10时56分18秒Fatal:System');"@没有[月份  Pub_NY, 类[BP.WF.Data.GenerWorkFlowViewNY], 物理表[Pub_NY] 实例。PK = 2019-10
16日10时56分18秒Fatal:System');"@没有[月份  Pub_NY, 类[BP.WF.Data.GenerWorkFlowViewNY], 物理表[Pub_NY] 实例。PK = 2019-09
16日10时56分18秒Fatal:System');"@没有[月份  Pub_NY, 类[BP.WF.Data.GenerWorkFlowViewNY], 物理表[Pub_NY] 实例。PK = 2019-10
16日10时56分18秒Fatal:System');"@没有[月份  Pub_NY, 类[BP.WF.Data.GenerWorkFlowViewNY], 物理表[Pub_NY] 实例。PK = 2019-10
16日10时56分18秒Fatal:System');"@没有[月份  Pub_NY, 类[BP.WF.Data.GenerWorkFlowViewNY], 物理表[Pub_NY] 实例。PK = 2019-11
16日10时56分18秒Fatal:System');"@没有[月份  Pub_NY, 类[BP.WF.Data.GenerWorkFlowViewNY], 物理表[Pub_NY] 实例。PK = 2019-11
16日11时00分03秒Fatal:System');"@没有[月份  Pub_NY, 类[BP.WF.Data.GenerWorkFlowViewNY], 物理表[Pub_NY] 实例。PK = 2019-08
16日11时00分03秒Fatal:System');"@没有[月份  Pub_NY, 类[BP.WF.Data.GenerWorkFlowViewNY], 物理表[Pub_NY] 实例。PK = 2019-08
16日11时00分03秒Fatal:System');"@没有[月份  Pub_NY, 类[BP.WF.Data.GenerWorkFlowViewNY], 物理表[Pub_NY] 实例。PK = 2019-11
16日11时00分03秒Fatal:System');"@没有[月份  Pub_NY, 类[BP.WF.Data.GenerWorkFlowViewNY], 物理表[Pub_NY] 实例。PK = 2019-11
16日11时00分03秒Fatal:System');"@没有[月份  Pub_NY, 类[BP.WF.Data.GenerWorkFlowViewNY], 物理表[Pub_NY] 实例。PK = 2019-11
16日11时00分03秒Fatal:System');"@没有[月份  Pub_NY, 类[BP.WF.Data.GenerWorkFlowViewNY], 物理表[Pub_NY] 实例。PK = 2019-10
16日11时00分03秒Fatal:System');"@没有[月份  Pub_NY, 类[BP.WF.Data.GenerWorkFlowViewNY], 物理表[Pub_NY] 实例。PK = 2019-11
16日11时00分03秒Fatal:System');"@没有[月份  Pub_NY, 类[BP.WF.Data.GenerWorkFlowViewNY], 物理表[Pub_NY] 实例。PK = 2019-10
16日11时00分03秒Fatal:System');"@没有[月份  Pub_NY, 类[BP.WF.Data.GenerWorkFlowViewNY], 物理表[Pub_NY] 实例。PK = 2019-10
16日11时00分03秒Fatal:System');"@没有[月份  Pub_NY, 类[BP.WF.Data.GenerWorkFlowViewNY], 物理表[Pub_NY] 实例。PK = 2019-10
16日11时00分04秒Fatal:System');"@没有[月份  Pub_NY, 类[BP.WF.Data.GenerWorkFlowViewNY], 物理表[Pub_NY] 实例。PK = 2019-10
16日11时00分04秒Fatal:System');"@没有[月份  Pub_NY, 类[BP.WF.Data.GenerWorkFlowViewNY], 物理表[Pub_NY] 实例。PK = 2019-10
16日11时00分04秒Fatal:System');"@没有[月份  Pub_NY, 类[BP.WF.Data.GenerWorkFlowViewNY], 物理表[Pub_NY] 实例。PK = 2019-11
16日11时00分04秒Fatal:System');"@没有[月份  Pub_NY, 类[BP.WF.Data.GenerWorkFlowViewNY], 物理表[Pub_NY] 实例。PK = 2019-11
16日11时00分04秒Fatal:System');"@没有[月份  Pub_NY, 类[BP.WF.Data.GenerWorkFlowViewNY], 物理表[Pub_NY] 实例。PK = 2019-11
16日11时00分04秒Fatal:System');"@没有[月份  Pub_NY, 类[BP.WF.Data.GenerWorkFlowViewNY], 物理表[Pub_NY] 实例。PK = 2019-10
16日11时00分04秒Fatal:System');"@没有[月份  Pub_NY, 类[BP.WF.Data.GenerWorkFlowViewNY], 物理表[Pub_NY] 实例。PK = 2019-11
16日11时00分04秒Fatal:System');"@没有[月份  Pub_NY, 类[BP.WF.Data.GenerWorkFlowViewNY], 物理表[Pub_NY] 实例。PK = 2019-08
16日11时00分04秒Fatal:System');"@没有[月份  Pub_NY, 类[BP.WF.Data.GenerWorkFlowViewNY], 物理表[Pub_NY] 实例。PK = 2019-08
16日11时00分04秒Fatal:System');"@没有[月份  Pub_NY, 类[BP.WF.Data.GenerWorkFlowViewNY], 物理表[Pub_NY] 实例。PK = 2019-08
16日11时00分04秒Fatal:System');"@没有[月份  Pub_NY, 类[BP.WF.Data.GenerWorkFlowViewNY], 物理表[Pub_NY] 实例。PK = 2019-08
16日11时00分04秒Fatal:System');"@没有[月份  Pub_NY, 类[BP.WF.Data.GenerWorkFlowViewNY], 物理表[Pub_NY] 实例。PK = 2019-08
16日11时00分04秒Fatal:System');"@没有[月份  Pub_NY, 类[BP.WF.Data.GenerWorkFlowViewNY], 物理表[Pub_NY] 实例。PK = 2019-08
16日11时00分04秒Fatal:System');"@没有[月份  Pub_NY, 类[BP.WF.Data.GenerWorkFlowViewNY], 物理表[Pub_NY] 实例。PK = 2019-11
16日11时00分04秒Fatal:System');"@没有[月份  Pub_NY, 类[BP.WF.Data.GenerWorkFlowViewNY], 物理表[Pub_NY] 实例。PK = 2019-11
16日11时00分04秒Fatal:System');"@没有[月份  Pub_NY, 类[BP.WF.Data.GenerWorkFlowViewNY], 物理表[Pub_NY] 实例。PK = 2019-10
16日11时00分04秒Fatal:System');"@没有[月份  Pub_NY, 类[BP.WF.Data.GenerWorkFlowViewNY], 物理表[Pub_NY] 实例。PK = 2019-11
16日11时00分04秒Fatal:System');"@没有[月份  Pub_NY, 类[BP.WF.Data.GenerWorkFlowViewNY], 物理表[Pub_NY] 实例。PK = 2019-11
16日11时00分04秒Fatal:System');"@没有[月份  Pub_NY, 类[BP.WF.Data.GenerWorkFlowViewNY], 物理表[Pub_NY] 实例。PK = 2019-09
16日11时00分04秒Fatal:System');"@没有[月份  Pub_NY, 类[BP.WF.Data.GenerWorkFlowViewNY], 物理表[Pub_NY] 实例。PK = 2019-10
16日11时00分04秒Fatal:System');"@没有[月份  Pub_NY, 类[BP.WF.Data.GenerWorkFlowViewNY], 物理表[Pub_NY] 实例。PK = 2019-11
16日11时00分04秒Fatal:System');"@没有[月份  Pub_NY, 类[BP.WF.Data.GenerWorkFlowViewNY], 物理表[Pub_NY] 实例。PK = 2019-08
16日11时00分04秒Fatal:System');"@没有[月份  Pub_NY, 类[BP.WF.Data.GenerWorkFlowViewNY], 物理表[Pub_NY] 实例。PK = 2019-11
16日11时00分04秒Fatal:System');"@没有[月份  Pub_NY, 类[BP.WF.Data.GenerWorkFlowViewNY], 物理表[Pub_NY] 实例。PK = 2019-10
16日11时00分04秒Fatal:System');"@没有[月份  Pub_NY, 类[BP.WF.Data.GenerWorkFlowViewNY], 物理表[Pub_NY] 实例。PK = 2019-09
16日11时00分04秒Fatal:System');"@没有[月份  Pub_NY, 类[BP.WF.Data.GenerWorkFlowViewNY], 物理表[Pub_NY] 实例。PK = 2019-10
16日11时00分04秒Fatal:System');"@没有[月份  Pub_NY, 类[BP.WF.Data.GenerWorkFlowViewNY], 物理表[Pub_NY] 实例。PK = 2019-11
16日11时00分04秒Fatal:System');"@没有[月份  Pub_NY, 类[BP.WF.Data.GenerWorkFlowViewNY], 物理表[Pub_NY] 实例。PK = 2019-11
16日11时00分04秒Fatal:System');"@没有[月份  Pub_NY, 类[BP.WF.Data.GenerWorkFlowViewNY], 物理表[Pub_NY] 实例。PK = 2019-11
16日11时00分04秒Fatal:System');"@没有[月份  Pub_NY, 类[BP.WF.Data.GenerWorkFlowViewNY], 物理表[Pub_NY] 实例。PK = 2019-11
16日11时00分04秒Fatal:System');"@没有[月份  Pub_NY, 类[BP.WF.Data.GenerWorkFlowViewNY], 物理表[Pub_NY] 实例。PK = 2019-11
16日11时00分04秒Fatal:System');"@没有[月份  Pub_NY, 类[BP.WF.Data.GenerWorkFlowViewNY], 物理表[Pub_NY] 实例。PK = 2019-10
16日11时00分04秒Fatal:System');"@没有[月份  Pub_NY, 类[BP.WF.Data.GenerWorkFlowViewNY], 物理表[Pub_NY] 实例。PK = 2019-11
16日11时00分04秒Fatal:System');"@没有[月份  Pub_NY, 类[BP.WF.Data.GenerWorkFlowViewNY], 物理表[Pub_NY] 实例。PK = 2019-11
16日11时00分04秒Fatal:System');"@没有[月份  Pub_NY, 类[BP.WF.Data.GenerWorkFlowViewNY], 物理表[Pub_NY] 实例。PK = 2019-10
16日11时00分04秒Fatal:System');"@没有[月份  Pub_NY, 类[BP.WF.Data.GenerWorkFlowViewNY], 物理表[Pub_NY] 实例。PK = 2019-10
16日11时00分04秒Fatal:System');"@没有[月份  Pub_NY, 类[BP.WF.Data.GenerWorkFlowViewNY], 物理表[Pub_NY] 实例。PK = 2019-11
16日11时00分04秒Fatal:System');"@没有[月份  Pub_NY, 类[BP.WF.Data.GenerWorkFlowViewNY], 物理表[Pub_NY] 实例。PK = 2019-11
16日11时00分04秒Fatal:System');"@没有[月份  Pub_NY, 类[BP.WF.Data.GenerWorkFlowViewNY], 物理表[Pub_NY] 实例。PK = 2019-11
16日11时00分04秒Fatal:System');"@没有[月份  Pub_NY, 类[BP.WF.Data.GenerWorkFlowViewNY], 物理表[Pub_NY] 实例。PK = 2019-11
16日11时00分04秒Fatal:System');"@没有[月份  Pub_NY, 类[BP.WF.Data.GenerWorkFlowViewNY], 物理表[Pub_NY] 实例。PK = 2019-11
16日11时00分04秒Fatal:System');"@没有[月份  Pub_NY, 类[BP.WF.Data.GenerWorkFlowViewNY], 物理表[Pub_NY] 实例。PK = 2019-10
16日11时00分04秒Fatal:System');"@没有[月份  Pub_NY, 类[BP.WF.Data.GenerWorkFlowViewNY], 物理表[Pub_NY] 实例。PK = 2019-11
16日11时00分04秒Fatal:System');"@没有[月份  Pub_NY, 类[BP.WF.Data.GenerWorkFlowViewNY], 物理表[Pub_NY] 实例。PK = 2019-11
16日11时00分05秒Fatal:System');"@没有[月份  Pub_NY, 类[BP.WF.Data.GenerWorkFlowViewNY], 物理表[Pub_NY] 实例。PK = 2019-11
16日11时00分05秒Fatal:System');"@没有[月份  Pub_NY, 类[BP.WF.Data.GenerWorkFlowViewNY], 物理表[Pub_NY] 实例。PK = 2019-11
16日11时00分05秒Fatal:System');"@没有[月份  Pub_NY, 类[BP.WF.Data.GenerWorkFlowViewNY], 物理表[Pub_NY] 实例。PK = 2019-10
16日11时00分05秒Fatal:System');"@没有[月份  Pub_NY, 类[BP.WF.Data.GenerWorkFlowViewNY], 物理表[Pub_NY] 实例。PK = 2019-10
16日11时00分05秒Fatal:System');"@没有[月份  Pub_NY, 类[BP.WF.Data.GenerWorkFlowViewNY], 物理表[Pub_NY] 实例。PK = 2019-09
16日11时00分05秒Fatal:System');"@没有[月份  Pub_NY, 类[BP.WF.Data.GenerWorkFlowViewNY], 物理表[Pub_NY] 实例。PK = 2019-10
16日11时00分05秒Fatal:System');"@没有[月份  Pub_NY, 类[BP.WF.Data.GenerWorkFlowViewNY], 物理表[Pub_NY] 实例。PK = 2019-11
16日11时00分05秒Fatal:System');"@没有[月份  Pub_NY, 类[BP.WF.Data.GenerWorkFlowViewNY], 物理表[Pub_NY] 实例。PK = 2019-10
16日11时00分05秒Fatal:System');"@没有[月份  Pub_NY, 类[BP.WF.Data.GenerWorkFlowViewNY], 物理表[Pub_NY] 实例。PK = 2019-11
16日11时00分05秒Fatal:System');"@没有[月份  Pub_NY, 类[BP.WF.Data.GenerWorkFlowViewNY], 物理表[Pub_NY] 实例。PK = 2019-11
16日11时01分25秒Fatal:System');"@没有[月份  Pub_NY, 类[BP.WF.Data.GenerWorkFlowViewNY], 物理表[Pub_NY] 实例。PK = 2019-08
16日11时01分25秒Fatal:System');"@没有[月份  Pub_NY, 类[BP.WF.Data.GenerWorkFlowViewNY], 物理表[Pub_NY] 实例。PK = 2019-08
16日11时01分25秒Fatal:System');"@没有[月份  Pub_NY, 类[BP.WF.Data.GenerWorkFlowViewNY], 物理表[Pub_NY] 实例。PK = 2019-11
16日11时01分26秒Fatal:System');"@没有[月份  Pub_NY, 类[BP.WF.Data.GenerWorkFlowViewNY], 物理表[Pub_NY] 实例。PK = 2019-11
16日11时01分26秒Fatal:System');"@没有[月份  Pub_NY, 类[BP.WF.Data.GenerWorkFlowViewNY], 物理表[Pub_NY] 实例。PK = 2019-11
16日11时01分26秒Fatal:System');"@没有[月份  Pub_NY, 类[BP.WF.Data.GenerWorkFlowViewNY], 物理表[Pub_NY] 实例。PK = 2019-10
16日11时01分26秒Fatal:System');"@没有[月份  Pub_NY, 类[BP.WF.Data.GenerWorkFlowViewNY], 物理表[Pub_NY] 实例。PK = 2019-11
16日11时01分26秒Fatal:System');"@没有[月份  Pub_NY, 类[BP.WF.Data.GenerWorkFlowViewNY], 物理表[Pub_NY] 实例。PK = 2019-10
16日11时01分26秒Fatal:System');"@没有[月份  Pub_NY, 类[BP.WF.Data.GenerWorkFlowViewNY], 物理表[Pub_NY] 实例。PK = 2019-10
16日11时01分26秒Fatal:System');"@没有[月份  Pub_NY, 类[BP.WF.Data.GenerWorkFlowViewNY], 物理表[Pub_NY] 实例。PK = 2019-10
16日11时01分26秒Fatal:System');"@没有[月份  Pub_NY, 类[BP.WF.Data.GenerWorkFlowViewNY], 物理表[Pub_NY] 实例。PK = 2019-10
16日11时01分26秒Fatal:System');"@没有[月份  Pub_NY, 类[BP.WF.Data.GenerWorkFlowViewNY], 物理表[Pub_NY] 实例。PK = 2019-10
16日11时01分26秒Fatal:System');"@没有[月份  Pub_NY, 类[BP.WF.Data.GenerWorkFlowViewNY], 物理表[Pub_NY] 实例。PK = 2019-11
16日11时01分26秒Fatal:System');"@没有[月份  Pub_NY, 类[BP.WF.Data.GenerWorkFlowViewNY], 物理表[Pub_NY] 实例。PK = 2019-11
16日11时01分26秒Fatal:System');"@没有[月份  Pub_NY, 类[BP.WF.Data.GenerWorkFlowViewNY], 物理表[Pub_NY] 实例。PK = 2019-11
16日11时01分26秒Fatal:System');"@没有[月份  Pub_NY, 类[BP.WF.Data.GenerWorkFlowViewNY], 物理表[Pub_NY] 实例。PK = 2019-10
16日11时01分26秒Fatal:System');"@没有[月份  Pub_NY, 类[BP.WF.Data.GenerWorkFlowViewNY], 物理表[Pub_NY] 实例。PK = 2019-11
16日11时01分26秒Fatal:System');"@没有[月份  Pub_NY, 类[BP.WF.Data.GenerWorkFlowViewNY], 物理表[Pub_NY] 实例。PK = 2019-08
16日11时01分26秒Fatal:System');"@没有[月份  Pub_NY, 类[BP.WF.Data.GenerWorkFlowViewNY], 物理表[Pub_NY] 实例。PK = 2019-08
16日11时01分26秒Fatal:System');"@没有[月份  Pub_NY, 类[BP.WF.Data.GenerWorkFlowViewNY], 物理表[Pub_NY] 实例。PK = 2019-08
16日11时01分26秒Fatal:System');"@没有[月份  Pub_NY, 类[BP.WF.Data.GenerWorkFlowViewNY], 物理表[Pub_NY] 实例。PK = 2019-08
16日11时01分26秒Fatal:System');"@没有[月份  Pub_NY, 类[BP.WF.Data.GenerWorkFlowViewNY], 物理表[Pub_NY] 实例。PK = 2019-08
16日11时01分26秒Fatal:System');"@没有[月份  Pub_NY, 类[BP.WF.Data.GenerWorkFlowViewNY], 物理表[Pub_NY] 实例。PK = 2019-08
16日11时01分26秒Fatal:System');"@没有[月份  Pub_NY, 类[BP.WF.Data.GenerWorkFlowViewNY], 物理表[Pub_NY] 实例。PK = 2019-11
16日11时01分26秒Fatal:System');"@没有[月份  Pub_NY, 类[BP.WF.Data.GenerWorkFlowViewNY], 物理表[Pub_NY] 实例。PK = 2019-11
16日11时01分26秒Fatal:System');"@没有[月份  Pub_NY, 类[BP.WF.Data.GenerWorkFlowViewNY], 物理表[Pub_NY] 实例。PK = 2019-10
16日11时01分26秒Fatal:System');"@没有[月份  Pub_NY, 类[BP.WF.Data.GenerWorkFlowViewNY], 物理表[Pub_NY] 实例。PK = 2019-11
16日11时01分26秒Fatal:System');"@没有[月份  Pub_NY, 类[BP.WF.Data.GenerWorkFlowViewNY], 物理表[Pub_NY] 实例。PK = 2019-11
16日11时01分26秒Fatal:System');"@没有[月份  Pub_NY, 类[BP.WF.Data.GenerWorkFlowViewNY], 物理表[Pub_NY] 实例。PK = 2019-09
16日11时01分26秒Fatal:System');"@没有[月份  Pub_NY, 类[BP.WF.Data.GenerWorkFlowViewNY], 物理表[Pub_NY] 实例。PK = 2019-10
16日11时01分26秒Fatal:System');"@没有[月份  Pub_NY, 类[BP.WF.Data.GenerWorkFlowViewNY], 物理表[Pub_NY] 实例。PK = 2019-11
16日11时01分26秒Fatal:System');"@没有[月份  Pub_NY, 类[BP.WF.Data.GenerWorkFlowViewNY], 物理表[Pub_NY] 实例。PK = 2019-08
16日11时01分26秒Fatal:System');"@没有[月份  Pub_NY, 类[BP.WF.Data.GenerWorkFlowViewNY], 物理表[Pub_NY] 实例。PK = 2019-11
16日11时01分26秒Fatal:System');"@没有[月份  Pub_NY, 类[BP.WF.Data.GenerWorkFlowViewNY], 物理表[Pub_NY] 实例。PK = 2019-10
16日11时01分26秒Fatal:System');"@没有[月份  Pub_NY, 类[BP.WF.Data.GenerWorkFlowViewNY], 物理表[Pub_NY] 实例。PK = 2019-09
16日11时01分26秒Fatal:System');"@没有[月份  Pub_NY, 类[BP.WF.Data.GenerWorkFlowViewNY], 物理表[Pub_NY] 实例。PK = 2019-10
16日11时01分26秒Fatal:System');"@没有[月份  Pub_NY, 类[BP.WF.Data.GenerWorkFlowViewNY], 物理表[Pub_NY] 实例。PK = 2019-11
16日11时01分26秒Fatal:System');"@没有[月份  Pub_NY, 类[BP.WF.Data.GenerWorkFlowViewNY], 物理表[Pub_NY] 实例。PK = 2019-11
16日11时01分26秒Fatal:System');"@没有[月份  Pub_NY, 类[BP.WF.Data.GenerWorkFlowViewNY], 物理表[Pub_NY] 实例。PK = 2019-11
16日11时01分26秒Fatal:System');"@没有[月份  Pub_NY, 类[BP.WF.Data.GenerWorkFlowViewNY], 物理表[Pub_NY] 实例。PK = 2019-11
16日11时01分26秒Fatal:System');"@没有[月份  Pub_NY, 类[BP.WF.Data.GenerWorkFlowViewNY], 物理表[Pub_NY] 实例。PK = 2019-11
16日11时01分26秒Fatal:System');"@没有[月份  Pub_NY, 类[BP.WF.Data.GenerWorkFlowViewNY], 物理表[Pub_NY] 实例。PK = 2019-10
16日11时01分26秒Fatal:System');"@没有[月份  Pub_NY, 类[BP.WF.Data.GenerWorkFlowViewNY], 物理表[Pub_NY] 实例。PK = 2019-11
16日11时01分26秒Fatal:System');"@没有[月份  Pub_NY, 类[BP.WF.Data.GenerWorkFlowViewNY], 物理表[Pub_NY] 实例。PK = 2019-11
16日11时01分26秒Fatal:System');"@没有[月份  Pub_NY, 类[BP.WF.Data.GenerWorkFlowViewNY], 物理表[Pub_NY] 实例。PK = 2019-10
16日11时01分26秒Fatal:System');"@没有[月份  Pub_NY, 类[BP.WF.Data.GenerWorkFlowViewNY], 物理表[Pub_NY] 实例。PK = 2019-10
16日11时01分26秒Fatal:System');"@没有[月份  Pub_NY, 类[BP.WF.Data.GenerWorkFlowViewNY], 物理表[Pub_NY] 实例。PK = 2019-11
16日11时01分26秒Fatal:System');"@没有[月份  Pub_NY, 类[BP.WF.Data.GenerWorkFlowViewNY], 物理表[Pub_NY] 实例。PK = 2019-11
16日11时01分27秒Fatal:System');"@没有[月份  Pub_NY, 类[BP.WF.Data.GenerWorkFlowViewNY], 物理表[Pub_NY] 实例。PK = 2019-11
16日11时01分27秒Fatal:System');"@没有[月份  Pub_NY, 类[BP.WF.Data.GenerWorkFlowViewNY], 物理表[Pub_NY] 实例。PK = 2019-11
16日11时01分27秒Fatal:System');"@没有[月份  Pub_NY, 类[BP.WF.Data.GenerWorkFlowViewNY], 物理表[Pub_NY] 实例。PK = 2019-11
16日11时01分27秒Fatal:System');"@没有[月份  Pub_NY, 类[BP.WF.Data.GenerWorkFlowViewNY], 物理表[Pub_NY] 实例。PK = 2019-10
16日11时01分27秒Fatal:System');"@没有[月份  Pub_NY, 类[BP.WF.Data.GenerWorkFlowViewNY], 物理表[Pub_NY] 实例。PK = 2019-11
16日11时01分27秒Fatal:System');"@没有[月份  Pub_NY, 类[BP.WF.Data.GenerWorkFlowViewNY], 物理表[Pub_NY] 实例。PK = 2019-11
16日11时01分27秒Fatal:System');"@没有[月份  Pub_NY, 类[BP.WF.Data.GenerWorkFlowViewNY], 物理表[Pub_NY] 实例。PK = 2019-11
16日11时01分27秒Fatal:System');"@没有[月份  Pub_NY, 类[BP.WF.Data.GenerWorkFlowViewNY], 物理表[Pub_NY] 实例。PK = 2019-11
16日11时01分27秒Fatal:System');"@没有[月份  Pub_NY, 类[BP.WF.Data.GenerWorkFlowViewNY], 物理表[Pub_NY] 实例。PK = 2019-10
16日11时01分27秒Fatal:System');"@没有[月份  Pub_NY, 类[BP.WF.Data.GenerWorkFlowViewNY], 物理表[Pub_NY] 实例。PK = 2019-10
16日11时01分27秒Fatal:System');"@没有[月份  Pub_NY, 类[BP.WF.Data.GenerWorkFlowViewNY], 物理表[Pub_NY] 实例。PK = 2019-09
16日11时01分27秒Fatal:System');"@没有[月份  Pub_NY, 类[BP.WF.Data.GenerWorkFlowViewNY], 物理表[Pub_NY] 实例。PK = 2019-10
16日11时01分27秒Fatal:System');"@没有[月份  Pub_NY, 类[BP.WF.Data.GenerWorkFlowViewNY], 物理表[Pub_NY] 实例。PK = 2019-11
16日11时01分27秒Fatal:System');"@没有[月份  Pub_NY, 类[BP.WF.Data.GenerWorkFlowViewNY], 物理表[Pub_NY] 实例。PK = 2019-10
16日11时01分27秒Fatal:System');"@没有[月份  Pub_NY, 类[BP.WF.Data.GenerWorkFlowViewNY], 物理表[Pub_NY] 实例。PK = 2019-11
16日11时01分27秒Fatal:System');"@没有[月份  Pub_NY, 类[BP.WF.Data.GenerWorkFlowViewNY], 物理表[Pub_NY] 实例。PK = 2019-11
16日11时29分52秒Fatal:System');"SQL= SELECT  TOP 1  WF_Flow.No,ISNULL(WF_Flow.FK_FlowSort, '01') FK_FlowSort, WF_FlowSort_FK_FlowSort.Name AS FK_FlowSortText, WF_Flow.Name, WF_Flow.FlowMark, WF_Flow.FlowEventEntity, WF_Flow.TitleRole, ISNULL(WF_Flow.IsCanStart,1) IsCanStart, ISNULL( WF_Flow.IsFullSA,0) IsFullSA, ISNULL( WF_Flow.IsGuestFlow,0) IsGuestFlow,ISNULL(WF_Flow.FlowAppType,0)   FlowAppType, CASE WF_Flow.FlowAppType WHEN 0 THEN '业务流程' WHEN 1 THEN '工程类(项目组流程)' WHEN 2 THEN '公文流程(VSTO)' WHEN NULL THEN '业务流程' END "FlowAppTypeText",ISNULL(WF_Flow.Draft,0)   Draft, CASE WF_Flow.Draft WHEN 0 THEN '无(不设草稿)' WHEN 1 THEN '保存到待办' WHEN 2 THEN '保存到草稿箱' WHEN NULL THEN '无(不设草稿)' END "DraftText",ISNULL(WF_Flow.FlowDeleteRole,0)   FlowDeleteRole, CASE WF_Flow.FlowDeleteRole WHEN 0 THEN '超级管理员可以删除' WHEN 1 THEN '分级管理员可以删除' WHEN 2 THEN '发起人可以删除' WHEN 3 THEN '节点启动删除按钮的操作员' WHEN NULL THEN '超级管理员可以删除' END "FlowDeleteRoleText", ISNULL( WF_Flow.IsToParentNextNode,0) IsToParentNextNode, WF_Flow.HelpUrl, WF_Flow.SysType, WF_Flow.Tester, WF_Flow.NodeAppType, WF_Flow.NodeAppTypeText,ISNULL(WF_Flow.ChartType,1)   ChartType, CASE WF_Flow.ChartType WHEN 0 THEN '几何图形' WHEN 1 THEN '肖像图片' WHEN NULL THEN '肖像图片' END "ChartTypeText", WF_Flow.HostRun, ISNULL( WF_Flow.IsBatchStart,0) IsBatchStart, WF_Flow.BatchStartFields, WF_Flow.HistoryFields, ISNULL( WF_Flow.IsResetData,0) IsResetData, ISNULL( WF_Flow.IsLoadPriData,0) IsLoadPriData, ISNULL(WF_Flow.IsDBTemplate,1) IsDBTemplate, ISNULL(WF_Flow.IsStartInMobile,1) IsStartInMobile, ISNULL( WF_Flow.IsMD5,0) IsMD5,ISNULL(WF_Flow.DataStoreModel,0)   DataStoreModel, CASE WF_Flow.DataStoreModel WHEN 0 THEN '数据轨迹模式' WHEN 1 THEN '数据合并模式' WHEN NULL THEN '数据轨迹模式' END "DataStoreModelText", WF_Flow.PTable, WF_Flow.FlowNoteExp, WF_Flow.BillNoFormat, WF_Flow.BuessFields,ISNULL(WF_Flow.FlowFrmType,0)   FlowFrmType, CASE WF_Flow.FlowFrmType WHEN 0 THEN '完整版-2019年更早版本' WHEN 1 THEN '开发者表单' WHEN 2 THEN '傻瓜表单' WHEN 3 THEN '自定义(嵌入)表单' WHEN 4 THEN 'SDK表单' WHEN NULL THEN '完整版-2019年更早版本' END "FlowFrmTypeText", WF_Flow.FrmUrl, WF_Flow.DesignerNo, WF_Flow.DesignerName, WF_Flow.DesignTime, WF_Flow.Note FROM WF_Flow LEFT JOIN WF_FlowSort AS WF_FlowSort_FK_FlowSort ON WF_Flow.FK_FlowSort=WF_FlowSort_FK_FlowSort.No WHERE (1=1)  AND WF_Flow.No=@No Exception=在从服务器接收结果时发生传输级错误。 (provider: Session Provider, error: 19 - 物理连接不可用)
16日11时31分28秒Info:System');"SQL=exec sp_rename 'Sys_EnCfg','Sys_EnCfg',异常信息:在从服务器接收结果时发生传输级错误。 (provider: Session Provider, error: 19 - 物理连接不可用)
16日11时31分40秒Fatal:System');"SQL=SELECT * FROM (SELECT 'F'+No as NO,'F'+ParentNo PARENTNO, NAME, IDX, 1 ISPARENT,'FLOWTYPE' TTYPE, -1 DTYPE FROM WF_FlowSort
                           union 
                           SELECT NO, 'F'+FK_FlowSort as PARENTNO,(NO + '.' + NAME) as NAME,IDX,0 ISPARENT,'FLOW' TTYPE, 0 as DTYPE FROM WF_Flow) A  ORDER BY DTYPE, IDX  Exception=在从服务器接收结果时发生传输级错误。 (provider: Session Provider, error: 19 - 物理连接不可用)
16日11时38分15秒Fatal:System');"@没有[月份  Pub_NY, 类[BP.WF.Data.GenerWorkFlowViewNY], 物理表[Pub_NY] 实例。PK = 2019-08
16日11时38分15秒Fatal:System');"@没有[月份  Pub_NY, 类[BP.WF.Data.GenerWorkFlowViewNY], 物理表[Pub_NY] 实例。PK = 2019-08
16日11时38分15秒Fatal:System');"@没有[月份  Pub_NY, 类[BP.WF.Data.GenerWorkFlowViewNY], 物理表[Pub_NY] 实例。PK = 2019-11
16日11时38分15秒Fatal:System');"@没有[月份  Pub_NY, 类[BP.WF.Data.GenerWorkFlowViewNY], 物理表[Pub_NY] 实例。PK = 2019-11
16日11时38分15秒Fatal:System');"@没有[月份  Pub_NY, 类[BP.WF.Data.GenerWorkFlowViewNY], 物理表[Pub_NY] 实例。PK = 2019-11
16日11时38分15秒Fatal:System');"@没有[月份  Pub_NY, 类[BP.WF.Data.GenerWorkFlowViewNY], 物理表[Pub_NY] 实例。PK = 2019-10
16日11时38分15秒Fatal:System');"@没有[月份  Pub_NY, 类[BP.WF.Data.GenerWorkFlowViewNY], 物理表[Pub_NY] 实例。PK = 2019-11
16日11时38分15秒Fatal:System');"@没有[月份  Pub_NY, 类[BP.WF.Data.GenerWorkFlowViewNY], 物理表[Pub_NY] 实例。PK = 2019-10
16日11时38分15秒Fatal:System');"@没有[月份  Pub_NY, 类[BP.WF.Data.GenerWorkFlowViewNY], 物理表[Pub_NY] 实例。PK = 2019-10
16日11时38分15秒Fatal:System');"@没有[月份  Pub_NY, 类[BP.WF.Data.GenerWorkFlowViewNY], 物理表[Pub_NY] 实例。PK = 2019-10
16日11时38分15秒Fatal:System');"@没有[月份  Pub_NY, 类[BP.WF.Data.GenerWorkFlowViewNY], 物理表[Pub_NY] 实例。PK = 2019-10
16日11时38分15秒Fatal:System');"@没有[月份  Pub_NY, 类[BP.WF.Data.GenerWorkFlowViewNY], 物理表[Pub_NY] 实例。PK = 2019-10
16日11时38分15秒Fatal:System');"@没有[月份  Pub_NY, 类[BP.WF.Data.GenerWorkFlowViewNY], 物理表[Pub_NY] 实例。PK = 2019-11
16日11时38分15秒Fatal:System');"@没有[月份  Pub_NY, 类[BP.WF.Data.GenerWorkFlowViewNY], 物理表[Pub_NY] 实例。PK = 2019-11
16日11时38分15秒Fatal:System');"@没有[月份  Pub_NY, 类[BP.WF.Data.GenerWorkFlowViewNY], 物理表[Pub_NY] 实例。PK = 2019-11
16日11时38分16秒Fatal:System');"@没有[月份  Pub_NY, 类[BP.WF.Data.GenerWorkFlowViewNY], 物理表[Pub_NY] 实例。PK = 2019-10
16日11时38分16秒Fatal:System');"@没有[月份  Pub_NY, 类[BP.WF.Data.GenerWorkFlowViewNY], 物理表[Pub_NY] 实例。PK = 2019-11
16日11时38分16秒Fatal:System');"@没有[月份  Pub_NY, 类[BP.WF.Data.GenerWorkFlowViewNY], 物理表[Pub_NY] 实例。PK = 2019-08
16日11时38分16秒Fatal:System');"@没有[月份  Pub_NY, 类[BP.WF.Data.GenerWorkFlowViewNY], 物理表[Pub_NY] 实例。PK = 2019-08
16日11时38分16秒Fatal:System');"@没有[月份  Pub_NY, 类[BP.WF.Data.GenerWorkFlowViewNY], 物理表[Pub_NY] 实例。PK = 2019-08
16日11时38分16秒Fatal:System');"@没有[月份  Pub_NY, 类[BP.WF.Data.GenerWorkFlowViewNY], 物理表[Pub_NY] 实例。PK = 2019-08
16日11时38分16秒Fatal:System');"@没有[月份  Pub_NY, 类[BP.WF.Data.GenerWorkFlowViewNY], 物理表[Pub_NY] 实例。PK = 2019-08
16日11时38分16秒Fatal:System');"@没有[月份  Pub_NY, 类[BP.WF.Data.GenerWorkFlowViewNY], 物理表[Pub_NY] 实例。PK = 2019-08
16日11时38分16秒Fatal:System');"@没有[月份  Pub_NY, 类[BP.WF.Data.GenerWorkFlowViewNY], 物理表[Pub_NY] 实例。PK = 2019-11
16日11时38分16秒Fatal:System');"@没有[月份  Pub_NY, 类[BP.WF.Data.GenerWorkFlowViewNY], 物理表[Pub_NY] 实例。PK = 2019-11
16日11时38分16秒Fatal:System');"@没有[月份  Pub_NY, 类[BP.WF.Data.GenerWorkFlowViewNY], 物理表[Pub_NY] 实例。PK = 2019-10
16日11时38分16秒Fatal:System');"@没有[月份  Pub_NY, 类[BP.WF.Data.GenerWorkFlowViewNY], 物理表[Pub_NY] 实例。PK = 2019-11
16日11时38分16秒Fatal:System');"@没有[月份  Pub_NY, 类[BP.WF.Data.GenerWorkFlowViewNY], 物理表[Pub_NY] 实例。PK = 2019-11
16日11时38分16秒Fatal:System');"@没有[月份  Pub_NY, 类[BP.WF.Data.GenerWorkFlowViewNY], 物理表[Pub_NY] 实例。PK = 2019-09
16日11时38分16秒Fatal:System');"@没有[月份  Pub_NY, 类[BP.WF.Data.GenerWorkFlowViewNY], 物理表[Pub_NY] 实例。PK = 2019-10
16日11时38分16秒Fatal:System');"@没有[月份  Pub_NY, 类[BP.WF.Data.GenerWorkFlowViewNY], 物理表[Pub_NY] 实例。PK = 2019-11
16日11时38分16秒Fatal:System');"@没有[月份  Pub_NY, 类[BP.WF.Data.GenerWorkFlowViewNY], 物理表[Pub_NY] 实例。PK = 2019-08
16日11时38分16秒Fatal:System');"@没有[月份  Pub_NY, 类[BP.WF.Data.GenerWorkFlowViewNY], 物理表[Pub_NY] 实例。PK = 2019-11
16日11时38分16秒Fatal:System');"@没有[月份  Pub_NY, 类[BP.WF.Data.GenerWorkFlowViewNY], 物理表[Pub_NY] 实例。PK = 2019-10
16日11时38分16秒Fatal:System');"@没有[月份  Pub_NY, 类[BP.WF.Data.GenerWorkFlowViewNY], 物理表[Pub_NY] 实例。PK = 2019-09
16日11时38分16秒Fatal:System');"@没有[月份  Pub_NY, 类[BP.WF.Data.GenerWorkFlowViewNY], 物理表[Pub_NY] 实例。PK = 2019-10
16日11时38分16秒Fatal:System');"@没有[月份  Pub_NY, 类[BP.WF.Data.GenerWorkFlowViewNY], 物理表[Pub_NY] 实例。PK = 2019-11
16日11时38分16秒Fatal:System');"@没有[月份  Pub_NY, 类[BP.WF.Data.GenerWorkFlowViewNY], 物理表[Pub_NY] 实例。PK = 2019-11
16日11时38分16秒Fatal:System');"@没有[月份  Pub_NY, 类[BP.WF.Data.GenerWorkFlowViewNY], 物理表[Pub_NY] 实例。PK = 2019-11
16日11时38分16秒Fatal:System');"@没有[月份  Pub_NY, 类[BP.WF.Data.GenerWorkFlowViewNY], 物理表[Pub_NY] 实例。PK = 2019-11
16日11时38分16秒Fatal:System');"@没有[月份  Pub_NY, 类[BP.WF.Data.GenerWorkFlowViewNY], 物理表[Pub_NY] 实例。PK = 2019-11
16日11时38分16秒Fatal:System');"@没有[月份  Pub_NY, 类[BP.WF.Data.GenerWorkFlowViewNY], 物理表[Pub_NY] 实例。PK = 2019-10
16日11时38分16秒Fatal:System');"@没有[月份  Pub_NY, 类[BP.WF.Data.GenerWorkFlowViewNY], 物理表[Pub_NY] 实例。PK = 2019-11
16日11时38分16秒Fatal:System');"@没有[月份  Pub_NY, 类[BP.WF.Data.GenerWorkFlowViewNY], 物理表[Pub_NY] 实例。PK = 2019-11
16日11时38分16秒Fatal:System');"@没有[月份  Pub_NY, 类[BP.WF.Data.GenerWorkFlowViewNY], 物理表[Pub_NY] 实例。PK = 2019-10
16日11时38分16秒Fatal:System');"@没有[月份  Pub_NY, 类[BP.WF.Data.GenerWorkFlowViewNY], 物理表[Pub_NY] 实例。PK = 2019-10
16日11时38分16秒Fatal:System');"@没有[月份  Pub_NY, 类[BP.WF.Data.GenerWorkFlowViewNY], 物理表[Pub_NY] 实例。PK = 2019-11
16日11时38分16秒Fatal:System');"@没有[月份  Pub_NY, 类[BP.WF.Data.GenerWorkFlowViewNY], 物理表[Pub_NY] 实例。PK = 2019-11
16日11时38分16秒Fatal:System');"@没有[月份  Pub_NY, 类[BP.WF.Data.GenerWorkFlowViewNY], 物理表[Pub_NY] 实例。PK = 2019-11
16日11时38分16秒Fatal:System');"@没有[月份  Pub_NY, 类[BP.WF.Data.GenerWorkFlowViewNY], 物理表[Pub_NY] 实例。PK = 2019-11
16日11时38分16秒Fatal:System');"@没有[月份  Pub_NY, 类[BP.WF.Data.GenerWorkFlowViewNY], 物理表[Pub_NY] 实例。PK = 2019-11
16日11时38分16秒Fatal:System');"@没有[月份  Pub_NY, 类[BP.WF.Data.GenerWorkFlowViewNY], 物理表[Pub_NY] 实例。PK = 2019-10
16日11时38分16秒Fatal:System');"@没有[月份  Pub_NY, 类[BP.WF.Data.GenerWorkFlowViewNY], 物理表[Pub_NY] 实例。PK = 2019-11
16日11时38分16秒Fatal:System');"@没有[月份  Pub_NY, 类[BP.WF.Data.GenerWorkFlowViewNY], 物理表[Pub_NY] 实例。PK = 2019-11
16日11时38分16秒Fatal:System');"@没有[月份  Pub_NY, 类[BP.WF.Data.GenerWorkFlowViewNY], 物理表[Pub_NY] 实例。PK = 2019-11
16日11时38分16秒Fatal:System');"@没有[月份  Pub_NY, 类[BP.WF.Data.GenerWorkFlowViewNY], 物理表[Pub_NY] 实例。PK = 2019-11
16日11时38分16秒Fatal:System');"@没有[月份  Pub_NY, 类[BP.WF.Data.GenerWorkFlowViewNY], 物理表[Pub_NY] 实例。PK = 2019-10
16日11时38分16秒Fatal:System');"@没有[月份  Pub_NY, 类[BP.WF.Data.GenerWorkFlowViewNY], 物理表[Pub_NY] 实例。PK = 2019-10
16日11时38分16秒Fatal:System');"@没有[月份  Pub_NY, 类[BP.WF.Data.GenerWorkFlowViewNY], 物理表[Pub_NY] 实例。PK = 2019-09
16日11时38分16秒Fatal:System');"@没有[月份  Pub_NY, 类[BP.WF.Data.GenerWorkFlowViewNY], 物理表[Pub_NY] 实例。PK = 2019-10
16日11时38分17秒Fatal:System');"@没有[月份  Pub_NY, 类[BP.WF.Data.GenerWorkFlowViewNY], 物理表[Pub_NY] 实例。PK = 2019-11
16日11时38分17秒Fatal:System');"@没有[月份  Pub_NY, 类[BP.WF.Data.GenerWorkFlowViewNY], 物理表[Pub_NY] 实例。PK = 2019-10
16日11时38分17秒Fatal:System');"@没有[月份  Pub_NY, 类[BP.WF.Data.GenerWorkFlowViewNY], 物理表[Pub_NY] 实例。PK = 2019-11
16日11时38分17秒Fatal:System');"@没有[月份  Pub_NY, 类[BP.WF.Data.GenerWorkFlowViewNY], 物理表[Pub_NY] 实例。PK = 2019-11
16日11时38分22秒Fatal:System');"@没有[实体配置  Sys_EnCfg, 类[BP.Sys.EnCfg], 物理表[Sys_EnCfg] 实例。PK = BP.WF.WorkFlowDeleteLogs
16日11时38分25秒Fatal:System');"@没有[节点  WF_Node, 类[BP.WF.Node], 物理表[WF_Node] 实例。PK = 0
-----------------------------------------------------------------------------------------------------
16日11时39分51秒Fatal:System');"SQL= SELECT TOP 99999 MyPK,ISNULL(CondType,0) CondType,ISNULL(DataFrom,0) DataFrom, FK_Flow,ISNULL(NodeID,0) NodeID,ISNULL(FK_Node,0) FK_Node, FK_Attr, AttrKey, AttrName,ISNULL(FK_Operator, '=') FK_Operator, OperatorValue, OperatorValueT,ISNULL(ToNodeID,0) ToNodeID,ISNULL(ConnJudgeWay,0) ConnJudgeWay, CASE ConnJudgeWay WHEN 0 THEN 'or' WHEN 1 THEN 'and' WHEN NULL THEN 'or' END "ConnJudgeWayText",ISNULL(MyPOID,0) MyPOID,ISNULL(PRI,0) PRI,ISNULL(CondOrAnd,0) CondOrAnd, Note, AtPara FROM WF_Cond WHERE (1=1) AND ( ( WF_Cond.NodeID =@NodeID) AND ( WF_Cond.CondType =@CondType) AND ( WF_Cond.ToNodeID =@ToNodeID) )  Exception=在将 nvarchar 值 'null' 转换成数据类型 int 时失败。
16日11时39分57秒Fatal:System');"SQL= SELECT TOP 99999 MyPK,ISNULL(CondType,0) CondType,ISNULL(DataFrom,0) DataFrom, FK_Flow,ISNULL(NodeID,0) NodeID,ISNULL(FK_Node,0) FK_Node, FK_Attr, AttrKey, AttrName,ISNULL(FK_Operator, '=') FK_Operator, OperatorValue, OperatorValueT,ISNULL(ToNodeID,0) ToNodeID,ISNULL(ConnJudgeWay,0) ConnJudgeWay, CASE ConnJudgeWay WHEN 0 THEN 'or' WHEN 1 THEN 'and' WHEN NULL THEN 'or' END "ConnJudgeWayText",ISNULL(MyPOID,0) MyPOID,ISNULL(PRI,0) PRI,ISNULL(CondOrAnd,0) CondOrAnd, Note, AtPara FROM WF_Cond WHERE (1=1) AND ( ( WF_Cond.NodeID =@NodeID) AND ( WF_Cond.CondType =@CondType) AND ( WF_Cond.ToNodeID =@ToNodeID) )  Exception=在将 nvarchar 值 'null' 转换成数据类型 int 时失败。
