-----------------------------------------------------------------------------------------------------
16日13时50分57秒Info:System');"SQL=DROP INDEX Frm_FuJianBiaoShan2_OID ON Frm_FuJianBiaoShan2,异常信息:无法对 索引 'Frm_FuJianBiaoShan2.Frm_FuJianBiaoShan2_OID' 执行 删除，因为它不存在，或者您没有所需的权限。
16日14时45分39秒Fatal:System');"   在 BP.WF.Template.FindWorker.FindByWorkFlowModel() 位置 D:\ccflow\Components\BP.WF\Template\FindWorker.cs:行号 219
   在 BP.WF.Template.FindWorker.DoIt(Flow fl, WorkNode currWn, WorkNode toWn) 位置 D:\ccflow\Components\BP.WF\Template\FindWorker.cs:行号 1159
   在 BP.WF.WorkNode.Func_GenerWorkerLists(WorkNode town) 位置 D:\ccflow\Components\BP.WF\WF\WorkNode.cs:行号 249
   在 BP.WF.WorkNode.NodeSend_11(Node toND) 位置 D:\ccflow\Components\BP.WF\WF\WorkNode.cs:行号 2355
   在 BP.WF.WorkNode.NodeSend_Send_5_5() 位置 D:\ccflow\Components\BP.WF\WF\WorkNode.cs:行号 3633
   在 BP.WF.WorkNode.NodeSend(Node jumpToNode, String jumpToEmp) 位置 D:\ccflow\Components\BP.WF\WF\WorkNode.cs:行号 7125
16日14时50分32秒Fatal:System');"   在 BP.WF.Template.FindWorker.FindByWorkFlowModel() 位置 D:\ccflow\Components\BP.WF\Template\FindWorker.cs:行号 219
   在 BP.WF.Template.FindWorker.DoIt(Flow fl, WorkNode currWn, WorkNode toWn) 位置 D:\ccflow\Components\BP.WF\Template\FindWorker.cs:行号 1159
   在 BP.WF.WorkNode.Func_GenerWorkerLists(WorkNode town) 位置 D:\ccflow\Components\BP.WF\WF\WorkNode.cs:行号 249
   在 BP.WF.WorkNode.NodeSend_11(Node toND) 位置 D:\ccflow\Components\BP.WF\WF\WorkNode.cs:行号 2355
   在 BP.WF.WorkNode.NodeSend_Send_5_5() 位置 D:\ccflow\Components\BP.WF\WF\WorkNode.cs:行号 3633
   在 BP.WF.WorkNode.NodeSend(Node jumpToNode, String jumpToEmp) 位置 D:\ccflow\Components\BP.WF\WF\WorkNode.cs:行号 7125
16日14时51分09秒Info:System');"SQL=UPDATE ND81Track SET FrmDB='{"FK_NY":"2019-12","FID":0,"Rec":"admin","MyNum":1,"OID":1716,"FK_DeptText":"周大福集团","ShenQingRenBuMen":"周大福集团","Emps":"admin","CDT":"2019-12-16 14:50","ShenQingRiJi":"2019-12-16","Title":"周大福集团-admin,admin在2019-12-16 14:34发起.","FK_Dept":"10000","ShenQingRen":"admin","RDT":"2019-12-16 14:34","EndJSON":"0"}' WHERE MyPK='2079078514',异常信息:列名 'FrmDB' 无效。
16日14时51分10秒Info:System');"SQL=DROP INDEX WF_Track_MyPK ON WF_Track,异常信息:无法对 索引 'WF_Track.WF_Track_MyPK' 执行 删除，因为它不存在，或者您没有所需的权限。
16日14时51分29秒Info:System');"SQL=UPDATE ND81Track SET FrmDB='{"OID":1716,"FID":0,"FK_Dept":"10000","Rec":"admin","CDT":"2019-12-16 14:50","RDT":"2019-12-16 14:34","Emps":"admin","EndJSON":"0"}' WHERE MyPK='994834167',异常信息:列名 'FrmDB' 无效。
16日14时51分49秒Fatal:System');"   在 BP.WF.Template.FindWorker.FindByWorkFlowModel() 位置 D:\ccflow\Components\BP.WF\Template\FindWorker.cs:行号 219
   在 BP.WF.Template.FindWorker.DoIt(Flow fl, WorkNode currWn, WorkNode toWn) 位置 D:\ccflow\Components\BP.WF\Template\FindWorker.cs:行号 1159
   在 BP.WF.WorkNode.Func_GenerWorkerLists(WorkNode town) 位置 D:\ccflow\Components\BP.WF\WF\WorkNode.cs:行号 249
   在 BP.WF.WorkNode.NodeSend_11(Node toND) 位置 D:\ccflow\Components\BP.WF\WF\WorkNode.cs:行号 2355
   在 BP.WF.WorkNode.NodeSend_Send_5_5() 位置 D:\ccflow\Components\BP.WF\WF\WorkNode.cs:行号 3633
   在 BP.WF.WorkNode.NodeSend(Node jumpToNode, String jumpToEmp) 位置 D:\ccflow\Components\BP.WF\WF\WorkNode.cs:行号 7125
16日15时18分35秒Fatal:System');"@没有[实体配置  Sys_EnCfg, 类[BP.Sys.EnCfg], 物理表[Sys_EnCfg] 实例。PK = BP.Sys.FrmUI.MapAttrString
16日15时24分12秒Info:System');"SQL=DROP INDEX Frm_FuJian321_OID ON Frm_FuJian321,异常信息:无法对 索引 'Frm_FuJian321.Frm_FuJian321_OID' 执行 删除，因为它不存在，或者您没有所需的权限。
16日15时26分49秒Fatal:System');"@没有[实体配置  Sys_EnCfg, 类[BP.Sys.EnCfg], 物理表[Sys_EnCfg] 实例。PK = BP.Sys.FrmUI.MapAttrString
16日15时31分37秒Fatal:System');"@没有[实体配置  Sys_EnCfg, 类[BP.Sys.EnCfg], 物理表[Sys_EnCfg] 实例。PK = BP.Sys.FrmUI.MapAttrString
16日15时31分57秒Fatal:System');"@没有[实体配置  Sys_EnCfg, 类[BP.Sys.EnCfg], 物理表[Sys_EnCfg] 实例。PK = BP.Sys.FrmUI.MapAttrString
16日15时32分32秒Fatal:System');"@没有[实体配置  Sys_EnCfg, 类[BP.Sys.EnCfg], 物理表[Sys_EnCfg] 实例。PK = BP.Sys.FrmUI.MapAttrString
