-----------------------------------------------------------------------------------------------------
14日08时34分53秒Fatal:System');"@没有[实体配置  Sys_EnCfg, 类[BP.Sys.EnCfg], 物理表[Sys_EnCfg] 实例。PK = BP.WF.Rpt.RptDfine
14日08时51分30秒Fatal:System');"当前节点是开始节点不能设置游离状态
14日09时45分57秒Fatal:System');"@没有[实体配置  Sys_EnCfg, 类[BP.Sys.EnCfg], 物理表[Sys_EnCfg] 实例。PK = ND74RptAdminer
-----------------------------------------------------------------------------------------------------
14日09时57分11秒Fatal:System');"@没有[实体配置  Sys_EnCfg, 类[BP.Sys.EnCfg], 物理表[Sys_EnCfg] 实例。PK = BP.WF.Rpt.RptDfine
14日09时57分58秒Fatal:System');"@没有[年月  Pub_NY, 类[BP.Pub.NY], 物理表[Pub_NY] 实例。PK = 2019-11
14日09时57分58秒Fatal:System');"@没有[年月  Pub_NY, 类[BP.Pub.NY], 物理表[Pub_NY] 实例。PK = 2019-10
14日09时57分58秒Fatal:System');"@没有[年月  Pub_NY, 类[BP.Pub.NY], 物理表[Pub_NY] 实例。PK = 2019-09
14日09时57分59秒Fatal:System');"@没有[年月  Pub_NY, 类[BP.Pub.NY], 物理表[Pub_NY] 实例。PK = 2019-10
14日09时58分13秒Fatal:System');"@没有[年月  Pub_NY, 类[BP.Pub.NY], 物理表[Pub_NY] 实例。PK = 2019-11
14日09时58分13秒Fatal:System');"@没有[年月  Pub_NY, 类[BP.Pub.NY], 物理表[Pub_NY] 实例。PK = 2019-10
14日09时58分13秒Fatal:System');"@没有[年月  Pub_NY, 类[BP.Pub.NY], 物理表[Pub_NY] 实例。PK = 2019-09
14日09时58分13秒Fatal:System');"@没有[年月  Pub_NY, 类[BP.Pub.NY], 物理表[Pub_NY] 实例。PK = 2019-10
14日09时58分23秒Fatal:System');"@没有[年月  Pub_NY, 类[BP.Pub.NY], 物理表[Pub_NY] 实例。PK = 2019-11
14日09时58分23秒Fatal:System');"@没有[年月  Pub_NY, 类[BP.Pub.NY], 物理表[Pub_NY] 实例。PK = 2019-10
14日09时58分23秒Fatal:System');"@没有[年月  Pub_NY, 类[BP.Pub.NY], 物理表[Pub_NY] 实例。PK = 2019-09
14日09时58分23秒Fatal:System');"@没有[年月  Pub_NY, 类[BP.Pub.NY], 物理表[Pub_NY] 实例。PK = 2019-10
-----------------------------------------------------------------------------------------------------
14日16时27分44秒Fatal:System');"@没有[实体配置  Sys_EnCfg, 类[BP.Sys.EnCfg], 物理表[Sys_EnCfg] 实例。PK = BP.WF.Rpt.RptDfine
14日16时54分43秒Fatal:System');"@没有[实体配置  Sys_EnCfg, 类[BP.Sys.EnCfg], 物理表[Sys_EnCfg] 实例。PK = BP.Sys.FrmUI.MapAttrString
-----------------------------------------------------------------------------------------------------
14日17时32分03秒Fatal:System');"SQL= SELECT TOP 10 BillNo, AtPara,ISNULL(BillState,0) BillState,RDT RDT, Title, Starter, StarterName,ISNULL(OID,0) OID, XingMing, Tel, XingBie FROM Dict_YuanGongXinXi WHERE (1=1) AND ( ( Dict_YuanGongXinXi.OID IN (@R1,@R2) ) ) ORDER BY Dict_YuanGongXinXi.OID DESC  Exception=列名 'XingMing' 无效。
列名 'Tel' 无效。
列名 'XingBie' 无效。
