-----------------------------------------------------------------------------------------------------
02日14时05分17秒Fatal:System');"@没有[实体配置  Sys_EnCfg, 类[BP.Sys.EnCfg], 物理表[Sys_EnCfg] 实例。PK = BP.Sys.FrmUI.MapAttrSFTable
02日14时05分32秒Fatal:System');"@没有[实体配置  Sys_EnCfg, 类[BP.Sys.EnCfg], 物理表[Sys_EnCfg] 实例。PK = BP.Sys.FrmUI.MapAttrSFTable
02日14时06分08秒Fatal:System');"@没有[实体配置  Sys_EnCfg, 类[BP.Sys.EnCfg], 物理表[Sys_EnCfg] 实例。PK = BP.Sys.FrmUI.MapAttrSFTable
02日14时06分12秒Fatal:System');"@没有[实体配置  Sys_EnCfg, 类[BP.Sys.EnCfg], 物理表[Sys_EnCfg] 实例。PK = BP.Sys.FrmUI.MapAttrSFTable
02日14时06分15秒Fatal:System');"@没有[实体配置  Sys_EnCfg, 类[BP.Sys.EnCfg], 物理表[Sys_EnCfg] 实例。PK = BP.Sys.FrmUI.MapAttrSFTable
02日14时06分18秒Fatal:System');"@没有[实体配置  Sys_EnCfg, 类[BP.Sys.EnCfg], 物理表[Sys_EnCfg] 实例。PK = BP.Sys.FrmUI.MapAttrSFTable
02日14时06分21秒Fatal:System');"@没有[实体配置  Sys_EnCfg, 类[BP.Sys.EnCfg], 物理表[Sys_EnCfg] 实例。PK = BP.Sys.FrmUI.MapAttrSFTable
02日14时07分42秒Fatal:System');"@没有[实体配置  Sys_EnCfg, 类[BP.Sys.EnCfg], 物理表[Sys_EnCfg] 实例。PK = BP.Sys.FrmUI.MapAttrSFSQL
02日14时07分47秒Fatal:System');"@没有[实体配置  Sys_EnCfg, 类[BP.Sys.EnCfg], 物理表[Sys_EnCfg] 实例。PK = BP.Sys.FrmUI.MapAttrString
02日14时07分52秒Fatal:System');"@没有[实体配置  Sys_EnCfg, 类[BP.Sys.EnCfg], 物理表[Sys_EnCfg] 实例。PK = BP.Sys.FrmUI.MapAttrString
02日14时07分55秒Fatal:System');"@没有[实体配置  Sys_EnCfg, 类[BP.Sys.EnCfg], 物理表[Sys_EnCfg] 实例。PK = BP.Sys.FrmUI.MapAttrString
02日14时07分58秒Fatal:System');"@没有[实体配置  Sys_EnCfg, 类[BP.Sys.EnCfg], 物理表[Sys_EnCfg] 实例。PK = BP.Sys.FrmUI.MapAttrString
02日14时08分01秒Fatal:System');"@没有[实体配置  Sys_EnCfg, 类[BP.Sys.EnCfg], 物理表[Sys_EnCfg] 实例。PK = BP.Sys.FrmUI.MapAttrString
02日14时08分05秒Fatal:System');"@没有[实体配置  Sys_EnCfg, 类[BP.Sys.EnCfg], 物理表[Sys_EnCfg] 实例。PK = BP.Sys.FrmUI.MapAttrString
02日14时08分09秒Fatal:System');"@没有[实体配置  Sys_EnCfg, 类[BP.Sys.EnCfg], 物理表[Sys_EnCfg] 实例。PK = BP.Sys.FrmUI.MapAttrString
02日14时08分12秒Fatal:System');"@没有[实体配置  Sys_EnCfg, 类[BP.Sys.EnCfg], 物理表[Sys_EnCfg] 实例。PK = BP.Sys.FrmUI.MapAttrString
-----------------------------------------------------------------------------------------------------
02日14时23分13秒Fatal:System');"@运行查询在(RunSQLReturnTable_200705_Ora with paras)出错 sql= SELECT WF_Flow.No, WF_Flow.Name,NVL(WF_Flow.FK_FlowSort, '01') FK_FlowSort, TFK_FlowSort.Name AS FK_FlowSortText, WF_Flow.SysType,NVL(WF_Flow.FlowRunWay,0) FlowRunWay, WF_Flow.RunObj, WF_Flow.Note, WF_Flow.RunSQL,NVL(WF_Flow.NumOfBill,0) NumOfBill,NVL(WF_Flow.NumOfDtl,0) NumOfDtl,NVL(WF_Flow.FlowAppType,0) FlowAppType,NVL(WF_Flow.ChartType,1) ChartType,NVL(WF_Flow.IsCanStart,1) IsCanStart,NVL(WF_Flow.IsStartInMobile,1) IsStartInMobile, NVL( WF_Flow.AvgDay ,0) AvgDay,NVL(WF_Flow.IsFullSA,0) IsFullSA,NVL(WF_Flow.IsMD5,0) IsMD5,NVL(WF_Flow.Idx,0) Idx,NVL(WF_Flow.SDTOfFlowRole,0) SDTOfFlowRole, WF_Flow.SDTOfFlowRoleSQL, WF_Flow.Paras, WF_Flow.PTable,NVL(WF_Flow.FlowFrmType,0) FlowFrmType, WF_Flow.FrmUrl,NVL(WF_Flow.Draft,0) Draft,NVL(WF_Flow.DataStoreModel,0) DataStoreModel, WF_Flow.TitleRole, WF_Flow.FlowMark, WF_Flow.FlowEventEntity, WF_Flow.HistoryFields,NVL(WF_Flow.IsGuestFlow,0) IsGuestFlow, WF_Flow.BillNoFormat, WF_Flow.FlowNoteExp,NVL(WF_Flow.DRCtrlType,0) DRCtrlType, WF_Flow.HostRun,NVL(WF_Flow.IsToParentNextNode,0) IsToParentNextNode,NVL(WF_Flow.StartLimitRole,0) StartLimitRole, WF_Flow.StartLimitPara, WF_Flow.StartLimitAlert,NVL(WF_Flow.StartLimitWhen,0) StartLimitWhen,NVL(WF_Flow.StartGuideWay,0) StartGuideWay, WF_Flow.StartGuideLink, WF_Flow.StartGuideLab, WF_Flow.StartGuidePara1, WF_Flow.StartGuidePara2, WF_Flow.StartGuidePara3,NVL(WF_Flow.IsResetData,0) IsResetData,NVL(WF_Flow.IsLoadPriData,0) IsLoadPriData,NVL(WF_Flow.IsDBTemplate,0) IsDBTemplate,NVL(WF_Flow.IsBatchStart,0) IsBatchStart, WF_Flow.BatchStartFields,NVL(WF_Flow.IsAutoSendSubFlowOver,0) IsAutoSendSubFlowOver, WF_Flow.Ver,NVL(WF_Flow.FlowDeleteRole,0) FlowDeleteRole, WF_Flow.AtPara,NVL(WF_Flow.DTSWay,0) DTSWay, WF_Flow.DTSDBSrc, WF_Flow.DTSBTable, WF_Flow.DTSBTablePK,NVL(WF_Flow.DTSTime,0) DTSTime, WF_Flow.DTSSpecNodes,NVL(WF_Flow.DTSField,0) DTSField, WF_Flow.DTSFields FROM WF_Flow,WF_FlowSort TFK_FlowSort WHERE ( WF_Flow.FK_FlowSort=TFK_FlowSort.No (+) ) ORDER BY WF_Flow.No @异常信息：ORA-00904: "WF_FLOW"."FRMURL": 标识符无效@Para Num= 0
02日14时23分13秒Fatal:System');"@运行查询在(RunSQLReturnTable_200705_Ora with paras)出错 sql= SELECT WF_Flow.No, WF_Flow.Name,NVL(WF_Flow.FK_FlowSort, '01') FK_FlowSort, TFK_FlowSort.Name AS FK_FlowSortText, WF_Flow.SysType,NVL(WF_Flow.FlowRunWay,0) FlowRunWay, WF_Flow.RunObj, WF_Flow.Note, WF_Flow.RunSQL,NVL(WF_Flow.NumOfBill,0) NumOfBill,NVL(WF_Flow.NumOfDtl,0) NumOfDtl,NVL(WF_Flow.FlowAppType,0) FlowAppType,NVL(WF_Flow.ChartType,1) ChartType,NVL(WF_Flow.IsCanStart,1) IsCanStart,NVL(WF_Flow.IsStartInMobile,1) IsStartInMobile, NVL( WF_Flow.AvgDay ,0) AvgDay,NVL(WF_Flow.IsFullSA,0) IsFullSA,NVL(WF_Flow.IsMD5,0) IsMD5,NVL(WF_Flow.Idx,0) Idx,NVL(WF_Flow.SDTOfFlowRole,0) SDTOfFlowRole, WF_Flow.SDTOfFlowRoleSQL, WF_Flow.Paras, WF_Flow.PTable,NVL(WF_Flow.FlowFrmType,0) FlowFrmType, WF_Flow.FrmUrl,NVL(WF_Flow.Draft,0) Draft,NVL(WF_Flow.DataStoreModel,0) DataStoreModel, WF_Flow.TitleRole, WF_Flow.FlowMark, WF_Flow.FlowEventEntity, WF_Flow.HistoryFields,NVL(WF_Flow.IsGuestFlow,0) IsGuestFlow, WF_Flow.BillNoFormat, WF_Flow.FlowNoteExp,NVL(WF_Flow.DRCtrlType,0) DRCtrlType, WF_Flow.HostRun,NVL(WF_Flow.IsToParentNextNode,0) IsToParentNextNode,NVL(WF_Flow.StartLimitRole,0) StartLimitRole, WF_Flow.StartLimitPara, WF_Flow.StartLimitAlert,NVL(WF_Flow.StartLimitWhen,0) StartLimitWhen,NVL(WF_Flow.StartGuideWay,0) StartGuideWay, WF_Flow.StartGuideLink, WF_Flow.StartGuideLab, WF_Flow.StartGuidePara1, WF_Flow.StartGuidePara2, WF_Flow.StartGuidePara3,NVL(WF_Flow.IsResetData,0) IsResetData,NVL(WF_Flow.IsLoadPriData,0) IsLoadPriData,NVL(WF_Flow.IsDBTemplate,0) IsDBTemplate,NVL(WF_Flow.IsBatchStart,0) IsBatchStart, WF_Flow.BatchStartFields,NVL(WF_Flow.IsAutoSendSubFlowOver,0) IsAutoSendSubFlowOver, WF_Flow.Ver,NVL(WF_Flow.FlowDeleteRole,0) FlowDeleteRole, WF_Flow.AtPara,NVL(WF_Flow.DTSWay,0) DTSWay, WF_Flow.DTSDBSrc, WF_Flow.DTSBTable, WF_Flow.DTSBTablePK,NVL(WF_Flow.DTSTime,0) DTSTime, WF_Flow.DTSSpecNodes,NVL(WF_Flow.DTSField,0) DTSField, WF_Flow.DTSFields FROM WF_Flow,WF_FlowSort TFK_FlowSort WHERE ( WF_Flow.FK_FlowSort=TFK_FlowSort.No (+) ) ORDER BY WF_Flow.No @异常信息：ORA-00904: "WF_FLOW"."FRMURL": 标识符无效@Para Num= 0
02日14时23分15秒Fatal:System');"系统升级错误:问题出处:@运行查询在(RunSQLReturnTable_200705_Ora with paras)出错 sql= SELECT WF_Flow.No, WF_Flow.Name,NVL(WF_Flow.FK_FlowSort, '01') FK_FlowSort, TFK_FlowSort.Name AS FK_FlowSortText, WF_Flow.SysType,NVL(WF_Flow.FlowRunWay,0) FlowRunWay, WF_Flow.RunObj, WF_Flow.Note, WF_Flow.RunSQL,NVL(WF_Flow.NumOfBill,0) NumOfBill,NVL(WF_Flow.NumOfDtl,0) NumOfDtl,NVL(WF_Flow.FlowAppType,0) FlowAppType,NVL(WF_Flow.ChartType,1) ChartType,NVL(WF_Flow.IsCanStart,1) IsCanStart,NVL(WF_Flow.IsStartInMobile,1) IsStartInMobile, NVL( WF_Flow.AvgDay ,0) AvgDay,NVL(WF_Flow.IsFullSA,0) IsFullSA,NVL(WF_Flow.IsMD5,0) IsMD5,NVL(WF_Flow.Idx,0) Idx,NVL(WF_Flow.SDTOfFlowRole,0) SDTOfFlowRole, WF_Flow.SDTOfFlowRoleSQL, WF_Flow.Paras, WF_Flow.PTable,NVL(WF_Flow.FlowFrmType,0) FlowFrmType, WF_Flow.FrmUrl,NVL(WF_Flow.Draft,0) Draft,NVL(WF_Flow.DataStoreModel,0) DataStoreModel, WF_Flow.TitleRole, WF_Flow.FlowMark, WF_Flow.FlowEventEntity, WF_Flow.HistoryFields,NVL(WF_Flow.IsGuestFlow,0) IsGuestFlow, WF_Flow.BillNoFormat, WF_Flow.FlowNoteExp,NVL(WF_Flow.DRCtrlType,0) DRCtrlType, WF_Flow.HostRun,NVL(WF_Flow.IsToParentNextNode,0) IsToParentNextNode,NVL(WF_Flow.StartLimitRole,0) StartLimitRole, WF_Flow.StartLimitPara, WF_Flow.StartLimitAlert,NVL(WF_Flow.StartLimitWhen,0) StartLimitWhen,NVL(WF_Flow.StartGuideWay,0) StartGuideWay, WF_Flow.StartGuideLink, WF_Flow.StartGuideLab, WF_Flow.StartGuidePara1, WF_Flow.StartGuidePara2, WF_Flow.StartGuidePara3,NVL(WF_Flow.IsResetData,0) IsResetData,NVL(WF_Flow.IsLoadPriData,0) IsLoadPriData,NVL(WF_Flow.IsDBTemplate,0) IsDBTemplate,NVL(WF_Flow.IsBatchStart,0) IsBatchStart, WF_Flow.BatchStartFields,NVL(WF_Flow.IsAutoSendSubFlowOver,0) IsAutoSendSubFlowOver, WF_Flow.Ver,NVL(WF_Flow.FlowDeleteRole,0) FlowDeleteRole, WF_Flow.AtPara,NVL(WF_Flow.DTSWay,0) DTSWay, WF_Flow.DTSDBSrc, WF_Flow.DTSBTable, WF_Flow.DTSBTablePK,NVL(WF_Flow.DTSTime,0) DTSTime, WF_Flow.DTSSpecNodes,NVL(WF_Flow.DTSField,0) DTSField, WF_Flow.DTSFields FROM WF_Flow,WF_FlowSort TFK_FlowSort WHERE ( WF_Flow.FK_FlowSort=TFK_FlowSort.No (+) ) ORDER BY WF_Flow.No @异常信息：ORA-00904: "WF_FLOW"."FRMURL": 标识符无效@Para Num= 0<hr><br>详细信息:@   在 BP.En.QueryObject.DoQuery() 位置 D:\ccflow\Components\BP.En30\En\QueryObject.cs:行号 907
   在 BP.En.Entities.RetrieveAll(String orderBy) 位置 D:\ccflow\Components\BP.En30\En\Entity.cs:行号 5380
   在 BP.En.EntitiesNoName.RetrieveAll() 位置 D:\ccflow\Components\BP.En30\En\EntityNoName.cs:行号 180
   在 BP.WF.Glo.UpdataCCFlowVer() 位置 D:\ccflow\Components\BP.WF\Glo.cs:行号 1227<br>@<a href='../DBInstall.aspx' >点这里到系统升级界面。</a>
02日14时24分01秒Fatal:System');"执行sql错误:ORA-01722: 无效数字@可以执行的SQL:UPDATE Sys_MapExt SET MyPK= ExtType+'_'+FK_Mapdata+'_'+AttrsOfActive WHERE ExtType='ActiveDDL' Paras(0)=<hr>UPDATE Sys_MapExt SET MyPK= ExtType+'_'+FK_Mapdata+'_'+AttrsOfActive WHERE ExtType='ActiveDDL'
02日14时24分23秒Fatal:System');"@运行查询在(RunSQLReturnTable_200705_Ora with paras)出错 sql=SELECT * FROM WF_Flow WHERE 1=2  @异常信息：索引超出了数组界限。@Para Num= 0
02日14时24分23秒Fatal:System');"@运行查询在(RunSQLReturnTable_200705_Ora with paras)出错 sql=SELECT * FROM WF_Flow WHERE 1=2  @异常信息：索引超出了数组界限。@Para Num= 0
02日14时24分23秒Fatal:System');"系统升级错误:问题出处:@运行查询在(RunSQLReturnTable_200705_Ora with paras)出错 sql=SELECT * FROM WF_Flow WHERE 1=2  @异常信息：索引超出了数组界限。@Para Num= 0<hr><br>详细信息:@   在 BP.DA.DBAccess.RunSQLReturnTable(String sql, Paras paras) 位置 D:\ccflow\Components\BP.En30\DA\DBAccess.cs:行号 2834
   在 BP.DA.DBAccess.RunSQLReturnTable(String sql) 位置 D:\ccflow\Components\BP.En30\DA\DBAccess.cs:行号 2634
   在 BP.En.Entity.CheckPhysicsTable_Ora() 位置 D:\ccflow\Components\BP.En30\En\Entity.cs:行号 3639
   在 BP.En.Entity.CheckPhysicsTable() 位置 D:\ccflow\Components\BP.En30\En\Entity.cs:行号 3295
   在 BP.WF.Glo.UpdataCCFlowVer() 位置 D:\ccflow\Components\BP.WF\Glo.cs:行号 1594<br>@<a href='../DBInstall.aspx' >点这里到系统升级界面。</a>
-----------------------------------------------------------------------------------------------------
02日14时24分57秒Fatal:System');"执行sql错误:ORA-01722: 无效数字@可以执行的SQL:UPDATE Sys_MapExt SET MyPK= ExtType+'_'+FK_Mapdata+'_'+AttrsOfActive WHERE ExtType='ActiveDDL' Paras(0)=<hr>UPDATE Sys_MapExt SET MyPK= ExtType+'_'+FK_Mapdata+'_'+AttrsOfActive WHERE ExtType='ActiveDDL'
02日14时27分41秒Fatal:System');"@运行查询在(RunSQLReturnTable_200705_Ora with paras)出错 sql= SELECT  NVL(NodeID,0)   NodeID, Name,NVL(SendLab, '发送') SendLab, SendJS,NVL(JumpWayLab, '跳转') JumpWayLab, NVL( JumpWay,0) JumpWay,NVL(SaveLab, '保存') SaveLab, NVL(SaveEnable,1) SaveEnable,NVL(ThreadLab, '子线程') ThreadLab, NVL( ThreadEnable,0) ThreadEnable, NVL( ThreadIsCanDel,0) ThreadIsCanDel, NVL( ThreadIsCanShift,0) ThreadIsCanShift,NVL(OfficeBtnLab, '打开公文') OfficeBtnLab,NVL(OfficeBtnEnable,0)   OfficeBtnEnable, CASE NVL(OfficeBtnEnable,0) WHEN 0 THEN '不可用' WHEN 1 THEN '可编辑' WHEN 2 THEN '不可编辑' WHEN NULL THEN '不可用' END "OfficeBtnEnableText",NVL(ReturnLab, '退回') ReturnLab, NVL(ReturnRole,1) ReturnRole, ReturnField,NVL(ReturnOneNodeRole,0)   ReturnOneNodeRole, CASE NVL(ReturnOneNodeRole,0) WHEN 0 THEN '不启用' WHEN 1 THEN '按照[退回信息填写字段]作为退回意见直接退回' WHEN 2 THEN '按照[审核组件]填写的信息作为退回意见直接退回' WHEN NULL THEN '不启用' END "ReturnOneNodeRoleText",NVL(CCLab, '抄送') CCLab,NVL(CCRole,0)   CCRole, CASE NVL(CCRole,0) WHEN 0 THEN '不能抄送' WHEN 1 THEN '手工抄送' WHEN 2 THEN '自动抄送' WHEN 3 THEN '手工与自动' WHEN 4 THEN '按表单SysCCEmps字段计算' WHEN 5 THEN '在发送前打开抄送窗口' WHEN NULL THEN '不能抄送' END "CCRoleText",NVL(ShiftLab, '移交') ShiftLab, NVL(ShiftEnable,1) ShiftEnable,NVL(DelLab, '删除流程') DelLab, NVL( DelEnable,0) DelEnable,NVL(EndFlowLab, '结束流程') EndFlowLab, NVL( EndFlowEnable,0) EndFlowEnable,NVL(HungLab, '挂起') HungLab, NVL( HungEnable,0) HungEnable,NVL(ShowParentFormLab, '查看父流程') ShowParentFormLab, NVL( ShowParentFormEnable,0) ShowParentFormEnable,NVL(PrintDocLab, '打印单据') PrintDocLab, NVL( PrintDocEnable,0) PrintDocEnable,NVL(TrackLab, '轨迹') TrackLab, NVL(TrackEnable,1) TrackEnable,NVL(SelectAccepterLab, '接受人') SelectAccepterLab,NVL(SelectAccepterEnable,0)   SelectAccepterEnable, CASE NVL(SelectAccepterEnable,0) WHEN 0 THEN '不启用' WHEN 1 THEN '单独启用' WHEN 2 THEN '在发送前打开' WHEN 3 THEN '转入新页面' WHEN NULL THEN '不启用' END "SelectAccepterEnableText",NVL(SearchLab, '查询') SearchLab, NVL(SearchEnable,1) SearchEnable,NVL(WorkCheckLab, '审核') WorkCheckLab, NVL( WorkCheckEnable,0) WorkCheckEnable,NVL(BatchLab, '批量审核') BatchLab, NVL( BatchEnable,0) BatchEnable,NVL(AskforLab, '加签') AskforLab, NVL( AskforEnable,0) AskforEnable,NVL(HuiQianLab, '会签') HuiQianLab,NVL(HuiQianRole,0)   HuiQianRole, CASE NVL(HuiQianRole,0) WHEN 0 THEN '不启用' WHEN 1 THEN '协作模式' WHEN 4 THEN '组长模式' WHEN NULL THEN '不启用' END "HuiQianRoleText",NVL(HuiQianLeaderRole,0)   HuiQianLeaderRole, CASE NVL(HuiQianLeaderRole,0) WHEN 0 THEN '只有一个组长' WHEN 1 THEN '最后一个组长发送' WHEN 2 THEN '任意组长发送' WHEN NULL THEN '只有一个组长' END "HuiQianLeaderRoleText",NVL(AddLeaderLab, '加组长') AddLeaderLab, NVL( AddLeaderEnable,0) AddLeaderEnable,NVL(TCLab, '流转自定义') TCLab, NVL( TCEnable,0) TCEnable,NVL(WebOffice, '公文') WebOffice,NVL(WebOfficeEnable,0)   WebOfficeEnable, CASE NVL(WebOfficeEnable,0) WHEN 0 THEN '不启用' WHEN 1 THEN '按钮方式' WHEN 2 THEN '标签页置后方式' WHEN 3 THEN '标签页置前方式' WHEN NULL THEN '不启用' END "WebOfficeEnableText",NVL(PRILab, '重要性') PRILab, NVL( PRIEnable,0) PRIEnable,NVL(CHLab, '节点时限') CHLab,NVL(CHRole,0)   CHRole, CASE NVL(CHRole,0) WHEN 0 THEN '禁用' WHEN 1 THEN '启用' WHEN 2 THEN '只读' WHEN NULL THEN '禁用' END "CHRoleText",NVL(AllotLab, '分配') AllotLab, NVL( AllotEnable,0) AllotEnable,NVL(FocusLab, '关注') FocusLab, NVL(FocusEnable,1) FocusEnable,NVL(ConfirmLab, '确认') ConfirmLab, NVL( ConfirmEnable,0) ConfirmEnable,NVL(PrintHtmlLab, '打印Html') PrintHtmlLab, NVL( PrintHtmlEnable,0) PrintHtmlEnable,NVL(PrintPDFLab, '打印pdf') PrintPDFLab, NVL( PrintPDFEnable,0) PrintPDFEnable,NVL(PrintZipLab, '打包下载') PrintZipLab, NVL( PrintZipEnable,0) PrintZipEnable,NVL(ListLab, '列表') ListLab, NVL(ListEnable,1) ListEnable,NVL(NoteLab, '备注') NoteLab,NVL(NoteEnable,0)   NoteEnable, CASE NVL(NoteEnable,0) WHEN 0 THEN '禁用' WHEN 1 THEN '启用' WHEN 2 THEN '只读' WHEN NULL THEN '禁用' END "NoteEnableText",NVL(HelpLab, '帮助') HelpLab,NVL(HelpRole,0)   HelpRole, CASE NVL(HelpRole,0) WHEN 0 THEN '禁用' WHEN 1 THEN '启用' WHEN 2 THEN '强制提示' WHEN 3 THEN '选择性提示' WHEN NULL THEN '禁用' END "HelpRoleText",NVL(OfficeOpenLab, '打开本地') OfficeOpenLab, NVL( OfficeOpenEnable,0) OfficeOpenEnable,NVL(OfficeOpenTemplateLab, '打开模板') OfficeOpenTemplateLab, NVL( OfficeOpenTemplateEnable,0) OfficeOpenTemplateEnable,NVL(OfficeSaveLab, '保存') OfficeSaveLab, NVL(OfficeSaveEnable,1) OfficeSaveEnable,NVL(OfficeAcceptLab, '接受修订') OfficeAcceptLab, NVL( OfficeAcceptEnable,0) OfficeAcceptEnable,NVL(OfficeRefuseLab, '拒绝修订') OfficeRefuseLab, NVL( OfficeRefuseEnable,0) OfficeRefuseEnable,NVL(OfficeOverLab, '套红') OfficeOverLab, NVL( OfficeOverEnable,0) OfficeOverEnable, NVL(OfficeMarksEnable,1) OfficeMarksEnable,NVL(OfficePrintLab, '打印') OfficePrintLab, NVL( OfficePrintEnable,0) OfficePrintEnable,NVL(OfficeSealLab, '签章') OfficeSealLab, NVL( OfficeSealEnable,0) OfficeSealEnable,NVL(OfficeInsertFlowLab, '插入流程') OfficeInsertFlowLab, NVL( OfficeInsertFlowEnable,0) OfficeInsertFlowEnable, NVL( OfficeNodeInfo,0) OfficeNodeInfo, NVL( OfficeReSavePDF,0) OfficeReSavePDF,NVL(OfficeDownLab, '下载') OfficeDownLab, NVL( OfficeDownEnable,0) OfficeDownEnable, NVL(OfficeIsMarks,1) OfficeIsMarks, OfficeTemplate, NVL(OfficeIsParent,1) OfficeIsParent, NVL( OfficeTHEnable,0) OfficeTHEnable, OfficeTHTemplate FROM WF_Node WHERE (1=1) AND (WF_Node.NodeID=:NodeID ) @异常信息：ORA-00904: "ADDLEADERENABLE": 标识符无效@Para Num= 1@NodeID=2701
02日14时27分41秒Fatal:System');"@运行查询在(RunSQLReturnTable_200705_Ora with paras)出错 sql= SELECT  NVL(NodeID,0)   NodeID, Name,NVL(SendLab, '发送') SendLab, SendJS,NVL(JumpWayLab, '跳转') JumpWayLab, NVL( JumpWay,0) JumpWay,NVL(SaveLab, '保存') SaveLab, NVL(SaveEnable,1) SaveEnable,NVL(ThreadLab, '子线程') ThreadLab, NVL( ThreadEnable,0) ThreadEnable, NVL( ThreadIsCanDel,0) ThreadIsCanDel, NVL( ThreadIsCanShift,0) ThreadIsCanShift,NVL(OfficeBtnLab, '打开公文') OfficeBtnLab,NVL(OfficeBtnEnable,0)   OfficeBtnEnable, CASE NVL(OfficeBtnEnable,0) WHEN 0 THEN '不可用' WHEN 1 THEN '可编辑' WHEN 2 THEN '不可编辑' WHEN NULL THEN '不可用' END "OfficeBtnEnableText",NVL(ReturnLab, '退回') ReturnLab, NVL(ReturnRole,1) ReturnRole, ReturnField,NVL(ReturnOneNodeRole,0)   ReturnOneNodeRole, CASE NVL(ReturnOneNodeRole,0) WHEN 0 THEN '不启用' WHEN 1 THEN '按照[退回信息填写字段]作为退回意见直接退回' WHEN 2 THEN '按照[审核组件]填写的信息作为退回意见直接退回' WHEN NULL THEN '不启用' END "ReturnOneNodeRoleText",NVL(CCLab, '抄送') CCLab,NVL(CCRole,0)   CCRole, CASE NVL(CCRole,0) WHEN 0 THEN '不能抄送' WHEN 1 THEN '手工抄送' WHEN 2 THEN '自动抄送' WHEN 3 THEN '手工与自动' WHEN 4 THEN '按表单SysCCEmps字段计算' WHEN 5 THEN '在发送前打开抄送窗口' WHEN NULL THEN '不能抄送' END "CCRoleText",NVL(ShiftLab, '移交') ShiftLab, NVL(ShiftEnable,1) ShiftEnable,NVL(DelLab, '删除流程') DelLab, NVL( DelEnable,0) DelEnable,NVL(EndFlowLab, '结束流程') EndFlowLab, NVL( EndFlowEnable,0) EndFlowEnable,NVL(HungLab, '挂起') HungLab, NVL( HungEnable,0) HungEnable,NVL(ShowParentFormLab, '查看父流程') ShowParentFormLab, NVL( ShowParentFormEnable,0) ShowParentFormEnable,NVL(PrintDocLab, '打印单据') PrintDocLab, NVL( PrintDocEnable,0) PrintDocEnable,NVL(TrackLab, '轨迹') TrackLab, NVL(TrackEnable,1) TrackEnable,NVL(SelectAccepterLab, '接受人') SelectAccepterLab,NVL(SelectAccepterEnable,0)   SelectAccepterEnable, CASE NVL(SelectAccepterEnable,0) WHEN 0 THEN '不启用' WHEN 1 THEN '单独启用' WHEN 2 THEN '在发送前打开' WHEN 3 THEN '转入新页面' WHEN NULL THEN '不启用' END "SelectAccepterEnableText",NVL(SearchLab, '查询') SearchLab, NVL(SearchEnable,1) SearchEnable,NVL(WorkCheckLab, '审核') WorkCheckLab, NVL( WorkCheckEnable,0) WorkCheckEnable,NVL(BatchLab, '批量审核') BatchLab, NVL( BatchEnable,0) BatchEnable,NVL(AskforLab, '加签') AskforLab, NVL( AskforEnable,0) AskforEnable,NVL(HuiQianLab, '会签') HuiQianLab,NVL(HuiQianRole,0)   HuiQianRole, CASE NVL(HuiQianRole,0) WHEN 0 THEN '不启用' WHEN 1 THEN '协作模式' WHEN 4 THEN '组长模式' WHEN NULL THEN '不启用' END "HuiQianRoleText",NVL(HuiQianLeaderRole,0)   HuiQianLeaderRole, CASE NVL(HuiQianLeaderRole,0) WHEN 0 THEN '只有一个组长' WHEN 1 THEN '最后一个组长发送' WHEN 2 THEN '任意组长发送' WHEN NULL THEN '只有一个组长' END "HuiQianLeaderRoleText",NVL(AddLeaderLab, '加组长') AddLeaderLab, NVL( AddLeaderEnable,0) AddLeaderEnable,NVL(TCLab, '流转自定义') TCLab, NVL( TCEnable,0) TCEnable,NVL(WebOffice, '公文') WebOffice,NVL(WebOfficeEnable,0)   WebOfficeEnable, CASE NVL(WebOfficeEnable,0) WHEN 0 THEN '不启用' WHEN 1 THEN '按钮方式' WHEN 2 THEN '标签页置后方式' WHEN 3 THEN '标签页置前方式' WHEN NULL THEN '不启用' END "WebOfficeEnableText",NVL(PRILab, '重要性') PRILab, NVL( PRIEnable,0) PRIEnable,NVL(CHLab, '节点时限') CHLab,NVL(CHRole,0)   CHRole, CASE NVL(CHRole,0) WHEN 0 THEN '禁用' WHEN 1 THEN '启用' WHEN 2 THEN '只读' WHEN NULL THEN '禁用' END "CHRoleText",NVL(AllotLab, '分配') AllotLab, NVL( AllotEnable,0) AllotEnable,NVL(FocusLab, '关注') FocusLab, NVL(FocusEnable,1) FocusEnable,NVL(ConfirmLab, '确认') ConfirmLab, NVL( ConfirmEnable,0) ConfirmEnable,NVL(PrintHtmlLab, '打印Html') PrintHtmlLab, NVL( PrintHtmlEnable,0) PrintHtmlEnable,NVL(PrintPDFLab, '打印pdf') PrintPDFLab, NVL( PrintPDFEnable,0) PrintPDFEnable,NVL(PrintZipLab, '打包下载') PrintZipLab, NVL( PrintZipEnable,0) PrintZipEnable,NVL(ListLab, '列表') ListLab, NVL(ListEnable,1) ListEnable,NVL(NoteLab, '备注') NoteLab,NVL(NoteEnable,0)   NoteEnable, CASE NVL(NoteEnable,0) WHEN 0 THEN '禁用' WHEN 1 THEN '启用' WHEN 2 THEN '只读' WHEN NULL THEN '禁用' END "NoteEnableText",NVL(HelpLab, '帮助') HelpLab,NVL(HelpRole,0)   HelpRole, CASE NVL(HelpRole,0) WHEN 0 THEN '禁用' WHEN 1 THEN '启用' WHEN 2 THEN '强制提示' WHEN 3 THEN '选择性提示' WHEN NULL THEN '禁用' END "HelpRoleText",NVL(OfficeOpenLab, '打开本地') OfficeOpenLab, NVL( OfficeOpenEnable,0) OfficeOpenEnable,NVL(OfficeOpenTemplateLab, '打开模板') OfficeOpenTemplateLab, NVL( OfficeOpenTemplateEnable,0) OfficeOpenTemplateEnable,NVL(OfficeSaveLab, '保存') OfficeSaveLab, NVL(OfficeSaveEnable,1) OfficeSaveEnable,NVL(OfficeAcceptLab, '接受修订') OfficeAcceptLab, NVL( OfficeAcceptEnable,0) OfficeAcceptEnable,NVL(OfficeRefuseLab, '拒绝修订') OfficeRefuseLab, NVL( OfficeRefuseEnable,0) OfficeRefuseEnable,NVL(OfficeOverLab, '套红') OfficeOverLab, NVL( OfficeOverEnable,0) OfficeOverEnable, NVL(OfficeMarksEnable,1) OfficeMarksEnable,NVL(OfficePrintLab, '打印') OfficePrintLab, NVL( OfficePrintEnable,0) OfficePrintEnable,NVL(OfficeSealLab, '签章') OfficeSealLab, NVL( OfficeSealEnable,0) OfficeSealEnable,NVL(OfficeInsertFlowLab, '插入流程') OfficeInsertFlowLab, NVL( OfficeInsertFlowEnable,0) OfficeInsertFlowEnable, NVL( OfficeNodeInfo,0) OfficeNodeInfo, NVL( OfficeReSavePDF,0) OfficeReSavePDF,NVL(OfficeDownLab, '下载') OfficeDownLab, NVL( OfficeDownEnable,0) OfficeDownEnable, NVL(OfficeIsMarks,1) OfficeIsMarks, OfficeTemplate, NVL(OfficeIsParent,1) OfficeIsParent, NVL( OfficeTHEnable,0) OfficeTHEnable, OfficeTHTemplate FROM WF_Node WHERE (1=1) AND (WF_Node.NodeID=:NodeID ) @异常信息：ORA-00904: "ADDLEADERENABLE": 标识符无效@Para Num= 1@NodeID=2701
02日14时27分45秒Fatal:System');"@运行查询在(RunSQLReturnTable_200705_Ora with paras)出错 sql= SELECT MyPK, FK_MapData, Name, URL, FrameURL,NVL(UrlSrcType,0) UrlSrcType, Y, X, W, H, NVL(IsAutoSize,1) IsAutoSize, EleType, GUID FROM Sys_MapFrame WHERE (1=1) AND ( ( Sys_MapFrame.FK_MapData =:FK_MapData) )  @异常信息：ORA-00904: "FRAMEURL": 标识符无效@Para Num= 1@FK_MapData=ND2701
02日14时27分45秒Fatal:System');"@运行查询在(RunSQLReturnTable_200705_Ora with paras)出错 sql= SELECT MyPK, FK_MapData, Name, URL, FrameURL,NVL(UrlSrcType,0) UrlSrcType, Y, X, W, H, NVL(IsAutoSize,1) IsAutoSize, EleType, GUID FROM Sys_MapFrame WHERE (1=1) AND ( ( Sys_MapFrame.FK_MapData =:FK_MapData) )  @异常信息：ORA-00904: "FRAMEURL": 标识符无效@Para Num= 1@FK_MapData=ND2701
02日14时27分46秒Fatal:System');"   在 BP.En.QueryObject.DoQuery() 位置 D:\ccflow\Components\BP.En30\En\QueryObject.cs:行号 907
   在 BP.En.Entities.Retrieve(String key, Object val, String orderby) 位置 D:\ccflow\Components\BP.En30\En\Entity.cs:行号 5257
   在 BP.Sys.MapFrames..ctor(String fk_mapdata) 位置 D:\ccflow\Components\BP.En30\Sys\MapFrame.cs:行号 324
   在 BP.Sys.MapData.get_MapFrames() 位置 D:\ccflow\Components\BP.En30\Sys\MapData.cs:行号 707
   在 BP.Sys.CCFormAPI.GenerHisDataSet(String frmID, String frmName) 位置 D:\ccflow\Components\BP.En30\Sys\CCFormAPI.cs:行号 1328
   在 BP.WF.CCFlowAPI.GenerWorkNode(String fk_flow, Int32 fk_node, Int64 workID, Int64 fid, String userNo, String fromWorkOpt) 位置 D:\ccflow\Components\BP.WF\CCFlowAPI.cs:行号 60
02日14时27分46秒Fatal:System');"generoWorkNode@@运行查询在(RunSQLReturnTable_200705_Ora with paras)出错 sql= SELECT MyPK, FK_MapData, Name, URL, FrameURL,NVL(UrlSrcType,0) UrlSrcType, Y, X, W, H, NVL(IsAutoSize,1) IsAutoSize, EleType, GUID FROM Sys_MapFrame WHERE (1=1) AND ( ( Sys_MapFrame.FK_MapData =:FK_MapData) )  @异常信息：ORA-00904: "FRAMEURL": 标识符无效@Para Num= 1@FK_MapData=ND2701
02日14时27分46秒Fatal:System');"   在 BP.WF.CCFlowAPI.GenerWorkNode(String fk_flow, Int32 fk_node, Int64 workID, Int64 fid, String userNo, String fromWorkOpt) 位置 D:\ccflow\Components\BP.WF\CCFlowAPI.cs:行号 947
   在 BP.WF.HttpHandler.WF_MyFlow.GenerWorkNode() 位置 D:\ccflow\Components\BP.WF\HttpHandler\WF_MyFlow.cs:行号 2443
02日14时33分38秒Fatal:System');"   在 BP.WF.Template.FindWorker.FindByWorkFlowModel() 位置 D:\ccflow\Components\BP.WF\Template\FindWorker.cs:行号 221
   在 BP.WF.Template.FindWorker.DoIt(Flow fl, WorkNode currWn, WorkNode toWn) 位置 D:\ccflow\Components\BP.WF\Template\FindWorker.cs:行号 1159
   在 BP.WF.WorkNode.Func_GenerWorkerLists(WorkNode town) 位置 D:\ccflow\Components\BP.WF\WF\WorkNode.cs:行号 249
   在 BP.WF.WorkNode.NodeSend_11(Node toND) 位置 D:\ccflow\Components\BP.WF\WF\WorkNode.cs:行号 2355
   在 BP.WF.WorkNode.NodeSend_Send_5_5() 位置 D:\ccflow\Components\BP.WF\WF\WorkNode.cs:行号 3633
   在 BP.WF.WorkNode.NodeSend(Node jumpToNode, String jumpToEmp) 位置 D:\ccflow\Components\BP.WF\WF\WorkNode.cs:行号 7118
02日14时33分42秒Fatal:System');"@运行查询在(RunSQLReturnTable_200705_Ora with paras)出错 sql= SELECT  NVL(WorkID,0)   WorkID,NVL(FK_Node,0)   FK_Node, NodeName, FK_Emp, FK_EmpT, StartDT, EndDT,NVL(GT,0)   GT, NVL( Scale ,0) AS  Scale, NVL( TotalScale ,0) AS  TotalScale, NVL( ChanZhi ,0) AS  ChanZhi, AtPara, MyPK FROM WF_CHNode WHERE (1=1) AND (WF_CHNode.MyPK=:MyPK ) @异常信息：ORA-00942: 表或视图不存在@Para Num= 1@MyPK=1371_202
02日14时33分42秒Fatal:System');"@运行查询在(RunSQLReturnTable_200705_Ora with paras)出错 sql= SELECT  NVL(WorkID,0)   WorkID,NVL(FK_Node,0)   FK_Node, NodeName, FK_Emp, FK_EmpT, StartDT, EndDT,NVL(GT,0)   GT, NVL( Scale ,0) AS  Scale, NVL( TotalScale ,0) AS  TotalScale, NVL( ChanZhi ,0) AS  ChanZhi, AtPara, MyPK FROM WF_CHNode WHERE (1=1) AND (WF_CHNode.MyPK=:MyPK ) @异常信息：ORA-00942: 表或视图不存在@Para Num= 1@MyPK=1371_202
02日14时33分57秒Fatal:System');"@运行查询在(RunSQLReturnTable_200705_Ora with paras)出错 sql=SELECT C.Name AS DeptName,  A.* FROM ND2Track A, Port_Emp B, Port_Dept C   WHERE (A.WorkID=1371 OR A.FID=1371) AND (A.ActionType=1 OR A.ActionType=0  OR A.ActionType=6  OR A.ActionType=7) AND (A.EmpFrom=B.No) AND (B.FK_Dept=C.No)  ORDER BY A.RDT  @异常信息：TTC Error@Para Num= 0
02日14时33分57秒Fatal:System');"@运行查询在(RunSQLReturnTable_200705_Ora with paras)出错 sql=SELECT C.Name AS DeptName,  A.* FROM ND2Track A, Port_Emp B, Port_Dept C   WHERE (A.WorkID=1371 OR A.FID=1371) AND (A.ActionType=1 OR A.ActionType=0  OR A.ActionType=6  OR A.ActionType=7) AND (A.EmpFrom=B.No) AND (B.FK_Dept=C.No)  ORDER BY A.RDT  @异常信息：TTC Error@Para Num= 0
02日14时34分08秒Fatal:System');"@运行查询在(RunSQLReturnTable_200705_Ora with paras)出错 sql=SELECT C.Name AS DeptName,  A.* FROM ND42Track A, Port_Emp B, Port_Dept C   WHERE (A.WorkID=1411 OR A.FID=1411) AND (A.ActionType=1 OR A.ActionType=0  OR A.ActionType=6  OR A.ActionType=7) AND (A.EmpFrom=B.No) AND (B.FK_Dept=C.No)  ORDER BY A.RDT  @异常信息：TTC Error@Para Num= 0
02日14时34分08秒Fatal:System');"@运行查询在(RunSQLReturnTable_200705_Ora with paras)出错 sql=SELECT C.Name AS DeptName,  A.* FROM ND42Track A, Port_Emp B, Port_Dept C   WHERE (A.WorkID=1411 OR A.FID=1411) AND (A.ActionType=1 OR A.ActionType=0  OR A.ActionType=6  OR A.ActionType=7) AND (A.EmpFrom=B.No) AND (B.FK_Dept=C.No)  ORDER BY A.RDT  @异常信息：TTC Error@Para Num= 0
02日14时37分03秒Fatal:System');"@运行查询在(RunSQLReturnTable_200705_Ora with paras)出错 sql=SELECT * FROM WF_Node WHERE 1=2  @异常信息：索引超出了数组界限。@Para Num= 0
02日14时37分03秒Fatal:System');"@运行查询在(RunSQLReturnTable_200705_Ora with paras)出错 sql=SELECT * FROM WF_Node WHERE 1=2  @异常信息：索引超出了数组界限。@Para Num= 0
02日14时37分25秒Fatal:System');"@没有[实体配置  Sys_EnCfg, 类[BP.Sys.EnCfg], 物理表[Sys_EnCfg] 实例。PK = BP.Sys.FrmUI.MapAttrString
02日14时38分49秒Fatal:System');"@运行查询在(RunSQLReturnTable_200705_Ora with paras)出错 sql=SELECT C.Name AS DeptName,  A.* FROM ND42Track A, Port_Emp B, Port_Dept C   WHERE (A.WorkID=1420 OR A.FID=1420) AND (A.ActionType=1 OR A.ActionType=0  OR A.ActionType=6  OR A.ActionType=7) AND (A.EmpFrom=B.No) AND (B.FK_Dept=C.No)  ORDER BY A.RDT  @异常信息：TTC Error@Para Num= 0
02日14时38分49秒Fatal:System');"@运行查询在(RunSQLReturnTable_200705_Ora with paras)出错 sql=SELECT C.Name AS DeptName,  A.* FROM ND42Track A, Port_Emp B, Port_Dept C   WHERE (A.WorkID=1420 OR A.FID=1420) AND (A.ActionType=1 OR A.ActionType=0  OR A.ActionType=6  OR A.ActionType=7) AND (A.EmpFrom=B.No) AND (B.FK_Dept=C.No)  ORDER BY A.RDT  @异常信息：TTC Error@Para Num= 0
02日14时40分50秒Fatal:System');"@运行查询在(RunSQLReturnTable_200705_Ora with paras)出错 sql=SELECT * FROM ND42Track  WHERE WorkID=:WorkID  AND NDTo=:NDTo AND (ActionType=1 OR ActionType=26) AND ROWNUM=1 ORDER BY RDT DESC  @异常信息：TTC Error@Para Num= 2@WorkID=1420@NDTo=4202
02日14时40分50秒Fatal:System');"@运行查询在(RunSQLReturnTable_200705_Ora with paras)出错 sql=SELECT * FROM ND42Track  WHERE WorkID=:WorkID  AND NDTo=:NDTo AND (ActionType=1 OR ActionType=26) AND ROWNUM=1 ORDER BY RDT DESC  @异常信息：TTC Error@Para Num= 2@WorkID=1420@NDTo=4202
02日14时40分51秒Fatal:System');"   在 BP.DA.DBAccess.RunSQLReturnTable(String sql, Paras paras) 位置 D:\ccflow\Components\BP.En30\DA\DBAccess.cs:行号 2834
   在 BP.DA.DBAccess.RunSQLReturnTable(Paras ps) 位置 D:\ccflow\Components\BP.En30\DA\DBAccess.cs:行号 2623
   在 BP.WF.Dev2Interface.Flow_GetPreviousNodeTrack(Int64 WorkID, Int32 FK_Node) 位置 D:\ccflow\Components\BP.WF\Dev2Interface.cs:行号 4900
   在 BP.WF.Glo.InitCH2017(Flow fl, Node nd, Int64 workid, Int64 fid, String title, String prvRDT, String sdt, DateTime dtNow, GenerWorkerList gwl) 位置 D:\ccflow\Components\BP.WF\Glo.cs:行号 5520
   在 BP.WF.Glo.InitCH(Flow fl, Node nd, Int64 workid, Int64 fid, String title, GenerWorkerList gwl) 位置 D:\ccflow\Components\BP.WF\Glo.cs:行号 5428
   在 BP.WF.WorkNode.NodeSend(Node jumpToNode, String jumpToEmp) 位置 D:\ccflow\Components\BP.WF\WF\WorkNode.cs:行号 7518
02日14时40分57秒Fatal:System');"@运行查询在(RunSQLReturnTable_200705_Ora with paras)出错 sql=SELECT * FROM ND42Track  WHERE WorkID=:WorkID  AND NDTo=:NDTo AND (ActionType=1 OR ActionType=26) AND ROWNUM=1 ORDER BY RDT DESC  @异常信息：TTC Error@Para Num= 2@WorkID=1420@NDTo=4202
02日14时40分57秒Fatal:System');"@运行查询在(RunSQLReturnTable_200705_Ora with paras)出错 sql=SELECT * FROM ND42Track  WHERE WorkID=:WorkID  AND NDTo=:NDTo AND (ActionType=1 OR ActionType=26) AND ROWNUM=1 ORDER BY RDT DESC  @异常信息：TTC Error@Para Num= 2@WorkID=1420@NDTo=4202
02日14时40分58秒Fatal:System');"   在 BP.DA.DBAccess.RunSQLReturnTable(String sql, Paras paras) 位置 D:\ccflow\Components\BP.En30\DA\DBAccess.cs:行号 2834
   在 BP.DA.DBAccess.RunSQLReturnTable(Paras ps) 位置 D:\ccflow\Components\BP.En30\DA\DBAccess.cs:行号 2623
   在 BP.WF.Dev2Interface.Flow_GetPreviousNodeTrack(Int64 WorkID, Int32 FK_Node) 位置 D:\ccflow\Components\BP.WF\Dev2Interface.cs:行号 4900
   在 BP.WF.Glo.InitCH2017(Flow fl, Node nd, Int64 workid, Int64 fid, String title, String prvRDT, String sdt, DateTime dtNow, GenerWorkerList gwl) 位置 D:\ccflow\Components\BP.WF\Glo.cs:行号 5520
   在 BP.WF.Glo.InitCH(Flow fl, Node nd, Int64 workid, Int64 fid, String title, GenerWorkerList gwl) 位置 D:\ccflow\Components\BP.WF\Glo.cs:行号 5428
   在 BP.WF.WorkNode.NodeSend(Node jumpToNode, String jumpToEmp) 位置 D:\ccflow\Components\BP.WF\WF\WorkNode.cs:行号 7518
02日14时41分01秒Fatal:System');"@运行查询在(RunSQLReturnTable_200705_Ora with paras)出错 sql=SELECT * FROM ND42Track  WHERE WorkID=:WorkID  AND NDTo=:NDTo AND (ActionType=1 OR ActionType=26) AND ROWNUM=1 ORDER BY RDT DESC  @异常信息：TTC Error@Para Num= 2@WorkID=1420@NDTo=4202
02日14时41分01秒Fatal:System');"@运行查询在(RunSQLReturnTable_200705_Ora with paras)出错 sql=SELECT * FROM ND42Track  WHERE WorkID=:WorkID  AND NDTo=:NDTo AND (ActionType=1 OR ActionType=26) AND ROWNUM=1 ORDER BY RDT DESC  @异常信息：TTC Error@Para Num= 2@WorkID=1420@NDTo=4202
02日14时41分01秒Fatal:System');"   在 BP.DA.DBAccess.RunSQLReturnTable(String sql, Paras paras) 位置 D:\ccflow\Components\BP.En30\DA\DBAccess.cs:行号 2834
   在 BP.DA.DBAccess.RunSQLReturnTable(Paras ps) 位置 D:\ccflow\Components\BP.En30\DA\DBAccess.cs:行号 2623
   在 BP.WF.Dev2Interface.Flow_GetPreviousNodeTrack(Int64 WorkID, Int32 FK_Node) 位置 D:\ccflow\Components\BP.WF\Dev2Interface.cs:行号 4900
   在 BP.WF.Glo.InitCH2017(Flow fl, Node nd, Int64 workid, Int64 fid, String title, String prvRDT, String sdt, DateTime dtNow, GenerWorkerList gwl) 位置 D:\ccflow\Components\BP.WF\Glo.cs:行号 5520
   在 BP.WF.Glo.InitCH(Flow fl, Node nd, Int64 workid, Int64 fid, String title, GenerWorkerList gwl) 位置 D:\ccflow\Components\BP.WF\Glo.cs:行号 5428
   在 BP.WF.WorkNode.NodeSend(Node jumpToNode, String jumpToEmp) 位置 D:\ccflow\Components\BP.WF\WF\WorkNode.cs:行号 7518
02日14时45分23秒Fatal:System');"@运行查询在(RunSQLReturnTable_200705_Ora with paras)出错 sql=SELECT * FROM ND42Track  WHERE WorkID=:WorkID  AND NDTo=:NDTo AND (ActionType=1 OR ActionType=26) AND ROWNUM=1 ORDER BY RDT DESC  @异常信息：TTC Error@Para Num= 2@WorkID=1420@NDTo=4202
02日14时45分23秒Fatal:System');"@运行查询在(RunSQLReturnTable_200705_Ora with paras)出错 sql=SELECT * FROM ND42Track  WHERE WorkID=:WorkID  AND NDTo=:NDTo AND (ActionType=1 OR ActionType=26) AND ROWNUM=1 ORDER BY RDT DESC  @异常信息：TTC Error@Para Num= 2@WorkID=1420@NDTo=4202
02日14时45分23秒Fatal:System');"   在 BP.DA.DBAccess.RunSQLReturnTable(String sql, Paras paras) 位置 D:\ccflow\Components\BP.En30\DA\DBAccess.cs:行号 2834
   在 BP.DA.DBAccess.RunSQLReturnTable(Paras ps) 位置 D:\ccflow\Components\BP.En30\DA\DBAccess.cs:行号 2623
   在 BP.WF.Dev2Interface.Flow_GetPreviousNodeTrack(Int64 WorkID, Int32 FK_Node) 位置 D:\ccflow\Components\BP.WF\Dev2Interface.cs:行号 4900
   在 BP.WF.Glo.InitCH2017(Flow fl, Node nd, Int64 workid, Int64 fid, String title, String prvRDT, String sdt, DateTime dtNow, GenerWorkerList gwl) 位置 D:\ccflow\Components\BP.WF\Glo.cs:行号 5520
   在 BP.WF.Glo.InitCH(Flow fl, Node nd, Int64 workid, Int64 fid, String title, GenerWorkerList gwl) 位置 D:\ccflow\Components\BP.WF\Glo.cs:行号 5428
   在 BP.WF.WorkNode.NodeSend(Node jumpToNode, String jumpToEmp) 位置 D:\ccflow\Components\BP.WF\WF\WorkNode.cs:行号 7518
02日15时00分18秒Fatal:System');"@没有[实体配置  Sys_EnCfg, 类[BP.Sys.EnCfg], 物理表[Sys_EnCfg] 实例。PK = BP.WF.Template.FoolTruckNodeFrm
02日15时04分33秒Fatal:System');"@没有[实体配置  Sys_EnCfg, 类[BP.Sys.EnCfg], 物理表[Sys_EnCfg] 实例。PK = BP.WF.Template.FoolTruckNodeFrm
02日15时08分08秒Fatal:System');"@在节点(1801, 填写大修开工卡片)焦点字段被删除了,表达式为:主要修理内容:@ZYXLNR替换的结果为:主要修理内容:@ZYXLNR.
02日15时08分17秒Fatal:System');"@运行查询在(RunSQLReturnTable_200705_Ora with paras)出错 sql=SELECT C.Name AS DeptName,  A.* FROM ND18Track A, Port_Emp B, Port_Dept C   WHERE (A.WorkID=1325 OR A.FID=1325) AND (A.ActionType=1 OR A.ActionType=0  OR A.ActionType=6  OR A.ActionType=7) AND (A.EmpFrom=B.No) AND (B.FK_Dept=C.No)  ORDER BY A.RDT  @异常信息：TTC Error@Para Num= 0
02日15时08分17秒Fatal:System');"@运行查询在(RunSQLReturnTable_200705_Ora with paras)出错 sql=SELECT C.Name AS DeptName,  A.* FROM ND18Track A, Port_Emp B, Port_Dept C   WHERE (A.WorkID=1325 OR A.FID=1325) AND (A.ActionType=1 OR A.ActionType=0  OR A.ActionType=6  OR A.ActionType=7) AND (A.EmpFrom=B.No) AND (B.FK_Dept=C.No)  ORDER BY A.RDT  @异常信息：TTC Error@Para Num= 0
-----------------------------------------------------------------------------------------------------
02日15时18分23秒Fatal:System');"@没有[实体配置  Sys_EnCfg, 类[BP.Sys.EnCfg], 物理表[Sys_EnCfg] 实例。PK = BP.Sys.FrmUI.MapAttrString
02日15时18分28秒Fatal:System');"@没有[实体配置  Sys_EnCfg, 类[BP.Sys.EnCfg], 物理表[Sys_EnCfg] 实例。PK = BP.Sys.FrmUI.MapAttrString
02日15时18分32秒Fatal:System');"@没有[实体配置  Sys_EnCfg, 类[BP.Sys.EnCfg], 物理表[Sys_EnCfg] 实例。PK = BP.Sys.FrmUI.MapAttrString
02日15时18分35秒Fatal:System');"@没有[实体配置  Sys_EnCfg, 类[BP.Sys.EnCfg], 物理表[Sys_EnCfg] 实例。PK = BP.Sys.FrmUI.MapAttrString
02日15时18分38秒Fatal:System');"@没有[实体配置  Sys_EnCfg, 类[BP.Sys.EnCfg], 物理表[Sys_EnCfg] 实例。PK = BP.Sys.FrmUI.MapAttrString
02日15时18分42秒Fatal:System');"@没有[实体配置  Sys_EnCfg, 类[BP.Sys.EnCfg], 物理表[Sys_EnCfg] 实例。PK = BP.Sys.FrmUI.MapAttrString
02日15时18分46秒Fatal:System');"@没有[实体配置  Sys_EnCfg, 类[BP.Sys.EnCfg], 物理表[Sys_EnCfg] 实例。PK = BP.Sys.FrmUI.MapAttrString
02日15时18分49秒Fatal:System');"@没有[实体配置  Sys_EnCfg, 类[BP.Sys.EnCfg], 物理表[Sys_EnCfg] 实例。PK = BP.Sys.FrmUI.MapAttrString
02日15时20分02秒Info:System');"SQL=UPDATE ND126Track SET FrmDB='{"FK_NY":"2019-12","FID":0,"Rec":"admin","MyNum":1,"OID":1694,"FK_DeptText":"周大福集团","ShenQingRenBuMen":"周大福集团","Emps":"admin","CDT":"2019-12-02 15:19","ShenQingRiJi":"2019-12-02","Title":"周大福集团-admin,admin在2019-12-02 15:19发起.","FK_Dept":"10000","ShenQingRen":"admin","RDT":"2019-12-02 15:19","EndJSON":"0"}' WHERE MyPK='882875321',异常信息:列名 'FrmDB' 无效。
02日15时20分02秒Info:System');"SQL=DROP INDEX WF_Track_MyPK ON WF_Track,异常信息:无法对 索引 'WF_Track.WF_Track_MyPK' 执行 删除，因为它不存在，或者您没有所需的权限。
02日15时21分56秒Fatal:System');"@没有[实体配置  Sys_EnCfg, 类[BP.Sys.EnCfg], 物理表[Sys_EnCfg] 实例。PK = BP.Sys.FrmUI.MapAttrString
02日15时22分01秒Fatal:System');"@没有[实体配置  Sys_EnCfg, 类[BP.Sys.EnCfg], 物理表[Sys_EnCfg] 实例。PK = BP.Sys.FrmUI.MapAttrString
02日15时22分05秒Fatal:System');"@没有[实体配置  Sys_EnCfg, 类[BP.Sys.EnCfg], 物理表[Sys_EnCfg] 实例。PK = BP.Sys.FrmUI.MapAttrString
02日15时22分08秒Fatal:System');"@没有[实体配置  Sys_EnCfg, 类[BP.Sys.EnCfg], 物理表[Sys_EnCfg] 实例。PK = BP.Sys.FrmUI.MapAttrString
02日15时22分12秒Fatal:System');"@没有[实体配置  Sys_EnCfg, 类[BP.Sys.EnCfg], 物理表[Sys_EnCfg] 实例。PK = BP.Sys.FrmUI.MapAttrString
02日15时22分15秒Fatal:System');"@没有[实体配置  Sys_EnCfg, 类[BP.Sys.EnCfg], 物理表[Sys_EnCfg] 实例。PK = BP.Sys.FrmUI.MapAttrString
02日15时23分27秒Info:System');"SQL=UPDATE ND126Track SET FrmDB='{"FK_NY":"2019-12","FID":0,"Rec":"admin","MyNum":1,"OID":1697,"FK_DeptText":"周大福集团","ShenQingRenBuMen":"周大福集团","Emps":"admin","CDT":"2019-12-02 15:23","ShenQingRiJi":"2019-12-02","Title":"周大福集团-admin,admin在2019-12-02 15:23发起.","FK_Dept":"10000","ShenQingRen":"admin","RDT":"2019-12-02 15:23","EndJSON":"0"}' WHERE MyPK='1526609131',异常信息:列名 'FrmDB' 无效。
02日15时24分27秒Fatal:System');"@没有[实体配置  Sys_EnCfg, 类[BP.Sys.EnCfg], 物理表[Sys_EnCfg] 实例。PK = BP.Sys.FrmUI.MapAttrSFTable
02日15时24分31秒Fatal:System');"@没有[实体配置  Sys_EnCfg, 类[BP.Sys.EnCfg], 物理表[Sys_EnCfg] 实例。PK = BP.Sys.FrmUI.MapAttrSFTable
02日15时24分34秒Fatal:System');"@没有[实体配置  Sys_EnCfg, 类[BP.Sys.EnCfg], 物理表[Sys_EnCfg] 实例。PK = BP.Sys.FrmUI.MapAttrSFTable
02日15时24分38秒Fatal:System');"@没有[实体配置  Sys_EnCfg, 类[BP.Sys.EnCfg], 物理表[Sys_EnCfg] 实例。PK = BP.Sys.FrmUI.MapAttrSFTable
02日15时24分42秒Fatal:System');"@没有[实体配置  Sys_EnCfg, 类[BP.Sys.EnCfg], 物理表[Sys_EnCfg] 实例。PK = BP.Sys.FrmUI.MapAttrSFTable
02日15时24分45秒Fatal:System');"@没有[实体配置  Sys_EnCfg, 类[BP.Sys.EnCfg], 物理表[Sys_EnCfg] 实例。PK = BP.Sys.FrmUI.MapAttrSFTable
02日15时26分34秒Info:System');"SQL=UPDATE ND126Track SET FrmDB='{"FK_NY":"2019-12","FID":0,"Rec":"admin","MyNum":1,"OID":1699,"FK_DeptText":"周大福集团","ShenQingRenBuMen":"周大福集团","Emps":"admin","CDT":"2019-12-02 15:26","ShenQingRiJi":"2019-12-02","Title":"周大福集团-admin,admin在2019-12-02 15:26发起.","FK_Dept":"10000","ShenQingRen":"admin","RDT":"2019-12-02 15:26","EndJSON":"0"}' WHERE MyPK='2121509479',异常信息:列名 'FrmDB' 无效。
02日15时27分08秒Fatal:System');"@没有[实体配置  Sys_EnCfg, 类[BP.Sys.EnCfg], 物理表[Sys_EnCfg] 实例。PK = BP.Sys.FrmUI.MapAttrString
02日15时27分12秒Fatal:System');"@没有[实体配置  Sys_EnCfg, 类[BP.Sys.EnCfg], 物理表[Sys_EnCfg] 实例。PK = BP.Sys.FrmUI.MapAttrString
02日15时30分25秒Info:System');"SQL=UPDATE ND126Track SET FrmDB='{"FK_NY":"2019-12","FID":0,"Rec":"admin","MyNum":1,"OID":1700,"FK_DeptText":"周大福集团","ShenQingRenBuMen":"周大福集团","Emps":"admin","CDT":"2019-12-02 15:27","ShenQingRiJi":"2019-12-02","Title":"周大福集团-admin,admin在2019-12-02 15:27发起.","FK_Dept":"10000","ShenQingRen":"admin","RDT":"2019-12-02 15:27","EndJSON":"0"}' WHERE MyPK='1623125961',异常信息:列名 'FrmDB' 无效。
