-----------------------------------------------------------------------------------------------------
09日08时30分27秒Info:System');"SQL=INSERT INTO WF_Node ([NodeID],[Step],[FK_Flow],[FlowName],[Name],[Tip],[WhoExeIt],[ReadReceipts],[CancelRole],[CancelDisWhenRead],[IsTask],[IsExpSender],[IsRM],[IsOpenOver],[IsToParentNextNode],[IsYouLiTai],[DTFrom],[DTTo],[IsBUnit],[FocusField],[IsGuestNode],[NodeAppType],[FWCSta],[FWCAth],[SelfParas],[RunModel],[SubThreadType],[PassRate],[SubFlowStartWay],[SubFlowStartParas],[ThreadIsCanDel],[ThreadIsCanShift],[IsAllowRepeatEmps],[AutoRunEnable],[AutoRunParas],[IsSendBackNode],[AutoJumpRole0],[AutoJumpRole1],[AutoJumpRole2],[WhenNoWorker],[SendLab],[SendJS],[SaveLab],[SaveEnable],[ThreadLab],[ThreadEnable],[ThreadKillRole],[JumpWayLab],[JumpWay],[JumpToNodes],[ReturnLab],[ReturnRole],[ReturnAlert],[IsBackTracking],[ReturnField],[ReturnReasonsItems],[ReturnCHEnable],[ReturnOneNodeRole],[CCLab],[CCRole],[CCWriteTo],[DoOutTime],[DoOutTimeCond],[ShiftLab],[ShiftEnable],[DelLab],[DelEnable],[EndFlowLab],[EndFlowEnable],[ShowParentFormLab],[ShowParentFormEnable],[OfficeBtnLab],[OfficeBtnEnable],[PrintHtmlLab],[PrintHtmlEnable],[PrintPDFLab],[PrintPDFEnable],[PrintPDFModle],[ShuiYinModle],[PrintZipLab],[PrintZipEnable],[PrintDocLab],[PrintDocEnable],[TrackLab],[TrackEnable],[HungLab],[HungEnable],[SearchLab],[SearchEnable],[HuiQianLab],[HuiQianRole],[HuiQianLeaderRole],[AddLeaderLab],[AddLeaderEnable],[TCLab],[TCEnable],[WebOffice],[WebOfficeEnable],[PRILab],[PRIEnable],[CHLab],[CHRole],[AllotLab],[AllotEnable],[FocusLab],[FocusEnable],[ConfirmLab],[ConfirmEnable],[ListLab],[ListEnable],[BatchLab],[BatchEnable],[NoteLab],[NoteEnable],[HelpLab],[HelpRole],[TAlertRole],[TAlertWay],[WAlertRole],[WAlertWay],[TCent],[CHWay],[IsEval],[OutTimeDeal] ) VALUES ( 201,1,'002','招标流程','录入招标信息','',0,0,0,0,1,1,1,0,0,0,'2020-04-09 08:30','2020-04-09 08:30',0,'',0,0,0,0,'',0,0,100.0,0,'',0,0,0,0,'',0,0,0,0,0,'发送','','保存',1,'子线程',0,0,'跳转',0,'','退回',0,'',1,'','',0,0,'抄送',0,0,'','','移交',0,'删除',1,'结束流程',0,'查看父流程',0,'打开公文',0,'打印Html',0,'打印pdf',0,0,'','打包下载',0,'打印单据',0,'轨迹',1,'挂起',0,'查询',0,'会签',0,0,'加主持人',0,'流转自定义',0,'公文',0,'重要性',0,'节点时限',0,'分配',0,'关注',0,'确认',0,'列表',1,'批量审核',0,'备注',0,'帮助提示',0,0,0,0,0,2.0,0,0,0),异常信息:违反了 PRIMARY KEY 约束 'WF_Nodepk'。不能在对象 'dbo.WF_Node' 中插入重复键。
语句已终止。
09日09时09分04秒Info:System');"SQL=INSERT INTO WF_Node ([NodeID],[Step],[FK_Flow],[FlowName],[Name],[Tip],[WhoExeIt],[ReadReceipts],[CancelRole],[CancelDisWhenRead],[IsTask],[IsExpSender],[IsRM],[IsOpenOver],[IsToParentNextNode],[IsYouLiTai],[DTFrom],[DTTo],[IsBUnit],[FocusField],[IsGuestNode],[NodeAppType],[FWCSta],[FWCAth],[SelfParas],[RunModel],[SubThreadType],[PassRate],[SubFlowStartWay],[SubFlowStartParas],[ThreadIsCanDel],[ThreadIsCanShift],[IsAllowRepeatEmps],[AutoRunEnable],[AutoRunParas],[IsSendBackNode],[AutoJumpRole0],[AutoJumpRole1],[AutoJumpRole2],[WhenNoWorker],[SendLab],[SendJS],[SaveLab],[SaveEnable],[ThreadLab],[ThreadEnable],[ThreadKillRole],[JumpWayLab],[JumpWay],[JumpToNodes],[ReturnLab],[ReturnRole],[ReturnAlert],[IsBackTracking],[ReturnField],[ReturnReasonsItems],[ReturnCHEnable],[ReturnOneNodeRole],[CCLab],[CCRole],[CCWriteTo],[DoOutTime],[DoOutTimeCond],[ShiftLab],[ShiftEnable],[DelLab],[DelEnable],[EndFlowLab],[EndFlowEnable],[ShowParentFormLab],[ShowParentFormEnable],[OfficeBtnLab],[OfficeBtnEnable],[PrintHtmlLab],[PrintHtmlEnable],[PrintPDFLab],[PrintPDFEnable],[PrintPDFModle],[ShuiYinModle],[PrintZipLab],[PrintZipEnable],[PrintDocLab],[PrintDocEnable],[TrackLab],[TrackEnable],[HungLab],[HungEnable],[SearchLab],[SearchEnable],[HuiQianLab],[HuiQianRole],[HuiQianLeaderRole],[AddLeaderLab],[AddLeaderEnable],[TCLab],[TCEnable],[WebOffice],[WebOfficeEnable],[PRILab],[PRIEnable],[CHLab],[CHRole],[AllotLab],[AllotEnable],[FocusLab],[FocusEnable],[ConfirmLab],[ConfirmEnable],[ListLab],[ListEnable],[BatchLab],[BatchEnable],[NoteLab],[NoteEnable],[HelpLab],[HelpRole],[TAlertRole],[TAlertWay],[WAlertRole],[WAlertWay],[TCent],[CHWay],[IsEval],[OutTimeDeal] ) VALUES ( 201,1,'002','招标流程','录入招标信息','',0,0,0,0,1,1,1,0,0,0,'2020-04-09 08:30','2020-04-09 08:30',0,'',0,0,0,0,'',0,0,100.0,0,'',0,0,0,0,'',0,0,0,0,0,'发送','','保存',1,'子线程',0,0,'跳转',0,'','退回',0,'',1,'','',0,0,'抄送',0,0,'','','移交',0,'删除',1,'结束流程',0,'查看父流程',0,'打开公文',0,'打印Html',0,'打印pdf',0,0,'','打包下载',0,'打印单据',0,'轨迹',1,'挂起',0,'查询',0,'会签',0,0,'加主持人',0,'流转自定义',0,'公文',0,'重要性',0,'节点时限',0,'分配',0,'关注',0,'确认',0,'列表',1,'批量审核',0,'备注',0,'帮助提示',0,0,0,0,0,2.0,0,0,0),异常信息:违反了 PRIMARY KEY 约束 'WF_Nodepk'。不能在对象 'dbo.WF_Node' 中插入重复键。
语句已终止。
09日09时11分15秒Info:System');"SQL=DROP INDEX ND3Rpt_OID ON ND3Rpt,异常信息:无法对 索引 'ND3Rpt.ND3Rpt_OID' 执行 删除，因为它不存在，或者您没有所需的权限。
09日09时11分48秒Info:System');"SQL=DROP INDEX WF_Track_MyPK ON WF_Track,异常信息:无法对 索引 'WF_Track.WF_Track_MyPK' 执行 删除，因为它不存在，或者您没有所需的权限。
09日09时12分24秒Info:System');"SQL=DROP INDEX ND4Rpt_OID ON ND4Rpt,异常信息:无法对 索引 'ND4Rpt.ND4Rpt_OID' 执行 删除，因为它不存在，或者您没有所需的权限。
09日09时12分25秒Info:System');"SQL=DROP INDEX ND401Dtl1_OID ON ND401Dtl1,异常信息:无法对 索引 'ND401Dtl1.ND401Dtl1_OID' 执行 删除，因为它不存在，或者您没有所需的权限。
09日09时12分26秒Info:System');"SQL=DROP INDEX ND402Dtl2_OID ON ND402Dtl2,异常信息:无法对 索引 'ND402Dtl2.ND402Dtl2_OID' 执行 删除，因为它不存在，或者您没有所需的权限。
09日09时12分28秒Info:System');"SQL=DROP INDEX ND403Dtl3_OID ON ND403Dtl3,异常信息:无法对 索引 'ND403Dtl3.ND403Dtl3_OID' 执行 删除，因为它不存在，或者您没有所需的权限。
09日09时12分28秒Info:System');"SQL=DROP INDEX ND403Dtl4_OID ON ND403Dtl4,异常信息:无法对 索引 'ND403Dtl4.ND403Dtl4_OID' 执行 删除，因为它不存在，或者您没有所需的权限。
09日09时12分29秒Info:System');"SQL=DROP INDEX ND405Dtl1_OID ON ND405Dtl1,异常信息:无法对 索引 'ND405Dtl1.ND405Dtl1_OID' 执行 删除，因为它不存在，或者您没有所需的权限。
09日09时12分29秒Info:System');"SQL=DROP INDEX ND405Dtl2_OID ON ND405Dtl2,异常信息:无法对 索引 'ND405Dtl2.ND405Dtl2_OID' 执行 删除，因为它不存在，或者您没有所需的权限。
09日09时12分30秒Info:System');"SQL=DROP INDEX ND406Dtl1_OID ON ND406Dtl1,异常信息:无法对 索引 'ND406Dtl1.ND406Dtl1_OID' 执行 删除，因为它不存在，或者您没有所需的权限。
09日09时12分31秒Info:System');"SQL=DROP INDEX ND406Dtl2_OID ON ND406Dtl2,异常信息:无法对 索引 'ND406Dtl2.ND406Dtl2_OID' 执行 删除，因为它不存在，或者您没有所需的权限。
09日09时12分31秒Info:System');"SQL=DROP INDEX ND406Dtl3_OID ON ND406Dtl3,异常信息:无法对 索引 'ND406Dtl3.ND406Dtl3_OID' 执行 删除，因为它不存在，或者您没有所需的权限。
09日09时12分31秒Info:System');"SQL=DROP INDEX ND406Dtl4_OID ON ND406Dtl4,异常信息:无法对 索引 'ND406Dtl4.ND406Dtl4_OID' 执行 删除，因为它不存在，或者您没有所需的权限。
09日09时12分44秒Info:System');"SQL=DROP INDEX WF_Track_MyPK ON WF_Track,异常信息:无法对 索引 'WF_Track.WF_Track_MyPK' 执行 删除，因为它不存在，或者您没有所需的权限。
09日09时13分56秒Info:System');"SQL=INSERT INTO WF_Node ([NodeID],[Step],[FK_Flow],[FlowName],[Name],[Tip],[WhoExeIt],[ReadReceipts],[CancelRole],[CancelDisWhenRead],[IsTask],[IsExpSender],[IsRM],[IsOpenOver],[IsToParentNextNode],[IsYouLiTai],[DTFrom],[DTTo],[IsBUnit],[FocusField],[IsGuestNode],[NodeAppType],[FWCSta],[FWCAth],[SelfParas],[RunModel],[SubThreadType],[PassRate],[SubFlowStartWay],[SubFlowStartParas],[ThreadIsCanDel],[ThreadIsCanShift],[IsAllowRepeatEmps],[AutoRunEnable],[AutoRunParas],[IsSendBackNode],[AutoJumpRole0],[AutoJumpRole1],[AutoJumpRole2],[WhenNoWorker],[SendLab],[SendJS],[SaveLab],[SaveEnable],[ThreadLab],[ThreadEnable],[ThreadKillRole],[JumpWayLab],[JumpWay],[JumpToNodes],[ReturnLab],[ReturnRole],[ReturnAlert],[IsBackTracking],[ReturnField],[ReturnReasonsItems],[ReturnCHEnable],[ReturnOneNodeRole],[CCLab],[CCRole],[CCWriteTo],[DoOutTime],[DoOutTimeCond],[ShiftLab],[ShiftEnable],[DelLab],[DelEnable],[EndFlowLab],[EndFlowEnable],[ShowParentFormLab],[ShowParentFormEnable],[OfficeBtnLab],[OfficeBtnEnable],[PrintHtmlLab],[PrintHtmlEnable],[PrintPDFLab],[PrintPDFEnable],[PrintPDFModle],[ShuiYinModle],[PrintZipLab],[PrintZipEnable],[PrintDocLab],[PrintDocEnable],[TrackLab],[TrackEnable],[HungLab],[HungEnable],[SearchLab],[SearchEnable],[HuiQianLab],[HuiQianRole],[HuiQianLeaderRole],[AddLeaderLab],[AddLeaderEnable],[TCLab],[TCEnable],[WebOffice],[WebOfficeEnable],[PRILab],[PRIEnable],[CHLab],[CHRole],[AllotLab],[AllotEnable],[FocusLab],[FocusEnable],[ConfirmLab],[ConfirmEnable],[ListLab],[ListEnable],[BatchLab],[BatchEnable],[NoteLab],[NoteEnable],[HelpLab],[HelpRole],[TAlertRole],[TAlertWay],[WAlertRole],[WAlertWay],[TCent],[CHWay],[IsEval],[OutTimeDeal] ) VALUES ( 201,1,'002','招标流程','录入招标信息','',0,0,0,0,1,1,1,0,0,0,'2020-04-09 09:12','2020-04-09 09:12',0,'',0,0,0,0,'',0,0,100.0,0,'',0,0,0,0,'',0,0,0,0,0,'发送','','保存',1,'子线程',0,0,'跳转',0,'','退回',0,'',1,'','',0,0,'抄送',0,0,'','','移交',0,'删除',1,'结束流程',0,'查看父流程',0,'打开公文',0,'打印Html',0,'打印pdf',0,0,'','打包下载',0,'打印单据',0,'轨迹',1,'挂起',0,'查询',0,'会签',0,0,'加主持人',0,'流转自定义',0,'公文',0,'重要性',0,'节点时限',0,'分配',0,'关注',0,'确认',0,'列表',1,'批量审核',0,'备注',0,'帮助提示',0,0,0,0,0,2.0,0,0,0),异常信息:违反了 PRIMARY KEY 约束 'WF_Nodepk'。不能在对象 'dbo.WF_Node' 中插入重复键。
语句已终止。
-----------------------------------------------------------------------------------------------------
09日09时25分28秒Info:System');"SQL=DROP INDEX ND3Rpt_OID ON ND3Rpt,异常信息:无法对 索引 'ND3Rpt.ND3Rpt_OID' 执行 删除，因为它不存在，或者您没有所需的权限。
09日09时25分52秒Info:System');"SQL=DROP INDEX WF_Track_MyPK ON WF_Track,异常信息:无法对 索引 'WF_Track.WF_Track_MyPK' 执行 删除，因为它不存在，或者您没有所需的权限。
09日09时26分33秒Info:System');"SQL=DELETE FROM ND3Rpt,异常信息:对象名 'ND3Rpt' 无效。
09日09时26分33秒Info:System');"SQL=DELETE FROM ND3Rpt,异常信息:对象名 'ND3Rpt' 无效。
09日09时26分33秒Info:System');"SQL=DELETE FROM ND3Rpt,异常信息:对象名 'ND3Rpt' 无效。
09日09时26分33秒Info:System');"SQL=DELETE FROM ND3Rpt,异常信息:对象名 'ND3Rpt' 无效。
09日09时26分33秒Info:System');"SQL=DELETE FROM ND3Rpt,异常信息:对象名 'ND3Rpt' 无效。
09日09时27分10秒Info:System');"SQL=INSERT INTO WF_Node ([NodeID],[Step],[FK_Flow],[FlowName],[Name],[Tip],[WhoExeIt],[ReadReceipts],[CancelRole],[CancelDisWhenRead],[IsTask],[IsExpSender],[IsRM],[IsOpenOver],[IsToParentNextNode],[IsYouLiTai],[DTFrom],[DTTo],[IsBUnit],[FocusField],[IsGuestNode],[NodeAppType],[FWCSta],[FWCAth],[SelfParas],[RunModel],[SubThreadType],[PassRate],[SubFlowStartWay],[SubFlowStartParas],[ThreadIsCanDel],[ThreadIsCanShift],[IsAllowRepeatEmps],[AutoRunEnable],[AutoRunParas],[IsSendBackNode],[AutoJumpRole0],[AutoJumpRole1],[AutoJumpRole2],[WhenNoWorker],[SendLab],[SendJS],[SaveLab],[SaveEnable],[ThreadLab],[ThreadEnable],[ThreadKillRole],[JumpWayLab],[JumpWay],[JumpToNodes],[ReturnLab],[ReturnRole],[ReturnAlert],[IsBackTracking],[ReturnField],[ReturnReasonsItems],[ReturnCHEnable],[ReturnOneNodeRole],[CCLab],[CCRole],[CCWriteTo],[DoOutTime],[DoOutTimeCond],[ShiftLab],[ShiftEnable],[DelLab],[DelEnable],[EndFlowLab],[EndFlowEnable],[ShowParentFormLab],[ShowParentFormEnable],[OfficeBtnLab],[OfficeBtnEnable],[PrintHtmlLab],[PrintHtmlEnable],[PrintPDFLab],[PrintPDFEnable],[PrintPDFModle],[ShuiYinModle],[PrintZipLab],[PrintZipEnable],[PrintDocLab],[PrintDocEnable],[TrackLab],[TrackEnable],[HungLab],[HungEnable],[SearchLab],[SearchEnable],[HuiQianLab],[HuiQianRole],[HuiQianLeaderRole],[AddLeaderLab],[AddLeaderEnable],[TCLab],[TCEnable],[WebOffice],[WebOfficeEnable],[PRILab],[PRIEnable],[CHLab],[CHRole],[AllotLab],[AllotEnable],[FocusLab],[FocusEnable],[ConfirmLab],[ConfirmEnable],[ListLab],[ListEnable],[BatchLab],[BatchEnable],[NoteLab],[NoteEnable],[HelpLab],[HelpRole],[TAlertRole],[TAlertWay],[WAlertRole],[WAlertWay],[TCent],[CHWay],[IsEval],[OutTimeDeal] ) VALUES ( 201,1,'002','招标流程','录入招标信息','',0,0,0,0,1,1,1,0,0,0,'2020-04-09 09:25','2020-04-09 09:25',0,'',0,0,0,0,'',0,0,100.0,0,'',0,0,0,0,'',0,0,0,0,0,'发送','','保存',1,'子线程',0,0,'跳转',0,'','退回',0,'',1,'','',0,0,'抄送',0,0,'','','移交',0,'删除',1,'结束流程',0,'查看父流程',0,'打开公文',0,'打印Html',0,'打印pdf',0,0,'','打包下载',0,'打印单据',0,'轨迹',1,'挂起',0,'查询',0,'会签',0,0,'加主持人',0,'流转自定义',0,'公文',0,'重要性',0,'节点时限',0,'分配',0,'关注',0,'确认',0,'列表',1,'批量审核',0,'备注',0,'帮助提示',0,0,0,0,0,2.0,0,0,0),异常信息:违反了 PRIMARY KEY 约束 'WF_Nodepk'。不能在对象 'dbo.WF_Node' 中插入重复键。
语句已终止。
09日09时33分06秒Info:System');"SQL=DROP INDEX ND4Rpt_OID ON ND4Rpt,异常信息:无法对 索引 'ND4Rpt.ND4Rpt_OID' 执行 删除，因为它不存在，或者您没有所需的权限。
09日09时33分30秒Info:System');"SQL=DROP INDEX WF_Track_MyPK ON WF_Track,异常信息:无法对 索引 'WF_Track.WF_Track_MyPK' 执行 删除，因为它不存在，或者您没有所需的权限。
09日09时43分46秒Info:System');"SQL=DROP INDEX ND2Rpt_OID ON ND2Rpt,异常信息:无法对 索引 'ND2Rpt.ND2Rpt_OID' 执行 删除，因为它不存在，或者您没有所需的权限。
09日09时43分46秒Info:System');"SQL=DROP INDEX ND201Dtl1_OID ON ND201Dtl1,异常信息:无法对 索引 'ND201Dtl1.ND201Dtl1_OID' 执行 删除，因为它不存在，或者您没有所需的权限。
09日09时43分49秒Info:System');"SQL=DROP INDEX ND202Dtl2_OID ON ND202Dtl2,异常信息:无法对 索引 'ND202Dtl2.ND202Dtl2_OID' 执行 删除，因为它不存在，或者您没有所需的权限。
09日09时43分52秒Info:System');"SQL=DROP INDEX ND203Dtl3_OID ON ND203Dtl3,异常信息:无法对 索引 'ND203Dtl3.ND203Dtl3_OID' 执行 删除，因为它不存在，或者您没有所需的权限。
09日09时43分52秒Info:System');"SQL=DROP INDEX ND203Dtl4_OID ON ND203Dtl4,异常信息:无法对 索引 'ND203Dtl4.ND203Dtl4_OID' 执行 删除，因为它不存在，或者您没有所需的权限。
09日09时43分54秒Info:System');"SQL=DROP INDEX ND205Dtl1_OID ON ND205Dtl1,异常信息:无法对 索引 'ND205Dtl1.ND205Dtl1_OID' 执行 删除，因为它不存在，或者您没有所需的权限。
09日09时43分54秒Info:System');"SQL=DROP INDEX ND205Dtl2_OID ON ND205Dtl2,异常信息:无法对 索引 'ND205Dtl2.ND205Dtl2_OID' 执行 删除，因为它不存在，或者您没有所需的权限。
09日09时43分57秒Info:System');"SQL=DROP INDEX ND206Dtl1_OID ON ND206Dtl1,异常信息:无法对 索引 'ND206Dtl1.ND206Dtl1_OID' 执行 删除，因为它不存在，或者您没有所需的权限。
09日09时43分58秒Info:System');"SQL=DROP INDEX ND206Dtl2_OID ON ND206Dtl2,异常信息:无法对 索引 'ND206Dtl2.ND206Dtl2_OID' 执行 删除，因为它不存在，或者您没有所需的权限。
09日09时43分59秒Info:System');"SQL=DROP INDEX ND206Dtl3_OID ON ND206Dtl3,异常信息:无法对 索引 'ND206Dtl3.ND206Dtl3_OID' 执行 删除，因为它不存在，或者您没有所需的权限。
09日09时43分59秒Info:System');"SQL=DROP INDEX ND206Dtl4_OID ON ND206Dtl4,异常信息:无法对 索引 'ND206Dtl4.ND206Dtl4_OID' 执行 删除，因为它不存在，或者您没有所需的权限。
09日09时44分22秒Info:System');"SQL=DROP INDEX WF_Track_MyPK ON WF_Track,异常信息:无法对 索引 'WF_Track.WF_Track_MyPK' 执行 删除，因为它不存在，或者您没有所需的权限。
09日09时47分20秒Info:System');"SQL=DROP INDEX ND2Rpt_OID ON ND2Rpt,异常信息:无法对 索引 'ND2Rpt.ND2Rpt_OID' 执行 删除，因为它不存在，或者您没有所需的权限。
09日09时47分21秒Info:System');"SQL=DROP INDEX ND202Dtl1_OID ON ND202Dtl1,异常信息:无法对 索引 'ND202Dtl1.ND202Dtl1_OID' 执行 删除，因为它不存在，或者您没有所需的权限。
09日09时47分23秒Info:System');"SQL=DROP INDEX ND203Dtl1_OID ON ND203Dtl1,异常信息:无法对 索引 'ND203Dtl1.ND203Dtl1_OID' 执行 删除，因为它不存在，或者您没有所需的权限。
09日09时47分23秒Info:System');"SQL=DROP INDEX ND203Dtl2_OID ON ND203Dtl2,异常信息:无法对 索引 'ND203Dtl2.ND203Dtl2_OID' 执行 删除，因为它不存在，或者您没有所需的权限。
09日09时47分26秒Info:System');"SQL=DROP INDEX ND205Dtl3_OID ON ND205Dtl3,异常信息:无法对 索引 'ND205Dtl3.ND205Dtl3_OID' 执行 删除，因为它不存在，或者您没有所需的权限。
09日09时47分26秒Info:System');"SQL=DROP INDEX ND205Dtl4_OID ON ND205Dtl4,异常信息:无法对 索引 'ND205Dtl4.ND205Dtl4_OID' 执行 删除，因为它不存在，或者您没有所需的权限。
09日09时47分41秒Info:System');"SQL=DROP INDEX WF_Track_MyPK ON WF_Track,异常信息:无法对 索引 'WF_Track.WF_Track_MyPK' 执行 删除，因为它不存在，或者您没有所需的权限。
09日09时49分49秒Fatal:System');"对象名 'V_FlowStarterBPM' 无效。
09日09时49分49秒Fatal:System');"SQL=SELECT A.No,A.Name,a.IsBatchStart,a.FK_FlowSort,C.Name AS FK_FlowSortText,C.Domain,A.IsStartInMobile, A.Idx FROM WF_Flow A, V_FlowStarterBPM B, WF_FlowSort C   WHERE A.No=B.FK_Flow AND A.IsCanStart=1 AND A.FK_FlowSort=C.No  AND B.FK_Emp='admin'  ORDER BY C.Idx, A.Idx Exception=对象名 'V_FlowStarterBPM' 无效。
-----------------------------------------------------------------------------------------------------
09日09时57分13秒Fatal:System');"对象名 'V_FlowStarterBPM' 无效。
09日09时57分13秒Fatal:System');"SQL=SELECT A.No,A.Name,a.IsBatchStart,a.FK_FlowSort,C.Name AS FK_FlowSortText,C.Domain,A.IsStartInMobile, A.Idx FROM WF_Flow A, V_FlowStarterBPM B, WF_FlowSort C   WHERE A.No=B.FK_Flow AND A.IsCanStart=1 AND A.FK_FlowSort=C.No  AND B.FK_Emp='admin'  ORDER BY C.Idx, A.Idx Exception=对象名 'V_FlowStarterBPM' 无效。
09日10时03分31秒Fatal:System');"对象名 'V_FlowStarterBPM' 无效。
09日10时03分31秒Fatal:System');"SQL=SELECT A.No,A.Name,a.IsBatchStart,a.FK_FlowSort,C.Name AS FK_FlowSortText,C.Domain,A.IsStartInMobile, A.Idx FROM WF_Flow A, V_FlowStarterBPM B, WF_FlowSort C   WHERE A.No=B.FK_Flow AND A.IsCanStart=1 AND A.FK_FlowSort=C.No  AND B.FK_Emp='admin'  ORDER BY C.Idx, A.Idx Exception=对象名 'V_FlowStarterBPM' 无效。
09日11时41分32秒Info:System');"SQL=UPDATE ND1Track SET FrmDB='{"QingJiaYuanYin":"","RDT":"2020-04-09 11:41","PWorkID":"0","MyNum":1,"DoType":"HttpHandler","HttpHandlerName":"BP.WF.HttpHandler.WF_WorkOpt","ShenQingRiJi":"2020-04-09","FK_NY":"2020-04","FID":0,"DoMethod":"AccepterOfGener_Send","QingJiaTianShu":"10002","Title":"集团总部-admin,admin在2020-04-09 11:41发起.","ToNode":"102","ShenQingRenBuMen":"集团总部","FK_MapData":"ND101","OID":113,"CDT":"2020-04-09 11:41","Dao":"","QingJiaRiQiCong":"","FK_DeptText":"集团总部","t":"0.7232968306137274","FK_Node":"101","FK_Flow":"001","FK_Dept":"100","Emps":"admin","Rec":"admin","ShenQingRen":"admin","WorkID":"113","FK_DeptTextText":"","RecText":"admin","EndJSON":"0"}' WHERE MyPK='1793426656',异常信息:列名 'FrmDB' 无效。
09日11时42分03秒Info:System');"@开始生成PDFD:\ccflow\CCFlow\DataUser\ThirdpartySoftware\wkhtmltox\wkhtmltopdf.exe@pdf=D:\ccflow\CCFlow\DataUser\InstancePacketOfData\ND102\113\pdf\集团总部_admin_admin在2020_04_0911_41发起.pdf@htmFile=D:\ccflow\CCFlow\DataUser\InstancePacketOfData\ND102\113\index.htm
09日11时42分03秒Info:System');"@开始生成PDFD:\ccflow\CCFlow\DataUser\ThirdpartySoftware\wkhtmltox\wkhtmltopdf.exe@pdf=D:\ccflow\CCFlow\DataUser\InstancePacketOfData\ND102\113\pdf\672da5b7-4def-4a8c-9c25-212fbf09c163.pdf@htmFile=D:\ccflow\CCFlow\DataUser\InstancePacketOfData\ND102\113\index.htm
09日11时42分06秒Info:System');"@开始生成PDFD:\ccflow\CCFlow\DataUser\ThirdpartySoftware\wkhtmltox\wkhtmltopdf.exe@pdf=D:\ccflow\CCFlow\DataUser\InstancePacketOfData\ND102\113\pdf\集团总部_admin_admin在2020_04_0911_41发起.pdf@htmFile=D:\ccflow\CCFlow\DataUser\InstancePacketOfData\ND102\113\index.htm
09日11时42分06秒Info:System');"@开始生成PDFD:\ccflow\CCFlow\DataUser\ThirdpartySoftware\wkhtmltox\wkhtmltopdf.exe@pdf=D:\ccflow\CCFlow\DataUser\InstancePacketOfData\ND102\113\pdf\95af31ea-266c-4364-b1e4-aa2ef49284b0.pdf@htmFile=D:\ccflow\CCFlow\DataUser\InstancePacketOfData\ND102\113\index.htm
09日11时42分10秒Info:System');"@开始生成PDFD:\ccflow\CCFlow\DataUser\ThirdpartySoftware\wkhtmltox\wkhtmltopdf.exe@pdf=D:\ccflow\CCFlow\DataUser\InstancePacketOfData\ND102\113\pdf\集团总部_admin_admin在2020_04_0911_41发起.pdf@htmFile=D:\ccflow\CCFlow\DataUser\InstancePacketOfData\ND102\113\index.htm
09日11时42分10秒Info:System');"@开始生成PDFD:\ccflow\CCFlow\DataUser\ThirdpartySoftware\wkhtmltox\wkhtmltopdf.exe@pdf=D:\ccflow\CCFlow\DataUser\InstancePacketOfData\ND102\113\pdf\e49a3efb-e37a-44f6-a839-360b374b1d56.pdf@htmFile=D:\ccflow\CCFlow\DataUser\InstancePacketOfData\ND102\113\index.htm
09日11时42分46秒Info:System');"@开始生成PDFD:\ccflow\CCFlow\DataUser\ThirdpartySoftware\wkhtmltox\wkhtmltopdf.exe@pdf=D:\ccflow\CCFlow\DataUser\InstancePacketOfData\ND102\113\pdf\集团总部_admin_admin在2020_04_0911_41发起.pdf@htmFile=D:\ccflow\CCFlow\DataUser\InstancePacketOfData\ND102\113\index.htm
09日11时42分46秒Info:System');"@开始生成PDFD:\ccflow\CCFlow\DataUser\ThirdpartySoftware\wkhtmltox\wkhtmltopdf.exe@pdf=D:\ccflow\CCFlow\DataUser\InstancePacketOfData\ND102\113\pdf\1fa962d7-49e2-418f-b406-a0aa74d20b17.pdf@htmFile=D:\ccflow\CCFlow\DataUser\InstancePacketOfData\ND102\113\index.htm
09日11时44分29秒Info:System');"@开始生成PDFD:\ccflow\CCFlow\DataUser\ThirdpartySoftware\wkhtmltox\wkhtmltopdf.exe@pdf=D:\ccflow\CCFlow\DataUser\InstancePacketOfData\ND102\113\pdf\集团总部_admin_admin在2020_04_0911_41发起.pdf@htmFile=D:\ccflow\CCFlow\DataUser\InstancePacketOfData\ND102\113\index.htm
09日11时44分29秒Info:System');"@开始生成PDFD:\ccflow\CCFlow\DataUser\ThirdpartySoftware\wkhtmltox\wkhtmltopdf.exe@pdf=D:\ccflow\CCFlow\DataUser\InstancePacketOfData\ND102\113\pdf\bed75a44-e0f9-4dfc-b549-1c9c45bb6068.pdf@htmFile=D:\ccflow\CCFlow\DataUser\InstancePacketOfData\ND102\113\index.htm
09日11时44分41秒Info:System');"@开始生成PDFD:\ccflow\CCFlow\DataUser\ThirdpartySoftware\wkhtmltox\wkhtmltopdf.exe@pdf=D:\ccflow\CCFlow\DataUser\InstancePacketOfData\ND102\113\pdf\集团总部_admin_admin在2020_04_0911_41发起.pdf@htmFile=D:\ccflow\CCFlow\DataUser\InstancePacketOfData\ND102\113\index.htm
09日11时44分41秒Info:System');"@开始生成PDFD:\ccflow\CCFlow\DataUser\ThirdpartySoftware\wkhtmltox\wkhtmltopdf.exe@pdf=D:\ccflow\CCFlow\DataUser\InstancePacketOfData\ND102\113\pdf\0574fb54-8080-4b0f-aa82-03fd843c6cd5.pdf@htmFile=D:\ccflow\CCFlow\DataUser\InstancePacketOfData\ND102\113\index.htm
09日11时44分48秒Info:System');"@开始生成PDFD:\ccflow\CCFlow\DataUser\ThirdpartySoftware\wkhtmltox\wkhtmltopdf.exe@pdf=D:\ccflow\CCFlow\DataUser\InstancePacketOfData\ND102\113\pdf\集团总部_admin_admin在2020_04_0911_41发起.pdf@htmFile=D:\ccflow\CCFlow\DataUser\InstancePacketOfData\ND102\113\index.htm
09日11时44分48秒Info:System');"@开始生成PDFD:\ccflow\CCFlow\DataUser\ThirdpartySoftware\wkhtmltox\wkhtmltopdf.exe@pdf=D:\ccflow\CCFlow\DataUser\InstancePacketOfData\ND102\113\pdf\2e59f20a-7663-435b-8262-38def61d5cba.pdf@htmFile=D:\ccflow\CCFlow\DataUser\InstancePacketOfData\ND102\113\index.htm
