-----------------------------------------------------------------------------------------------------
03日14时48分41秒Fatal:System');"@没有[实体配置  Sys_EnCfg, 类[BP.Sys.EnCfg], 物理表[Sys_EnCfg] 实例。PK = BP.WF.Template.SubFlowAuto
03日14时49分06秒Fatal:System');"@没有[实体配置  Sys_EnCfg, 类[BP.Sys.EnCfg], 物理表[Sys_EnCfg] 实例。PK = BP.WF.Template.SubFlowAuto
03日14时50分14秒Fatal:System');"@没有[实体配置  Sys_EnCfg, 类[BP.Sys.EnCfg], 物理表[Sys_EnCfg] 实例。PK = BP.WF.Template.SubFlowHand
03日14时50分18秒Fatal:System');"@没有[实体配置  Sys_EnCfg, 类[BP.Sys.EnCfg], 物理表[Sys_EnCfg] 实例。PK = BP.WF.Template.SubFlowHand
03日14时50分22秒Fatal:System');"@没有[实体配置  Sys_EnCfg, 类[BP.Sys.EnCfg], 物理表[Sys_EnCfg] 实例。PK = BP.WF.Template.FrmSubFlow
03日14时50分26秒Fatal:System');"@没有[实体配置  Sys_EnCfg, 类[BP.Sys.EnCfg], 物理表[Sys_EnCfg] 实例。PK = BP.WF.Template.FrmSubFlow
03日14时53分51秒Fatal:System');"@没有[实体配置  Sys_EnCfg, 类[BP.Sys.EnCfg], 物理表[Sys_EnCfg] 实例。PK = BP.WF.Template.SubFlowAuto
03日14时54分07秒Fatal:System');"@没有[实体配置  Sys_EnCfg, 类[BP.Sys.EnCfg], 物理表[Sys_EnCfg] 实例。PK = BP.WF.Template.SubFlowAuto
03日14时54分14秒Fatal:System');"@没有[实体配置  Sys_EnCfg, 类[BP.Sys.EnCfg], 物理表[Sys_EnCfg] 实例。PK = BP.WF.Template.SubFlowAuto
03日14时54分18秒Fatal:System');"@没有[实体配置  Sys_EnCfg, 类[BP.Sys.EnCfg], 物理表[Sys_EnCfg] 实例。PK = BP.WF.Template.SubFlowAuto
03日14时58分05秒Fatal:System');"@没有[实体配置  Sys_EnCfg, 类[BP.Sys.EnCfg], 物理表[Sys_EnCfg] 实例。PK = BP.WF.Template.SubFlowAuto
03日14时58分19秒Fatal:System');"@没有[实体配置  Sys_EnCfg, 类[BP.Sys.EnCfg], 物理表[Sys_EnCfg] 实例。PK = BP.WF.Template.SubFlowAuto
03日14时59分09秒Fatal:System');"@没有[实体配置  Sys_EnCfg, 类[BP.Sys.EnCfg], 物理表[Sys_EnCfg] 实例。PK = BP.WF.Template.SubFlowAuto
03日15时00分06秒Info:System');"SQL=UPDATE ND7Track SET FrmDB='{"FK_NY":"2020-03","FID":0,"Rec":"admin","MyNum":1,"OID":100,"FK_DeptText":"集团总部","ShenQingRenBuMen":"集团总部","Emps":"admin","CDT":"2020-03-03 14:59","ShenQingRiJi":"2020-03-03","Title":"集团总部-admin,admin在2020-03-03 14:59发起.","FK_Dept":"100","ShenQingRen":"admin","RDT":"2020-03-03 14:59","EndJSON":"0"}' WHERE MyPK='1679255532',异常信息:列名 'FrmDB' 无效。
03日15时00分46秒Info:System');"SQL=UPDATE ND10Track SET FrmDB='{"FK_NY":"2020-03","FID":0,"Rec":"admin","MyNum":1,"OID":101,"FK_DeptText":"集团总部","ShenQingRenBuMen":"集团总部","Emps":"admin","CDT":"2020-03-03 15:00","ShenQingRiJi":"2020-03-03","Title":"集团总部-admin,admin在2020-03-03 15:00发起.","FK_Dept":"100","ShenQingRen":"admin","RDT":"2020-03-03 15:00","EndJSON":"0"}' WHERE MyPK='920524421',异常信息:列名 'FrmDB' 无效。
03日15时01分02秒Info:System');"SQL=UPDATE ND9Track SET FrmDB='{"FK_NY":"2020-03","FID":0,"Rec":"admin","MyNum":1,"OID":102,"FK_DeptText":"集团总部","ShenQingRenBuMen":"集团总部","Emps":"admin","CDT":"2020-03-03 15:00","ShenQingRiJi":"2020-03-03","Title":"集团总部-admin,admin在2020-03-03 15:00发起.","FK_Dept":"100","ShenQingRen":"admin","RDT":"2020-03-03 15:00","EndJSON":"0"}' WHERE MyPK='836065237',异常信息:列名 'FrmDB' 无效。
03日15时01分12秒Fatal:System');"   在 BP.WF.Dev2Interface.FlowOverAutoSendParentOrSameLevelFlow(GenerWorkFlow gwf, Flow flow) 位置 D:\ccflow\Components\BP.WF\Dev2Interface.cs:行号 5050
   在 BP.WF.WorkNode.NodeSend(Node jumpToNode, String jumpToEmp) 位置 D:\ccflow\Components\BP.WF\WF\WorkNode.cs:行号 7082
03日15时01分44秒Info:System');"SQL=INSERT INTO WF_CH ([MyPK],[WorkID],[FID],[Title],[FK_Flow],[FK_FlowT],[FK_Node],[FK_NodeT],[Sender],[SenderT],[FK_Emp],[FK_EmpT],[GroupEmps],[GroupEmpsNames],[GroupEmpsNum],[DTFrom],[DTTo],[SDT],[FK_Dept],[FK_DeptT],[FK_NY],[DTSWay],[TimeLimit],[OverMinutes],[UseDays],[OverDays],[CHSta],[WeekNum],[Points],[MyNum] ) VALUES ( '902_102_0_admin',102,0,'集团总部-admin,admin在2020-03-03 15:00发起.','009','缴纳投标保证金',902,'财务登记备案','admin','admin','admin','admin',',admin,','admin,admin;',1,'2020-03-03 15:01:02','2020-03-03 15:01:43','2020-03-04 15:01','100','集团总部','2020-03',1,'1',-59,0,0,0,10,0,1),异常信息:违反了 PRIMARY KEY 约束 'WF_CHpk'。不能在对象 'dbo.WF_CH' 中插入重复键。
语句已终止。
03日15时01分44秒Fatal:System');"   在 BP.WF.Dev2Interface.FlowOverAutoSendParentOrSameLevelFlow(GenerWorkFlow gwf, Flow flow) 位置 D:\ccflow\Components\BP.WF\Dev2Interface.cs:行号 5050
   在 BP.WF.WorkNode.NodeSend(Node jumpToNode, String jumpToEmp) 位置 D:\ccflow\Components\BP.WF\WF\WorkNode.cs:行号 7082
03日15时02分40秒Info:System');"SQL=INSERT INTO WF_CH ([MyPK],[WorkID],[FID],[Title],[FK_Flow],[FK_FlowT],[FK_Node],[FK_NodeT],[Sender],[SenderT],[FK_Emp],[FK_EmpT],[GroupEmps],[GroupEmpsNames],[GroupEmpsNum],[DTFrom],[DTTo],[SDT],[FK_Dept],[FK_DeptT],[FK_NY],[DTSWay],[TimeLimit],[OverMinutes],[UseDays],[OverDays],[CHSta],[WeekNum],[Points],[MyNum] ) VALUES ( '902_102_0_admin',102,0,'集团总部-admin,admin在2020-03-03 15:00发起.','009','缴纳投标保证金',902,'财务登记备案','admin','admin','admin','admin',',admin,','admin,admin;',1,'2020-03-03 15:01:02','2020-03-03 15:02:40','2020-03-04 15:01','100','集团总部','2020-03',1,'1',-58,0,0,0,10,0,1),异常信息:违反了 PRIMARY KEY 约束 'WF_CHpk'。不能在对象 'dbo.WF_CH' 中插入重复键。
语句已终止。
03日15时02分40秒Fatal:System');"   在 BP.WF.Dev2Interface.FlowOverAutoSendParentOrSameLevelFlow(GenerWorkFlow gwf, Flow flow) 位置 D:\ccflow\Components\BP.WF\Dev2Interface.cs:行号 5050
   在 BP.WF.WorkNode.NodeSend(Node jumpToNode, String jumpToEmp) 位置 D:\ccflow\Components\BP.WF\WF\WorkNode.cs:行号 7082
03日15时03分27秒Fatal:System');"   在 BP.WF.Template.FindWorker.FindByWorkFlowModel() 位置 D:\ccflow\Components\BP.WF\Template\FindWorker.cs:行号 219
   在 BP.WF.Template.FindWorker.DoIt(Flow fl, WorkNode currWn, WorkNode toWn) 位置 D:\ccflow\Components\BP.WF\Template\FindWorker.cs:行号 1159
   在 BP.WF.WorkNode.Func_GenerWorkerLists(WorkNode town) 位置 D:\ccflow\Components\BP.WF\WF\WorkNode.cs:行号 249
   在 BP.WF.WorkNode.NodeSend_11(Node toND) 位置 D:\ccflow\Components\BP.WF\WF\WorkNode.cs:行号 2352
   在 BP.WF.WorkNode.NodeSend_Send_5_5() 位置 D:\ccflow\Components\BP.WF\WF\WorkNode.cs:行号 3630
   在 BP.WF.WorkNode.NodeSend(Node jumpToNode, String jumpToEmp) 位置 D:\ccflow\Components\BP.WF\WF\WorkNode.cs:行号 7142
03日15时03分33秒Info:System');"SQL=INSERT INTO WF_CH ([MyPK],[WorkID],[FID],[Title],[FK_Flow],[FK_FlowT],[FK_Node],[FK_NodeT],[Sender],[SenderT],[FK_Emp],[FK_EmpT],[GroupEmps],[GroupEmpsNames],[GroupEmpsNum],[DTFrom],[DTTo],[SDT],[FK_Dept],[FK_DeptT],[FK_NY],[DTSWay],[TimeLimit],[OverMinutes],[UseDays],[OverDays],[CHSta],[WeekNum],[Points],[MyNum] ) VALUES ( '902_102_0_admin',102,0,'集团总部-admin,admin在2020-03-03 15:00发起.','009','缴纳投标保证金',902,'财务登记备案','admin','admin','admin','admin',',admin,','admin,admin;',1,'2020-03-03 15:02:40','2020-03-03 15:03:32','2020-03-03 15:02:39','100','集团总部','2020-03',1,'1',0,0,0,1,10,0,1),异常信息:违反了 PRIMARY KEY 约束 'WF_CHpk'。不能在对象 'dbo.WF_CH' 中插入重复键。
语句已终止。
03日15时03分41秒Fatal:System');"   在 BP.WF.Dev2Interface.FlowOverAutoSendParentOrSameLevelFlow(GenerWorkFlow gwf, Flow flow) 位置 D:\ccflow\Components\BP.WF\Dev2Interface.cs:行号 5050
   在 BP.WF.WorkNode.NodeSend(Node jumpToNode, String jumpToEmp) 位置 D:\ccflow\Components\BP.WF\WF\WorkNode.cs:行号 7082
03日15时04分05秒Info:System');"SQL=INSERT INTO WF_CH ([MyPK],[WorkID],[FID],[Title],[FK_Flow],[FK_FlowT],[FK_Node],[FK_NodeT],[Sender],[SenderT],[FK_Emp],[FK_EmpT],[GroupEmps],[GroupEmpsNames],[GroupEmpsNum],[DTFrom],[DTTo],[SDT],[FK_Dept],[FK_DeptT],[FK_NY],[DTSWay],[TimeLimit],[OverMinutes],[UseDays],[OverDays],[CHSta],[WeekNum],[Points],[MyNum] ) VALUES ( '903_102_0_admin',102,0,'集团总部-admin,admin在2020-03-03 15:00发起.','009','缴纳投标保证金',903,'准备开标','admin','admin','admin','admin',',admin,','admin,admin;',1,'2020-03-03 15:03:32','2020-03-03 15:04:05','2020-03-04 15:03','100','集团总部','2020-03',1,'1',-58,0,0,0,10,0,1),异常信息:违反了 PRIMARY KEY 约束 'WF_CHpk'。不能在对象 'dbo.WF_CH' 中插入重复键。
语句已终止。
03日15时04分06秒Fatal:System');"   在 BP.WF.Dev2Interface.FlowOverAutoSendParentOrSameLevelFlow(GenerWorkFlow gwf, Flow flow) 位置 D:\ccflow\Components\BP.WF\Dev2Interface.cs:行号 5050
   在 BP.WF.WorkNode.NodeSend(Node jumpToNode, String jumpToEmp) 位置 D:\ccflow\Components\BP.WF\WF\WorkNode.cs:行号 7082
03日15时04分30秒Info:System');"SQL=INSERT INTO WF_CH ([MyPK],[WorkID],[FID],[Title],[FK_Flow],[FK_FlowT],[FK_Node],[FK_NodeT],[Sender],[SenderT],[FK_Emp],[FK_EmpT],[GroupEmps],[GroupEmpsNames],[GroupEmpsNum],[DTFrom],[DTTo],[SDT],[FK_Dept],[FK_DeptT],[FK_NY],[DTSWay],[TimeLimit],[OverMinutes],[UseDays],[OverDays],[CHSta],[WeekNum],[Points],[MyNum] ) VALUES ( '903_102_0_admin',102,0,'集团总部-admin,admin在2020-03-03 15:00发起.','009','缴纳投标保证金',903,'准备开标','admin','admin','admin','admin',',admin,','admin,admin;',1,'2020-03-03 15:03:32','2020-03-03 15:04:30','2020-03-04 15:03','100','集团总部','2020-03',1,'1',-58,0,0,0,10,0,1),异常信息:违反了 PRIMARY KEY 约束 'WF_CHpk'。不能在对象 'dbo.WF_CH' 中插入重复键。
语句已终止。
03日15时04分30秒Fatal:System');"   在 BP.WF.Dev2Interface.FlowOverAutoSendParentOrSameLevelFlow(GenerWorkFlow gwf, Flow flow) 位置 D:\ccflow\Components\BP.WF\Dev2Interface.cs:行号 5050
   在 BP.WF.WorkNode.NodeSend(Node jumpToNode, String jumpToEmp) 位置 D:\ccflow\Components\BP.WF\WF\WorkNode.cs:行号 7082
03日15时06分30秒Info:System');"SQL=UPDATE ND8Track SET FrmDB='{"FK_NY":"2020-03","FID":0,"Rec":"admin","MyNum":1,"OID":103,"FK_DeptText":"集团总部","ShenQingRenBuMen":"集团总部","Emps":"admin","CDT":"2020-03-03 15:06","ShenQingRiJi":"2020-03-03","Title":"集团总部-admin,admin在2020-03-03 15:06发起.","FK_Dept":"100","ShenQingRen":"admin","RDT":"2020-03-03 15:06","EndJSON":"0"}' WHERE MyPK='1950091660',异常信息:列名 'FrmDB' 无效。
03日15时07分47秒Info:System');"SQL=DROP INDEX Demo_HK01_OID ON Demo_HK01,异常信息:无法对 索引 'Demo_HK01.Demo_HK01_OID' 执行 删除，因为它不存在，或者您没有所需的权限。
03日15时07分48秒Info:System');"SQL=DROP INDEX Demo_HK02_OID ON Demo_HK02,异常信息:无法对 索引 'Demo_HK02.Demo_HK02_OID' 执行 删除，因为它不存在，或者您没有所需的权限。
03日15时07分48秒Info:System');"SQL=DROP INDEX Demo_HK03_OID ON Demo_HK03,异常信息:无法对 索引 'Demo_HK03.Demo_HK03_OID' 执行 删除，因为它不存在，或者您没有所需的权限。
03日15时07分53秒Info:System');"SQL=DROP INDEX ND5Rpt_OID ON ND5Rpt,异常信息:无法对 索引 'ND5Rpt.ND5Rpt_OID' 执行 删除，因为它不存在，或者您没有所需的权限。
03日15时08分43秒Info:System');"SQL=DROP INDEX WF_Track_MyPK ON WF_Track,异常信息:无法对 索引 'WF_Track.WF_Track_MyPK' 执行 删除，因为它不存在，或者您没有所需的权限。
03日15时15分52秒Info:System');"SQL=INSERT INTO ND502 ([CDT],[Emps],[FaQiRen],[FaQiShiJian],[FID],[FK_Dept],[FK_NY],[MyNum],[OID],[RDT],[Rec],[Title] ) VALUES ( '2020-03-03','','admin','2020-03-03',104,'100','2020-03',1,105,'2020-03-03','@WebUser.No','集团总部-admin,admin在2020-03-03 15:15发起.'),异常信息:对象名 'ND502' 无效。
03日15时15分52秒Info:System');"SQL=DELETE FROM ND502 WHERE ND502.OID=104,异常信息:对象名 'ND502' 无效。
03日15时15分53秒Info:System');"SQL=DROP INDEX ND502_OID ON ND502,异常信息:无法对 索引 'ND502.ND502_OID' 执行 删除，因为它不存在，或者您没有所需的权限。
03日15时15分53秒Info:System');"SQL=DELETE FROM ND504 WHERE ND504.OID=104,异常信息:对象名 'ND504' 无效。
03日15时15分53秒Info:System');"SQL=DROP INDEX ND504_OID ON ND504,异常信息:无法对 索引 'ND504.ND504_OID' 执行 删除，因为它不存在，或者您没有所需的权限。
03日15时15分53秒Info:System');"SQL=DELETE FROM ND506 WHERE ND506.OID=104,异常信息:对象名 'ND506' 无效。
03日15时15分53秒Info:System');"SQL=DROP INDEX ND506_OID ON ND506,异常信息:无法对 索引 'ND506.ND506_OID' 执行 删除，因为它不存在，或者您没有所需的权限。
03日15时15分54秒Fatal:System');"   在 BP.En.Entity.DirectInsert() 位置 D:\ccflow\Components\BP.En30\En\Entity.cs:行号 1062
   在 BP.WF.WorkNode.NodeSend_24_UnSameSheet(Nodes toNDs) 位置 D:\ccflow\Components\BP.WF\WF\WorkNode.cs:行号 2594
   在 BP.WF.WorkNode.NodeSend_Send_5_5() 位置 D:\ccflow\Components\BP.WF\WF\WorkNode.cs:行号 3721
   在 BP.WF.WorkNode.NodeSend(Node jumpToNode, String jumpToEmp) 位置 D:\ccflow\Components\BP.WF\WF\WorkNode.cs:行号 7142
03日15时23分00秒Info:System');"SQL=UPDATE ND5Track SET FrmDB='{"FK_NY":"2020-03","FID":0,"Rec":"admin","RDT":"2020-03-03 15:15","MyNum":1,"OID":104,"PRI":0,"Emps":"admin","CDT":"2020-03-03 15:15","QiDongFeiXingBuKaoCha":1,"Title":"集团总部-admin,admin在2020-03-03 15:15发起.","FaQiRen":"admin","FK_Dept":"100","QiDongXinXiBuKaoCha":1,"FaQiShiJian":"2020-03-03","QiDongHangKongAnQuanBuKaoCha":1,"PRIText":"低","EndJSON":"0"}' WHERE MyPK='1083816373',异常信息:列名 'FrmDB' 无效。
03日15时23分36秒Fatal:System');"SQL= SELECT  TOP 1 ISNULL(CDT,'2020-03-03') CDT, Emps,ISNULL(FID,0)   FID, FK_Dept,ISNULL(OID,0)   OID,ISNULL(RDT,'2020-03-03') RDT,ISNULL(Rec, '@WebUser.No') Rec FROM ND503 WHERE (1=1)  AND ND503.OID=@OID Exception=对象名 'ND503' 无效。
03日15时23分36秒Info:System');"SQL=DROP INDEX ND503_OID ON ND503,异常信息:无法对 索引 'ND503.ND503_OID' 执行 删除，因为它不存在，或者您没有所需的权限。
03日15时24分20秒Fatal:System');"SQL= SELECT  TOP 1 ISNULL(CDT,'2020-03-03') CDT, Emps,ISNULL(FID,0)   FID, FK_Dept,ISNULL(OID,0)   OID,ISNULL(RDT,'2020-03-03') RDT,ISNULL(Rec, '@WebUser.No') Rec FROM ND507 WHERE (1=1)  AND ND507.OID=@OID Exception=对象名 'ND507' 无效。
03日15时24分20秒Info:System');"SQL=DROP INDEX ND507_OID ON ND507,异常信息:无法对 索引 'ND507.ND507_OID' 执行 删除，因为它不存在，或者您没有所需的权限。
03日15时25分20秒Fatal:System');"@没有[实体配置  Sys_EnCfg, 类[BP.Sys.EnCfg], 物理表[Sys_EnCfg] 实例。PK = BP.GPM.Emps
03日15时25分28秒Fatal:System');"@没有[实体配置  Sys_EnCfg, 类[BP.Sys.EnCfg], 物理表[Sys_EnCfg] 实例。PK = BP.GPM.Emps
03日15时25分59秒Fatal:System');"SQL= SELECT  TOP 1 ISNULL(CDT,'2020-03-03') CDT, Emps,ISNULL(FID,0)   FID, FK_Dept,ISNULL(OID,0)   OID,ISNULL(RDT,'2020-03-03') RDT,ISNULL(Rec, '@WebUser.No') Rec FROM ND505 WHERE (1=1)  AND ND505.OID=@OID Exception=对象名 'ND505' 无效。
03日15时26分00秒Info:System');"SQL=DROP INDEX ND505_OID ON ND505,异常信息:无法对 索引 'ND505.ND505_OID' 执行 删除，因为它不存在，或者您没有所需的权限。
03日15时26分30秒Fatal:System');"@没有[用户  Port_Emp, 类[BP.WF.Port.Emp], 物理表[Port_Emp] 实例。PK = (zhoupeng
03日15时26分31秒Fatal:System');"@没有[用户  Port_Emp, 类[BP.WF.Port.Emp], 物理表[Port_Emp] 实例。PK = 周朋)
03日15时26分54秒Fatal:System');"@没有[用户  Port_Emp, 类[BP.WF.Port.Emp], 物理表[Port_Emp] 实例。PK = (zhoupeng
03日15时26分55秒Fatal:System');"@没有[用户  Port_Emp, 类[BP.WF.Port.Emp], 物理表[Port_Emp] 实例。PK = 周朋)
03日15时27分17秒Fatal:System');"@没有[用户  Port_Emp, 类[BP.WF.Port.Emp], 物理表[Port_Emp] 实例。PK = (zhoupeng
03日15时27分18秒Fatal:System');"@没有[用户  Port_Emp, 类[BP.WF.Port.Emp], 物理表[Port_Emp] 实例。PK = 周朋)
03日15时30分34秒Info:System');"SQL=DROP INDEX ND4Rpt_OID ON ND4Rpt,异常信息:无法对 索引 'ND4Rpt.ND4Rpt_OID' 执行 删除，因为它不存在，或者您没有所需的权限。
03日15时30分37秒Info:System');"SQL=DROP INDEX ND499Dtl1_OID ON ND499Dtl1,异常信息:无法对 索引 'ND499Dtl1.ND499Dtl1_OID' 执行 删除，因为它不存在，或者您没有所需的权限。
03日15时30分52秒Info:System');"SQL=DROP INDEX WF_Track_MyPK ON WF_Track,异常信息:无法对 索引 'WF_Track.WF_Track_MyPK' 执行 删除，因为它不存在，或者您没有所需的权限。
03日15时31分52秒Info:System');"SQL=INSERT INTO ND402 (BiJiBen,DaYinJi,FuWuQi,ShuMaXiangJi,TaiShiJiXiaoShou,HeJi,MyNum,OID,RDT,Rec,TianBiaoRen,Title,Emps,FaQiRen,FaQiShiJian,FaQiShuoMing,FID,FK_Dept,FK_NY,CDT ) VALUES ( 0,0,0,0,0,0,1,111,'2020-03-03','zhangyifan','@WebUser.Name','集团总部-admin,admin在2020-03-03 15:31发起.','zhangyifan','admin','2020-03-03','5有',110,'100','2020-03','2020-03-03'),异常信息:对象名 'ND402' 无效。
03日15时31分52秒Info:System');"SQL=DELETE FROM ND402 WHERE ND402.OID=110,异常信息:对象名 'ND402' 无效。
03日15时31分53秒Info:System');"SQL=DROP INDEX ND402_OID ON ND402,异常信息:无法对 索引 'ND402.ND402_OID' 执行 删除，因为它不存在，或者您没有所需的权限。
03日15时31分53秒Fatal:System');"   在 BP.DA.DBAccess.RunSQL(String sql, Paras paras) 位置 D:\ccflow\Components\BP.En30\DA\DBAccess.cs:行号 1822
   在 BP.DA.DBAccess.RunSQL(Paras ps) 位置 D:\ccflow\Components\BP.En30\DA\DBAccess.cs:行号 1714
   在 BP.En.Entity.RunSQL(Paras ps) 位置 D:\ccflow\Components\BP.En30\En\Entity.cs:行号 328
   在 BP.En.Entity.RunSQL(String sql) 位置 D:\ccflow\Components\BP.En30\En\Entity.cs:行号 316
   在 BP.WF.Work.InsertAsOID(Int64 oid) 位置 D:\ccflow\Components\BP.WF\WF\Work.cs:行号 437
   在 BP.WF.WorkNode.NodeSend_24_SameSheet(Node toNode) 位置 D:\ccflow\Components\BP.WF\WF\WorkNode.cs:行号 3057
   在 BP.WF.WorkNode.NodeSend_Send_5_5() 位置 D:\ccflow\Components\BP.WF\WF\WorkNode.cs:行号 3673
   在 BP.WF.WorkNode.NodeSend(Node jumpToNode, String jumpToEmp) 位置 D:\ccflow\Components\BP.WF\WF\WorkNode.cs:行号 7142
03日15时32分40秒Info:System');"SQL=UPDATE ND4Track SET FrmDB='{"FK_NY":"2020-03","DaYinJi":8380,"ShuMaXiangJi":8380,"Rec":"zhoushengyu","FaQiShiJian":"2020-03-03","BiJiBen":3830,"OID":113,"FuWuQi":3830,"FaQiRen":"zhoushengyu","Emps":"zhoushengyu","CDT":"2020-03-03","RDT":"2020-03-03","Title":"集团总部-admin,admin在2020-03-03 15:31发起.","TianBiaoRen":"周升雨","FK_Dept":"1001","MyNum":1,"FaQiShuoMing":"5有","HeJi":0,"FID":110,"TaiShiJiXiaoShou":83,"EndJSON":"0"}' WHERE MyPK='865532709',异常信息:列名 'FrmDB' 无效。
03日15时33分28秒Fatal:System');"@没有[字典表  Sys_SFTable, 类[BP.Sys.SFTable], 物理表[Sys_SFTable] 实例。PK = 0
03日15时33分43秒Fatal:System');"@没有[字典表  Sys_SFTable, 类[BP.Sys.SFTable], 物理表[Sys_SFTable] 实例。PK = 0
03日15时33分49秒Fatal:System');"@没有[字典表  Sys_SFTable, 类[BP.Sys.SFTable], 物理表[Sys_SFTable] 实例。PK = 0
03日15时35分18秒Fatal:System');"@没有[字典表  Sys_SFTable, 类[BP.Sys.SFTable], 物理表[Sys_SFTable] 实例。PK = 0
03日15时38分03秒Info:System');"SQL=UPDATE ND11Track SET FrmDB='{"FK_NY":"2020-03","FID":0,"Rec":"admin","MyNum":1,"OID":117,"FK_DeptText":"集团总部","ShenQingRenBuMen":"集团总部","Emps":"admin","CDT":"2020-03-03 15:37","ShenQingRiJi":"2020-03-03","Title":"集团总部-admin,admin在2020-03-03 15:37发起.","FK_Dept":"100","ShenQingRen":"admin","RDT":"2020-03-03 15:37","EndJSON":"0"}' WHERE MyPK='1059629559',异常信息:列名 'FrmDB' 无效。
03日15时39分38秒Fatal:System');"@没有[实体配置  Sys_EnCfg, 类[BP.Sys.EnCfg], 物理表[Sys_EnCfg] 实例。PK = BP.Sys.FrmUI.MapAttrEnum
03日15时39分41秒Fatal:System');"@没有[实体配置  Sys_EnCfg, 类[BP.Sys.EnCfg], 物理表[Sys_EnCfg] 实例。PK = BP.Sys.FrmUI.MapAttrEnum
03日15时46分03秒Fatal:System');"@没有[实体配置  Sys_EnCfg, 类[BP.Sys.EnCfg], 物理表[Sys_EnCfg] 实例。PK = BP.Sys.FrmUI.MapAttrString
03日15时46分23秒Fatal:System');"@没有[实体配置  Sys_EnCfg, 类[BP.Sys.EnCfg], 物理表[Sys_EnCfg] 实例。PK = BP.Sys.FrmUI.MapAttrString
03日15时46分46秒Fatal:System');"@没有[实体配置  Sys_EnCfg, 类[BP.Sys.EnCfg], 物理表[Sys_EnCfg] 实例。PK = BP.Sys.FrmUI.MapAttrNum
03日15时46分50秒Fatal:System');"@没有[实体配置  Sys_EnCfg, 类[BP.Sys.EnCfg], 物理表[Sys_EnCfg] 实例。PK = BP.Sys.FrmUI.MapAttrNum
03日15时46分56秒Fatal:System');"@没有[实体配置  Sys_EnCfg, 类[BP.Sys.EnCfg], 物理表[Sys_EnCfg] 实例。PK = BP.Sys.FrmUI.MapAttrString
03日15时47分11秒Fatal:System');"@没有[实体配置  Sys_EnCfg, 类[BP.Sys.EnCfg], 物理表[Sys_EnCfg] 实例。PK = BP.Sys.FrmUI.MapAttrNum
03日15时47分13秒Fatal:System');"@没有[实体配置  Sys_EnCfg, 类[BP.Sys.EnCfg], 物理表[Sys_EnCfg] 实例。PK = BP.Sys.FrmUI.MapAttrNum
03日15时48分06秒Warning:System');"err@字段类型不匹配,表[ND11Rpt]字段[QingJiaTianShu]名称[请假天数]映射类型为[整型(int)],数据类型为[nvarchar]
03日15时48分07秒Warning:System');"err@字段类型不匹配,表[ND11Rpt]字段[QingJiaTianShu]名称[请假天数]映射类型为[整型(int)],数据类型为[nvarchar]
03日15时48分08秒Warning:System');"err@字段类型不匹配,表[ND11Rpt]字段[QingJiaTianShu]名称[请假天数]映射类型为[整型(int)],数据类型为[nvarchar]
03日15时48分09秒Warning:System');"err@字段类型不匹配,表[ND11Rpt]字段[QingJiaTianShu]名称[请假天数]映射类型为[整型(int)],数据类型为[nvarchar]
03日15时48分23秒Warning:System');"err@字段类型不匹配,表[ND11Rpt]字段[QingJiaTianShu]名称[请假天数]映射类型为[整型(int)],数据类型为[nvarchar]
03日15时49分09秒Warning:System');"err@字段类型不匹配,表[ND11Rpt]字段[QingJiaTianShu]名称[请假天数]映射类型为[整型(int)],数据类型为[nvarchar]
03日15时49分11秒Warning:System');"err@字段类型不匹配,表[ND11Rpt]字段[QingJiaTianShu]名称[请假天数]映射类型为[整型(int)],数据类型为[nvarchar]
03日15时49分12秒Warning:System');"err@字段类型不匹配,表[ND11Rpt]字段[QingJiaTianShu]名称[请假天数]映射类型为[整型(int)],数据类型为[nvarchar]
03日15时49分13秒Warning:System');"err@字段类型不匹配,表[ND11Rpt]字段[QingJiaTianShu]名称[请假天数]映射类型为[整型(int)],数据类型为[nvarchar]
03日15时49分26秒Warning:System');"err@字段类型不匹配,表[ND11Rpt]字段[QingJiaTianShu]名称[请假天数]映射类型为[整型(int)],数据类型为[nvarchar]
03日15时49分45秒Fatal:System');"   在 BP.WF.WorkNode.NodeSend_GenerNextStepNode() 位置 D:\ccflow\Components\BP.WF\WF\WorkNode.cs:行号 1099
   在 BP.WF.WorkNode.NodeSend_Send_5_5() 位置 D:\ccflow\Components\BP.WF\WF\WorkNode.cs:行号 3614
   在 BP.WF.WorkNode.NodeSend(Node jumpToNode, String jumpToEmp) 位置 D:\ccflow\Components\BP.WF\WF\WorkNode.cs:行号 7142
03日15时51分05秒Fatal:System');"   在 BP.WF.Template.FindWorker.FindByWorkFlowModel() 位置 D:\ccflow\Components\BP.WF\Template\FindWorker.cs:行号 219
   在 BP.WF.Template.FindWorker.DoIt(Flow fl, WorkNode currWn, WorkNode toWn) 位置 D:\ccflow\Components\BP.WF\Template\FindWorker.cs:行号 1159
   在 BP.WF.WorkNode.Func_GenerWorkerLists(WorkNode town) 位置 D:\ccflow\Components\BP.WF\WF\WorkNode.cs:行号 249
   在 BP.WF.WorkNode.NodeSend_11(Node toND) 位置 D:\ccflow\Components\BP.WF\WF\WorkNode.cs:行号 2352
   在 BP.WF.WorkNode.NodeSend_Send_5_5() 位置 D:\ccflow\Components\BP.WF\WF\WorkNode.cs:行号 3630
   在 BP.WF.WorkNode.NodeSend(Node jumpToNode, String jumpToEmp) 位置 D:\ccflow\Components\BP.WF\WF\WorkNode.cs:行号 7142
03日15时51分56秒Warning:System');"err@字段类型不匹配,表[ND11Rpt]字段[QingJiaTianShu]名称[请假天数]映射类型为[整型(int)],数据类型为[nvarchar]
03日15时51分57秒Warning:System');"err@字段类型不匹配,表[ND11Rpt]字段[QingJiaTianShu]名称[请假天数]映射类型为[整型(int)],数据类型为[nvarchar]
03日15时51分58秒Warning:System');"err@字段类型不匹配,表[ND11Rpt]字段[QingJiaTianShu]名称[请假天数]映射类型为[整型(int)],数据类型为[nvarchar]
03日15时51分59秒Warning:System');"err@字段类型不匹配,表[ND11Rpt]字段[QingJiaTianShu]名称[请假天数]映射类型为[整型(int)],数据类型为[nvarchar]
03日15时52分13秒Warning:System');"err@字段类型不匹配,表[ND11Rpt]字段[QingJiaTianShu]名称[请假天数]映射类型为[整型(int)],数据类型为[nvarchar]
03日16时06分00秒Fatal:System');"@没有[实体配置  Sys_EnCfg, 类[BP.Sys.EnCfg], 物理表[Sys_EnCfg] 实例。PK = BP.Sys.FrmUI.MapAttrEnum
03日16时06分02秒Fatal:System');"@没有[实体配置  Sys_EnCfg, 类[BP.Sys.EnCfg], 物理表[Sys_EnCfg] 实例。PK = BP.Sys.FrmUI.MapAttrEnum
03日16时10分40秒Fatal:System');"SQL=SELECT No,Name FROM Port_Emp WHERE FK_Dept='ss' and FK_Duty='03' Exception=列名 'FK_Duty' 无效。
03日16时10分41秒Fatal:System');"SQL=SELECT No,Name FROM Port_Emp where FK_Duty='02' Exception=列名 'FK_Duty' 无效。
03日16时15分56秒Info:System');"SQL=INSERT INTO ND1Rpt ([Title],[ShenQingRen],[ShenQingRiJi],[ShenQingRenBuMen],[RDT],[OID],[FID],[CDT],[Rec],[Emps],[FK_Dept],[FK_NY],[MyNum],[QingJiaRiJiCong],[Dao],[QingJiaTianShu],[QingJiaYuanYin] ) VALUES ( '','admin','2020-03-03','集团总部','2020-03-03 16:15',120,0,'2020-03-03 16:15','admin','admin','100','2020-03',1,'','',0,''),异常信息:对象名 'ND1Rpt' 无效。
03日16时15分56秒Info:System');"SQL=DROP INDEX ND1Rpt_OID ON ND1Rpt,异常信息:无法对 索引 'ND1Rpt.ND1Rpt_OID' 执行 删除，因为它不存在，或者您没有所需的权限。
03日16时15分57秒Fatal:System');"SQL= SELECT  TOP 1 ISNULL(PNodeID,0)   PNodeID, PrjName, PrjNo, GUID, PEmp, AtPara, BillNo, FlowNote, Title,ISNULL(WFSta,0)   WFSta, CASE WFSta WHEN 0 THEN '运行中' WHEN 1 THEN '已完成' WHEN 2 THEN '其他' WHEN NULL THEN '运行中' END "WFStaText",ISNULL(FID,0)   FID,ISNULL(CDT,'2020-03-03') CDT, Rec, Emps, ShenQingRen,ShenQingRiJi ShenQingRiJi, ShenQingRenBuMen,QingJiaRiJiCong QingJiaRiJiCong,Dao Dao,ISNULL(QingJiaTianShu,0)   QingJiaTianShu, QingJiaYuanYin, BMJLSP_Note, BMJLSP_Checker,BMJLSP_RDT BMJLSP_RDT, ZJLSP_Note, ZJLSP_Checker,ZJLSP_RDT ZJLSP_RDT,ISNULL(RDT,'2020-03-03') RDT,ISNULL(OID,0)   OID,ISNULL(PWorkID,0)   PWorkID,FlowStartRDT FlowStartRDT, ISNULL( FlowDaySpan ,0) AS  FlowDaySpan,FlowEnderRDT FlowEnderRDT,ISNULL(FlowEndNode,0)   FlowEndNode, FlowEmps, PFlowNo, FlowEnder, FlowStarter,ISNULL(WFState,0)   WFState, CASE WFState WHEN 0 THEN '空白' WHEN 1 THEN '草稿' WHEN 2 THEN '运行中' WHEN 3 THEN '已完成' WHEN 4 THEN '挂起' WHEN 5 THEN '退回' WHEN 6 THEN '转发' WHEN 7 THEN '删除' WHEN 8 THEN '加签' WHEN 9 THEN '冻结' WHEN 10 THEN '批处理' WHEN 11 THEN '加签回复状态' WHEN NULL THEN '空白' END "WFStateText", FK_Dept, FK_NY,ISNULL(MyNum,1)   MyNum FROM ND1Rpt WHERE (1=1)  AND ND1Rpt.OID=@OID Exception=列名 'PNodeID' 无效。
列名 'PrjName' 无效。
列名 'PrjNo' 无效。
列名 'GUID' 无效。
列名 'PEmp' 无效。
列名 'AtPara' 无效。
列名 'BillNo' 无效。
列名 'FlowNote' 无效。
列名 'WFSta' 无效。
列名 'WFSta' 无效。
列名 'WFSta' 无效。
列名 'WFSta' 无效。
列名 'WFSta' 无效。
列名 'BMJLSP_Note' 无效。
列名 'BMJLSP_Checker' 无效。
列名 'BMJLSP_RDT' 无效。
列名 'ZJLSP_Note' 无效。
列名 'ZJLSP_Checker' 无效。
列名 'ZJLSP_RDT' 无效。
列名 'PWorkID' 无效。
列名 'FlowStartRDT' 无效。
列名 'FlowDaySpan' 无效。
列名 'FlowEnderRDT' 无效。
列名 'FlowEndNode' 无效。
列名 'FlowEmps' 无效。
列名 'PFlowNo' 无效。
列名 'FlowEnder' 无效。
列名 'FlowStarter' 无效。
列名 'WFState' 无效。
列名 'WFState' 无效。
列名 'WFState' 无效。
列名 'WFState' 无效。
列名 'WFState' 无效。
列名 'WFState' 无效。
列名 'WFState' 无效。
列名 'WFState' 无效。
列名 'WFState' 无效。
列名 'WFState' 无效。
列名 'WFState' 无效。
列名 'WFState' 无效。
列名 'WFState' 无效。
列名 'WFState' 无效。
03日16时16分01秒Fatal:System');"SQL=SELECT C.Name AS DeptName,A.MyPK,A.ActionType,A.ActionTypeText,A.FID,A.WorkID,A.NDFrom,A.NDFromT,A.NDTo,A.NDToT,A.EmpFrom,A.EmpFromT,A.EmpTo,A.EmpToT,A.RDT,A.WorkTimeSpan,A.Msg,A.NodeData,A.Tag,A.Exer FROM ND1Track A, Port_Emp B, Port_Dept C   WHERE (A.WorkID=120 OR A.FID=120) AND (A.ActionType=1 OR A.ActionType=0  OR A.ActionType=6  OR A.ActionType=7) AND (A.EmpFrom=B.No) AND (B.FK_Dept=C.No)  ORDER BY A.RDT  Exception=对象名 'ND1Track' 无效。
03日16时17分57秒Info:System');"SQL=DROP INDEX WF_Track_MyPK ON WF_Track,异常信息:无法对 索引 'WF_Track.WF_Track_MyPK' 执行 删除，因为它不存在，或者您没有所需的权限。
03日16时26分20秒Info:System');"SQL=UPDATE ND1Track SET FrmDB='{"QingJiaYuanYin":"hgvuhv","RDT":"2020-03-03 16:23","QingJiaRiJiCong":"2020-03-11","MyNum":1,"DoType":"HttpHandler","HttpHandlerName":"BP.WF.HttpHandler.WF_WorkOpt","ShenQingRiJi":"2020-03-03","FK_NY":"2020-03","FID":0,"DoMethod":"AccepterOfGener_Send","QingJiaTianShu":3,"Title":"集团总部-admin,admin在2020-03-03 16:23发起.","ToNode":"102","ShenQingRenBuMen":"集团总部","FK_MapData":"ND101","OID":120,"CDT":"2020-03-03 16:23","Dao":"2020-03-13","FK_DeptText":"集团总部","t":"0.5341005797102243","FK_Node":"101","FK_Flow":"001","FK_Dept":"100","PWorkID":"0","Emps":"admin","Rec":"admin","ShenQingRen":"admin","WorkID":"120","FK_DeptTextText":"","RecText":"admin","EndJSON":"0"}' WHERE MyPK='1078781365',异常信息:列名 'FrmDB' 无效。
03日16时26分50秒Fatal:System');"   在 BP.WF.Template.FindWorker.FindByWorkFlowModel() 位置 D:\ccflow\Components\BP.WF\Template\FindWorker.cs:行号 219
   在 BP.WF.Template.FindWorker.DoIt(Flow fl, WorkNode currWn, WorkNode toWn) 位置 D:\ccflow\Components\BP.WF\Template\FindWorker.cs:行号 1159
   在 BP.WF.WorkNode.Func_GenerWorkerLists(WorkNode town) 位置 D:\ccflow\Components\BP.WF\WF\WorkNode.cs:行号 249
   在 BP.WF.WorkNode.NodeSend_11(Node toND) 位置 D:\ccflow\Components\BP.WF\WF\WorkNode.cs:行号 2352
   在 BP.WF.WorkNode.NodeSend_Send_5_5() 位置 D:\ccflow\Components\BP.WF\WF\WorkNode.cs:行号 3630
   在 BP.WF.WorkNode.NodeSend(Node jumpToNode, String jumpToEmp) 位置 D:\ccflow\Components\BP.WF\WF\WorkNode.cs:行号 7142
03日16时29分07秒Info:System');"SQL=DROP INDEX ND2Rpt_OID ON ND2Rpt,异常信息:无法对 索引 'ND2Rpt.ND2Rpt_OID' 执行 删除，因为它不存在，或者您没有所需的权限。
03日16时29分27秒Info:System');"SQL=DROP INDEX WF_Track_MyPK ON WF_Track,异常信息:无法对 索引 'WF_Track.WF_Track_MyPK' 执行 删除，因为它不存在，或者您没有所需的权限。
03日16时30分08秒Info:System');"SQL=UPDATE ND2Track SET FrmDB='{"QingJiaYuanYin":"gcucv","RDT":"2020-03-03 16:29","QingJiaRiJiCong":"2020-03-04","MyNum":1,"DoType":"HttpHandler","HttpHandlerName":"BP.WF.HttpHandler.WF_WorkOpt","ShenQingRiJi":"2020-03-03","FK_NY":"2020-03","FID":0,"DoMethod":"AccepterOfGener_Send","QingJiaTianShu":2,"Title":"集团总部-admin,admin在2020-03-03 16:29发起.","ToNode":"202","ShenQingRenBuMen":"集团总部","FK_MapData":"ND201","OID":121,"CDT":"2020-03-03 16:29","Dao":"2020-03-06","FK_DeptText":"集团总部","t":"0.7679757280559356","FK_Node":"201","FK_Flow":"002","FK_Dept":"100","PWorkID":"0","Emps":"admin","Rec":"admin","ShenQingRen":"admin","WorkID":"121","FK_DeptTextText":"","RecText":"admin","EndJSON":"0"}' WHERE MyPK='2016382395',异常信息:列名 'FrmDB' 无效。
03日16时30分36秒Fatal:System');"   在 BP.WF.Template.FindWorker.FindByWorkFlowModel() 位置 D:\ccflow\Components\BP.WF\Template\FindWorker.cs:行号 219
   在 BP.WF.Template.FindWorker.DoIt(Flow fl, WorkNode currWn, WorkNode toWn) 位置 D:\ccflow\Components\BP.WF\Template\FindWorker.cs:行号 1159
   在 BP.WF.WorkNode.Func_GenerWorkerLists(WorkNode town) 位置 D:\ccflow\Components\BP.WF\WF\WorkNode.cs:行号 249
   在 BP.WF.WorkNode.NodeSend_11(Node toND) 位置 D:\ccflow\Components\BP.WF\WF\WorkNode.cs:行号 2352
   在 BP.WF.WorkNode.NodeSend_Send_5_5() 位置 D:\ccflow\Components\BP.WF\WF\WorkNode.cs:行号 3630
   在 BP.WF.WorkNode.NodeSend(Node jumpToNode, String jumpToEmp) 位置 D:\ccflow\Components\BP.WF\WF\WorkNode.cs:行号 7142
03日16时32分33秒Fatal:System');"@没有[实体配置  Sys_EnCfg, 类[BP.Sys.EnCfg], 物理表[Sys_EnCfg] 实例。PK = BP.WF.Template.FrmWorkCheck
03日16时32分38秒Fatal:System');"@没有[实体配置  Sys_EnCfg, 类[BP.Sys.EnCfg], 物理表[Sys_EnCfg] 实例。PK = BP.WF.Template.FrmWorkCheck
03日16时32分46秒Fatal:System');"@没有[实体配置  Sys_EnCfg, 类[BP.Sys.EnCfg], 物理表[Sys_EnCfg] 实例。PK = BP.WF.Template.FrmWorkCheck
03日16时32分51秒Fatal:System');"@没有[实体配置  Sys_EnCfg, 类[BP.Sys.EnCfg], 物理表[Sys_EnCfg] 实例。PK = BP.WF.Template.FrmWorkCheck
03日16时36分16秒Fatal:System');"@没有[实体配置  Sys_EnCfg, 类[BP.Sys.EnCfg], 物理表[Sys_EnCfg] 实例。PK = BP.WF.Template.MapFrmNode
03日16时36分49秒Fatal:System');"@没有[实体配置  Sys_EnCfg, 类[BP.Sys.EnCfg], 物理表[Sys_EnCfg] 实例。PK = BP.WF.Template.FrmWorkCheck
03日16时36分55秒Fatal:System');"@没有[实体配置  Sys_EnCfg, 类[BP.Sys.EnCfg], 物理表[Sys_EnCfg] 实例。PK = BP.WF.Template.FrmWorkCheck
03日16时37分44秒Fatal:System');"@没有[实体配置  Sys_EnCfg, 类[BP.Sys.EnCfg], 物理表[Sys_EnCfg] 实例。PK = BP.WF.Template.MapFrmNode
03日16时38分54秒Fatal:System');"   在 BP.WF.Template.FindWorker.FindByWorkFlowModel() 位置 D:\ccflow\Components\BP.WF\Template\FindWorker.cs:行号 219
   在 BP.WF.Template.FindWorker.DoIt(Flow fl, WorkNode currWn, WorkNode toWn) 位置 D:\ccflow\Components\BP.WF\Template\FindWorker.cs:行号 1159
   在 BP.WF.WorkNode.Func_GenerWorkerLists(WorkNode town) 位置 D:\ccflow\Components\BP.WF\WF\WorkNode.cs:行号 249
   在 BP.WF.WorkNode.NodeSend_11(Node toND) 位置 D:\ccflow\Components\BP.WF\WF\WorkNode.cs:行号 2352
   在 BP.WF.WorkNode.NodeSend_Send_5_5() 位置 D:\ccflow\Components\BP.WF\WF\WorkNode.cs:行号 3630
   在 BP.WF.WorkNode.NodeSend(Node jumpToNode, String jumpToEmp) 位置 D:\ccflow\Components\BP.WF\WF\WorkNode.cs:行号 7142
03日16时39分19秒Fatal:System');"@没有[实体配置  Sys_EnCfg, 类[BP.Sys.EnCfg], 物理表[Sys_EnCfg] 实例。PK = BP.WF.Template.MapFrmNode
03日16时42分29秒Fatal:System');"   在 BP.WF.Template.FindWorker.FindByWorkFlowModel() 位置 D:\ccflow\Components\BP.WF\Template\FindWorker.cs:行号 219
   在 BP.WF.Template.FindWorker.DoIt(Flow fl, WorkNode currWn, WorkNode toWn) 位置 D:\ccflow\Components\BP.WF\Template\FindWorker.cs:行号 1159
   在 BP.WF.WorkNode.Func_GenerWorkerLists(WorkNode town) 位置 D:\ccflow\Components\BP.WF\WF\WorkNode.cs:行号 249
   在 BP.WF.WorkNode.NodeSend_11(Node toND) 位置 D:\ccflow\Components\BP.WF\WF\WorkNode.cs:行号 2352
   在 BP.WF.WorkNode.NodeSend_Send_5_5() 位置 D:\ccflow\Components\BP.WF\WF\WorkNode.cs:行号 3630
   在 BP.WF.WorkNode.NodeSend(Node jumpToNode, String jumpToEmp) 位置 D:\ccflow\Components\BP.WF\WF\WorkNode.cs:行号 7142
03日16时43分01秒Info:System');"SQL=DROP INDEX ND3Rpt_OID ON ND3Rpt,异常信息:无法对 索引 'ND3Rpt.ND3Rpt_OID' 执行 删除，因为它不存在，或者您没有所需的权限。
03日16时43分24秒Info:System');"SQL=DROP INDEX WF_Track_MyPK ON WF_Track,异常信息:无法对 索引 'WF_Track.WF_Track_MyPK' 执行 删除，因为它不存在，或者您没有所需的权限。
03日16时44分22秒Info:System');"SQL=UPDATE ND3Track SET FrmDB='{"FK_NY":"2020-03","FID":0,"Rec":"admin","QingJiaYuanYin":"rddsfwe","MyNum":1,"OID":124,"FK_DeptText":"集团总部","ShenQingRenBuMen":"集团总部","Emps":"admin","CDT":"2020-03-03 16:44","ShenQingRiJi":"2020-03-03","Title":"集团总部-admin,admin在2020-03-03 16:44发起.","FK_Dept":"100","QingJiaTianShu":1,"QingJiaRiJiCong":"2020-03-04","ShenQingRen":"admin","RDT":"2020-03-03 16:44","Dao":"2020-03-05","EndJSON":"0"}' WHERE MyPK='311155301',异常信息:列名 'FrmDB' 无效。
03日17时01分02秒Info:System');"SQL=UPDATE ND6Track SET FrmDB='{"FK_NY":"2020-03","FID":0,"Rec":"admin","MyNum":1,"OID":126,"FK_DeptText":"集团总部","ShenQingRenBuMen":"集团总部","Emps":"admin","CDT":"2020-03-03 17:00","ShenQingRiJi":"2020-03-03","Title":"集团总部-admin,admin在2020-03-03 17:00发起.","FK_Dept":"100","ShenQingRen":"admin","RDT":"2020-03-03 17:00","EndJSON":"0"}' WHERE MyPK='667816326',异常信息:列名 'FrmDB' 无效。
03日17时11分00秒Info:System');"SQL=UPDATE ND12Track SET FrmDB='{"FK_NY":"2020-03","FID":0,"QJLXText":"事假","Rec":"admin","MyNum":1,"OID":127,"FK_DeptText":"集团总部","ShenQingRenBuMen":"集团总部","Emps":"admin","CDT":"2020-03-03 17:10","ShenQingRiJi":"2020-03-03","Title":"集团总部-admin,admin在2020-03-03 17:10发起.","FK_Dept":"100","QingJiaTianShu":0,"ShenQingRen":"admin","QJLX":0,"RDT":"2020-03-03 17:10","EndJSON":"0"}' WHERE MyPK='1929630320',异常信息:列名 'FrmDB' 无效。
