-----------------------------------------------------------------------------------------------------
07日08时46分49秒Info:System');"SQL= CREATE VIEW V_FlowStarterBPM (FK_Flow,FlowName,FK_Emp,OrgNo) AS  SELECT A.FK_Flow, a.FlowName, C.FK_Emp,C.OrgNo FROM WF_Node a, WF_NodeStation b, Port_DeptEmpStation c   WHERE a.NodePosType=0 AND ( a.WhoExeIt=0 OR a.WhoExeIt=2 )   AND  a.NodeID=b.FK_Node AND B.FK_Station=C.FK_Station   AND (A.DeliveryWay=0 OR A.DeliveryWay=14)  UNION  SELECT A.FK_Flow, a.FlowName, C.FK_Emp,C.OrgNo FROM WF_Node a, WF_NodeDept b, Port_DeptEmp c   WHERE a.NodePosType=0 AND ( a.WhoExeIt=0 OR a.WhoExeIt=2 )  AND  a.NodeID=b.FK_Node AND B.FK_Dept=C.FK_Dept   AND A.DeliveryWay=1  UNION  SELECT A.FK_Flow, a.FlowName, B.FK_Emp, '' as OrgNo FROM WF_Node A, WF_NodeEmp B   WHERE A.NodePosType=0 AND ( A.WhoExeIt=0 OR A.WhoExeIt=2 )   AND A.NodeID=B.FK_Node  AND A.DeliveryWay=3  UNION  SELECT A.FK_Flow, A.FlowName, B.No AS FK_Emp, B.OrgNo FROM WF_Node A, Port_Emp B   WHERE A.NodePosType=0 AND ( A.WhoExeIt=0 OR A.WhoExeIt=2 )  AND A.DeliveryWay=4  UNION  SELECT A.FK_Flow, a.FlowName, E.FK_Emp,E.OrgNo FROM WF_Node A, WF_NodeDept  B, WF_NodeStation C,  Port_DeptEmpStation E  WHERE a.NodePosType=0  AND ( a.WhoExeIt=0 OR a.WhoExeIt=2 )  AND  A.NodeID=B.FK_Node   AND A.NodeID=C.FK_Node  AND B.FK_Dept=E.FK_Dept  AND C.FK_Station=E.FK_Station AND A.DeliveryWay=9  UNION  SELECT  A.FK_Flow, A.FlowName, C.No as FK_Emp, B.OrgNo FROM WF_Node A, WF_FlowOrg B, Port_Emp C  WHERE A.FK_Flow=B.FlowNo AND B.OrgNo=C.OrgNo  AND  A.DeliveryWay=22 ,异常信息:对象名 'WF_FlowOrg' 无效。
07日08时46分58秒Info:System');"SQL= CREATE VIEW V_FlowStarterBPM (FK_Flow,FlowName,FK_Emp,OrgNo) AS  SELECT A.FK_Flow, a.FlowName, C.FK_Emp,C.OrgNo FROM WF_Node a, WF_NodeStation b, Port_DeptEmpStation c   WHERE a.NodePosType=0 AND ( a.WhoExeIt=0 OR a.WhoExeIt=2 )   AND  a.NodeID=b.FK_Node AND B.FK_Station=C.FK_Station   AND (A.DeliveryWay=0 OR A.DeliveryWay=14)  UNION  SELECT A.FK_Flow, a.FlowName, C.FK_Emp,C.OrgNo FROM WF_Node a, WF_NodeDept b, Port_DeptEmp c   WHERE a.NodePosType=0 AND ( a.WhoExeIt=0 OR a.WhoExeIt=2 )  AND  a.NodeID=b.FK_Node AND B.FK_Dept=C.FK_Dept   AND A.DeliveryWay=1  UNION  SELECT A.FK_Flow, a.FlowName, B.FK_Emp, '' as OrgNo FROM WF_Node A, WF_NodeEmp B   WHERE A.NodePosType=0 AND ( A.WhoExeIt=0 OR A.WhoExeIt=2 )   AND A.NodeID=B.FK_Node  AND A.DeliveryWay=3  UNION  SELECT A.FK_Flow, A.FlowName, B.No AS FK_Emp, B.OrgNo FROM WF_Node A, Port_Emp B   WHERE A.NodePosType=0 AND ( A.WhoExeIt=0 OR A.WhoExeIt=2 )  AND A.DeliveryWay=4  UNION  SELECT A.FK_Flow, a.FlowName, E.FK_Emp,E.OrgNo FROM WF_Node A, WF_NodeDept  B, WF_NodeStation C,  Port_DeptEmpStation E  WHERE a.NodePosType=0  AND ( a.WhoExeIt=0 OR a.WhoExeIt=2 )  AND  A.NodeID=B.FK_Node   AND A.NodeID=C.FK_Node  AND B.FK_Dept=E.FK_Dept  AND C.FK_Station=E.FK_Station AND A.DeliveryWay=9  UNION  SELECT  A.FK_Flow, A.FlowName, C.No as FK_Emp, B.OrgNo FROM WF_Node A, WF_FlowOrg B, Port_Emp C  WHERE A.FK_Flow=B.FlowNo AND B.OrgNo=C.OrgNo  AND  A.DeliveryWay=22 ,异常信息:对象名 'WF_FlowOrg' 无效。
-----------------------------------------------------------------------------------------------------
07日08时49分36秒Info:System');"SQL= CREATE VIEW V_FlowStarterBPM (FK_Flow,FlowName,FK_Emp,OrgNo) AS  SELECT A.FK_Flow, a.FlowName, C.FK_Emp,C.OrgNo FROM WF_Node a, WF_NodeStation b, Port_DeptEmpStation c   WHERE a.NodePosType=0 AND ( a.WhoExeIt=0 OR a.WhoExeIt=2 )   AND  a.NodeID=b.FK_Node AND B.FK_Station=C.FK_Station   AND (A.DeliveryWay=0 OR A.DeliveryWay=14)  UNION  SELECT A.FK_Flow, a.FlowName, C.FK_Emp,C.OrgNo FROM WF_Node a, WF_NodeDept b, Port_DeptEmp c   WHERE a.NodePosType=0 AND ( a.WhoExeIt=0 OR a.WhoExeIt=2 )  AND  a.NodeID=b.FK_Node AND B.FK_Dept=C.FK_Dept   AND A.DeliveryWay=1  UNION  SELECT A.FK_Flow, a.FlowName, B.FK_Emp, '' as OrgNo FROM WF_Node A, WF_NodeEmp B   WHERE A.NodePosType=0 AND ( A.WhoExeIt=0 OR A.WhoExeIt=2 )   AND A.NodeID=B.FK_Node  AND A.DeliveryWay=3  UNION  SELECT A.FK_Flow, A.FlowName, B.No AS FK_Emp, B.OrgNo FROM WF_Node A, Port_Emp B   WHERE A.NodePosType=0 AND ( A.WhoExeIt=0 OR A.WhoExeIt=2 )  AND A.DeliveryWay=4  UNION  SELECT A.FK_Flow, a.FlowName, E.FK_Emp,E.OrgNo FROM WF_Node A, WF_NodeDept  B, WF_NodeStation C,  Port_DeptEmpStation E  WHERE a.NodePosType=0  AND ( a.WhoExeIt=0 OR a.WhoExeIt=2 )  AND  A.NodeID=B.FK_Node   AND A.NodeID=C.FK_Node  AND B.FK_Dept=E.FK_Dept  AND C.FK_Station=E.FK_Station AND A.DeliveryWay=9  UNION  SELECT  A.FK_Flow, A.FlowName, C.No as FK_Emp, B.OrgNo FROM WF_Node A, WF_FlowOrg B, Port_Emp C  WHERE A.FK_Flow=B.FlowNo AND B.OrgNo=C.OrgNo  AND  A.DeliveryWay=22 ,异常信息:对象名 'WF_FlowOrg' 无效。
-----------------------------------------------------------------------------------------------------
07日09时38分01秒Info:System');"SQL=DROP INDEX WF_Track_MyPK ON WF_Track,异常信息:无法对 索引 'WF_Track.WF_Track_MyPK' 执行 删除，因为它不存在，或者您没有所需的权限。
07日09时38分05秒Info:System');"SQL=DROP INDEX ND26Rpt_OID ON ND26Rpt,异常信息:无法对 索引 'ND26Rpt.ND26Rpt_OID' 执行 删除，因为它不存在，或者您没有所需的权限。
07日09时57分50秒Fatal:System');"列名 'ColorSet' 无效。
列名 'FieldSet' 无效。
07日09时57分50秒Fatal:System');"SQL= SELECT  TOP 1  Sys_MapData.No,ISNULL(Sys_MapData.FrmType,0)   FrmType, CASE Sys_MapData.FrmType WHEN 0 THEN '傻瓜表单' WHEN 1 THEN '自由表单' WHEN 8 THEN '开发者表单' WHEN NULL THEN '傻瓜表单' END "FrmTypeText", Sys_MapData.PTable, Sys_MapData.Name,ISNULL(Sys_MapData.FK_FormTree, '01') FK_FormTree, Sys_FormTree_FK_FormTree.Name AS FK_FormTreeText,ISNULL(Sys_MapData.RowOpenModel,0)   RowOpenModel, CASE Sys_MapData.RowOpenModel WHEN 0 THEN '新窗口打开' WHEN 1 THEN '在本窗口打开' WHEN 2 THEN '弹出窗口打开,关闭后不刷新列表' WHEN 3 THEN '弹出窗口打开,关闭后刷新列表' WHEN NULL THEN '新窗口打开' END "RowOpenModelText",ISNULL(Sys_MapData.PopHeight,500)   PopHeight,ISNULL(Sys_MapData.PopWidth,760)   PopWidth,ISNULL(Sys_MapData.TableCol,0)   TableCol, CASE Sys_MapData.TableCol WHEN 0 THEN '4列' WHEN 1 THEN '6列' WHEN 2 THEN '上下模式3列' WHEN NULL THEN '4列' END "TableColText",ISNULL(Sys_MapData.EntityEditModel,0)   EntityEditModel, CASE Sys_MapData.EntityEditModel WHEN 0 THEN '表格' WHEN 1 THEN '行编辑' WHEN NULL THEN '表格' END "EntityEditModelText",ISNULL(Sys_MapData.EntityType,0)   EntityType, CASE Sys_MapData.EntityType WHEN 0 THEN '独立表单' WHEN 1 THEN '单据' WHEN 2 THEN '编号名称实体' WHEN 3 THEN '树结构实体' WHEN NULL THEN '独立表单' END "EntityTypeText", Sys_MapData.BillNoFormat, Sys_MapData.SortColumns, Sys_MapData.ColorSet, Sys_MapData.FieldSet,ISNULL(Sys_MapData.BtnNewLable, '新建') BtnNewLable,ISNULL(Sys_MapData.BtnNewModel,0)   BtnNewModel, CASE Sys_MapData.BtnNewModel WHEN 0 THEN '表格模式' WHEN 1 THEN '卡片模式' WHEN 2 THEN '不可用' WHEN NULL THEN '表格模式' END "BtnNewModelText",ISNULL(Sys_MapData.BtnSaveLable, '保存') BtnSaveLable,ISNULL(Sys_MapData.BtnSubmitLable, '提交') BtnSubmitLable,ISNULL(Sys_MapData.BtnDelLable, '删除') BtnDelLable,ISNULL(Sys_MapData.BtnSearchLabel, '列表') BtnSearchLabel,ISNULL(Sys_MapData.BtnGroupLabel, '分析') BtnGroupLabel, ISNULL( Sys_MapData.BtnGroupEnable,0) BtnGroupEnable,ISNULL(Sys_MapData.BtnPrintHtml, '打印Html') BtnPrintHtml, ISNULL( Sys_MapData.BtnPrintHtmlEnable,0) BtnPrintHtmlEnable,ISNULL(Sys_MapData.BtnPrintPDF, '打印PDF') BtnPrintPDF, ISNULL( Sys_MapData.BtnPrintPDFEnable,0) BtnPrintPDFEnable,ISNULL(Sys_MapData.BtnPrintRTF, '打印RTF') BtnPrintRTF, ISNULL( Sys_MapData.BtnPrintRTFEnable,0) BtnPrintRTFEnable,ISNULL(Sys_MapData.BtnPrintCCWord, '打印CCWord') BtnPrintCCWord, ISNULL( Sys_MapData.BtnPrintCCWordEnable,0) BtnPrintCCWordEnable,ISNULL(Sys_MapData.BtnExpZip, '导出zip文件') BtnExpZip, ISNULL( Sys_MapData.BtnExpZipEnable,0) BtnExpZipEnable,ISNULL(Sys_MapData.BtnImpExcel, '导入Excel文件') BtnImpExcel, ISNULL(Sys_MapData.BtnImpExcelEnable,1) BtnImpExcelEnable,ISNULL(Sys_MapData.BtnExpExcel, '导出Excel文件') BtnExpExcel, ISNULL(Sys_MapData.BtnExpExcelEnable,1) BtnExpExcelEnable, Sys_MapData.Designer, Sys_MapData.DesignerContact, Sys_MapData.DesignerUnit, Sys_MapData.GUID, Sys_MapData.Ver, Sys_MapData.Note,ISNULL(Sys_MapData.Idx,100)   Idx, Sys_MapData.AtPara, Sys_MapData.Tag0, Sys_MapData.Tag1, Sys_MapData.Tag2 FROM Sys_MapData LEFT JOIN Sys_FormTree AS Sys_FormTree_FK_FormTree ON Sys_MapData.FK_FormTree=Sys_FormTree_FK_FormTree.No WHERE (1=1)  AND Sys_MapData.No=@No Exception=列名 'ColorSet' 无效。
列名 'FieldSet' 无效。
07日09时57分53秒Info:System');"SQL=DROP INDEX Dict_FenHeLiuShenHeZuJian_OID ON Dict_FenHeLiuShenHeZuJian,异常信息:无法对 索引 'Dict_FenHeLiuShenHeZuJian.Dict_FenHeLiuShenHeZuJian_OID' 执行 删除，因为它不存在，或者您没有所需的权限。
07日09时58分33秒Fatal:System');"@没有[实体属性  Sys_MapAttr, 类[BP.Sys.MapAttr], 物理表[Sys_MapAttr] 实例。PK = Dict_FenHeLiuShenHeZuJian_WH
07日10时05分18秒Fatal:System');"@没有[实体配置  Sys_EnCfg, 类[BP.Sys.EnCfg], 物理表[Sys_EnCfg] 实例。PK = BP.Sys.FrmUI.MapAttrEnum
07日10时05分22秒Fatal:System');"@没有[实体配置  Sys_EnCfg, 类[BP.Sys.EnCfg], 物理表[Sys_EnCfg] 实例。PK = BP.Sys.FrmUI.MapAttrString
07日10时05分26秒Fatal:System');"@没有[实体配置  Sys_EnCfg, 类[BP.Sys.EnCfg], 物理表[Sys_EnCfg] 实例。PK = BP.Sys.FrmUI.MapAttrEnum
07日10时05分59秒Fatal:System');"@没有[实体配置  Sys_EnCfg, 类[BP.Sys.EnCfg], 物理表[Sys_EnCfg] 实例。PK = BP.Sys.FrmUI.MapAttrEnum
07日10时06分16秒Fatal:System');"@没有[实体配置  Sys_EnCfg, 类[BP.Sys.EnCfg], 物理表[Sys_EnCfg] 实例。PK = BP.Sys.FrmUI.MapAttrEnum
07日10时06分17秒Fatal:System');"@没有[实体配置  Sys_EnCfg, 类[BP.Sys.EnCfg], 物理表[Sys_EnCfg] 实例。PK = BP.Sys.FrmUI.MapAttrEnum
07日10时06分22秒Fatal:System');"@没有[实体配置  Sys_EnCfg, 类[BP.Sys.EnCfg], 物理表[Sys_EnCfg] 实例。PK = BP.Sys.FrmUI.MapAttrEnum
07日10时06分25秒Fatal:System');"@没有[实体配置  Sys_EnCfg, 类[BP.Sys.EnCfg], 物理表[Sys_EnCfg] 实例。PK = BP.Sys.FrmUI.MapAttrEnum
07日10时06分46秒Fatal:System');"@没有[实体配置  Sys_EnCfg, 类[BP.Sys.EnCfg], 物理表[Sys_EnCfg] 实例。PK = BP.Sys.FrmUI.MapAttrEnum
-----------------------------------------------------------------------------------------------------
07日10时17分57秒Warning:System');"执行sql错误:err@RunSQL_200705_MySQL:You have an error in your SQL syntax; check the manual that corresponds to your MySQL server version for the right syntax to use near '-portal.Frm_FHLBS modify RDT NVARCHAR(50)' at line 1@SQL:alter table ccgx-portal.Frm_FHLBS modify RDT NVARCHAR(50) Paras(0)=<hr>alter table ccgx-portal.Frm_FHLBS modify RDT NVARCHAR(50)
07日10时18分04秒Warning:System');"执行sql错误:err@RunSQL_200705_MySQL:You have an error in your SQL syntax; check the manual that corresponds to your MySQL server version for the right syntax to use near '-portal.Frm_FHLBS modify RDT NVARCHAR(50)' at line 1@SQL:alter table ccgx-portal.Frm_FHLBS modify RDT NVARCHAR(50) Paras(0)=<hr>alter table ccgx-portal.Frm_FHLBS modify RDT NVARCHAR(50)
07日10时18分06秒Warning:System');"执行sql错误:err@RunSQL_200705_MySQL:You have an error in your SQL syntax; check the manual that corresponds to your MySQL server version for the right syntax to use near '-portal.Frm_FHLBS modify RDT NVARCHAR(50)' at line 1@SQL:alter table ccgx-portal.Frm_FHLBS modify RDT NVARCHAR(50) Paras(0)=<hr>alter table ccgx-portal.Frm_FHLBS modify RDT NVARCHAR(50)
07日10时18分08秒Warning:System');"执行sql错误:err@RunSQL_200705_MySQL:You have an error in your SQL syntax; check the manual that corresponds to your MySQL server version for the right syntax to use near '-portal.Frm_FHLBS modify RDT NVARCHAR(50)' at line 1@SQL:alter table ccgx-portal.Frm_FHLBS modify RDT NVARCHAR(50) Paras(0)=<hr>alter table ccgx-portal.Frm_FHLBS modify RDT NVARCHAR(50)
07日10时18分11秒Warning:System');"执行sql错误:err@RunSQL_200705_MySQL:You have an error in your SQL syntax; check the manual that corresponds to your MySQL server version for the right syntax to use near '-portal.Frm_FHLBS modify RDT NVARCHAR(50)' at line 1@SQL:alter table ccgx-portal.Frm_FHLBS modify RDT NVARCHAR(50) Paras(0)=<hr>alter table ccgx-portal.Frm_FHLBS modify RDT NVARCHAR(50)
07日10时18分14秒Warning:System');"执行sql错误:err@RunSQL_200705_MySQL:You have an error in your SQL syntax; check the manual that corresponds to your MySQL server version for the right syntax to use near '-portal.Frm_FHLBS modify RDT NVARCHAR(50)' at line 1@SQL:alter table ccgx-portal.Frm_FHLBS modify RDT NVARCHAR(50) Paras(0)=<hr>alter table ccgx-portal.Frm_FHLBS modify RDT NVARCHAR(50)
07日10时19分02秒Warning:System');"执行sql错误:err@RunSQL_200705_MySQL:You have an error in your SQL syntax; check the manual that corresponds to your MySQL server version for the right syntax to use near '-portal.ND61Rpt modify FlowEnderRDT NVARCHAR(50)' at line 1@SQL:alter table ccgx-portal.ND61Rpt modify FlowEnderRDT NVARCHAR(50) Paras(0)=<hr>alter table ccgx-portal.ND61Rpt modify FlowEnderRDT NVARCHAR(50)
07日10时19分02秒Warning:System');"执行sql错误:err@RunSQL_200705_MySQL:You have an error in your SQL syntax; check the manual that corresponds to your MySQL server version for the right syntax to use near '-portal.ND61Rpt modify FlowStartRDT NVARCHAR(50)' at line 1@SQL:alter table ccgx-portal.ND61Rpt modify FlowStartRDT NVARCHAR(50) Paras(0)=<hr>alter table ccgx-portal.ND61Rpt modify FlowStartRDT NVARCHAR(50)
07日10时19分53秒Fatal:System');"@没有[实体配置  Sys_EnCfg, 类[BP.Sys.EnCfg], 物理表[Sys_EnCfg] 实例。PK = BP.WF.Template.FrmNodeExt
07日10时20分10秒Fatal:System');"@没有[实体配置  Sys_EnCfg, 类[BP.Sys.EnCfg], 物理表[Sys_EnCfg] 实例。PK = BP.WF.Template.FrmNodeExt
07日10时21分50秒Fatal:System');"@没有[实体配置  Sys_EnCfg, 类[BP.Sys.EnCfg], 物理表[Sys_EnCfg] 实例。PK = BP.WF.Template.FrmNodeExt
-----------------------------------------------------------------------------------------------------
07日10时24分10秒Fatal:System');"   在 BP.WF.WorkNode.Func_GenerNextStepNodes() 位置 D:\ccflow\Components\BP.WF\WF\WorkNode.cs:行号 2104
   在 BP.WF.WorkNode.NodeSend_Send_5_5() 位置 D:\ccflow\Components\BP.WF\WF\WorkNode.cs:行号 3676
   在 BP.WF.WorkNode.NodeSend(Node jumpToNode, String jumpToEmp) 位置 D:\ccflow\Components\BP.WF\WF\WorkNode.cs:行号 7176
07日10时33分32秒Fatal:System');"@没有[用户  Port_Emp, 类[BP.WF.Port.Emp], 物理表[Port_Emp] 实例。PK = (admin
07日10时33分35秒Fatal:System');"@没有[用户  Port_Emp, 类[BP.WF.Port.Emp], 物理表[Port_Emp] 实例。PK = 系统管理员)
07日10时34分58秒Fatal:System');"@没有[用户  Port_Emp, 类[BP.WF.Port.Emp], 物理表[Port_Emp] 实例。PK = (admin
07日10时35分00秒Fatal:System');"@没有[用户  Port_Emp, 类[BP.WF.Port.Emp], 物理表[Port_Emp] 实例。PK = 系统管理员)
07日10时40分02秒Fatal:System');"@没有[用户  Port_Emp, 类[BP.WF.Port.Emp], 物理表[Port_Emp] 实例。PK = (admin
07日10时40分05秒Fatal:System');"@没有[用户  Port_Emp, 类[BP.WF.Port.Emp], 物理表[Port_Emp] 实例。PK = 系统管理员)
07日10时43分45秒Fatal:System');"@没有[实体配置  Sys_EnCfg, 类[BP.Sys.EnCfg], 物理表[Sys_EnCfg] 实例。PK = BP.GPM.GPMEmps
07日10时44分44秒Fatal:System');"@没有[实体配置  Sys_EnCfg, 类[BP.Sys.EnCfg], 物理表[Sys_EnCfg] 实例。PK = BP.GPM.GPMEmps
07日10时52分22秒Fatal:System');"@没有[实体配置  Sys_EnCfg, 类[BP.Sys.EnCfg], 物理表[Sys_EnCfg] 实例。PK = BP.GPM.GPMEmps
07日11时43分29秒Fatal:System');"@没有[实体配置  Sys_EnCfg, 类[BP.Sys.EnCfg], 物理表[Sys_EnCfg] 实例。PK = BP.WF.Template.FrmNodeExt
07日15时45分13秒Fatal:System');"@没有[实体配置  Sys_EnCfg, 类[BP.Sys.EnCfg], 物理表[Sys_EnCfg] 实例。PK = BP.WF.Template.FrmNodeExt
07日15时45分26秒Fatal:System');"@没有[实体配置  Sys_EnCfg, 类[BP.Sys.EnCfg], 物理表[Sys_EnCfg] 实例。PK = BP.WF.Template.FrmNodeExt
07日15时45分30秒Fatal:System');"@没有[实体配置  Sys_EnCfg, 类[BP.Sys.EnCfg], 物理表[Sys_EnCfg] 实例。PK = BP.WF.Template.FrmNodeExt
07日15时45分55秒Fatal:System');"@没有[实体配置  Sys_EnCfg, 类[BP.Sys.EnCfg], 物理表[Sys_EnCfg] 实例。PK = BP.Sys.FrmUI.MapAttrCheck
07日15时46分42秒Fatal:System');"@没有[实体配置  Sys_EnCfg, 类[BP.Sys.EnCfg], 物理表[Sys_EnCfg] 实例。PK = BP.Sys.FrmUI.MapAttrCheck
07日15时47分20秒Fatal:System');"@没有[实体配置  Sys_EnCfg, 类[BP.Sys.EnCfg], 物理表[Sys_EnCfg] 实例。PK = BP.Sys.FrmUI.MapAttrCheck
07日15时47分38秒Fatal:System');"@没有[实体配置  Sys_EnCfg, 类[BP.Sys.EnCfg], 物理表[Sys_EnCfg] 实例。PK = BP.Sys.FrmUI.MapAttrString
07日15时50分46秒Fatal:System');"@没有[实体配置  Sys_EnCfg, 类[BP.Sys.EnCfg], 物理表[Sys_EnCfg] 实例。PK = BP.Sys.FrmUI.MapAttrCheck
07日16时21分57秒Fatal:System');"@没有[实体配置  Sys_EnCfg, 类[BP.Sys.EnCfg], 物理表[Sys_EnCfg] 实例。PK = BP.WF.Template.FrmNodeExt
07日16时31分12秒Fatal:System');"@没有[实体配置  Sys_EnCfg, 类[BP.Sys.EnCfg], 物理表[Sys_EnCfg] 实例。PK = BP.Sys.FrmUI.MapAttrCheck
07日16时31分26秒Fatal:System');"@没有[实体配置  Sys_EnCfg, 类[BP.Sys.EnCfg], 物理表[Sys_EnCfg] 实例。PK = BP.Sys.FrmUI.MapAttrCheck
07日16时31分37秒Fatal:System');"@没有[实体配置  Sys_EnCfg, 类[BP.Sys.EnCfg], 物理表[Sys_EnCfg] 实例。PK = BP.Sys.FrmUI.MapAttrString
07日16时31分50秒Fatal:System');"@没有[实体配置  Sys_EnCfg, 类[BP.Sys.EnCfg], 物理表[Sys_EnCfg] 实例。PK = BP.Sys.FrmUI.MapAttrCheck
07日16时31分55秒Fatal:System');"@没有[实体配置  Sys_EnCfg, 类[BP.Sys.EnCfg], 物理表[Sys_EnCfg] 实例。PK = BP.Sys.FrmUI.MapAttrString
07日16时32分02秒Fatal:System');"@没有[实体配置  Sys_EnCfg, 类[BP.Sys.EnCfg], 物理表[Sys_EnCfg] 实例。PK = BP.Sys.FrmUI.MapAttrCheck
07日16时32分08秒Fatal:System');"@没有[实体配置  Sys_EnCfg, 类[BP.Sys.EnCfg], 物理表[Sys_EnCfg] 实例。PK = BP.Sys.FrmUI.MapAttrCheck
07日16时32分13秒Fatal:System');"@没有[实体配置  Sys_EnCfg, 类[BP.Sys.EnCfg], 物理表[Sys_EnCfg] 实例。PK = BP.Sys.FrmUI.MapAttrCheck
07日16时32分20秒Fatal:System');"@没有[实体配置  Sys_EnCfg, 类[BP.Sys.EnCfg], 物理表[Sys_EnCfg] 实例。PK = BP.Sys.FrmUI.MapAttrString
07日16时32分34秒Fatal:System');"@没有[实体配置  Sys_EnCfg, 类[BP.Sys.EnCfg], 物理表[Sys_EnCfg] 实例。PK = BP.Sys.FrmUI.MapAttrCheck
07日16时32分38秒Fatal:System');"@没有[实体配置  Sys_EnCfg, 类[BP.Sys.EnCfg], 物理表[Sys_EnCfg] 实例。PK = BP.Sys.FrmUI.MapAttrCheck
07日16时32分43秒Fatal:System');"@没有[实体配置  Sys_EnCfg, 类[BP.Sys.EnCfg], 物理表[Sys_EnCfg] 实例。PK = BP.Sys.FrmUI.MapAttrCheck
07日16时33分16秒Fatal:System');"@没有[实体配置  Sys_EnCfg, 类[BP.Sys.EnCfg], 物理表[Sys_EnCfg] 实例。PK = BP.WF.Template.FrmNodeExt
07日16时33分35秒Warning:System');"执行sql错误:err@RunSQL_200705_MySQL:You have an error in your SQL syntax; check the manual that corresponds to your MySQL server version for the right syntax to use near '-portal.Frm_FHLBS modify RDT NVARCHAR(50)' at line 1@SQL:alter table ccgx-portal.Frm_FHLBS modify RDT NVARCHAR(50) Paras(0)=<hr>alter table ccgx-portal.Frm_FHLBS modify RDT NVARCHAR(50)
07日16时33分35秒Warning:System');"执行sql错误:err@RunSQL_200705_MySQL:You have an error in your SQL syntax; check the manual that corresponds to your MySQL server version for the right syntax to use near '-portal.Frm_FHLBS modify QMRQ NVARCHAR(50)' at line 1@SQL:alter table ccgx-portal.Frm_FHLBS modify QMRQ NVARCHAR(50) Paras(0)=<hr>alter table ccgx-portal.Frm_FHLBS modify QMRQ NVARCHAR(50)
07日16时33分42秒Warning:System');"执行sql错误:err@RunSQL_200705_MySQL:You have an error in your SQL syntax; check the manual that corresponds to your MySQL server version for the right syntax to use near '-portal.Frm_FHLBS modify RDT NVARCHAR(50)' at line 1@SQL:alter table ccgx-portal.Frm_FHLBS modify RDT NVARCHAR(50) Paras(0)=<hr>alter table ccgx-portal.Frm_FHLBS modify RDT NVARCHAR(50)
07日16时33分43秒Warning:System');"执行sql错误:err@RunSQL_200705_MySQL:You have an error in your SQL syntax; check the manual that corresponds to your MySQL server version for the right syntax to use near '-portal.Frm_FHLBS modify QMRQ NVARCHAR(50)' at line 1@SQL:alter table ccgx-portal.Frm_FHLBS modify QMRQ NVARCHAR(50) Paras(0)=<hr>alter table ccgx-portal.Frm_FHLBS modify QMRQ NVARCHAR(50)
07日16时33分45秒Warning:System');"执行sql错误:err@RunSQL_200705_MySQL:You have an error in your SQL syntax; check the manual that corresponds to your MySQL server version for the right syntax to use near '-portal.Frm_FHLBS modify RDT NVARCHAR(50)' at line 1@SQL:alter table ccgx-portal.Frm_FHLBS modify RDT NVARCHAR(50) Paras(0)=<hr>alter table ccgx-portal.Frm_FHLBS modify RDT NVARCHAR(50)
07日16时33分46秒Warning:System');"执行sql错误:err@RunSQL_200705_MySQL:You have an error in your SQL syntax; check the manual that corresponds to your MySQL server version for the right syntax to use near '-portal.Frm_FHLBS modify QMRQ NVARCHAR(50)' at line 1@SQL:alter table ccgx-portal.Frm_FHLBS modify QMRQ NVARCHAR(50) Paras(0)=<hr>alter table ccgx-portal.Frm_FHLBS modify QMRQ NVARCHAR(50)
07日16时33分48秒Warning:System');"执行sql错误:err@RunSQL_200705_MySQL:You have an error in your SQL syntax; check the manual that corresponds to your MySQL server version for the right syntax to use near '-portal.Frm_FHLBS modify RDT NVARCHAR(50)' at line 1@SQL:alter table ccgx-portal.Frm_FHLBS modify RDT NVARCHAR(50) Paras(0)=<hr>alter table ccgx-portal.Frm_FHLBS modify RDT NVARCHAR(50)
07日16时33分49秒Warning:System');"执行sql错误:err@RunSQL_200705_MySQL:You have an error in your SQL syntax; check the manual that corresponds to your MySQL server version for the right syntax to use near '-portal.Frm_FHLBS modify QMRQ NVARCHAR(50)' at line 1@SQL:alter table ccgx-portal.Frm_FHLBS modify QMRQ NVARCHAR(50) Paras(0)=<hr>alter table ccgx-portal.Frm_FHLBS modify QMRQ NVARCHAR(50)
07日16时33分52秒Warning:System');"执行sql错误:err@RunSQL_200705_MySQL:You have an error in your SQL syntax; check the manual that corresponds to your MySQL server version for the right syntax to use near '-portal.Frm_FHLBS modify RDT NVARCHAR(50)' at line 1@SQL:alter table ccgx-portal.Frm_FHLBS modify RDT NVARCHAR(50) Paras(0)=<hr>alter table ccgx-portal.Frm_FHLBS modify RDT NVARCHAR(50)
07日16时33分52秒Warning:System');"执行sql错误:err@RunSQL_200705_MySQL:You have an error in your SQL syntax; check the manual that corresponds to your MySQL server version for the right syntax to use near '-portal.Frm_FHLBS modify QMRQ NVARCHAR(50)' at line 1@SQL:alter table ccgx-portal.Frm_FHLBS modify QMRQ NVARCHAR(50) Paras(0)=<hr>alter table ccgx-portal.Frm_FHLBS modify QMRQ NVARCHAR(50)
07日16时33分55秒Warning:System');"执行sql错误:err@RunSQL_200705_MySQL:You have an error in your SQL syntax; check the manual that corresponds to your MySQL server version for the right syntax to use near '-portal.Frm_FHLBS modify RDT NVARCHAR(50)' at line 1@SQL:alter table ccgx-portal.Frm_FHLBS modify RDT NVARCHAR(50) Paras(0)=<hr>alter table ccgx-portal.Frm_FHLBS modify RDT NVARCHAR(50)
07日16时33分56秒Warning:System');"执行sql错误:err@RunSQL_200705_MySQL:You have an error in your SQL syntax; check the manual that corresponds to your MySQL server version for the right syntax to use near '-portal.Frm_FHLBS modify QMRQ NVARCHAR(50)' at line 1@SQL:alter table ccgx-portal.Frm_FHLBS modify QMRQ NVARCHAR(50) Paras(0)=<hr>alter table ccgx-portal.Frm_FHLBS modify QMRQ NVARCHAR(50)
07日16时34分48秒Warning:System');"执行sql错误:err@RunSQL_200705_MySQL:You have an error in your SQL syntax; check the manual that corresponds to your MySQL server version for the right syntax to use near '-portal.ND61Rpt modify FlowEnderRDT NVARCHAR(50)' at line 1@SQL:alter table ccgx-portal.ND61Rpt modify FlowEnderRDT NVARCHAR(50) Paras(0)=<hr>alter table ccgx-portal.ND61Rpt modify FlowEnderRDT NVARCHAR(50)
07日16时34分48秒Warning:System');"执行sql错误:err@RunSQL_200705_MySQL:You have an error in your SQL syntax; check the manual that corresponds to your MySQL server version for the right syntax to use near '-portal.ND61Rpt modify FlowStartRDT NVARCHAR(50)' at line 1@SQL:alter table ccgx-portal.ND61Rpt modify FlowStartRDT NVARCHAR(50) Paras(0)=<hr>alter table ccgx-portal.ND61Rpt modify FlowStartRDT NVARCHAR(50)
07日16时36分10秒Fatal:System');"@没有[实体配置  Sys_EnCfg, 类[BP.Sys.EnCfg], 物理表[Sys_EnCfg] 实例。PK = BP.WF.Template.FrmNodeExt
07日16时36分39秒Fatal:System');"@没有[实体配置  Sys_EnCfg, 类[BP.Sys.EnCfg], 物理表[Sys_EnCfg] 实例。PK = BP.WF.Template.FrmNodeExt
07日16时36分56秒Fatal:System');"@没有[实体配置  Sys_EnCfg, 类[BP.Sys.EnCfg], 物理表[Sys_EnCfg] 实例。PK = BP.WF.Template.FrmNodeExt
07日16时37分22秒Fatal:System');"@没有[实体配置  Sys_EnCfg, 类[BP.Sys.EnCfg], 物理表[Sys_EnCfg] 实例。PK = BP.WF.Template.FrmNodeExt
07日16时37分45秒Fatal:System');"@没有[实体配置  Sys_EnCfg, 类[BP.Sys.EnCfg], 物理表[Sys_EnCfg] 实例。PK = BP.WF.Template.FrmNodeExt
07日16时38分17秒Fatal:System');"@没有[实体配置  Sys_EnCfg, 类[BP.Sys.EnCfg], 物理表[Sys_EnCfg] 实例。PK = BP.WF.Template.FrmNodeExt
07日16时42分20秒Fatal:System');"@没有[实体配置  Sys_EnCfg, 类[BP.Sys.EnCfg], 物理表[Sys_EnCfg] 实例。PK = BP.Sys.FrmUI.MapAttrCheck
