-----------------------------------------------------------------------------------------------------
27日10时01分34秒Fatal:System');"SQL= SELECT TOP 99999 No, Name, ParentNo, ParentName, Adminer, AdminerName FROM Port_Org WHERE (1=1) AND ( ( Port_Org.Adminer =@Adminer) )  Exception=对象名 'Port_Org' 无效。
27日10时01分35秒Info:System');"SQL=DROP INDEX Port_Org_No ON Port_Org,异常信息:无法对 索引 'Port_Org.Port_Org_No' 执行 删除，因为它不存在，或者您没有所需的权限。
-----------------------------------------------------------------------------------------------------
27日10时02分05秒Fatal:System');"SQL= SELECT TOP 99999 No, Name, ParentNo, ParentName, Adminer, AdminerName FROM Port_Org WHERE (1=1) AND ( ( Port_Org.Adminer =@Adminer) )  Exception=对象名 'Port_Org' 无效。
27日10时02分06秒Info:System');"SQL=DROP INDEX Port_Org_No ON Port_Org,异常信息:无法对 索引 'Port_Org.Port_Org_No' 执行 删除，因为它不存在，或者您没有所需的权限。
27日10时07分51秒Fatal:System');"SQL= SELECT TOP 99999 MyPK, FK_MapData, KeyOfEn, Name, DefVal,ISNULL(DefValType,0) DefValType,ISNULL(UIContralType,0) UIContralType,ISNULL(MyDataType,1) MyDataType,ISNULL(LGType,0) LGType, CASE LGType WHEN 0 THEN '普通' WHEN 1 THEN '枚举' WHEN 2 THEN '外键' WHEN 3 THEN '打开系统页面' WHEN NULL THEN '普通' END "LGTypeText", ISNULL( UIWidth ,100) AS UIWidth, ISNULL( UIHeight ,23) AS UIHeight,ISNULL(MinLen,0) MinLen,ISNULL(MaxLen,300) MaxLen, UIBindKey, UIRefKey, UIRefKeyText,ISNULL(ExtIsSum,0) ExtIsSum,ISNULL(UIVisible,1) UIVisible,ISNULL(UIIsEnable,1) UIIsEnable,ISNULL(UIIsLine,0) UIIsLine,ISNULL(UIIsInput,0) UIIsInput,ISNULL(IsSecret,0) IsSecret,ISNULL(IsRichText,0) IsRichText,ISNULL(IsSupperText,0) IsSupperText,ISNULL(FontSize,0) FontSize,ISNULL(IsSigan,0) IsSigan, ISNULL( X ,5) AS X, ISNULL( Y ,5) AS Y, GUID,ISNULL(EditType,0) EditType, Tag, Tag1, Tag2, Tag3, Tip,ISNULL(ColSpan,1) ColSpan,ISNULL(TextColSpan,1) TextColSpan,ISNULL(RowSpan,1) RowSpan,ISNULL(GroupID,1) GroupID, ISNULL(IsEnableInAPP,1) IsEnableInAPP,ISNULL(Idx,0) Idx,ISNULL(CSS, '0') CSS, AtPara FROM Sys_MapAttr WHERE (1=1) AND ( ( Sys_MapAttr.FK_MapData =@FK_MapData) ) ORDER BY Sys_MapAttr.GroupID,Sys_MapAttr.Idx Exception=列名 'IsSecret' 无效。
27日10时07分53秒Fatal:System');"SQL= SELECT  TOP 1  No, Name, FormEventEntity, EnPK, PTable,ISNULL(PTableModel,0)   PTableModel, Url, Dtls,ISNULL(FrmW,900)   FrmW,ISNULL(FrmH,1200)   FrmH,ISNULL(TableCol,0)   TableCol, Tag, FK_FrmSort, FK_FormTree,ISNULL(FrmType,1)   FrmType, CASE FrmType WHEN 0 THEN '傻瓜表单' WHEN 1 THEN '自由表单' WHEN 11 THEN '累加表单' WHEN 3 THEN '嵌入式表单' WHEN 4 THEN 'Word表单' WHEN 5 THEN '在线编辑模式Excel表单' WHEN 6 THEN 'VSTO模式Excel表单' WHEN 7 THEN '实体类组件' WHEN 8 THEN '开发者表单' WHEN NULL THEN '自由表单' END "FrmTypeText",ISNULL(FrmShowType,0)   FrmShowType,ISNULL(EntityType,0)   EntityType, CASE EntityType WHEN 0 THEN '独立表单' WHEN 1 THEN '单据' WHEN 2 THEN '编号名称实体' WHEN 3 THEN '树结构实体' WHEN NULL THEN '独立表单' END "EntityTypeText",ISNULL(AppType,0)   AppType,ISNULL(DBSrc, 'local') DBSrc, BodyAttr, Note, Designer, DesignerUnit, DesignerContact,ISNULL(Idx,100)   Idx, GUID, Ver, FlowCtrls, AtPara, OrgNo FROM Sys_MapData WHERE (1=1)  AND Sys_MapData.No=@No Exception=列名 'OrgNo' 无效。
27日10时07分55秒Fatal:System');"@没有[表单注册表  Sys_MapData, 类[BP.Sys.MapData], 物理表[Sys_MapData] 实例。PK = ND1801
27日10时09分04秒Info:System');"SQL=DROP INDEX WF_Track_MyPK ON WF_Track,异常信息:无法对 索引 'WF_Track.WF_Track_MyPK' 执行 删除，因为它不存在，或者您没有所需的权限。
27日10时09分08秒Info:System');"SQL=DROP INDEX ND18Rpt_OID ON ND18Rpt,异常信息:无法对 索引 'ND18Rpt.ND18Rpt_OID' 执行 删除，因为它不存在，或者您没有所需的权限。
27日10时13分50秒Fatal:System');"SQL= SELECT TOP 99999 No, Name, CfgVal,ISNULL(Lang, 'CH') Lang, EnumKey, OrgNo FROM Sys_EnumMain WHERE (1=1) ORDER BY No Exception=列名 'EnumKey' 无效。
列名 'OrgNo' 无效。
27日10时14分06秒Fatal:System');"SQL= SELECT  TOP 1  No, GroupTitle, UrlExt, FJSavePath, FJWebPath, Datan, UI, ColorSet, FieldSet, AtPara FROM Sys_EnCfg WHERE (1=1)  AND Sys_EnCfg.No=@No Exception=列名 'ColorSet' 无效。
列名 'FieldSet' 无效。
27日10时14分07秒Fatal:System');"@没有[实体配置  Sys_EnCfg, 类[BP.Sys.EnCfg], 物理表[Sys_EnCfg] 实例。PK = BP.Sys.FrmUI.MapAttrEnum
27日10时14分09秒Fatal:System');"@没有[实体配置  Sys_EnCfg, 类[BP.Sys.EnCfg], 物理表[Sys_EnCfg] 实例。PK = BP.Sys.FrmUI.MapAttrEnum
27日10时14分45秒Fatal:System');"SQL= SELECT  TOP 1 ISNULL(WorkID,0)   WorkID,ISNULL(FID,0)   FID, FK_FlowSort, SysType, FK_Flow, FlowName, Title,ISNULL(WFSta,0)   WFSta, CASE WFSta WHEN 0 THEN '运行中' WHEN 1 THEN '已完成' WHEN 2 THEN '其他' WHEN NULL THEN '运行中' END "WFStaText",ISNULL(WFState,0)   WFState, CASE WFState WHEN 0 THEN '空白' WHEN 1 THEN '草稿' WHEN 2 THEN '运行中' WHEN 3 THEN '已完成' WHEN 4 THEN '挂起' WHEN 5 THEN '退回' WHEN 6 THEN '转发' WHEN 7 THEN '删除' WHEN 8 THEN '加签' WHEN 9 THEN '冻结' WHEN 10 THEN '批处理' WHEN 11 THEN '加签回复状态' WHEN NULL THEN '空白' END "WFStateText", Starter, StarterName, Sender,ISNULL(RDT,'2020-03-27 10:14') RDT,ISNULL(SendDT,'2020-03-27 10:14') SendDT,ISNULL(FK_Node,0)   FK_Node, NodeName, FK_Dept, DeptName,ISNULL(PRI,1)   PRI,ISNULL(SDTOfNode,'2020-03-27 10:14') SDTOfNode,SDTOfFlow SDTOfFlow,SDTOfFlowWarning SDTOfFlowWarning, PFlowNo,ISNULL(PWorkID,0)   PWorkID,ISNULL(PNodeID,0)   PNodeID,ISNULL(PFID,0)   PFID, PEmp, GuestNo, GuestName, BillNo, FlowNote, TodoEmps,ISNULL(TodoEmpsNum,0)   TodoEmpsNum,ISNULL(TaskSta,0)   TaskSta, AtPara, Emps, GUID, FK_NY,ISNULL(WeekNum,0)   WeekNum,ISNULL(TSpan,0)   TSpan,ISNULL(TodoSta,0)   TodoSta, Domain, PrjNo, PrjName, OrgNo FROM WF_GenerWorkFlow WHERE (1=1)  AND WF_GenerWorkFlow.WorkID=@WorkID Exception=列名 'OrgNo' 无效。
27日10时14分58秒Info:System');"SQL=UPDATE ND18Track SET FrmDB='{"FK_NY":"2020-03","FID":0,"QJLXText":"事假","Rec":"admin","MyNum":1,"OID":181,"FK_DeptText":"集团总部","ShenQingRenBuMen":"集团总部","Emps":"admin","CDT":"2020-03-27 10:14","ShenQingRiJi":"2020-03-27","Title":"0Test","FK_Dept":"100","QJLX":0,"ShenQingRen":"admin","HisRecadmin":"BP.Port.Emp","RDT":"2020-03-27 10:14","EndJSON":"0"}' WHERE MyPK='2123810854',异常信息:列名 'FrmDB' 无效。
27日10时25分36秒Info:System');"SQL=DROP INDEX WF_Track_MyPK ON WF_Track,异常信息:无法对 索引 'WF_Track.WF_Track_MyPK' 执行 删除，因为它不存在，或者您没有所需的权限。
27日10时25分39秒Info:System');"SQL=DROP INDEX ND19Rpt_OID ON ND19Rpt,异常信息:无法对 索引 'ND19Rpt.ND19Rpt_OID' 执行 删除，因为它不存在，或者您没有所需的权限。
27日10时37分50秒Fatal:System');"@没有[实体配置  Sys_EnCfg, 类[BP.Sys.EnCfg], 物理表[Sys_EnCfg] 实例。PK = BP.WF.Template.FrmWorkCheck
27日10时38分01秒Fatal:System');"@没有[实体配置  Sys_EnCfg, 类[BP.Sys.EnCfg], 物理表[Sys_EnCfg] 实例。PK = BP.WF.Template.FrmWorkCheck
27日10时38分07秒Fatal:System');"@没有[实体配置  Sys_EnCfg, 类[BP.Sys.EnCfg], 物理表[Sys_EnCfg] 实例。PK = BP.WF.Template.FrmWorkCheck
27日10时39分20秒Fatal:System');"@没有[实体配置  Sys_EnCfg, 类[BP.Sys.EnCfg], 物理表[Sys_EnCfg] 实例。PK = BP.WF.Template.FrmWorkCheck
27日10时39分25秒Fatal:System');"@没有[实体配置  Sys_EnCfg, 类[BP.Sys.EnCfg], 物理表[Sys_EnCfg] 实例。PK = BP.WF.Template.FrmWorkCheck
27日10时39分32秒Info:System');"SQL=ALTER TABLE ND19Rpt ALTER column XingMing VARCHAR(300),异常信息:对象'DF__ND19Rpt__XingMin__4CE05A84' 依赖于 列'XingMing'。
由于一个或多个对象访问此列，ALTER TABLE ALTER COLUMN XingMing 失败。
27日10时39分46秒Fatal:System');"@没有[实体配置  Sys_EnCfg, 类[BP.Sys.EnCfg], 物理表[Sys_EnCfg] 实例。PK = BP.WF.Template.FrmWorkCheck
27日10时39分51秒Fatal:System');"@没有[实体配置  Sys_EnCfg, 类[BP.Sys.EnCfg], 物理表[Sys_EnCfg] 实例。PK = BP.WF.Template.FrmWorkCheck
27日10时40分08秒Fatal:System');"@没有[实体配置  Sys_EnCfg, 类[BP.Sys.EnCfg], 物理表[Sys_EnCfg] 实例。PK = BP.WF.Template.FrmWorkCheck
27日10时40分13秒Fatal:System');"@没有[实体配置  Sys_EnCfg, 类[BP.Sys.EnCfg], 物理表[Sys_EnCfg] 实例。PK = BP.WF.Template.FrmWorkCheck
27日11时04分47秒Info:System');"SQL=UPDATE ND19Track SET FrmDB='{"FK_NY":"2020-03","FID":0,"Rec":"admin","MyNum":1,"OID":184,"FK_DeptText":"集团总部","ShenQingRenBuMen":"集团总部","Emps":"admin","CDT":"2020-03-27 11:04","ShenQingRiJi":"2020-03-27","Title":"集团总部-admin,admin在2020-03-27 11:04发起.","FK_Dept":"100","XingMing":"","ShenQingRen":"admin","RDT":"2020-03-27 11:04","EndJSON":"0"}' WHERE MyPK='870129990',异常信息:列名 'FrmDB' 无效。
